<?xml version="1.0" encoding="UTF-8"?>
<testsuite name="ca.mcgill.ecse223.quoridor.features.CucumberTestsRunner" tests="175" skipped="0" failures="70" errors="0" timestamp="2019-11-17T23:31:56" hostname="DESKTOP-4M2D6FQ" time="14.636">
  <properties/>
  <testcase name="Path to target area is not blocked" classname="ca.mcgill.ecse223.quoridor.features.CucumberTestsRunner" time="0.397">
    <failure message="org.opentest4j.MultipleFailuresError: Multiple Failures (5 failures)&#13;&#10;&#9;io.cucumber.junit.UndefinedThrowable: The step &quot;A &quot;horizontal&quot; wall move candidate exists at position 3:7&quot; is undefined&#13;&#10;&#9;io.cucumber.junit.UndefinedThrowable: The step &quot;The black player is located at 2:5&quot; is undefined&#13;&#10;&#9;io.cucumber.junit.UndefinedThrowable: The step &quot;The white player is located at 6:5&quot; is undefined&#13;&#10;&#9;io.cucumber.junit.UndefinedThrowable: The step &quot;Check path existence is initiated&quot; is undefined&#13;&#10;&#9;io.cucumber.junit.UndefinedThrowable: The step &quot;Path is available for &quot;both&quot; player(s)&quot; is undefined" type="org.opentest4j.MultipleFailuresError">org.opentest4j.MultipleFailuresError: Multiple Failures (5 failures)
	io.cucumber.junit.UndefinedThrowable: The step &quot;A &quot;horizontal&quot; wall move candidate exists at position 3:7&quot; is undefined
	io.cucumber.junit.UndefinedThrowable: The step &quot;The black player is located at 2:5&quot; is undefined
	io.cucumber.junit.UndefinedThrowable: The step &quot;The white player is located at 6:5&quot; is undefined
	io.cucumber.junit.UndefinedThrowable: The step &quot;Check path existence is initiated&quot; is undefined
	io.cucumber.junit.UndefinedThrowable: The step &quot;Path is available for &quot;both&quot; player(s)&quot; is undefined
	at org.junit.vintage.engine.execution.TestRun.getStoredResultOrSuccessful(TestRun.java:179)
	at org.junit.vintage.engine.execution.RunListenerAdapter.fireExecutionFinished(RunListenerAdapter.java:211)
	at org.junit.vintage.engine.execution.RunListenerAdapter.testFinished(RunListenerAdapter.java:177)
	at org.junit.vintage.engine.execution.RunListenerAdapter.testFinished(RunListenerAdapter.java:76)
	at org.junit.runner.notification.SynchronizedRunListener.testFinished(SynchronizedRunListener.java:56)
	at org.junit.runner.notification.RunNotifier$7.notifyListener(RunNotifier.java:190)
	at org.junit.runner.notification.RunNotifier$SafeNotifier.run(RunNotifier.java:72)
	at org.junit.runner.notification.RunNotifier.fireTestFinished(RunNotifier.java:187)
	at io.cucumber.junit.JUnitReporter$EachTestNotifier.fireTestFinished(JUnitReporter.java:253)
	at io.cucumber.junit.JUnitReporter.handleTestCaseResult(JUnitReporter.java:178)
	at io.cucumber.junit.JUnitReporter$4.receive(JUnitReporter.java:66)
	at io.cucumber.junit.JUnitReporter$4.receive(JUnitReporter.java:62)
	at cucumber.runner.AbstractEventPublisher.send(AbstractEventPublisher.java:45)
	at cucumber.runner.AbstractEventBus.send(AbstractEventBus.java:9)
	at cucumber.runner.ThreadLocalRunnerSupplier$LocalEventBus.send(ThreadLocalRunnerSupplier.java:60)
	at cucumber.runner.TestCase.run(TestCase.java:55)
	at cucumber.runner.Runner.runPickle(Runner.java:50)
	at io.cucumber.junit.PickleRunners$NoStepDescriptions.run(PickleRunners.java:146)
	at io.cucumber.junit.FeatureRunner.runChild(FeatureRunner.java:68)
	at io.cucumber.junit.FeatureRunner.runChild(FeatureRunner.java:23)
	at org.junit.runners.ParentRunner$3.run(ParentRunner.java:290)
	at org.junit.runners.ParentRunner$1.schedule(ParentRunner.java:71)
	at org.junit.runners.ParentRunner.runChildren(ParentRunner.java:288)
	at org.junit.runners.ParentRunner.access$000(ParentRunner.java:58)
	at org.junit.runners.ParentRunner$2.evaluate(ParentRunner.java:268)
	at org.junit.runners.ParentRunner.run(ParentRunner.java:363)
	at io.cucumber.junit.Cucumber.runChild(Cucumber.java:144)
	at io.cucumber.junit.Cucumber.runChild(Cucumber.java:65)
	at org.junit.runners.ParentRunner$3.run(ParentRunner.java:290)
	at org.junit.runners.ParentRunner$1.schedule(ParentRunner.java:71)
	at org.junit.runners.ParentRunner.runChildren(ParentRunner.java:288)
	at org.junit.runners.ParentRunner.access$000(ParentRunner.java:58)
	at org.junit.runners.ParentRunner$2.evaluate(ParentRunner.java:268)
	at io.cucumber.junit.Cucumber$RunCucumber.evaluate(Cucumber.java:174)
	at org.junit.runners.ParentRunner.run(ParentRunner.java:363)
	at org.junit.runner.JUnitCore.run(JUnitCore.java:137)
	at org.junit.runner.JUnitCore.run(JUnitCore.java:115)
	at org.junit.vintage.engine.execution.RunnerExecutor.execute(RunnerExecutor.java:40)
	at java.base/java.util.stream.ForEachOps$ForEachOp$OfRef.accept(ForEachOps.java:183)
	at java.base/java.util.stream.ReferencePipeline$3$1.accept(ReferencePipeline.java:195)
	at java.base/java.util.Iterator.forEachRemaining(Iterator.java:133)
	at java.base/java.util.Spliterators$IteratorSpliterator.forEachRemaining(Spliterators.java:1801)
	at java.base/java.util.stream.AbstractPipeline.copyInto(AbstractPipeline.java:484)
	at java.base/java.util.stream.AbstractPipeline.wrapAndCopyInto(AbstractPipeline.java:474)
	at java.base/java.util.stream.ForEachOps$ForEachOp.evaluateSequential(ForEachOps.java:150)
	at java.base/java.util.stream.ForEachOps$ForEachOp$OfRef.evaluateSequential(ForEachOps.java:173)
	at java.base/java.util.stream.AbstractPipeline.evaluate(AbstractPipeline.java:234)
	at java.base/java.util.stream.ReferencePipeline.forEach(ReferencePipeline.java:497)
	at org.junit.vintage.engine.VintageTestEngine.executeAllChildren(VintageTestEngine.java:80)
	at org.junit.vintage.engine.VintageTestEngine.execute(VintageTestEngine.java:71)
	at org.junit.platform.launcher.core.DefaultLauncher.execute(DefaultLauncher.java:220)
	at org.junit.platform.launcher.core.DefaultLauncher.lambda$execute$6(DefaultLauncher.java:188)
	at org.junit.platform.launcher.core.DefaultLauncher.withInterceptedStreams(DefaultLauncher.java:202)
	at org.junit.platform.launcher.core.DefaultLauncher.execute(DefaultLauncher.java:181)
	at org.junit.platform.launcher.core.DefaultLauncher.execute(DefaultLauncher.java:128)
	at org.gradle.api.internal.tasks.testing.junitplatform.JUnitPlatformTestClassProcessor$CollectAllTestClassesExecutor.processAllTestClasses(JUnitPlatformTestClassProcessor.java:102)
	at org.gradle.api.internal.tasks.testing.junitplatform.JUnitPlatformTestClassProcessor$CollectAllTestClassesExecutor.access$000(JUnitPlatformTestClassProcessor.java:82)
	at org.gradle.api.internal.tasks.testing.junitplatform.JUnitPlatformTestClassProcessor.stop(JUnitPlatformTestClassProcessor.java:78)
	at org.gradle.api.internal.tasks.testing.SuiteTestClassProcessor.stop(SuiteTestClassProcessor.java:61)
	at java.base/jdk.internal.reflect.NativeMethodAccessorImpl.invoke0(Native Method)
	at java.base/jdk.internal.reflect.NativeMethodAccessorImpl.invoke(NativeMethodAccessorImpl.java:62)
	at java.base/jdk.internal.reflect.DelegatingMethodAccessorImpl.invoke(DelegatingMethodAccessorImpl.java:43)
	at java.base/java.lang.reflect.Method.invoke(Method.java:566)
	at org.gradle.internal.dispatch.ReflectionDispatch.dispatch(ReflectionDispatch.java:36)
	at org.gradle.internal.dispatch.ReflectionDispatch.dispatch(ReflectionDispatch.java:24)
	at org.gradle.internal.dispatch.ContextClassLoaderDispatch.dispatch(ContextClassLoaderDispatch.java:33)
	at org.gradle.internal.dispatch.ProxyDispatchAdapter$DispatchingInvocationHandler.invoke(ProxyDispatchAdapter.java:94)
	at com.sun.proxy.$Proxy2.stop(Unknown Source)
	at org.gradle.api.internal.tasks.testing.worker.TestWorker.stop(TestWorker.java:132)
	at java.base/jdk.internal.reflect.NativeMethodAccessorImpl.invoke0(Native Method)
	at java.base/jdk.internal.reflect.NativeMethodAccessorImpl.invoke(NativeMethodAccessorImpl.java:62)
	at java.base/jdk.internal.reflect.DelegatingMethodAccessorImpl.invoke(DelegatingMethodAccessorImpl.java:43)
	at java.base/java.lang.reflect.Method.invoke(Method.java:566)
	at org.gradle.internal.dispatch.ReflectionDispatch.dispatch(ReflectionDispatch.java:36)
	at org.gradle.internal.dispatch.ReflectionDispatch.dispatch(ReflectionDispatch.java:24)
	at org.gradle.internal.remote.internal.hub.MessageHubBackedObjectConnection$DispatchWrapper.dispatch(MessageHubBackedObjectConnection.java:182)
	at org.gradle.internal.remote.internal.hub.MessageHubBackedObjectConnection$DispatchWrapper.dispatch(MessageHubBackedObjectConnection.java:164)
	at org.gradle.internal.remote.internal.hub.MessageHub$Handler.run(MessageHub.java:412)
	at org.gradle.internal.concurrent.ExecutorPolicy$CatchAndRecordFailures.onExecute(ExecutorPolicy.java:64)
	at org.gradle.internal.concurrent.ManagedExecutorImpl$1.run(ManagedExecutorImpl.java:48)
	at java.base/java.util.concurrent.ThreadPoolExecutor.runWorker(ThreadPoolExecutor.java:1128)
	at java.base/java.util.concurrent.ThreadPoolExecutor$Worker.run(ThreadPoolExecutor.java:628)
	at org.gradle.internal.concurrent.ThreadFactoryImpl$ManagedThreadRunnable.run(ThreadFactoryImpl.java:56)
	at java.base/java.lang.Thread.run(Thread.java:834)
</failure>
  </testcase>
  <testcase name="Path to target area is not blocked" classname="ca.mcgill.ecse223.quoridor.features.CucumberTestsRunner" time="0.04">
    <failure message="org.opentest4j.MultipleFailuresError: Multiple Failures (5 failures)&#13;&#10;&#9;io.cucumber.junit.UndefinedThrowable: The step &quot;A &quot;horizontal&quot; wall move candidate exists at position 4:2&quot; is undefined&#13;&#10;&#9;io.cucumber.junit.UndefinedThrowable: The step &quot;The black player is located at 2:5&quot; is undefined&#13;&#10;&#9;io.cucumber.junit.UndefinedThrowable: The step &quot;The white player is located at 6:5&quot; is undefined&#13;&#10;&#9;io.cucumber.junit.UndefinedThrowable: The step &quot;Check path existence is initiated&quot; is undefined&#13;&#10;&#9;io.cucumber.junit.UndefinedThrowable: The step &quot;Path is available for &quot;both&quot; player(s)&quot; is undefined" type="org.opentest4j.MultipleFailuresError">org.opentest4j.MultipleFailuresError: Multiple Failures (5 failures)
	io.cucumber.junit.UndefinedThrowable: The step &quot;A &quot;horizontal&quot; wall move candidate exists at position 4:2&quot; is undefined
	io.cucumber.junit.UndefinedThrowable: The step &quot;The black player is located at 2:5&quot; is undefined
	io.cucumber.junit.UndefinedThrowable: The step &quot;The white player is located at 6:5&quot; is undefined
	io.cucumber.junit.UndefinedThrowable: The step &quot;Check path existence is initiated&quot; is undefined
	io.cucumber.junit.UndefinedThrowable: The step &quot;Path is available for &quot;both&quot; player(s)&quot; is undefined
	at org.junit.vintage.engine.execution.TestRun.getStoredResultOrSuccessful(TestRun.java:179)
	at org.junit.vintage.engine.execution.RunListenerAdapter.fireExecutionFinished(RunListenerAdapter.java:211)
	at org.junit.vintage.engine.execution.RunListenerAdapter.testFinished(RunListenerAdapter.java:177)
	at org.junit.vintage.engine.execution.RunListenerAdapter.testFinished(RunListenerAdapter.java:76)
	at org.junit.runner.notification.SynchronizedRunListener.testFinished(SynchronizedRunListener.java:56)
	at org.junit.runner.notification.RunNotifier$7.notifyListener(RunNotifier.java:190)
	at org.junit.runner.notification.RunNotifier$SafeNotifier.run(RunNotifier.java:72)
	at org.junit.runner.notification.RunNotifier.fireTestFinished(RunNotifier.java:187)
	at io.cucumber.junit.JUnitReporter$EachTestNotifier.fireTestFinished(JUnitReporter.java:253)
	at io.cucumber.junit.JUnitReporter.handleTestCaseResult(JUnitReporter.java:178)
	at io.cucumber.junit.JUnitReporter$4.receive(JUnitReporter.java:66)
	at io.cucumber.junit.JUnitReporter$4.receive(JUnitReporter.java:62)
	at cucumber.runner.AbstractEventPublisher.send(AbstractEventPublisher.java:45)
	at cucumber.runner.AbstractEventBus.send(AbstractEventBus.java:9)
	at cucumber.runner.ThreadLocalRunnerSupplier$LocalEventBus.send(ThreadLocalRunnerSupplier.java:60)
	at cucumber.runner.TestCase.run(TestCase.java:55)
	at cucumber.runner.Runner.runPickle(Runner.java:50)
	at io.cucumber.junit.PickleRunners$NoStepDescriptions.run(PickleRunners.java:146)
	at io.cucumber.junit.FeatureRunner.runChild(FeatureRunner.java:68)
	at io.cucumber.junit.FeatureRunner.runChild(FeatureRunner.java:23)
	at org.junit.runners.ParentRunner$3.run(ParentRunner.java:290)
	at org.junit.runners.ParentRunner$1.schedule(ParentRunner.java:71)
	at org.junit.runners.ParentRunner.runChildren(ParentRunner.java:288)
	at org.junit.runners.ParentRunner.access$000(ParentRunner.java:58)
	at org.junit.runners.ParentRunner$2.evaluate(ParentRunner.java:268)
	at org.junit.runners.ParentRunner.run(ParentRunner.java:363)
	at io.cucumber.junit.Cucumber.runChild(Cucumber.java:144)
	at io.cucumber.junit.Cucumber.runChild(Cucumber.java:65)
	at org.junit.runners.ParentRunner$3.run(ParentRunner.java:290)
	at org.junit.runners.ParentRunner$1.schedule(ParentRunner.java:71)
	at org.junit.runners.ParentRunner.runChildren(ParentRunner.java:288)
	at org.junit.runners.ParentRunner.access$000(ParentRunner.java:58)
	at org.junit.runners.ParentRunner$2.evaluate(ParentRunner.java:268)
	at io.cucumber.junit.Cucumber$RunCucumber.evaluate(Cucumber.java:174)
	at org.junit.runners.ParentRunner.run(ParentRunner.java:363)
	at org.junit.runner.JUnitCore.run(JUnitCore.java:137)
	at org.junit.runner.JUnitCore.run(JUnitCore.java:115)
	at org.junit.vintage.engine.execution.RunnerExecutor.execute(RunnerExecutor.java:40)
	at java.base/java.util.stream.ForEachOps$ForEachOp$OfRef.accept(ForEachOps.java:183)
	at java.base/java.util.stream.ReferencePipeline$3$1.accept(ReferencePipeline.java:195)
	at java.base/java.util.Iterator.forEachRemaining(Iterator.java:133)
	at java.base/java.util.Spliterators$IteratorSpliterator.forEachRemaining(Spliterators.java:1801)
	at java.base/java.util.stream.AbstractPipeline.copyInto(AbstractPipeline.java:484)
	at java.base/java.util.stream.AbstractPipeline.wrapAndCopyInto(AbstractPipeline.java:474)
	at java.base/java.util.stream.ForEachOps$ForEachOp.evaluateSequential(ForEachOps.java:150)
	at java.base/java.util.stream.ForEachOps$ForEachOp$OfRef.evaluateSequential(ForEachOps.java:173)
	at java.base/java.util.stream.AbstractPipeline.evaluate(AbstractPipeline.java:234)
	at java.base/java.util.stream.ReferencePipeline.forEach(ReferencePipeline.java:497)
	at org.junit.vintage.engine.VintageTestEngine.executeAllChildren(VintageTestEngine.java:80)
	at org.junit.vintage.engine.VintageTestEngine.execute(VintageTestEngine.java:71)
	at org.junit.platform.launcher.core.DefaultLauncher.execute(DefaultLauncher.java:220)
	at org.junit.platform.launcher.core.DefaultLauncher.lambda$execute$6(DefaultLauncher.java:188)
	at org.junit.platform.launcher.core.DefaultLauncher.withInterceptedStreams(DefaultLauncher.java:202)
	at org.junit.platform.launcher.core.DefaultLauncher.execute(DefaultLauncher.java:181)
	at org.junit.platform.launcher.core.DefaultLauncher.execute(DefaultLauncher.java:128)
	at org.gradle.api.internal.tasks.testing.junitplatform.JUnitPlatformTestClassProcessor$CollectAllTestClassesExecutor.processAllTestClasses(JUnitPlatformTestClassProcessor.java:102)
	at org.gradle.api.internal.tasks.testing.junitplatform.JUnitPlatformTestClassProcessor$CollectAllTestClassesExecutor.access$000(JUnitPlatformTestClassProcessor.java:82)
	at org.gradle.api.internal.tasks.testing.junitplatform.JUnitPlatformTestClassProcessor.stop(JUnitPlatformTestClassProcessor.java:78)
	at org.gradle.api.internal.tasks.testing.SuiteTestClassProcessor.stop(SuiteTestClassProcessor.java:61)
	at java.base/jdk.internal.reflect.NativeMethodAccessorImpl.invoke0(Native Method)
	at java.base/jdk.internal.reflect.NativeMethodAccessorImpl.invoke(NativeMethodAccessorImpl.java:62)
	at java.base/jdk.internal.reflect.DelegatingMethodAccessorImpl.invoke(DelegatingMethodAccessorImpl.java:43)
	at java.base/java.lang.reflect.Method.invoke(Method.java:566)
	at org.gradle.internal.dispatch.ReflectionDispatch.dispatch(ReflectionDispatch.java:36)
	at org.gradle.internal.dispatch.ReflectionDispatch.dispatch(ReflectionDispatch.java:24)
	at org.gradle.internal.dispatch.ContextClassLoaderDispatch.dispatch(ContextClassLoaderDispatch.java:33)
	at org.gradle.internal.dispatch.ProxyDispatchAdapter$DispatchingInvocationHandler.invoke(ProxyDispatchAdapter.java:94)
	at com.sun.proxy.$Proxy2.stop(Unknown Source)
	at org.gradle.api.internal.tasks.testing.worker.TestWorker.stop(TestWorker.java:132)
	at java.base/jdk.internal.reflect.NativeMethodAccessorImpl.invoke0(Native Method)
	at java.base/jdk.internal.reflect.NativeMethodAccessorImpl.invoke(NativeMethodAccessorImpl.java:62)
	at java.base/jdk.internal.reflect.DelegatingMethodAccessorImpl.invoke(DelegatingMethodAccessorImpl.java:43)
	at java.base/java.lang.reflect.Method.invoke(Method.java:566)
	at org.gradle.internal.dispatch.ReflectionDispatch.dispatch(ReflectionDispatch.java:36)
	at org.gradle.internal.dispatch.ReflectionDispatch.dispatch(ReflectionDispatch.java:24)
	at org.gradle.internal.remote.internal.hub.MessageHubBackedObjectConnection$DispatchWrapper.dispatch(MessageHubBackedObjectConnection.java:182)
	at org.gradle.internal.remote.internal.hub.MessageHubBackedObjectConnection$DispatchWrapper.dispatch(MessageHubBackedObjectConnection.java:164)
	at org.gradle.internal.remote.internal.hub.MessageHub$Handler.run(MessageHub.java:412)
	at org.gradle.internal.concurrent.ExecutorPolicy$CatchAndRecordFailures.onExecute(ExecutorPolicy.java:64)
	at org.gradle.internal.concurrent.ManagedExecutorImpl$1.run(ManagedExecutorImpl.java:48)
	at java.base/java.util.concurrent.ThreadPoolExecutor.runWorker(ThreadPoolExecutor.java:1128)
	at java.base/java.util.concurrent.ThreadPoolExecutor$Worker.run(ThreadPoolExecutor.java:628)
	at org.gradle.internal.concurrent.ThreadFactoryImpl$ManagedThreadRunnable.run(ThreadFactoryImpl.java:56)
	at java.base/java.lang.Thread.run(Thread.java:834)
</failure>
  </testcase>
  <testcase name="Path to target area is not blocked" classname="ca.mcgill.ecse223.quoridor.features.CucumberTestsRunner" time="0.036">
    <failure message="org.opentest4j.MultipleFailuresError: Multiple Failures (5 failures)&#13;&#10;&#9;io.cucumber.junit.UndefinedThrowable: The step &quot;A &quot;horizontal&quot; wall move candidate exists at position 3:5&quot; is undefined&#13;&#10;&#9;io.cucumber.junit.UndefinedThrowable: The step &quot;The black player is located at 2:5&quot; is undefined&#13;&#10;&#9;io.cucumber.junit.UndefinedThrowable: The step &quot;The white player is located at 6:5&quot; is undefined&#13;&#10;&#9;io.cucumber.junit.UndefinedThrowable: The step &quot;Check path existence is initiated&quot; is undefined&#13;&#10;&#9;io.cucumber.junit.UndefinedThrowable: The step &quot;Path is available for &quot;none&quot; player(s)&quot; is undefined" type="org.opentest4j.MultipleFailuresError">org.opentest4j.MultipleFailuresError: Multiple Failures (5 failures)
	io.cucumber.junit.UndefinedThrowable: The step &quot;A &quot;horizontal&quot; wall move candidate exists at position 3:5&quot; is undefined
	io.cucumber.junit.UndefinedThrowable: The step &quot;The black player is located at 2:5&quot; is undefined
	io.cucumber.junit.UndefinedThrowable: The step &quot;The white player is located at 6:5&quot; is undefined
	io.cucumber.junit.UndefinedThrowable: The step &quot;Check path existence is initiated&quot; is undefined
	io.cucumber.junit.UndefinedThrowable: The step &quot;Path is available for &quot;none&quot; player(s)&quot; is undefined
	at org.junit.vintage.engine.execution.TestRun.getStoredResultOrSuccessful(TestRun.java:179)
	at org.junit.vintage.engine.execution.RunListenerAdapter.fireExecutionFinished(RunListenerAdapter.java:211)
	at org.junit.vintage.engine.execution.RunListenerAdapter.testFinished(RunListenerAdapter.java:177)
	at org.junit.vintage.engine.execution.RunListenerAdapter.testFinished(RunListenerAdapter.java:76)
	at org.junit.runner.notification.SynchronizedRunListener.testFinished(SynchronizedRunListener.java:56)
	at org.junit.runner.notification.RunNotifier$7.notifyListener(RunNotifier.java:190)
	at org.junit.runner.notification.RunNotifier$SafeNotifier.run(RunNotifier.java:72)
	at org.junit.runner.notification.RunNotifier.fireTestFinished(RunNotifier.java:187)
	at io.cucumber.junit.JUnitReporter$EachTestNotifier.fireTestFinished(JUnitReporter.java:253)
	at io.cucumber.junit.JUnitReporter.handleTestCaseResult(JUnitReporter.java:178)
	at io.cucumber.junit.JUnitReporter$4.receive(JUnitReporter.java:66)
	at io.cucumber.junit.JUnitReporter$4.receive(JUnitReporter.java:62)
	at cucumber.runner.AbstractEventPublisher.send(AbstractEventPublisher.java:45)
	at cucumber.runner.AbstractEventBus.send(AbstractEventBus.java:9)
	at cucumber.runner.ThreadLocalRunnerSupplier$LocalEventBus.send(ThreadLocalRunnerSupplier.java:60)
	at cucumber.runner.TestCase.run(TestCase.java:55)
	at cucumber.runner.Runner.runPickle(Runner.java:50)
	at io.cucumber.junit.PickleRunners$NoStepDescriptions.run(PickleRunners.java:146)
	at io.cucumber.junit.FeatureRunner.runChild(FeatureRunner.java:68)
	at io.cucumber.junit.FeatureRunner.runChild(FeatureRunner.java:23)
	at org.junit.runners.ParentRunner$3.run(ParentRunner.java:290)
	at org.junit.runners.ParentRunner$1.schedule(ParentRunner.java:71)
	at org.junit.runners.ParentRunner.runChildren(ParentRunner.java:288)
	at org.junit.runners.ParentRunner.access$000(ParentRunner.java:58)
	at org.junit.runners.ParentRunner$2.evaluate(ParentRunner.java:268)
	at org.junit.runners.ParentRunner.run(ParentRunner.java:363)
	at io.cucumber.junit.Cucumber.runChild(Cucumber.java:144)
	at io.cucumber.junit.Cucumber.runChild(Cucumber.java:65)
	at org.junit.runners.ParentRunner$3.run(ParentRunner.java:290)
	at org.junit.runners.ParentRunner$1.schedule(ParentRunner.java:71)
	at org.junit.runners.ParentRunner.runChildren(ParentRunner.java:288)
	at org.junit.runners.ParentRunner.access$000(ParentRunner.java:58)
	at org.junit.runners.ParentRunner$2.evaluate(ParentRunner.java:268)
	at io.cucumber.junit.Cucumber$RunCucumber.evaluate(Cucumber.java:174)
	at org.junit.runners.ParentRunner.run(ParentRunner.java:363)
	at org.junit.runner.JUnitCore.run(JUnitCore.java:137)
	at org.junit.runner.JUnitCore.run(JUnitCore.java:115)
	at org.junit.vintage.engine.execution.RunnerExecutor.execute(RunnerExecutor.java:40)
	at java.base/java.util.stream.ForEachOps$ForEachOp$OfRef.accept(ForEachOps.java:183)
	at java.base/java.util.stream.ReferencePipeline$3$1.accept(ReferencePipeline.java:195)
	at java.base/java.util.Iterator.forEachRemaining(Iterator.java:133)
	at java.base/java.util.Spliterators$IteratorSpliterator.forEachRemaining(Spliterators.java:1801)
	at java.base/java.util.stream.AbstractPipeline.copyInto(AbstractPipeline.java:484)
	at java.base/java.util.stream.AbstractPipeline.wrapAndCopyInto(AbstractPipeline.java:474)
	at java.base/java.util.stream.ForEachOps$ForEachOp.evaluateSequential(ForEachOps.java:150)
	at java.base/java.util.stream.ForEachOps$ForEachOp$OfRef.evaluateSequential(ForEachOps.java:173)
	at java.base/java.util.stream.AbstractPipeline.evaluate(AbstractPipeline.java:234)
	at java.base/java.util.stream.ReferencePipeline.forEach(ReferencePipeline.java:497)
	at org.junit.vintage.engine.VintageTestEngine.executeAllChildren(VintageTestEngine.java:80)
	at org.junit.vintage.engine.VintageTestEngine.execute(VintageTestEngine.java:71)
	at org.junit.platform.launcher.core.DefaultLauncher.execute(DefaultLauncher.java:220)
	at org.junit.platform.launcher.core.DefaultLauncher.lambda$execute$6(DefaultLauncher.java:188)
	at org.junit.platform.launcher.core.DefaultLauncher.withInterceptedStreams(DefaultLauncher.java:202)
	at org.junit.platform.launcher.core.DefaultLauncher.execute(DefaultLauncher.java:181)
	at org.junit.platform.launcher.core.DefaultLauncher.execute(DefaultLauncher.java:128)
	at org.gradle.api.internal.tasks.testing.junitplatform.JUnitPlatformTestClassProcessor$CollectAllTestClassesExecutor.processAllTestClasses(JUnitPlatformTestClassProcessor.java:102)
	at org.gradle.api.internal.tasks.testing.junitplatform.JUnitPlatformTestClassProcessor$CollectAllTestClassesExecutor.access$000(JUnitPlatformTestClassProcessor.java:82)
	at org.gradle.api.internal.tasks.testing.junitplatform.JUnitPlatformTestClassProcessor.stop(JUnitPlatformTestClassProcessor.java:78)
	at org.gradle.api.internal.tasks.testing.SuiteTestClassProcessor.stop(SuiteTestClassProcessor.java:61)
	at java.base/jdk.internal.reflect.NativeMethodAccessorImpl.invoke0(Native Method)
	at java.base/jdk.internal.reflect.NativeMethodAccessorImpl.invoke(NativeMethodAccessorImpl.java:62)
	at java.base/jdk.internal.reflect.DelegatingMethodAccessorImpl.invoke(DelegatingMethodAccessorImpl.java:43)
	at java.base/java.lang.reflect.Method.invoke(Method.java:566)
	at org.gradle.internal.dispatch.ReflectionDispatch.dispatch(ReflectionDispatch.java:36)
	at org.gradle.internal.dispatch.ReflectionDispatch.dispatch(ReflectionDispatch.java:24)
	at org.gradle.internal.dispatch.ContextClassLoaderDispatch.dispatch(ContextClassLoaderDispatch.java:33)
	at org.gradle.internal.dispatch.ProxyDispatchAdapter$DispatchingInvocationHandler.invoke(ProxyDispatchAdapter.java:94)
	at com.sun.proxy.$Proxy2.stop(Unknown Source)
	at org.gradle.api.internal.tasks.testing.worker.TestWorker.stop(TestWorker.java:132)
	at java.base/jdk.internal.reflect.NativeMethodAccessorImpl.invoke0(Native Method)
	at java.base/jdk.internal.reflect.NativeMethodAccessorImpl.invoke(NativeMethodAccessorImpl.java:62)
	at java.base/jdk.internal.reflect.DelegatingMethodAccessorImpl.invoke(DelegatingMethodAccessorImpl.java:43)
	at java.base/java.lang.reflect.Method.invoke(Method.java:566)
	at org.gradle.internal.dispatch.ReflectionDispatch.dispatch(ReflectionDispatch.java:36)
	at org.gradle.internal.dispatch.ReflectionDispatch.dispatch(ReflectionDispatch.java:24)
	at org.gradle.internal.remote.internal.hub.MessageHubBackedObjectConnection$DispatchWrapper.dispatch(MessageHubBackedObjectConnection.java:182)
	at org.gradle.internal.remote.internal.hub.MessageHubBackedObjectConnection$DispatchWrapper.dispatch(MessageHubBackedObjectConnection.java:164)
	at org.gradle.internal.remote.internal.hub.MessageHub$Handler.run(MessageHub.java:412)
	at org.gradle.internal.concurrent.ExecutorPolicy$CatchAndRecordFailures.onExecute(ExecutorPolicy.java:64)
	at org.gradle.internal.concurrent.ManagedExecutorImpl$1.run(ManagedExecutorImpl.java:48)
	at java.base/java.util.concurrent.ThreadPoolExecutor.runWorker(ThreadPoolExecutor.java:1128)
	at java.base/java.util.concurrent.ThreadPoolExecutor$Worker.run(ThreadPoolExecutor.java:628)
	at org.gradle.internal.concurrent.ThreadFactoryImpl$ManagedThreadRunnable.run(ThreadFactoryImpl.java:56)
	at java.base/java.lang.Thread.run(Thread.java:834)
</failure>
  </testcase>
  <testcase name="Path to target area is not blocked" classname="ca.mcgill.ecse223.quoridor.features.CucumberTestsRunner" time="0.027">
    <failure message="org.opentest4j.MultipleFailuresError: Multiple Failures (5 failures)&#13;&#10;&#9;io.cucumber.junit.UndefinedThrowable: The step &quot;A &quot;horizontal&quot; wall move candidate exists at position 3:5&quot; is undefined&#13;&#10;&#9;io.cucumber.junit.UndefinedThrowable: The step &quot;The black player is located at 6:5&quot; is undefined&#13;&#10;&#9;io.cucumber.junit.UndefinedThrowable: The step &quot;The white player is located at 2:5&quot; is undefined&#13;&#10;&#9;io.cucumber.junit.UndefinedThrowable: The step &quot;Check path existence is initiated&quot; is undefined&#13;&#10;&#9;io.cucumber.junit.UndefinedThrowable: The step &quot;Path is available for &quot;both&quot; player(s)&quot; is undefined" type="org.opentest4j.MultipleFailuresError">org.opentest4j.MultipleFailuresError: Multiple Failures (5 failures)
	io.cucumber.junit.UndefinedThrowable: The step &quot;A &quot;horizontal&quot; wall move candidate exists at position 3:5&quot; is undefined
	io.cucumber.junit.UndefinedThrowable: The step &quot;The black player is located at 6:5&quot; is undefined
	io.cucumber.junit.UndefinedThrowable: The step &quot;The white player is located at 2:5&quot; is undefined
	io.cucumber.junit.UndefinedThrowable: The step &quot;Check path existence is initiated&quot; is undefined
	io.cucumber.junit.UndefinedThrowable: The step &quot;Path is available for &quot;both&quot; player(s)&quot; is undefined
	at org.junit.vintage.engine.execution.TestRun.getStoredResultOrSuccessful(TestRun.java:179)
	at org.junit.vintage.engine.execution.RunListenerAdapter.fireExecutionFinished(RunListenerAdapter.java:211)
	at org.junit.vintage.engine.execution.RunListenerAdapter.testFinished(RunListenerAdapter.java:177)
	at org.junit.vintage.engine.execution.RunListenerAdapter.testFinished(RunListenerAdapter.java:76)
	at org.junit.runner.notification.SynchronizedRunListener.testFinished(SynchronizedRunListener.java:56)
	at org.junit.runner.notification.RunNotifier$7.notifyListener(RunNotifier.java:190)
	at org.junit.runner.notification.RunNotifier$SafeNotifier.run(RunNotifier.java:72)
	at org.junit.runner.notification.RunNotifier.fireTestFinished(RunNotifier.java:187)
	at io.cucumber.junit.JUnitReporter$EachTestNotifier.fireTestFinished(JUnitReporter.java:253)
	at io.cucumber.junit.JUnitReporter.handleTestCaseResult(JUnitReporter.java:178)
	at io.cucumber.junit.JUnitReporter$4.receive(JUnitReporter.java:66)
	at io.cucumber.junit.JUnitReporter$4.receive(JUnitReporter.java:62)
	at cucumber.runner.AbstractEventPublisher.send(AbstractEventPublisher.java:45)
	at cucumber.runner.AbstractEventBus.send(AbstractEventBus.java:9)
	at cucumber.runner.ThreadLocalRunnerSupplier$LocalEventBus.send(ThreadLocalRunnerSupplier.java:60)
	at cucumber.runner.TestCase.run(TestCase.java:55)
	at cucumber.runner.Runner.runPickle(Runner.java:50)
	at io.cucumber.junit.PickleRunners$NoStepDescriptions.run(PickleRunners.java:146)
	at io.cucumber.junit.FeatureRunner.runChild(FeatureRunner.java:68)
	at io.cucumber.junit.FeatureRunner.runChild(FeatureRunner.java:23)
	at org.junit.runners.ParentRunner$3.run(ParentRunner.java:290)
	at org.junit.runners.ParentRunner$1.schedule(ParentRunner.java:71)
	at org.junit.runners.ParentRunner.runChildren(ParentRunner.java:288)
	at org.junit.runners.ParentRunner.access$000(ParentRunner.java:58)
	at org.junit.runners.ParentRunner$2.evaluate(ParentRunner.java:268)
	at org.junit.runners.ParentRunner.run(ParentRunner.java:363)
	at io.cucumber.junit.Cucumber.runChild(Cucumber.java:144)
	at io.cucumber.junit.Cucumber.runChild(Cucumber.java:65)
	at org.junit.runners.ParentRunner$3.run(ParentRunner.java:290)
	at org.junit.runners.ParentRunner$1.schedule(ParentRunner.java:71)
	at org.junit.runners.ParentRunner.runChildren(ParentRunner.java:288)
	at org.junit.runners.ParentRunner.access$000(ParentRunner.java:58)
	at org.junit.runners.ParentRunner$2.evaluate(ParentRunner.java:268)
	at io.cucumber.junit.Cucumber$RunCucumber.evaluate(Cucumber.java:174)
	at org.junit.runners.ParentRunner.run(ParentRunner.java:363)
	at org.junit.runner.JUnitCore.run(JUnitCore.java:137)
	at org.junit.runner.JUnitCore.run(JUnitCore.java:115)
	at org.junit.vintage.engine.execution.RunnerExecutor.execute(RunnerExecutor.java:40)
	at java.base/java.util.stream.ForEachOps$ForEachOp$OfRef.accept(ForEachOps.java:183)
	at java.base/java.util.stream.ReferencePipeline$3$1.accept(ReferencePipeline.java:195)
	at java.base/java.util.Iterator.forEachRemaining(Iterator.java:133)
	at java.base/java.util.Spliterators$IteratorSpliterator.forEachRemaining(Spliterators.java:1801)
	at java.base/java.util.stream.AbstractPipeline.copyInto(AbstractPipeline.java:484)
	at java.base/java.util.stream.AbstractPipeline.wrapAndCopyInto(AbstractPipeline.java:474)
	at java.base/java.util.stream.ForEachOps$ForEachOp.evaluateSequential(ForEachOps.java:150)
	at java.base/java.util.stream.ForEachOps$ForEachOp$OfRef.evaluateSequential(ForEachOps.java:173)
	at java.base/java.util.stream.AbstractPipeline.evaluate(AbstractPipeline.java:234)
	at java.base/java.util.stream.ReferencePipeline.forEach(ReferencePipeline.java:497)
	at org.junit.vintage.engine.VintageTestEngine.executeAllChildren(VintageTestEngine.java:80)
	at org.junit.vintage.engine.VintageTestEngine.execute(VintageTestEngine.java:71)
	at org.junit.platform.launcher.core.DefaultLauncher.execute(DefaultLauncher.java:220)
	at org.junit.platform.launcher.core.DefaultLauncher.lambda$execute$6(DefaultLauncher.java:188)
	at org.junit.platform.launcher.core.DefaultLauncher.withInterceptedStreams(DefaultLauncher.java:202)
	at org.junit.platform.launcher.core.DefaultLauncher.execute(DefaultLauncher.java:181)
	at org.junit.platform.launcher.core.DefaultLauncher.execute(DefaultLauncher.java:128)
	at org.gradle.api.internal.tasks.testing.junitplatform.JUnitPlatformTestClassProcessor$CollectAllTestClassesExecutor.processAllTestClasses(JUnitPlatformTestClassProcessor.java:102)
	at org.gradle.api.internal.tasks.testing.junitplatform.JUnitPlatformTestClassProcessor$CollectAllTestClassesExecutor.access$000(JUnitPlatformTestClassProcessor.java:82)
	at org.gradle.api.internal.tasks.testing.junitplatform.JUnitPlatformTestClassProcessor.stop(JUnitPlatformTestClassProcessor.java:78)
	at org.gradle.api.internal.tasks.testing.SuiteTestClassProcessor.stop(SuiteTestClassProcessor.java:61)
	at java.base/jdk.internal.reflect.NativeMethodAccessorImpl.invoke0(Native Method)
	at java.base/jdk.internal.reflect.NativeMethodAccessorImpl.invoke(NativeMethodAccessorImpl.java:62)
	at java.base/jdk.internal.reflect.DelegatingMethodAccessorImpl.invoke(DelegatingMethodAccessorImpl.java:43)
	at java.base/java.lang.reflect.Method.invoke(Method.java:566)
	at org.gradle.internal.dispatch.ReflectionDispatch.dispatch(ReflectionDispatch.java:36)
	at org.gradle.internal.dispatch.ReflectionDispatch.dispatch(ReflectionDispatch.java:24)
	at org.gradle.internal.dispatch.ContextClassLoaderDispatch.dispatch(ContextClassLoaderDispatch.java:33)
	at org.gradle.internal.dispatch.ProxyDispatchAdapter$DispatchingInvocationHandler.invoke(ProxyDispatchAdapter.java:94)
	at com.sun.proxy.$Proxy2.stop(Unknown Source)
	at org.gradle.api.internal.tasks.testing.worker.TestWorker.stop(TestWorker.java:132)
	at java.base/jdk.internal.reflect.NativeMethodAccessorImpl.invoke0(Native Method)
	at java.base/jdk.internal.reflect.NativeMethodAccessorImpl.invoke(NativeMethodAccessorImpl.java:62)
	at java.base/jdk.internal.reflect.DelegatingMethodAccessorImpl.invoke(DelegatingMethodAccessorImpl.java:43)
	at java.base/java.lang.reflect.Method.invoke(Method.java:566)
	at org.gradle.internal.dispatch.ReflectionDispatch.dispatch(ReflectionDispatch.java:36)
	at org.gradle.internal.dispatch.ReflectionDispatch.dispatch(ReflectionDispatch.java:24)
	at org.gradle.internal.remote.internal.hub.MessageHubBackedObjectConnection$DispatchWrapper.dispatch(MessageHubBackedObjectConnection.java:182)
	at org.gradle.internal.remote.internal.hub.MessageHubBackedObjectConnection$DispatchWrapper.dispatch(MessageHubBackedObjectConnection.java:164)
	at org.gradle.internal.remote.internal.hub.MessageHub$Handler.run(MessageHub.java:412)
	at org.gradle.internal.concurrent.ExecutorPolicy$CatchAndRecordFailures.onExecute(ExecutorPolicy.java:64)
	at org.gradle.internal.concurrent.ManagedExecutorImpl$1.run(ManagedExecutorImpl.java:48)
	at java.base/java.util.concurrent.ThreadPoolExecutor.runWorker(ThreadPoolExecutor.java:1128)
	at java.base/java.util.concurrent.ThreadPoolExecutor$Worker.run(ThreadPoolExecutor.java:628)
	at org.gradle.internal.concurrent.ThreadFactoryImpl$ManagedThreadRunnable.run(ThreadFactoryImpl.java:56)
	at java.base/java.lang.Thread.run(Thread.java:834)
</failure>
  </testcase>
  <testcase name="Path to target area is not blocked" classname="ca.mcgill.ecse223.quoridor.features.CucumberTestsRunner" time="0.115">
    <failure message="org.opentest4j.MultipleFailuresError: Multiple Failures (5 failures)&#13;&#10;&#9;io.cucumber.junit.UndefinedThrowable: The step &quot;A &quot;horizontal&quot; wall move candidate exists at position 3:5&quot; is undefined&#13;&#10;&#9;io.cucumber.junit.UndefinedThrowable: The step &quot;The black player is located at 2:5&quot; is undefined&#13;&#10;&#9;io.cucumber.junit.UndefinedThrowable: The step &quot;The white player is located at 3:5&quot; is undefined&#13;&#10;&#9;io.cucumber.junit.UndefinedThrowable: The step &quot;Check path existence is initiated&quot; is undefined&#13;&#10;&#9;io.cucumber.junit.UndefinedThrowable: The step &quot;Path is available for &quot;white&quot; player(s)&quot; is undefined" type="org.opentest4j.MultipleFailuresError">org.opentest4j.MultipleFailuresError: Multiple Failures (5 failures)
	io.cucumber.junit.UndefinedThrowable: The step &quot;A &quot;horizontal&quot; wall move candidate exists at position 3:5&quot; is undefined
	io.cucumber.junit.UndefinedThrowable: The step &quot;The black player is located at 2:5&quot; is undefined
	io.cucumber.junit.UndefinedThrowable: The step &quot;The white player is located at 3:5&quot; is undefined
	io.cucumber.junit.UndefinedThrowable: The step &quot;Check path existence is initiated&quot; is undefined
	io.cucumber.junit.UndefinedThrowable: The step &quot;Path is available for &quot;white&quot; player(s)&quot; is undefined
	at org.junit.vintage.engine.execution.TestRun.getStoredResultOrSuccessful(TestRun.java:179)
	at org.junit.vintage.engine.execution.RunListenerAdapter.fireExecutionFinished(RunListenerAdapter.java:211)
	at org.junit.vintage.engine.execution.RunListenerAdapter.testFinished(RunListenerAdapter.java:177)
	at org.junit.vintage.engine.execution.RunListenerAdapter.testFinished(RunListenerAdapter.java:76)
	at org.junit.runner.notification.SynchronizedRunListener.testFinished(SynchronizedRunListener.java:56)
	at org.junit.runner.notification.RunNotifier$7.notifyListener(RunNotifier.java:190)
	at org.junit.runner.notification.RunNotifier$SafeNotifier.run(RunNotifier.java:72)
	at org.junit.runner.notification.RunNotifier.fireTestFinished(RunNotifier.java:187)
	at io.cucumber.junit.JUnitReporter$EachTestNotifier.fireTestFinished(JUnitReporter.java:253)
	at io.cucumber.junit.JUnitReporter.handleTestCaseResult(JUnitReporter.java:178)
	at io.cucumber.junit.JUnitReporter$4.receive(JUnitReporter.java:66)
	at io.cucumber.junit.JUnitReporter$4.receive(JUnitReporter.java:62)
	at cucumber.runner.AbstractEventPublisher.send(AbstractEventPublisher.java:45)
	at cucumber.runner.AbstractEventBus.send(AbstractEventBus.java:9)
	at cucumber.runner.ThreadLocalRunnerSupplier$LocalEventBus.send(ThreadLocalRunnerSupplier.java:60)
	at cucumber.runner.TestCase.run(TestCase.java:55)
	at cucumber.runner.Runner.runPickle(Runner.java:50)
	at io.cucumber.junit.PickleRunners$NoStepDescriptions.run(PickleRunners.java:146)
	at io.cucumber.junit.FeatureRunner.runChild(FeatureRunner.java:68)
	at io.cucumber.junit.FeatureRunner.runChild(FeatureRunner.java:23)
	at org.junit.runners.ParentRunner$3.run(ParentRunner.java:290)
	at org.junit.runners.ParentRunner$1.schedule(ParentRunner.java:71)
	at org.junit.runners.ParentRunner.runChildren(ParentRunner.java:288)
	at org.junit.runners.ParentRunner.access$000(ParentRunner.java:58)
	at org.junit.runners.ParentRunner$2.evaluate(ParentRunner.java:268)
	at org.junit.runners.ParentRunner.run(ParentRunner.java:363)
	at io.cucumber.junit.Cucumber.runChild(Cucumber.java:144)
	at io.cucumber.junit.Cucumber.runChild(Cucumber.java:65)
	at org.junit.runners.ParentRunner$3.run(ParentRunner.java:290)
	at org.junit.runners.ParentRunner$1.schedule(ParentRunner.java:71)
	at org.junit.runners.ParentRunner.runChildren(ParentRunner.java:288)
	at org.junit.runners.ParentRunner.access$000(ParentRunner.java:58)
	at org.junit.runners.ParentRunner$2.evaluate(ParentRunner.java:268)
	at io.cucumber.junit.Cucumber$RunCucumber.evaluate(Cucumber.java:174)
	at org.junit.runners.ParentRunner.run(ParentRunner.java:363)
	at org.junit.runner.JUnitCore.run(JUnitCore.java:137)
	at org.junit.runner.JUnitCore.run(JUnitCore.java:115)
	at org.junit.vintage.engine.execution.RunnerExecutor.execute(RunnerExecutor.java:40)
	at java.base/java.util.stream.ForEachOps$ForEachOp$OfRef.accept(ForEachOps.java:183)
	at java.base/java.util.stream.ReferencePipeline$3$1.accept(ReferencePipeline.java:195)
	at java.base/java.util.Iterator.forEachRemaining(Iterator.java:133)
	at java.base/java.util.Spliterators$IteratorSpliterator.forEachRemaining(Spliterators.java:1801)
	at java.base/java.util.stream.AbstractPipeline.copyInto(AbstractPipeline.java:484)
	at java.base/java.util.stream.AbstractPipeline.wrapAndCopyInto(AbstractPipeline.java:474)
	at java.base/java.util.stream.ForEachOps$ForEachOp.evaluateSequential(ForEachOps.java:150)
	at java.base/java.util.stream.ForEachOps$ForEachOp$OfRef.evaluateSequential(ForEachOps.java:173)
	at java.base/java.util.stream.AbstractPipeline.evaluate(AbstractPipeline.java:234)
	at java.base/java.util.stream.ReferencePipeline.forEach(ReferencePipeline.java:497)
	at org.junit.vintage.engine.VintageTestEngine.executeAllChildren(VintageTestEngine.java:80)
	at org.junit.vintage.engine.VintageTestEngine.execute(VintageTestEngine.java:71)
	at org.junit.platform.launcher.core.DefaultLauncher.execute(DefaultLauncher.java:220)
	at org.junit.platform.launcher.core.DefaultLauncher.lambda$execute$6(DefaultLauncher.java:188)
	at org.junit.platform.launcher.core.DefaultLauncher.withInterceptedStreams(DefaultLauncher.java:202)
	at org.junit.platform.launcher.core.DefaultLauncher.execute(DefaultLauncher.java:181)
	at org.junit.platform.launcher.core.DefaultLauncher.execute(DefaultLauncher.java:128)
	at org.gradle.api.internal.tasks.testing.junitplatform.JUnitPlatformTestClassProcessor$CollectAllTestClassesExecutor.processAllTestClasses(JUnitPlatformTestClassProcessor.java:102)
	at org.gradle.api.internal.tasks.testing.junitplatform.JUnitPlatformTestClassProcessor$CollectAllTestClassesExecutor.access$000(JUnitPlatformTestClassProcessor.java:82)
	at org.gradle.api.internal.tasks.testing.junitplatform.JUnitPlatformTestClassProcessor.stop(JUnitPlatformTestClassProcessor.java:78)
	at org.gradle.api.internal.tasks.testing.SuiteTestClassProcessor.stop(SuiteTestClassProcessor.java:61)
	at java.base/jdk.internal.reflect.NativeMethodAccessorImpl.invoke0(Native Method)
	at java.base/jdk.internal.reflect.NativeMethodAccessorImpl.invoke(NativeMethodAccessorImpl.java:62)
	at java.base/jdk.internal.reflect.DelegatingMethodAccessorImpl.invoke(DelegatingMethodAccessorImpl.java:43)
	at java.base/java.lang.reflect.Method.invoke(Method.java:566)
	at org.gradle.internal.dispatch.ReflectionDispatch.dispatch(ReflectionDispatch.java:36)
	at org.gradle.internal.dispatch.ReflectionDispatch.dispatch(ReflectionDispatch.java:24)
	at org.gradle.internal.dispatch.ContextClassLoaderDispatch.dispatch(ContextClassLoaderDispatch.java:33)
	at org.gradle.internal.dispatch.ProxyDispatchAdapter$DispatchingInvocationHandler.invoke(ProxyDispatchAdapter.java:94)
	at com.sun.proxy.$Proxy2.stop(Unknown Source)
	at org.gradle.api.internal.tasks.testing.worker.TestWorker.stop(TestWorker.java:132)
	at java.base/jdk.internal.reflect.NativeMethodAccessorImpl.invoke0(Native Method)
	at java.base/jdk.internal.reflect.NativeMethodAccessorImpl.invoke(NativeMethodAccessorImpl.java:62)
	at java.base/jdk.internal.reflect.DelegatingMethodAccessorImpl.invoke(DelegatingMethodAccessorImpl.java:43)
	at java.base/java.lang.reflect.Method.invoke(Method.java:566)
	at org.gradle.internal.dispatch.ReflectionDispatch.dispatch(ReflectionDispatch.java:36)
	at org.gradle.internal.dispatch.ReflectionDispatch.dispatch(ReflectionDispatch.java:24)
	at org.gradle.internal.remote.internal.hub.MessageHubBackedObjectConnection$DispatchWrapper.dispatch(MessageHubBackedObjectConnection.java:182)
	at org.gradle.internal.remote.internal.hub.MessageHubBackedObjectConnection$DispatchWrapper.dispatch(MessageHubBackedObjectConnection.java:164)
	at org.gradle.internal.remote.internal.hub.MessageHub$Handler.run(MessageHub.java:412)
	at org.gradle.internal.concurrent.ExecutorPolicy$CatchAndRecordFailures.onExecute(ExecutorPolicy.java:64)
	at org.gradle.internal.concurrent.ManagedExecutorImpl$1.run(ManagedExecutorImpl.java:48)
	at java.base/java.util.concurrent.ThreadPoolExecutor.runWorker(ThreadPoolExecutor.java:1128)
	at java.base/java.util.concurrent.ThreadPoolExecutor$Worker.run(ThreadPoolExecutor.java:628)
	at org.gradle.internal.concurrent.ThreadFactoryImpl$ManagedThreadRunnable.run(ThreadFactoryImpl.java:56)
	at java.base/java.lang.Thread.run(Thread.java:834)
</failure>
  </testcase>
  <testcase name="Path to target area is not blocked" classname="ca.mcgill.ecse223.quoridor.features.CucumberTestsRunner" time="0.173">
    <failure message="org.opentest4j.MultipleFailuresError: Multiple Failures (5 failures)&#13;&#10;&#9;io.cucumber.junit.UndefinedThrowable: The step &quot;A &quot;horizontal&quot; wall move candidate exists at position 3:5&quot; is undefined&#13;&#10;&#9;io.cucumber.junit.UndefinedThrowable: The step &quot;The black player is located at 5:5&quot; is undefined&#13;&#10;&#9;io.cucumber.junit.UndefinedThrowable: The step &quot;The white player is located at 6:5&quot; is undefined&#13;&#10;&#9;io.cucumber.junit.UndefinedThrowable: The step &quot;Check path existence is initiated&quot; is undefined&#13;&#10;&#9;io.cucumber.junit.UndefinedThrowable: The step &quot;Path is available for &quot;black&quot; player(s)&quot; is undefined" type="org.opentest4j.MultipleFailuresError">org.opentest4j.MultipleFailuresError: Multiple Failures (5 failures)
	io.cucumber.junit.UndefinedThrowable: The step &quot;A &quot;horizontal&quot; wall move candidate exists at position 3:5&quot; is undefined
	io.cucumber.junit.UndefinedThrowable: The step &quot;The black player is located at 5:5&quot; is undefined
	io.cucumber.junit.UndefinedThrowable: The step &quot;The white player is located at 6:5&quot; is undefined
	io.cucumber.junit.UndefinedThrowable: The step &quot;Check path existence is initiated&quot; is undefined
	io.cucumber.junit.UndefinedThrowable: The step &quot;Path is available for &quot;black&quot; player(s)&quot; is undefined
	at org.junit.vintage.engine.execution.TestRun.getStoredResultOrSuccessful(TestRun.java:179)
	at org.junit.vintage.engine.execution.RunListenerAdapter.fireExecutionFinished(RunListenerAdapter.java:211)
	at org.junit.vintage.engine.execution.RunListenerAdapter.testFinished(RunListenerAdapter.java:177)
	at org.junit.vintage.engine.execution.RunListenerAdapter.testFinished(RunListenerAdapter.java:76)
	at org.junit.runner.notification.SynchronizedRunListener.testFinished(SynchronizedRunListener.java:56)
	at org.junit.runner.notification.RunNotifier$7.notifyListener(RunNotifier.java:190)
	at org.junit.runner.notification.RunNotifier$SafeNotifier.run(RunNotifier.java:72)
	at org.junit.runner.notification.RunNotifier.fireTestFinished(RunNotifier.java:187)
	at io.cucumber.junit.JUnitReporter$EachTestNotifier.fireTestFinished(JUnitReporter.java:253)
	at io.cucumber.junit.JUnitReporter.handleTestCaseResult(JUnitReporter.java:178)
	at io.cucumber.junit.JUnitReporter$4.receive(JUnitReporter.java:66)
	at io.cucumber.junit.JUnitReporter$4.receive(JUnitReporter.java:62)
	at cucumber.runner.AbstractEventPublisher.send(AbstractEventPublisher.java:45)
	at cucumber.runner.AbstractEventBus.send(AbstractEventBus.java:9)
	at cucumber.runner.ThreadLocalRunnerSupplier$LocalEventBus.send(ThreadLocalRunnerSupplier.java:60)
	at cucumber.runner.TestCase.run(TestCase.java:55)
	at cucumber.runner.Runner.runPickle(Runner.java:50)
	at io.cucumber.junit.PickleRunners$NoStepDescriptions.run(PickleRunners.java:146)
	at io.cucumber.junit.FeatureRunner.runChild(FeatureRunner.java:68)
	at io.cucumber.junit.FeatureRunner.runChild(FeatureRunner.java:23)
	at org.junit.runners.ParentRunner$3.run(ParentRunner.java:290)
	at org.junit.runners.ParentRunner$1.schedule(ParentRunner.java:71)
	at org.junit.runners.ParentRunner.runChildren(ParentRunner.java:288)
	at org.junit.runners.ParentRunner.access$000(ParentRunner.java:58)
	at org.junit.runners.ParentRunner$2.evaluate(ParentRunner.java:268)
	at org.junit.runners.ParentRunner.run(ParentRunner.java:363)
	at io.cucumber.junit.Cucumber.runChild(Cucumber.java:144)
	at io.cucumber.junit.Cucumber.runChild(Cucumber.java:65)
	at org.junit.runners.ParentRunner$3.run(ParentRunner.java:290)
	at org.junit.runners.ParentRunner$1.schedule(ParentRunner.java:71)
	at org.junit.runners.ParentRunner.runChildren(ParentRunner.java:288)
	at org.junit.runners.ParentRunner.access$000(ParentRunner.java:58)
	at org.junit.runners.ParentRunner$2.evaluate(ParentRunner.java:268)
	at io.cucumber.junit.Cucumber$RunCucumber.evaluate(Cucumber.java:174)
	at org.junit.runners.ParentRunner.run(ParentRunner.java:363)
	at org.junit.runner.JUnitCore.run(JUnitCore.java:137)
	at org.junit.runner.JUnitCore.run(JUnitCore.java:115)
	at org.junit.vintage.engine.execution.RunnerExecutor.execute(RunnerExecutor.java:40)
	at java.base/java.util.stream.ForEachOps$ForEachOp$OfRef.accept(ForEachOps.java:183)
	at java.base/java.util.stream.ReferencePipeline$3$1.accept(ReferencePipeline.java:195)
	at java.base/java.util.Iterator.forEachRemaining(Iterator.java:133)
	at java.base/java.util.Spliterators$IteratorSpliterator.forEachRemaining(Spliterators.java:1801)
	at java.base/java.util.stream.AbstractPipeline.copyInto(AbstractPipeline.java:484)
	at java.base/java.util.stream.AbstractPipeline.wrapAndCopyInto(AbstractPipeline.java:474)
	at java.base/java.util.stream.ForEachOps$ForEachOp.evaluateSequential(ForEachOps.java:150)
	at java.base/java.util.stream.ForEachOps$ForEachOp$OfRef.evaluateSequential(ForEachOps.java:173)
	at java.base/java.util.stream.AbstractPipeline.evaluate(AbstractPipeline.java:234)
	at java.base/java.util.stream.ReferencePipeline.forEach(ReferencePipeline.java:497)
	at org.junit.vintage.engine.VintageTestEngine.executeAllChildren(VintageTestEngine.java:80)
	at org.junit.vintage.engine.VintageTestEngine.execute(VintageTestEngine.java:71)
	at org.junit.platform.launcher.core.DefaultLauncher.execute(DefaultLauncher.java:220)
	at org.junit.platform.launcher.core.DefaultLauncher.lambda$execute$6(DefaultLauncher.java:188)
	at org.junit.platform.launcher.core.DefaultLauncher.withInterceptedStreams(DefaultLauncher.java:202)
	at org.junit.platform.launcher.core.DefaultLauncher.execute(DefaultLauncher.java:181)
	at org.junit.platform.launcher.core.DefaultLauncher.execute(DefaultLauncher.java:128)
	at org.gradle.api.internal.tasks.testing.junitplatform.JUnitPlatformTestClassProcessor$CollectAllTestClassesExecutor.processAllTestClasses(JUnitPlatformTestClassProcessor.java:102)
	at org.gradle.api.internal.tasks.testing.junitplatform.JUnitPlatformTestClassProcessor$CollectAllTestClassesExecutor.access$000(JUnitPlatformTestClassProcessor.java:82)
	at org.gradle.api.internal.tasks.testing.junitplatform.JUnitPlatformTestClassProcessor.stop(JUnitPlatformTestClassProcessor.java:78)
	at org.gradle.api.internal.tasks.testing.SuiteTestClassProcessor.stop(SuiteTestClassProcessor.java:61)
	at java.base/jdk.internal.reflect.NativeMethodAccessorImpl.invoke0(Native Method)
	at java.base/jdk.internal.reflect.NativeMethodAccessorImpl.invoke(NativeMethodAccessorImpl.java:62)
	at java.base/jdk.internal.reflect.DelegatingMethodAccessorImpl.invoke(DelegatingMethodAccessorImpl.java:43)
	at java.base/java.lang.reflect.Method.invoke(Method.java:566)
	at org.gradle.internal.dispatch.ReflectionDispatch.dispatch(ReflectionDispatch.java:36)
	at org.gradle.internal.dispatch.ReflectionDispatch.dispatch(ReflectionDispatch.java:24)
	at org.gradle.internal.dispatch.ContextClassLoaderDispatch.dispatch(ContextClassLoaderDispatch.java:33)
	at org.gradle.internal.dispatch.ProxyDispatchAdapter$DispatchingInvocationHandler.invoke(ProxyDispatchAdapter.java:94)
	at com.sun.proxy.$Proxy2.stop(Unknown Source)
	at org.gradle.api.internal.tasks.testing.worker.TestWorker.stop(TestWorker.java:132)
	at java.base/jdk.internal.reflect.NativeMethodAccessorImpl.invoke0(Native Method)
	at java.base/jdk.internal.reflect.NativeMethodAccessorImpl.invoke(NativeMethodAccessorImpl.java:62)
	at java.base/jdk.internal.reflect.DelegatingMethodAccessorImpl.invoke(DelegatingMethodAccessorImpl.java:43)
	at java.base/java.lang.reflect.Method.invoke(Method.java:566)
	at org.gradle.internal.dispatch.ReflectionDispatch.dispatch(ReflectionDispatch.java:36)
	at org.gradle.internal.dispatch.ReflectionDispatch.dispatch(ReflectionDispatch.java:24)
	at org.gradle.internal.remote.internal.hub.MessageHubBackedObjectConnection$DispatchWrapper.dispatch(MessageHubBackedObjectConnection.java:182)
	at org.gradle.internal.remote.internal.hub.MessageHubBackedObjectConnection$DispatchWrapper.dispatch(MessageHubBackedObjectConnection.java:164)
	at org.gradle.internal.remote.internal.hub.MessageHub$Handler.run(MessageHub.java:412)
	at org.gradle.internal.concurrent.ExecutorPolicy$CatchAndRecordFailures.onExecute(ExecutorPolicy.java:64)
	at org.gradle.internal.concurrent.ManagedExecutorImpl$1.run(ManagedExecutorImpl.java:48)
	at java.base/java.util.concurrent.ThreadPoolExecutor.runWorker(ThreadPoolExecutor.java:1128)
	at java.base/java.util.concurrent.ThreadPoolExecutor$Worker.run(ThreadPoolExecutor.java:628)
	at org.gradle.internal.concurrent.ThreadFactoryImpl$ManagedThreadRunnable.run(ThreadFactoryImpl.java:56)
	at java.base/java.lang.Thread.run(Thread.java:834)
</failure>
  </testcase>
  <testcase name="Path to target area is not blocked" classname="ca.mcgill.ecse223.quoridor.features.CucumberTestsRunner" time="0.07">
    <failure message="org.opentest4j.MultipleFailuresError: Multiple Failures (5 failures)&#13;&#10;&#9;io.cucumber.junit.UndefinedThrowable: The step &quot;A &quot;vertical&quot; wall move candidate exists at position 2:4&quot; is undefined&#13;&#10;&#9;io.cucumber.junit.UndefinedThrowable: The step &quot;The black player is located at 2:5&quot; is undefined&#13;&#10;&#9;io.cucumber.junit.UndefinedThrowable: The step &quot;The white player is located at 6:5&quot; is undefined&#13;&#10;&#9;io.cucumber.junit.UndefinedThrowable: The step &quot;Check path existence is initiated&quot; is undefined&#13;&#10;&#9;io.cucumber.junit.UndefinedThrowable: The step &quot;Path is available for &quot;both&quot; player(s)&quot; is undefined" type="org.opentest4j.MultipleFailuresError">org.opentest4j.MultipleFailuresError: Multiple Failures (5 failures)
	io.cucumber.junit.UndefinedThrowable: The step &quot;A &quot;vertical&quot; wall move candidate exists at position 2:4&quot; is undefined
	io.cucumber.junit.UndefinedThrowable: The step &quot;The black player is located at 2:5&quot; is undefined
	io.cucumber.junit.UndefinedThrowable: The step &quot;The white player is located at 6:5&quot; is undefined
	io.cucumber.junit.UndefinedThrowable: The step &quot;Check path existence is initiated&quot; is undefined
	io.cucumber.junit.UndefinedThrowable: The step &quot;Path is available for &quot;both&quot; player(s)&quot; is undefined
	at org.junit.vintage.engine.execution.TestRun.getStoredResultOrSuccessful(TestRun.java:179)
	at org.junit.vintage.engine.execution.RunListenerAdapter.fireExecutionFinished(RunListenerAdapter.java:211)
	at org.junit.vintage.engine.execution.RunListenerAdapter.testFinished(RunListenerAdapter.java:177)
	at org.junit.vintage.engine.execution.RunListenerAdapter.testFinished(RunListenerAdapter.java:76)
	at org.junit.runner.notification.SynchronizedRunListener.testFinished(SynchronizedRunListener.java:56)
	at org.junit.runner.notification.RunNotifier$7.notifyListener(RunNotifier.java:190)
	at org.junit.runner.notification.RunNotifier$SafeNotifier.run(RunNotifier.java:72)
	at org.junit.runner.notification.RunNotifier.fireTestFinished(RunNotifier.java:187)
	at io.cucumber.junit.JUnitReporter$EachTestNotifier.fireTestFinished(JUnitReporter.java:253)
	at io.cucumber.junit.JUnitReporter.handleTestCaseResult(JUnitReporter.java:178)
	at io.cucumber.junit.JUnitReporter$4.receive(JUnitReporter.java:66)
	at io.cucumber.junit.JUnitReporter$4.receive(JUnitReporter.java:62)
	at cucumber.runner.AbstractEventPublisher.send(AbstractEventPublisher.java:45)
	at cucumber.runner.AbstractEventBus.send(AbstractEventBus.java:9)
	at cucumber.runner.ThreadLocalRunnerSupplier$LocalEventBus.send(ThreadLocalRunnerSupplier.java:60)
	at cucumber.runner.TestCase.run(TestCase.java:55)
	at cucumber.runner.Runner.runPickle(Runner.java:50)
	at io.cucumber.junit.PickleRunners$NoStepDescriptions.run(PickleRunners.java:146)
	at io.cucumber.junit.FeatureRunner.runChild(FeatureRunner.java:68)
	at io.cucumber.junit.FeatureRunner.runChild(FeatureRunner.java:23)
	at org.junit.runners.ParentRunner$3.run(ParentRunner.java:290)
	at org.junit.runners.ParentRunner$1.schedule(ParentRunner.java:71)
	at org.junit.runners.ParentRunner.runChildren(ParentRunner.java:288)
	at org.junit.runners.ParentRunner.access$000(ParentRunner.java:58)
	at org.junit.runners.ParentRunner$2.evaluate(ParentRunner.java:268)
	at org.junit.runners.ParentRunner.run(ParentRunner.java:363)
	at io.cucumber.junit.Cucumber.runChild(Cucumber.java:144)
	at io.cucumber.junit.Cucumber.runChild(Cucumber.java:65)
	at org.junit.runners.ParentRunner$3.run(ParentRunner.java:290)
	at org.junit.runners.ParentRunner$1.schedule(ParentRunner.java:71)
	at org.junit.runners.ParentRunner.runChildren(ParentRunner.java:288)
	at org.junit.runners.ParentRunner.access$000(ParentRunner.java:58)
	at org.junit.runners.ParentRunner$2.evaluate(ParentRunner.java:268)
	at io.cucumber.junit.Cucumber$RunCucumber.evaluate(Cucumber.java:174)
	at org.junit.runners.ParentRunner.run(ParentRunner.java:363)
	at org.junit.runner.JUnitCore.run(JUnitCore.java:137)
	at org.junit.runner.JUnitCore.run(JUnitCore.java:115)
	at org.junit.vintage.engine.execution.RunnerExecutor.execute(RunnerExecutor.java:40)
	at java.base/java.util.stream.ForEachOps$ForEachOp$OfRef.accept(ForEachOps.java:183)
	at java.base/java.util.stream.ReferencePipeline$3$1.accept(ReferencePipeline.java:195)
	at java.base/java.util.Iterator.forEachRemaining(Iterator.java:133)
	at java.base/java.util.Spliterators$IteratorSpliterator.forEachRemaining(Spliterators.java:1801)
	at java.base/java.util.stream.AbstractPipeline.copyInto(AbstractPipeline.java:484)
	at java.base/java.util.stream.AbstractPipeline.wrapAndCopyInto(AbstractPipeline.java:474)
	at java.base/java.util.stream.ForEachOps$ForEachOp.evaluateSequential(ForEachOps.java:150)
	at java.base/java.util.stream.ForEachOps$ForEachOp$OfRef.evaluateSequential(ForEachOps.java:173)
	at java.base/java.util.stream.AbstractPipeline.evaluate(AbstractPipeline.java:234)
	at java.base/java.util.stream.ReferencePipeline.forEach(ReferencePipeline.java:497)
	at org.junit.vintage.engine.VintageTestEngine.executeAllChildren(VintageTestEngine.java:80)
	at org.junit.vintage.engine.VintageTestEngine.execute(VintageTestEngine.java:71)
	at org.junit.platform.launcher.core.DefaultLauncher.execute(DefaultLauncher.java:220)
	at org.junit.platform.launcher.core.DefaultLauncher.lambda$execute$6(DefaultLauncher.java:188)
	at org.junit.platform.launcher.core.DefaultLauncher.withInterceptedStreams(DefaultLauncher.java:202)
	at org.junit.platform.launcher.core.DefaultLauncher.execute(DefaultLauncher.java:181)
	at org.junit.platform.launcher.core.DefaultLauncher.execute(DefaultLauncher.java:128)
	at org.gradle.api.internal.tasks.testing.junitplatform.JUnitPlatformTestClassProcessor$CollectAllTestClassesExecutor.processAllTestClasses(JUnitPlatformTestClassProcessor.java:102)
	at org.gradle.api.internal.tasks.testing.junitplatform.JUnitPlatformTestClassProcessor$CollectAllTestClassesExecutor.access$000(JUnitPlatformTestClassProcessor.java:82)
	at org.gradle.api.internal.tasks.testing.junitplatform.JUnitPlatformTestClassProcessor.stop(JUnitPlatformTestClassProcessor.java:78)
	at org.gradle.api.internal.tasks.testing.SuiteTestClassProcessor.stop(SuiteTestClassProcessor.java:61)
	at java.base/jdk.internal.reflect.NativeMethodAccessorImpl.invoke0(Native Method)
	at java.base/jdk.internal.reflect.NativeMethodAccessorImpl.invoke(NativeMethodAccessorImpl.java:62)
	at java.base/jdk.internal.reflect.DelegatingMethodAccessorImpl.invoke(DelegatingMethodAccessorImpl.java:43)
	at java.base/java.lang.reflect.Method.invoke(Method.java:566)
	at org.gradle.internal.dispatch.ReflectionDispatch.dispatch(ReflectionDispatch.java:36)
	at org.gradle.internal.dispatch.ReflectionDispatch.dispatch(ReflectionDispatch.java:24)
	at org.gradle.internal.dispatch.ContextClassLoaderDispatch.dispatch(ContextClassLoaderDispatch.java:33)
	at org.gradle.internal.dispatch.ProxyDispatchAdapter$DispatchingInvocationHandler.invoke(ProxyDispatchAdapter.java:94)
	at com.sun.proxy.$Proxy2.stop(Unknown Source)
	at org.gradle.api.internal.tasks.testing.worker.TestWorker.stop(TestWorker.java:132)
	at java.base/jdk.internal.reflect.NativeMethodAccessorImpl.invoke0(Native Method)
	at java.base/jdk.internal.reflect.NativeMethodAccessorImpl.invoke(NativeMethodAccessorImpl.java:62)
	at java.base/jdk.internal.reflect.DelegatingMethodAccessorImpl.invoke(DelegatingMethodAccessorImpl.java:43)
	at java.base/java.lang.reflect.Method.invoke(Method.java:566)
	at org.gradle.internal.dispatch.ReflectionDispatch.dispatch(ReflectionDispatch.java:36)
	at org.gradle.internal.dispatch.ReflectionDispatch.dispatch(ReflectionDispatch.java:24)
	at org.gradle.internal.remote.internal.hub.MessageHubBackedObjectConnection$DispatchWrapper.dispatch(MessageHubBackedObjectConnection.java:182)
	at org.gradle.internal.remote.internal.hub.MessageHubBackedObjectConnection$DispatchWrapper.dispatch(MessageHubBackedObjectConnection.java:164)
	at org.gradle.internal.remote.internal.hub.MessageHub$Handler.run(MessageHub.java:412)
	at org.gradle.internal.concurrent.ExecutorPolicy$CatchAndRecordFailures.onExecute(ExecutorPolicy.java:64)
	at org.gradle.internal.concurrent.ManagedExecutorImpl$1.run(ManagedExecutorImpl.java:48)
	at java.base/java.util.concurrent.ThreadPoolExecutor.runWorker(ThreadPoolExecutor.java:1128)
	at java.base/java.util.concurrent.ThreadPoolExecutor$Worker.run(ThreadPoolExecutor.java:628)
	at org.gradle.internal.concurrent.ThreadFactoryImpl$ManagedThreadRunnable.run(ThreadFactoryImpl.java:56)
	at java.base/java.lang.Thread.run(Thread.java:834)
</failure>
  </testcase>
  <testcase name="Path to target area is not blocked" classname="ca.mcgill.ecse223.quoridor.features.CucumberTestsRunner" time="0.023">
    <failure message="org.opentest4j.MultipleFailuresError: Multiple Failures (5 failures)&#13;&#10;&#9;io.cucumber.junit.UndefinedThrowable: The step &quot;A &quot;vertical&quot; wall move candidate exists at position 3:4&quot; is undefined&#13;&#10;&#9;io.cucumber.junit.UndefinedThrowable: The step &quot;The black player is located at 2:5&quot; is undefined&#13;&#10;&#9;io.cucumber.junit.UndefinedThrowable: The step &quot;The white player is located at 6:5&quot; is undefined&#13;&#10;&#9;io.cucumber.junit.UndefinedThrowable: The step &quot;Check path existence is initiated&quot; is undefined&#13;&#10;&#9;io.cucumber.junit.UndefinedThrowable: The step &quot;Path is available for &quot;none&quot; player(s)&quot; is undefined" type="org.opentest4j.MultipleFailuresError">org.opentest4j.MultipleFailuresError: Multiple Failures (5 failures)
	io.cucumber.junit.UndefinedThrowable: The step &quot;A &quot;vertical&quot; wall move candidate exists at position 3:4&quot; is undefined
	io.cucumber.junit.UndefinedThrowable: The step &quot;The black player is located at 2:5&quot; is undefined
	io.cucumber.junit.UndefinedThrowable: The step &quot;The white player is located at 6:5&quot; is undefined
	io.cucumber.junit.UndefinedThrowable: The step &quot;Check path existence is initiated&quot; is undefined
	io.cucumber.junit.UndefinedThrowable: The step &quot;Path is available for &quot;none&quot; player(s)&quot; is undefined
	at org.junit.vintage.engine.execution.TestRun.getStoredResultOrSuccessful(TestRun.java:179)
	at org.junit.vintage.engine.execution.RunListenerAdapter.fireExecutionFinished(RunListenerAdapter.java:211)
	at org.junit.vintage.engine.execution.RunListenerAdapter.testFinished(RunListenerAdapter.java:177)
	at org.junit.vintage.engine.execution.RunListenerAdapter.testFinished(RunListenerAdapter.java:76)
	at org.junit.runner.notification.SynchronizedRunListener.testFinished(SynchronizedRunListener.java:56)
	at org.junit.runner.notification.RunNotifier$7.notifyListener(RunNotifier.java:190)
	at org.junit.runner.notification.RunNotifier$SafeNotifier.run(RunNotifier.java:72)
	at org.junit.runner.notification.RunNotifier.fireTestFinished(RunNotifier.java:187)
	at io.cucumber.junit.JUnitReporter$EachTestNotifier.fireTestFinished(JUnitReporter.java:253)
	at io.cucumber.junit.JUnitReporter.handleTestCaseResult(JUnitReporter.java:178)
	at io.cucumber.junit.JUnitReporter$4.receive(JUnitReporter.java:66)
	at io.cucumber.junit.JUnitReporter$4.receive(JUnitReporter.java:62)
	at cucumber.runner.AbstractEventPublisher.send(AbstractEventPublisher.java:45)
	at cucumber.runner.AbstractEventBus.send(AbstractEventBus.java:9)
	at cucumber.runner.ThreadLocalRunnerSupplier$LocalEventBus.send(ThreadLocalRunnerSupplier.java:60)
	at cucumber.runner.TestCase.run(TestCase.java:55)
	at cucumber.runner.Runner.runPickle(Runner.java:50)
	at io.cucumber.junit.PickleRunners$NoStepDescriptions.run(PickleRunners.java:146)
	at io.cucumber.junit.FeatureRunner.runChild(FeatureRunner.java:68)
	at io.cucumber.junit.FeatureRunner.runChild(FeatureRunner.java:23)
	at org.junit.runners.ParentRunner$3.run(ParentRunner.java:290)
	at org.junit.runners.ParentRunner$1.schedule(ParentRunner.java:71)
	at org.junit.runners.ParentRunner.runChildren(ParentRunner.java:288)
	at org.junit.runners.ParentRunner.access$000(ParentRunner.java:58)
	at org.junit.runners.ParentRunner$2.evaluate(ParentRunner.java:268)
	at org.junit.runners.ParentRunner.run(ParentRunner.java:363)
	at io.cucumber.junit.Cucumber.runChild(Cucumber.java:144)
	at io.cucumber.junit.Cucumber.runChild(Cucumber.java:65)
	at org.junit.runners.ParentRunner$3.run(ParentRunner.java:290)
	at org.junit.runners.ParentRunner$1.schedule(ParentRunner.java:71)
	at org.junit.runners.ParentRunner.runChildren(ParentRunner.java:288)
	at org.junit.runners.ParentRunner.access$000(ParentRunner.java:58)
	at org.junit.runners.ParentRunner$2.evaluate(ParentRunner.java:268)
	at io.cucumber.junit.Cucumber$RunCucumber.evaluate(Cucumber.java:174)
	at org.junit.runners.ParentRunner.run(ParentRunner.java:363)
	at org.junit.runner.JUnitCore.run(JUnitCore.java:137)
	at org.junit.runner.JUnitCore.run(JUnitCore.java:115)
	at org.junit.vintage.engine.execution.RunnerExecutor.execute(RunnerExecutor.java:40)
	at java.base/java.util.stream.ForEachOps$ForEachOp$OfRef.accept(ForEachOps.java:183)
	at java.base/java.util.stream.ReferencePipeline$3$1.accept(ReferencePipeline.java:195)
	at java.base/java.util.Iterator.forEachRemaining(Iterator.java:133)
	at java.base/java.util.Spliterators$IteratorSpliterator.forEachRemaining(Spliterators.java:1801)
	at java.base/java.util.stream.AbstractPipeline.copyInto(AbstractPipeline.java:484)
	at java.base/java.util.stream.AbstractPipeline.wrapAndCopyInto(AbstractPipeline.java:474)
	at java.base/java.util.stream.ForEachOps$ForEachOp.evaluateSequential(ForEachOps.java:150)
	at java.base/java.util.stream.ForEachOps$ForEachOp$OfRef.evaluateSequential(ForEachOps.java:173)
	at java.base/java.util.stream.AbstractPipeline.evaluate(AbstractPipeline.java:234)
	at java.base/java.util.stream.ReferencePipeline.forEach(ReferencePipeline.java:497)
	at org.junit.vintage.engine.VintageTestEngine.executeAllChildren(VintageTestEngine.java:80)
	at org.junit.vintage.engine.VintageTestEngine.execute(VintageTestEngine.java:71)
	at org.junit.platform.launcher.core.DefaultLauncher.execute(DefaultLauncher.java:220)
	at org.junit.platform.launcher.core.DefaultLauncher.lambda$execute$6(DefaultLauncher.java:188)
	at org.junit.platform.launcher.core.DefaultLauncher.withInterceptedStreams(DefaultLauncher.java:202)
	at org.junit.platform.launcher.core.DefaultLauncher.execute(DefaultLauncher.java:181)
	at org.junit.platform.launcher.core.DefaultLauncher.execute(DefaultLauncher.java:128)
	at org.gradle.api.internal.tasks.testing.junitplatform.JUnitPlatformTestClassProcessor$CollectAllTestClassesExecutor.processAllTestClasses(JUnitPlatformTestClassProcessor.java:102)
	at org.gradle.api.internal.tasks.testing.junitplatform.JUnitPlatformTestClassProcessor$CollectAllTestClassesExecutor.access$000(JUnitPlatformTestClassProcessor.java:82)
	at org.gradle.api.internal.tasks.testing.junitplatform.JUnitPlatformTestClassProcessor.stop(JUnitPlatformTestClassProcessor.java:78)
	at org.gradle.api.internal.tasks.testing.SuiteTestClassProcessor.stop(SuiteTestClassProcessor.java:61)
	at java.base/jdk.internal.reflect.NativeMethodAccessorImpl.invoke0(Native Method)
	at java.base/jdk.internal.reflect.NativeMethodAccessorImpl.invoke(NativeMethodAccessorImpl.java:62)
	at java.base/jdk.internal.reflect.DelegatingMethodAccessorImpl.invoke(DelegatingMethodAccessorImpl.java:43)
	at java.base/java.lang.reflect.Method.invoke(Method.java:566)
	at org.gradle.internal.dispatch.ReflectionDispatch.dispatch(ReflectionDispatch.java:36)
	at org.gradle.internal.dispatch.ReflectionDispatch.dispatch(ReflectionDispatch.java:24)
	at org.gradle.internal.dispatch.ContextClassLoaderDispatch.dispatch(ContextClassLoaderDispatch.java:33)
	at org.gradle.internal.dispatch.ProxyDispatchAdapter$DispatchingInvocationHandler.invoke(ProxyDispatchAdapter.java:94)
	at com.sun.proxy.$Proxy2.stop(Unknown Source)
	at org.gradle.api.internal.tasks.testing.worker.TestWorker.stop(TestWorker.java:132)
	at java.base/jdk.internal.reflect.NativeMethodAccessorImpl.invoke0(Native Method)
	at java.base/jdk.internal.reflect.NativeMethodAccessorImpl.invoke(NativeMethodAccessorImpl.java:62)
	at java.base/jdk.internal.reflect.DelegatingMethodAccessorImpl.invoke(DelegatingMethodAccessorImpl.java:43)
	at java.base/java.lang.reflect.Method.invoke(Method.java:566)
	at org.gradle.internal.dispatch.ReflectionDispatch.dispatch(ReflectionDispatch.java:36)
	at org.gradle.internal.dispatch.ReflectionDispatch.dispatch(ReflectionDispatch.java:24)
	at org.gradle.internal.remote.internal.hub.MessageHubBackedObjectConnection$DispatchWrapper.dispatch(MessageHubBackedObjectConnection.java:182)
	at org.gradle.internal.remote.internal.hub.MessageHubBackedObjectConnection$DispatchWrapper.dispatch(MessageHubBackedObjectConnection.java:164)
	at org.gradle.internal.remote.internal.hub.MessageHub$Handler.run(MessageHub.java:412)
	at org.gradle.internal.concurrent.ExecutorPolicy$CatchAndRecordFailures.onExecute(ExecutorPolicy.java:64)
	at org.gradle.internal.concurrent.ManagedExecutorImpl$1.run(ManagedExecutorImpl.java:48)
	at java.base/java.util.concurrent.ThreadPoolExecutor.runWorker(ThreadPoolExecutor.java:1128)
	at java.base/java.util.concurrent.ThreadPoolExecutor$Worker.run(ThreadPoolExecutor.java:628)
	at org.gradle.internal.concurrent.ThreadFactoryImpl$ManagedThreadRunnable.run(ThreadFactoryImpl.java:56)
	at java.base/java.lang.Thread.run(Thread.java:834)
</failure>
  </testcase>
  <testcase name="Path to target area is not blocked" classname="ca.mcgill.ecse223.quoridor.features.CucumberTestsRunner" time="0.021">
    <failure message="org.opentest4j.MultipleFailuresError: Multiple Failures (5 failures)&#13;&#10;&#9;io.cucumber.junit.UndefinedThrowable: The step &quot;A &quot;vertical&quot; wall move candidate exists at position 3:4&quot; is undefined&#13;&#10;&#9;io.cucumber.junit.UndefinedThrowable: The step &quot;The black player is located at 6:5&quot; is undefined&#13;&#10;&#9;io.cucumber.junit.UndefinedThrowable: The step &quot;The white player is located at 2:5&quot; is undefined&#13;&#10;&#9;io.cucumber.junit.UndefinedThrowable: The step &quot;Check path existence is initiated&quot; is undefined&#13;&#10;&#9;io.cucumber.junit.UndefinedThrowable: The step &quot;Path is available for &quot;both&quot; player(s)&quot; is undefined" type="org.opentest4j.MultipleFailuresError">org.opentest4j.MultipleFailuresError: Multiple Failures (5 failures)
	io.cucumber.junit.UndefinedThrowable: The step &quot;A &quot;vertical&quot; wall move candidate exists at position 3:4&quot; is undefined
	io.cucumber.junit.UndefinedThrowable: The step &quot;The black player is located at 6:5&quot; is undefined
	io.cucumber.junit.UndefinedThrowable: The step &quot;The white player is located at 2:5&quot; is undefined
	io.cucumber.junit.UndefinedThrowable: The step &quot;Check path existence is initiated&quot; is undefined
	io.cucumber.junit.UndefinedThrowable: The step &quot;Path is available for &quot;both&quot; player(s)&quot; is undefined
	at org.junit.vintage.engine.execution.TestRun.getStoredResultOrSuccessful(TestRun.java:179)
	at org.junit.vintage.engine.execution.RunListenerAdapter.fireExecutionFinished(RunListenerAdapter.java:211)
	at org.junit.vintage.engine.execution.RunListenerAdapter.testFinished(RunListenerAdapter.java:177)
	at org.junit.vintage.engine.execution.RunListenerAdapter.testFinished(RunListenerAdapter.java:76)
	at org.junit.runner.notification.SynchronizedRunListener.testFinished(SynchronizedRunListener.java:56)
	at org.junit.runner.notification.RunNotifier$7.notifyListener(RunNotifier.java:190)
	at org.junit.runner.notification.RunNotifier$SafeNotifier.run(RunNotifier.java:72)
	at org.junit.runner.notification.RunNotifier.fireTestFinished(RunNotifier.java:187)
	at io.cucumber.junit.JUnitReporter$EachTestNotifier.fireTestFinished(JUnitReporter.java:253)
	at io.cucumber.junit.JUnitReporter.handleTestCaseResult(JUnitReporter.java:178)
	at io.cucumber.junit.JUnitReporter$4.receive(JUnitReporter.java:66)
	at io.cucumber.junit.JUnitReporter$4.receive(JUnitReporter.java:62)
	at cucumber.runner.AbstractEventPublisher.send(AbstractEventPublisher.java:45)
	at cucumber.runner.AbstractEventBus.send(AbstractEventBus.java:9)
	at cucumber.runner.ThreadLocalRunnerSupplier$LocalEventBus.send(ThreadLocalRunnerSupplier.java:60)
	at cucumber.runner.TestCase.run(TestCase.java:55)
	at cucumber.runner.Runner.runPickle(Runner.java:50)
	at io.cucumber.junit.PickleRunners$NoStepDescriptions.run(PickleRunners.java:146)
	at io.cucumber.junit.FeatureRunner.runChild(FeatureRunner.java:68)
	at io.cucumber.junit.FeatureRunner.runChild(FeatureRunner.java:23)
	at org.junit.runners.ParentRunner$3.run(ParentRunner.java:290)
	at org.junit.runners.ParentRunner$1.schedule(ParentRunner.java:71)
	at org.junit.runners.ParentRunner.runChildren(ParentRunner.java:288)
	at org.junit.runners.ParentRunner.access$000(ParentRunner.java:58)
	at org.junit.runners.ParentRunner$2.evaluate(ParentRunner.java:268)
	at org.junit.runners.ParentRunner.run(ParentRunner.java:363)
	at io.cucumber.junit.Cucumber.runChild(Cucumber.java:144)
	at io.cucumber.junit.Cucumber.runChild(Cucumber.java:65)
	at org.junit.runners.ParentRunner$3.run(ParentRunner.java:290)
	at org.junit.runners.ParentRunner$1.schedule(ParentRunner.java:71)
	at org.junit.runners.ParentRunner.runChildren(ParentRunner.java:288)
	at org.junit.runners.ParentRunner.access$000(ParentRunner.java:58)
	at org.junit.runners.ParentRunner$2.evaluate(ParentRunner.java:268)
	at io.cucumber.junit.Cucumber$RunCucumber.evaluate(Cucumber.java:174)
	at org.junit.runners.ParentRunner.run(ParentRunner.java:363)
	at org.junit.runner.JUnitCore.run(JUnitCore.java:137)
	at org.junit.runner.JUnitCore.run(JUnitCore.java:115)
	at org.junit.vintage.engine.execution.RunnerExecutor.execute(RunnerExecutor.java:40)
	at java.base/java.util.stream.ForEachOps$ForEachOp$OfRef.accept(ForEachOps.java:183)
	at java.base/java.util.stream.ReferencePipeline$3$1.accept(ReferencePipeline.java:195)
	at java.base/java.util.Iterator.forEachRemaining(Iterator.java:133)
	at java.base/java.util.Spliterators$IteratorSpliterator.forEachRemaining(Spliterators.java:1801)
	at java.base/java.util.stream.AbstractPipeline.copyInto(AbstractPipeline.java:484)
	at java.base/java.util.stream.AbstractPipeline.wrapAndCopyInto(AbstractPipeline.java:474)
	at java.base/java.util.stream.ForEachOps$ForEachOp.evaluateSequential(ForEachOps.java:150)
	at java.base/java.util.stream.ForEachOps$ForEachOp$OfRef.evaluateSequential(ForEachOps.java:173)
	at java.base/java.util.stream.AbstractPipeline.evaluate(AbstractPipeline.java:234)
	at java.base/java.util.stream.ReferencePipeline.forEach(ReferencePipeline.java:497)
	at org.junit.vintage.engine.VintageTestEngine.executeAllChildren(VintageTestEngine.java:80)
	at org.junit.vintage.engine.VintageTestEngine.execute(VintageTestEngine.java:71)
	at org.junit.platform.launcher.core.DefaultLauncher.execute(DefaultLauncher.java:220)
	at org.junit.platform.launcher.core.DefaultLauncher.lambda$execute$6(DefaultLauncher.java:188)
	at org.junit.platform.launcher.core.DefaultLauncher.withInterceptedStreams(DefaultLauncher.java:202)
	at org.junit.platform.launcher.core.DefaultLauncher.execute(DefaultLauncher.java:181)
	at org.junit.platform.launcher.core.DefaultLauncher.execute(DefaultLauncher.java:128)
	at org.gradle.api.internal.tasks.testing.junitplatform.JUnitPlatformTestClassProcessor$CollectAllTestClassesExecutor.processAllTestClasses(JUnitPlatformTestClassProcessor.java:102)
	at org.gradle.api.internal.tasks.testing.junitplatform.JUnitPlatformTestClassProcessor$CollectAllTestClassesExecutor.access$000(JUnitPlatformTestClassProcessor.java:82)
	at org.gradle.api.internal.tasks.testing.junitplatform.JUnitPlatformTestClassProcessor.stop(JUnitPlatformTestClassProcessor.java:78)
	at org.gradle.api.internal.tasks.testing.SuiteTestClassProcessor.stop(SuiteTestClassProcessor.java:61)
	at java.base/jdk.internal.reflect.NativeMethodAccessorImpl.invoke0(Native Method)
	at java.base/jdk.internal.reflect.NativeMethodAccessorImpl.invoke(NativeMethodAccessorImpl.java:62)
	at java.base/jdk.internal.reflect.DelegatingMethodAccessorImpl.invoke(DelegatingMethodAccessorImpl.java:43)
	at java.base/java.lang.reflect.Method.invoke(Method.java:566)
	at org.gradle.internal.dispatch.ReflectionDispatch.dispatch(ReflectionDispatch.java:36)
	at org.gradle.internal.dispatch.ReflectionDispatch.dispatch(ReflectionDispatch.java:24)
	at org.gradle.internal.dispatch.ContextClassLoaderDispatch.dispatch(ContextClassLoaderDispatch.java:33)
	at org.gradle.internal.dispatch.ProxyDispatchAdapter$DispatchingInvocationHandler.invoke(ProxyDispatchAdapter.java:94)
	at com.sun.proxy.$Proxy2.stop(Unknown Source)
	at org.gradle.api.internal.tasks.testing.worker.TestWorker.stop(TestWorker.java:132)
	at java.base/jdk.internal.reflect.NativeMethodAccessorImpl.invoke0(Native Method)
	at java.base/jdk.internal.reflect.NativeMethodAccessorImpl.invoke(NativeMethodAccessorImpl.java:62)
	at java.base/jdk.internal.reflect.DelegatingMethodAccessorImpl.invoke(DelegatingMethodAccessorImpl.java:43)
	at java.base/java.lang.reflect.Method.invoke(Method.java:566)
	at org.gradle.internal.dispatch.ReflectionDispatch.dispatch(ReflectionDispatch.java:36)
	at org.gradle.internal.dispatch.ReflectionDispatch.dispatch(ReflectionDispatch.java:24)
	at org.gradle.internal.remote.internal.hub.MessageHubBackedObjectConnection$DispatchWrapper.dispatch(MessageHubBackedObjectConnection.java:182)
	at org.gradle.internal.remote.internal.hub.MessageHubBackedObjectConnection$DispatchWrapper.dispatch(MessageHubBackedObjectConnection.java:164)
	at org.gradle.internal.remote.internal.hub.MessageHub$Handler.run(MessageHub.java:412)
	at org.gradle.internal.concurrent.ExecutorPolicy$CatchAndRecordFailures.onExecute(ExecutorPolicy.java:64)
	at org.gradle.internal.concurrent.ManagedExecutorImpl$1.run(ManagedExecutorImpl.java:48)
	at java.base/java.util.concurrent.ThreadPoolExecutor.runWorker(ThreadPoolExecutor.java:1128)
	at java.base/java.util.concurrent.ThreadPoolExecutor$Worker.run(ThreadPoolExecutor.java:628)
	at org.gradle.internal.concurrent.ThreadFactoryImpl$ManagedThreadRunnable.run(ThreadFactoryImpl.java:56)
	at java.base/java.lang.Thread.run(Thread.java:834)
</failure>
  </testcase>
  <testcase name="Path to target area is not blocked" classname="ca.mcgill.ecse223.quoridor.features.CucumberTestsRunner" time="0.024">
    <failure message="org.opentest4j.MultipleFailuresError: Multiple Failures (5 failures)&#13;&#10;&#9;io.cucumber.junit.UndefinedThrowable: The step &quot;A &quot;vertical&quot; wall move candidate exists at position 3:4&quot; is undefined&#13;&#10;&#9;io.cucumber.junit.UndefinedThrowable: The step &quot;The black player is located at 5:5&quot; is undefined&#13;&#10;&#9;io.cucumber.junit.UndefinedThrowable: The step &quot;The white player is located at 6:5&quot; is undefined&#13;&#10;&#9;io.cucumber.junit.UndefinedThrowable: The step &quot;Check path existence is initiated&quot; is undefined&#13;&#10;&#9;io.cucumber.junit.UndefinedThrowable: The step &quot;Path is available for &quot;black&quot; player(s)&quot; is undefined" type="org.opentest4j.MultipleFailuresError">org.opentest4j.MultipleFailuresError: Multiple Failures (5 failures)
	io.cucumber.junit.UndefinedThrowable: The step &quot;A &quot;vertical&quot; wall move candidate exists at position 3:4&quot; is undefined
	io.cucumber.junit.UndefinedThrowable: The step &quot;The black player is located at 5:5&quot; is undefined
	io.cucumber.junit.UndefinedThrowable: The step &quot;The white player is located at 6:5&quot; is undefined
	io.cucumber.junit.UndefinedThrowable: The step &quot;Check path existence is initiated&quot; is undefined
	io.cucumber.junit.UndefinedThrowable: The step &quot;Path is available for &quot;black&quot; player(s)&quot; is undefined
	at org.junit.vintage.engine.execution.TestRun.getStoredResultOrSuccessful(TestRun.java:179)
	at org.junit.vintage.engine.execution.RunListenerAdapter.fireExecutionFinished(RunListenerAdapter.java:211)
	at org.junit.vintage.engine.execution.RunListenerAdapter.testFinished(RunListenerAdapter.java:177)
	at org.junit.vintage.engine.execution.RunListenerAdapter.testFinished(RunListenerAdapter.java:76)
	at org.junit.runner.notification.SynchronizedRunListener.testFinished(SynchronizedRunListener.java:56)
	at org.junit.runner.notification.RunNotifier$7.notifyListener(RunNotifier.java:190)
	at org.junit.runner.notification.RunNotifier$SafeNotifier.run(RunNotifier.java:72)
	at org.junit.runner.notification.RunNotifier.fireTestFinished(RunNotifier.java:187)
	at io.cucumber.junit.JUnitReporter$EachTestNotifier.fireTestFinished(JUnitReporter.java:253)
	at io.cucumber.junit.JUnitReporter.handleTestCaseResult(JUnitReporter.java:178)
	at io.cucumber.junit.JUnitReporter$4.receive(JUnitReporter.java:66)
	at io.cucumber.junit.JUnitReporter$4.receive(JUnitReporter.java:62)
	at cucumber.runner.AbstractEventPublisher.send(AbstractEventPublisher.java:45)
	at cucumber.runner.AbstractEventBus.send(AbstractEventBus.java:9)
	at cucumber.runner.ThreadLocalRunnerSupplier$LocalEventBus.send(ThreadLocalRunnerSupplier.java:60)
	at cucumber.runner.TestCase.run(TestCase.java:55)
	at cucumber.runner.Runner.runPickle(Runner.java:50)
	at io.cucumber.junit.PickleRunners$NoStepDescriptions.run(PickleRunners.java:146)
	at io.cucumber.junit.FeatureRunner.runChild(FeatureRunner.java:68)
	at io.cucumber.junit.FeatureRunner.runChild(FeatureRunner.java:23)
	at org.junit.runners.ParentRunner$3.run(ParentRunner.java:290)
	at org.junit.runners.ParentRunner$1.schedule(ParentRunner.java:71)
	at org.junit.runners.ParentRunner.runChildren(ParentRunner.java:288)
	at org.junit.runners.ParentRunner.access$000(ParentRunner.java:58)
	at org.junit.runners.ParentRunner$2.evaluate(ParentRunner.java:268)
	at org.junit.runners.ParentRunner.run(ParentRunner.java:363)
	at io.cucumber.junit.Cucumber.runChild(Cucumber.java:144)
	at io.cucumber.junit.Cucumber.runChild(Cucumber.java:65)
	at org.junit.runners.ParentRunner$3.run(ParentRunner.java:290)
	at org.junit.runners.ParentRunner$1.schedule(ParentRunner.java:71)
	at org.junit.runners.ParentRunner.runChildren(ParentRunner.java:288)
	at org.junit.runners.ParentRunner.access$000(ParentRunner.java:58)
	at org.junit.runners.ParentRunner$2.evaluate(ParentRunner.java:268)
	at io.cucumber.junit.Cucumber$RunCucumber.evaluate(Cucumber.java:174)
	at org.junit.runners.ParentRunner.run(ParentRunner.java:363)
	at org.junit.runner.JUnitCore.run(JUnitCore.java:137)
	at org.junit.runner.JUnitCore.run(JUnitCore.java:115)
	at org.junit.vintage.engine.execution.RunnerExecutor.execute(RunnerExecutor.java:40)
	at java.base/java.util.stream.ForEachOps$ForEachOp$OfRef.accept(ForEachOps.java:183)
	at java.base/java.util.stream.ReferencePipeline$3$1.accept(ReferencePipeline.java:195)
	at java.base/java.util.Iterator.forEachRemaining(Iterator.java:133)
	at java.base/java.util.Spliterators$IteratorSpliterator.forEachRemaining(Spliterators.java:1801)
	at java.base/java.util.stream.AbstractPipeline.copyInto(AbstractPipeline.java:484)
	at java.base/java.util.stream.AbstractPipeline.wrapAndCopyInto(AbstractPipeline.java:474)
	at java.base/java.util.stream.ForEachOps$ForEachOp.evaluateSequential(ForEachOps.java:150)
	at java.base/java.util.stream.ForEachOps$ForEachOp$OfRef.evaluateSequential(ForEachOps.java:173)
	at java.base/java.util.stream.AbstractPipeline.evaluate(AbstractPipeline.java:234)
	at java.base/java.util.stream.ReferencePipeline.forEach(ReferencePipeline.java:497)
	at org.junit.vintage.engine.VintageTestEngine.executeAllChildren(VintageTestEngine.java:80)
	at org.junit.vintage.engine.VintageTestEngine.execute(VintageTestEngine.java:71)
	at org.junit.platform.launcher.core.DefaultLauncher.execute(DefaultLauncher.java:220)
	at org.junit.platform.launcher.core.DefaultLauncher.lambda$execute$6(DefaultLauncher.java:188)
	at org.junit.platform.launcher.core.DefaultLauncher.withInterceptedStreams(DefaultLauncher.java:202)
	at org.junit.platform.launcher.core.DefaultLauncher.execute(DefaultLauncher.java:181)
	at org.junit.platform.launcher.core.DefaultLauncher.execute(DefaultLauncher.java:128)
	at org.gradle.api.internal.tasks.testing.junitplatform.JUnitPlatformTestClassProcessor$CollectAllTestClassesExecutor.processAllTestClasses(JUnitPlatformTestClassProcessor.java:102)
	at org.gradle.api.internal.tasks.testing.junitplatform.JUnitPlatformTestClassProcessor$CollectAllTestClassesExecutor.access$000(JUnitPlatformTestClassProcessor.java:82)
	at org.gradle.api.internal.tasks.testing.junitplatform.JUnitPlatformTestClassProcessor.stop(JUnitPlatformTestClassProcessor.java:78)
	at org.gradle.api.internal.tasks.testing.SuiteTestClassProcessor.stop(SuiteTestClassProcessor.java:61)
	at java.base/jdk.internal.reflect.NativeMethodAccessorImpl.invoke0(Native Method)
	at java.base/jdk.internal.reflect.NativeMethodAccessorImpl.invoke(NativeMethodAccessorImpl.java:62)
	at java.base/jdk.internal.reflect.DelegatingMethodAccessorImpl.invoke(DelegatingMethodAccessorImpl.java:43)
	at java.base/java.lang.reflect.Method.invoke(Method.java:566)
	at org.gradle.internal.dispatch.ReflectionDispatch.dispatch(ReflectionDispatch.java:36)
	at org.gradle.internal.dispatch.ReflectionDispatch.dispatch(ReflectionDispatch.java:24)
	at org.gradle.internal.dispatch.ContextClassLoaderDispatch.dispatch(ContextClassLoaderDispatch.java:33)
	at org.gradle.internal.dispatch.ProxyDispatchAdapter$DispatchingInvocationHandler.invoke(ProxyDispatchAdapter.java:94)
	at com.sun.proxy.$Proxy2.stop(Unknown Source)
	at org.gradle.api.internal.tasks.testing.worker.TestWorker.stop(TestWorker.java:132)
	at java.base/jdk.internal.reflect.NativeMethodAccessorImpl.invoke0(Native Method)
	at java.base/jdk.internal.reflect.NativeMethodAccessorImpl.invoke(NativeMethodAccessorImpl.java:62)
	at java.base/jdk.internal.reflect.DelegatingMethodAccessorImpl.invoke(DelegatingMethodAccessorImpl.java:43)
	at java.base/java.lang.reflect.Method.invoke(Method.java:566)
	at org.gradle.internal.dispatch.ReflectionDispatch.dispatch(ReflectionDispatch.java:36)
	at org.gradle.internal.dispatch.ReflectionDispatch.dispatch(ReflectionDispatch.java:24)
	at org.gradle.internal.remote.internal.hub.MessageHubBackedObjectConnection$DispatchWrapper.dispatch(MessageHubBackedObjectConnection.java:182)
	at org.gradle.internal.remote.internal.hub.MessageHubBackedObjectConnection$DispatchWrapper.dispatch(MessageHubBackedObjectConnection.java:164)
	at org.gradle.internal.remote.internal.hub.MessageHub$Handler.run(MessageHub.java:412)
	at org.gradle.internal.concurrent.ExecutorPolicy$CatchAndRecordFailures.onExecute(ExecutorPolicy.java:64)
	at org.gradle.internal.concurrent.ManagedExecutorImpl$1.run(ManagedExecutorImpl.java:48)
	at java.base/java.util.concurrent.ThreadPoolExecutor.runWorker(ThreadPoolExecutor.java:1128)
	at java.base/java.util.concurrent.ThreadPoolExecutor$Worker.run(ThreadPoolExecutor.java:628)
	at org.gradle.internal.concurrent.ThreadFactoryImpl$ManagedThreadRunnable.run(ThreadFactoryImpl.java:56)
	at java.base/java.lang.Thread.run(Thread.java:834)
</failure>
  </testcase>
  <testcase name="Path to target area is not blocked" classname="ca.mcgill.ecse223.quoridor.features.CucumberTestsRunner" time="0.018">
    <failure message="org.opentest4j.MultipleFailuresError: Multiple Failures (5 failures)&#13;&#10;&#9;io.cucumber.junit.UndefinedThrowable: The step &quot;A &quot;vertical&quot; wall move candidate exists at position 1:6&quot; is undefined&#13;&#10;&#9;io.cucumber.junit.UndefinedThrowable: The step &quot;The black player is located at 2:5&quot; is undefined&#13;&#10;&#9;io.cucumber.junit.UndefinedThrowable: The step &quot;The white player is located at 6:5&quot; is undefined&#13;&#10;&#9;io.cucumber.junit.UndefinedThrowable: The step &quot;Check path existence is initiated&quot; is undefined&#13;&#10;&#9;io.cucumber.junit.UndefinedThrowable: The step &quot;Path is available for &quot;both&quot; player(s)&quot; is undefined" type="org.opentest4j.MultipleFailuresError">org.opentest4j.MultipleFailuresError: Multiple Failures (5 failures)
	io.cucumber.junit.UndefinedThrowable: The step &quot;A &quot;vertical&quot; wall move candidate exists at position 1:6&quot; is undefined
	io.cucumber.junit.UndefinedThrowable: The step &quot;The black player is located at 2:5&quot; is undefined
	io.cucumber.junit.UndefinedThrowable: The step &quot;The white player is located at 6:5&quot; is undefined
	io.cucumber.junit.UndefinedThrowable: The step &quot;Check path existence is initiated&quot; is undefined
	io.cucumber.junit.UndefinedThrowable: The step &quot;Path is available for &quot;both&quot; player(s)&quot; is undefined
	at org.junit.vintage.engine.execution.TestRun.getStoredResultOrSuccessful(TestRun.java:179)
	at org.junit.vintage.engine.execution.RunListenerAdapter.fireExecutionFinished(RunListenerAdapter.java:211)
	at org.junit.vintage.engine.execution.RunListenerAdapter.testFinished(RunListenerAdapter.java:177)
	at org.junit.vintage.engine.execution.RunListenerAdapter.testFinished(RunListenerAdapter.java:76)
	at org.junit.runner.notification.SynchronizedRunListener.testFinished(SynchronizedRunListener.java:56)
	at org.junit.runner.notification.RunNotifier$7.notifyListener(RunNotifier.java:190)
	at org.junit.runner.notification.RunNotifier$SafeNotifier.run(RunNotifier.java:72)
	at org.junit.runner.notification.RunNotifier.fireTestFinished(RunNotifier.java:187)
	at io.cucumber.junit.JUnitReporter$EachTestNotifier.fireTestFinished(JUnitReporter.java:253)
	at io.cucumber.junit.JUnitReporter.handleTestCaseResult(JUnitReporter.java:178)
	at io.cucumber.junit.JUnitReporter$4.receive(JUnitReporter.java:66)
	at io.cucumber.junit.JUnitReporter$4.receive(JUnitReporter.java:62)
	at cucumber.runner.AbstractEventPublisher.send(AbstractEventPublisher.java:45)
	at cucumber.runner.AbstractEventBus.send(AbstractEventBus.java:9)
	at cucumber.runner.ThreadLocalRunnerSupplier$LocalEventBus.send(ThreadLocalRunnerSupplier.java:60)
	at cucumber.runner.TestCase.run(TestCase.java:55)
	at cucumber.runner.Runner.runPickle(Runner.java:50)
	at io.cucumber.junit.PickleRunners$NoStepDescriptions.run(PickleRunners.java:146)
	at io.cucumber.junit.FeatureRunner.runChild(FeatureRunner.java:68)
	at io.cucumber.junit.FeatureRunner.runChild(FeatureRunner.java:23)
	at org.junit.runners.ParentRunner$3.run(ParentRunner.java:290)
	at org.junit.runners.ParentRunner$1.schedule(ParentRunner.java:71)
	at org.junit.runners.ParentRunner.runChildren(ParentRunner.java:288)
	at org.junit.runners.ParentRunner.access$000(ParentRunner.java:58)
	at org.junit.runners.ParentRunner$2.evaluate(ParentRunner.java:268)
	at org.junit.runners.ParentRunner.run(ParentRunner.java:363)
	at io.cucumber.junit.Cucumber.runChild(Cucumber.java:144)
	at io.cucumber.junit.Cucumber.runChild(Cucumber.java:65)
	at org.junit.runners.ParentRunner$3.run(ParentRunner.java:290)
	at org.junit.runners.ParentRunner$1.schedule(ParentRunner.java:71)
	at org.junit.runners.ParentRunner.runChildren(ParentRunner.java:288)
	at org.junit.runners.ParentRunner.access$000(ParentRunner.java:58)
	at org.junit.runners.ParentRunner$2.evaluate(ParentRunner.java:268)
	at io.cucumber.junit.Cucumber$RunCucumber.evaluate(Cucumber.java:174)
	at org.junit.runners.ParentRunner.run(ParentRunner.java:363)
	at org.junit.runner.JUnitCore.run(JUnitCore.java:137)
	at org.junit.runner.JUnitCore.run(JUnitCore.java:115)
	at org.junit.vintage.engine.execution.RunnerExecutor.execute(RunnerExecutor.java:40)
	at java.base/java.util.stream.ForEachOps$ForEachOp$OfRef.accept(ForEachOps.java:183)
	at java.base/java.util.stream.ReferencePipeline$3$1.accept(ReferencePipeline.java:195)
	at java.base/java.util.Iterator.forEachRemaining(Iterator.java:133)
	at java.base/java.util.Spliterators$IteratorSpliterator.forEachRemaining(Spliterators.java:1801)
	at java.base/java.util.stream.AbstractPipeline.copyInto(AbstractPipeline.java:484)
	at java.base/java.util.stream.AbstractPipeline.wrapAndCopyInto(AbstractPipeline.java:474)
	at java.base/java.util.stream.ForEachOps$ForEachOp.evaluateSequential(ForEachOps.java:150)
	at java.base/java.util.stream.ForEachOps$ForEachOp$OfRef.evaluateSequential(ForEachOps.java:173)
	at java.base/java.util.stream.AbstractPipeline.evaluate(AbstractPipeline.java:234)
	at java.base/java.util.stream.ReferencePipeline.forEach(ReferencePipeline.java:497)
	at org.junit.vintage.engine.VintageTestEngine.executeAllChildren(VintageTestEngine.java:80)
	at org.junit.vintage.engine.VintageTestEngine.execute(VintageTestEngine.java:71)
	at org.junit.platform.launcher.core.DefaultLauncher.execute(DefaultLauncher.java:220)
	at org.junit.platform.launcher.core.DefaultLauncher.lambda$execute$6(DefaultLauncher.java:188)
	at org.junit.platform.launcher.core.DefaultLauncher.withInterceptedStreams(DefaultLauncher.java:202)
	at org.junit.platform.launcher.core.DefaultLauncher.execute(DefaultLauncher.java:181)
	at org.junit.platform.launcher.core.DefaultLauncher.execute(DefaultLauncher.java:128)
	at org.gradle.api.internal.tasks.testing.junitplatform.JUnitPlatformTestClassProcessor$CollectAllTestClassesExecutor.processAllTestClasses(JUnitPlatformTestClassProcessor.java:102)
	at org.gradle.api.internal.tasks.testing.junitplatform.JUnitPlatformTestClassProcessor$CollectAllTestClassesExecutor.access$000(JUnitPlatformTestClassProcessor.java:82)
	at org.gradle.api.internal.tasks.testing.junitplatform.JUnitPlatformTestClassProcessor.stop(JUnitPlatformTestClassProcessor.java:78)
	at org.gradle.api.internal.tasks.testing.SuiteTestClassProcessor.stop(SuiteTestClassProcessor.java:61)
	at java.base/jdk.internal.reflect.NativeMethodAccessorImpl.invoke0(Native Method)
	at java.base/jdk.internal.reflect.NativeMethodAccessorImpl.invoke(NativeMethodAccessorImpl.java:62)
	at java.base/jdk.internal.reflect.DelegatingMethodAccessorImpl.invoke(DelegatingMethodAccessorImpl.java:43)
	at java.base/java.lang.reflect.Method.invoke(Method.java:566)
	at org.gradle.internal.dispatch.ReflectionDispatch.dispatch(ReflectionDispatch.java:36)
	at org.gradle.internal.dispatch.ReflectionDispatch.dispatch(ReflectionDispatch.java:24)
	at org.gradle.internal.dispatch.ContextClassLoaderDispatch.dispatch(ContextClassLoaderDispatch.java:33)
	at org.gradle.internal.dispatch.ProxyDispatchAdapter$DispatchingInvocationHandler.invoke(ProxyDispatchAdapter.java:94)
	at com.sun.proxy.$Proxy2.stop(Unknown Source)
	at org.gradle.api.internal.tasks.testing.worker.TestWorker.stop(TestWorker.java:132)
	at java.base/jdk.internal.reflect.NativeMethodAccessorImpl.invoke0(Native Method)
	at java.base/jdk.internal.reflect.NativeMethodAccessorImpl.invoke(NativeMethodAccessorImpl.java:62)
	at java.base/jdk.internal.reflect.DelegatingMethodAccessorImpl.invoke(DelegatingMethodAccessorImpl.java:43)
	at java.base/java.lang.reflect.Method.invoke(Method.java:566)
	at org.gradle.internal.dispatch.ReflectionDispatch.dispatch(ReflectionDispatch.java:36)
	at org.gradle.internal.dispatch.ReflectionDispatch.dispatch(ReflectionDispatch.java:24)
	at org.gradle.internal.remote.internal.hub.MessageHubBackedObjectConnection$DispatchWrapper.dispatch(MessageHubBackedObjectConnection.java:182)
	at org.gradle.internal.remote.internal.hub.MessageHubBackedObjectConnection$DispatchWrapper.dispatch(MessageHubBackedObjectConnection.java:164)
	at org.gradle.internal.remote.internal.hub.MessageHub$Handler.run(MessageHub.java:412)
	at org.gradle.internal.concurrent.ExecutorPolicy$CatchAndRecordFailures.onExecute(ExecutorPolicy.java:64)
	at org.gradle.internal.concurrent.ManagedExecutorImpl$1.run(ManagedExecutorImpl.java:48)
	at java.base/java.util.concurrent.ThreadPoolExecutor.runWorker(ThreadPoolExecutor.java:1128)
	at java.base/java.util.concurrent.ThreadPoolExecutor$Worker.run(ThreadPoolExecutor.java:628)
	at org.gradle.internal.concurrent.ThreadFactoryImpl$ManagedThreadRunnable.run(ThreadFactoryImpl.java:56)
	at java.base/java.lang.Thread.run(Thread.java:834)
</failure>
  </testcase>
  <testcase name="Path to target area is not blocked" classname="ca.mcgill.ecse223.quoridor.features.CucumberTestsRunner" time="0.016">
    <failure message="org.opentest4j.MultipleFailuresError: Multiple Failures (5 failures)&#13;&#10;&#9;io.cucumber.junit.UndefinedThrowable: The step &quot;A &quot;vertical&quot; wall move candidate exists at position 1:6&quot; is undefined&#13;&#10;&#9;io.cucumber.junit.UndefinedThrowable: The step &quot;The black player is located at 2:7&quot; is undefined&#13;&#10;&#9;io.cucumber.junit.UndefinedThrowable: The step &quot;The white player is located at 6:5&quot; is undefined&#13;&#10;&#9;io.cucumber.junit.UndefinedThrowable: The step &quot;Check path existence is initiated&quot; is undefined&#13;&#10;&#9;io.cucumber.junit.UndefinedThrowable: The step &quot;Path is available for &quot;white&quot; player(s)&quot; is undefined" type="org.opentest4j.MultipleFailuresError">org.opentest4j.MultipleFailuresError: Multiple Failures (5 failures)
	io.cucumber.junit.UndefinedThrowable: The step &quot;A &quot;vertical&quot; wall move candidate exists at position 1:6&quot; is undefined
	io.cucumber.junit.UndefinedThrowable: The step &quot;The black player is located at 2:7&quot; is undefined
	io.cucumber.junit.UndefinedThrowable: The step &quot;The white player is located at 6:5&quot; is undefined
	io.cucumber.junit.UndefinedThrowable: The step &quot;Check path existence is initiated&quot; is undefined
	io.cucumber.junit.UndefinedThrowable: The step &quot;Path is available for &quot;white&quot; player(s)&quot; is undefined
	at org.junit.vintage.engine.execution.TestRun.getStoredResultOrSuccessful(TestRun.java:179)
	at org.junit.vintage.engine.execution.RunListenerAdapter.fireExecutionFinished(RunListenerAdapter.java:211)
	at org.junit.vintage.engine.execution.RunListenerAdapter.testFinished(RunListenerAdapter.java:177)
	at org.junit.vintage.engine.execution.RunListenerAdapter.testFinished(RunListenerAdapter.java:76)
	at org.junit.runner.notification.SynchronizedRunListener.testFinished(SynchronizedRunListener.java:56)
	at org.junit.runner.notification.RunNotifier$7.notifyListener(RunNotifier.java:190)
	at org.junit.runner.notification.RunNotifier$SafeNotifier.run(RunNotifier.java:72)
	at org.junit.runner.notification.RunNotifier.fireTestFinished(RunNotifier.java:187)
	at io.cucumber.junit.JUnitReporter$EachTestNotifier.fireTestFinished(JUnitReporter.java:253)
	at io.cucumber.junit.JUnitReporter.handleTestCaseResult(JUnitReporter.java:178)
	at io.cucumber.junit.JUnitReporter$4.receive(JUnitReporter.java:66)
	at io.cucumber.junit.JUnitReporter$4.receive(JUnitReporter.java:62)
	at cucumber.runner.AbstractEventPublisher.send(AbstractEventPublisher.java:45)
	at cucumber.runner.AbstractEventBus.send(AbstractEventBus.java:9)
	at cucumber.runner.ThreadLocalRunnerSupplier$LocalEventBus.send(ThreadLocalRunnerSupplier.java:60)
	at cucumber.runner.TestCase.run(TestCase.java:55)
	at cucumber.runner.Runner.runPickle(Runner.java:50)
	at io.cucumber.junit.PickleRunners$NoStepDescriptions.run(PickleRunners.java:146)
	at io.cucumber.junit.FeatureRunner.runChild(FeatureRunner.java:68)
	at io.cucumber.junit.FeatureRunner.runChild(FeatureRunner.java:23)
	at org.junit.runners.ParentRunner$3.run(ParentRunner.java:290)
	at org.junit.runners.ParentRunner$1.schedule(ParentRunner.java:71)
	at org.junit.runners.ParentRunner.runChildren(ParentRunner.java:288)
	at org.junit.runners.ParentRunner.access$000(ParentRunner.java:58)
	at org.junit.runners.ParentRunner$2.evaluate(ParentRunner.java:268)
	at org.junit.runners.ParentRunner.run(ParentRunner.java:363)
	at io.cucumber.junit.Cucumber.runChild(Cucumber.java:144)
	at io.cucumber.junit.Cucumber.runChild(Cucumber.java:65)
	at org.junit.runners.ParentRunner$3.run(ParentRunner.java:290)
	at org.junit.runners.ParentRunner$1.schedule(ParentRunner.java:71)
	at org.junit.runners.ParentRunner.runChildren(ParentRunner.java:288)
	at org.junit.runners.ParentRunner.access$000(ParentRunner.java:58)
	at org.junit.runners.ParentRunner$2.evaluate(ParentRunner.java:268)
	at io.cucumber.junit.Cucumber$RunCucumber.evaluate(Cucumber.java:174)
	at org.junit.runners.ParentRunner.run(ParentRunner.java:363)
	at org.junit.runner.JUnitCore.run(JUnitCore.java:137)
	at org.junit.runner.JUnitCore.run(JUnitCore.java:115)
	at org.junit.vintage.engine.execution.RunnerExecutor.execute(RunnerExecutor.java:40)
	at java.base/java.util.stream.ForEachOps$ForEachOp$OfRef.accept(ForEachOps.java:183)
	at java.base/java.util.stream.ReferencePipeline$3$1.accept(ReferencePipeline.java:195)
	at java.base/java.util.Iterator.forEachRemaining(Iterator.java:133)
	at java.base/java.util.Spliterators$IteratorSpliterator.forEachRemaining(Spliterators.java:1801)
	at java.base/java.util.stream.AbstractPipeline.copyInto(AbstractPipeline.java:484)
	at java.base/java.util.stream.AbstractPipeline.wrapAndCopyInto(AbstractPipeline.java:474)
	at java.base/java.util.stream.ForEachOps$ForEachOp.evaluateSequential(ForEachOps.java:150)
	at java.base/java.util.stream.ForEachOps$ForEachOp$OfRef.evaluateSequential(ForEachOps.java:173)
	at java.base/java.util.stream.AbstractPipeline.evaluate(AbstractPipeline.java:234)
	at java.base/java.util.stream.ReferencePipeline.forEach(ReferencePipeline.java:497)
	at org.junit.vintage.engine.VintageTestEngine.executeAllChildren(VintageTestEngine.java:80)
	at org.junit.vintage.engine.VintageTestEngine.execute(VintageTestEngine.java:71)
	at org.junit.platform.launcher.core.DefaultLauncher.execute(DefaultLauncher.java:220)
	at org.junit.platform.launcher.core.DefaultLauncher.lambda$execute$6(DefaultLauncher.java:188)
	at org.junit.platform.launcher.core.DefaultLauncher.withInterceptedStreams(DefaultLauncher.java:202)
	at org.junit.platform.launcher.core.DefaultLauncher.execute(DefaultLauncher.java:181)
	at org.junit.platform.launcher.core.DefaultLauncher.execute(DefaultLauncher.java:128)
	at org.gradle.api.internal.tasks.testing.junitplatform.JUnitPlatformTestClassProcessor$CollectAllTestClassesExecutor.processAllTestClasses(JUnitPlatformTestClassProcessor.java:102)
	at org.gradle.api.internal.tasks.testing.junitplatform.JUnitPlatformTestClassProcessor$CollectAllTestClassesExecutor.access$000(JUnitPlatformTestClassProcessor.java:82)
	at org.gradle.api.internal.tasks.testing.junitplatform.JUnitPlatformTestClassProcessor.stop(JUnitPlatformTestClassProcessor.java:78)
	at org.gradle.api.internal.tasks.testing.SuiteTestClassProcessor.stop(SuiteTestClassProcessor.java:61)
	at java.base/jdk.internal.reflect.NativeMethodAccessorImpl.invoke0(Native Method)
	at java.base/jdk.internal.reflect.NativeMethodAccessorImpl.invoke(NativeMethodAccessorImpl.java:62)
	at java.base/jdk.internal.reflect.DelegatingMethodAccessorImpl.invoke(DelegatingMethodAccessorImpl.java:43)
	at java.base/java.lang.reflect.Method.invoke(Method.java:566)
	at org.gradle.internal.dispatch.ReflectionDispatch.dispatch(ReflectionDispatch.java:36)
	at org.gradle.internal.dispatch.ReflectionDispatch.dispatch(ReflectionDispatch.java:24)
	at org.gradle.internal.dispatch.ContextClassLoaderDispatch.dispatch(ContextClassLoaderDispatch.java:33)
	at org.gradle.internal.dispatch.ProxyDispatchAdapter$DispatchingInvocationHandler.invoke(ProxyDispatchAdapter.java:94)
	at com.sun.proxy.$Proxy2.stop(Unknown Source)
	at org.gradle.api.internal.tasks.testing.worker.TestWorker.stop(TestWorker.java:132)
	at java.base/jdk.internal.reflect.NativeMethodAccessorImpl.invoke0(Native Method)
	at java.base/jdk.internal.reflect.NativeMethodAccessorImpl.invoke(NativeMethodAccessorImpl.java:62)
	at java.base/jdk.internal.reflect.DelegatingMethodAccessorImpl.invoke(DelegatingMethodAccessorImpl.java:43)
	at java.base/java.lang.reflect.Method.invoke(Method.java:566)
	at org.gradle.internal.dispatch.ReflectionDispatch.dispatch(ReflectionDispatch.java:36)
	at org.gradle.internal.dispatch.ReflectionDispatch.dispatch(ReflectionDispatch.java:24)
	at org.gradle.internal.remote.internal.hub.MessageHubBackedObjectConnection$DispatchWrapper.dispatch(MessageHubBackedObjectConnection.java:182)
	at org.gradle.internal.remote.internal.hub.MessageHubBackedObjectConnection$DispatchWrapper.dispatch(MessageHubBackedObjectConnection.java:164)
	at org.gradle.internal.remote.internal.hub.MessageHub$Handler.run(MessageHub.java:412)
	at org.gradle.internal.concurrent.ExecutorPolicy$CatchAndRecordFailures.onExecute(ExecutorPolicy.java:64)
	at org.gradle.internal.concurrent.ManagedExecutorImpl$1.run(ManagedExecutorImpl.java:48)
	at java.base/java.util.concurrent.ThreadPoolExecutor.runWorker(ThreadPoolExecutor.java:1128)
	at java.base/java.util.concurrent.ThreadPoolExecutor$Worker.run(ThreadPoolExecutor.java:628)
	at org.gradle.internal.concurrent.ThreadFactoryImpl$ManagedThreadRunnable.run(ThreadFactoryImpl.java:56)
	at java.base/java.lang.Thread.run(Thread.java:834)
</failure>
  </testcase>
  <testcase name="Path to target area is not blocked" classname="ca.mcgill.ecse223.quoridor.features.CucumberTestsRunner" time="0.022">
    <failure message="org.opentest4j.MultipleFailuresError: Multiple Failures (5 failures)&#13;&#10;&#9;io.cucumber.junit.UndefinedThrowable: The step &quot;A &quot;vertical&quot; wall move candidate exists at position 1:6&quot; is undefined&#13;&#10;&#9;io.cucumber.junit.UndefinedThrowable: The step &quot;The black player is located at 6:5&quot; is undefined&#13;&#10;&#9;io.cucumber.junit.UndefinedThrowable: The step &quot;The white player is located at 2:7&quot; is undefined&#13;&#10;&#9;io.cucumber.junit.UndefinedThrowable: The step &quot;Check path existence is initiated&quot; is undefined&#13;&#10;&#9;io.cucumber.junit.UndefinedThrowable: The step &quot;Path is available for &quot;both&quot; player(s)&quot; is undefined" type="org.opentest4j.MultipleFailuresError">org.opentest4j.MultipleFailuresError: Multiple Failures (5 failures)
	io.cucumber.junit.UndefinedThrowable: The step &quot;A &quot;vertical&quot; wall move candidate exists at position 1:6&quot; is undefined
	io.cucumber.junit.UndefinedThrowable: The step &quot;The black player is located at 6:5&quot; is undefined
	io.cucumber.junit.UndefinedThrowable: The step &quot;The white player is located at 2:7&quot; is undefined
	io.cucumber.junit.UndefinedThrowable: The step &quot;Check path existence is initiated&quot; is undefined
	io.cucumber.junit.UndefinedThrowable: The step &quot;Path is available for &quot;both&quot; player(s)&quot; is undefined
	at org.junit.vintage.engine.execution.TestRun.getStoredResultOrSuccessful(TestRun.java:179)
	at org.junit.vintage.engine.execution.RunListenerAdapter.fireExecutionFinished(RunListenerAdapter.java:211)
	at org.junit.vintage.engine.execution.RunListenerAdapter.testFinished(RunListenerAdapter.java:177)
	at org.junit.vintage.engine.execution.RunListenerAdapter.testFinished(RunListenerAdapter.java:76)
	at org.junit.runner.notification.SynchronizedRunListener.testFinished(SynchronizedRunListener.java:56)
	at org.junit.runner.notification.RunNotifier$7.notifyListener(RunNotifier.java:190)
	at org.junit.runner.notification.RunNotifier$SafeNotifier.run(RunNotifier.java:72)
	at org.junit.runner.notification.RunNotifier.fireTestFinished(RunNotifier.java:187)
	at io.cucumber.junit.JUnitReporter$EachTestNotifier.fireTestFinished(JUnitReporter.java:253)
	at io.cucumber.junit.JUnitReporter.handleTestCaseResult(JUnitReporter.java:178)
	at io.cucumber.junit.JUnitReporter$4.receive(JUnitReporter.java:66)
	at io.cucumber.junit.JUnitReporter$4.receive(JUnitReporter.java:62)
	at cucumber.runner.AbstractEventPublisher.send(AbstractEventPublisher.java:45)
	at cucumber.runner.AbstractEventBus.send(AbstractEventBus.java:9)
	at cucumber.runner.ThreadLocalRunnerSupplier$LocalEventBus.send(ThreadLocalRunnerSupplier.java:60)
	at cucumber.runner.TestCase.run(TestCase.java:55)
	at cucumber.runner.Runner.runPickle(Runner.java:50)
	at io.cucumber.junit.PickleRunners$NoStepDescriptions.run(PickleRunners.java:146)
	at io.cucumber.junit.FeatureRunner.runChild(FeatureRunner.java:68)
	at io.cucumber.junit.FeatureRunner.runChild(FeatureRunner.java:23)
	at org.junit.runners.ParentRunner$3.run(ParentRunner.java:290)
	at org.junit.runners.ParentRunner$1.schedule(ParentRunner.java:71)
	at org.junit.runners.ParentRunner.runChildren(ParentRunner.java:288)
	at org.junit.runners.ParentRunner.access$000(ParentRunner.java:58)
	at org.junit.runners.ParentRunner$2.evaluate(ParentRunner.java:268)
	at org.junit.runners.ParentRunner.run(ParentRunner.java:363)
	at io.cucumber.junit.Cucumber.runChild(Cucumber.java:144)
	at io.cucumber.junit.Cucumber.runChild(Cucumber.java:65)
	at org.junit.runners.ParentRunner$3.run(ParentRunner.java:290)
	at org.junit.runners.ParentRunner$1.schedule(ParentRunner.java:71)
	at org.junit.runners.ParentRunner.runChildren(ParentRunner.java:288)
	at org.junit.runners.ParentRunner.access$000(ParentRunner.java:58)
	at org.junit.runners.ParentRunner$2.evaluate(ParentRunner.java:268)
	at io.cucumber.junit.Cucumber$RunCucumber.evaluate(Cucumber.java:174)
	at org.junit.runners.ParentRunner.run(ParentRunner.java:363)
	at org.junit.runner.JUnitCore.run(JUnitCore.java:137)
	at org.junit.runner.JUnitCore.run(JUnitCore.java:115)
	at org.junit.vintage.engine.execution.RunnerExecutor.execute(RunnerExecutor.java:40)
	at java.base/java.util.stream.ForEachOps$ForEachOp$OfRef.accept(ForEachOps.java:183)
	at java.base/java.util.stream.ReferencePipeline$3$1.accept(ReferencePipeline.java:195)
	at java.base/java.util.Iterator.forEachRemaining(Iterator.java:133)
	at java.base/java.util.Spliterators$IteratorSpliterator.forEachRemaining(Spliterators.java:1801)
	at java.base/java.util.stream.AbstractPipeline.copyInto(AbstractPipeline.java:484)
	at java.base/java.util.stream.AbstractPipeline.wrapAndCopyInto(AbstractPipeline.java:474)
	at java.base/java.util.stream.ForEachOps$ForEachOp.evaluateSequential(ForEachOps.java:150)
	at java.base/java.util.stream.ForEachOps$ForEachOp$OfRef.evaluateSequential(ForEachOps.java:173)
	at java.base/java.util.stream.AbstractPipeline.evaluate(AbstractPipeline.java:234)
	at java.base/java.util.stream.ReferencePipeline.forEach(ReferencePipeline.java:497)
	at org.junit.vintage.engine.VintageTestEngine.executeAllChildren(VintageTestEngine.java:80)
	at org.junit.vintage.engine.VintageTestEngine.execute(VintageTestEngine.java:71)
	at org.junit.platform.launcher.core.DefaultLauncher.execute(DefaultLauncher.java:220)
	at org.junit.platform.launcher.core.DefaultLauncher.lambda$execute$6(DefaultLauncher.java:188)
	at org.junit.platform.launcher.core.DefaultLauncher.withInterceptedStreams(DefaultLauncher.java:202)
	at org.junit.platform.launcher.core.DefaultLauncher.execute(DefaultLauncher.java:181)
	at org.junit.platform.launcher.core.DefaultLauncher.execute(DefaultLauncher.java:128)
	at org.gradle.api.internal.tasks.testing.junitplatform.JUnitPlatformTestClassProcessor$CollectAllTestClassesExecutor.processAllTestClasses(JUnitPlatformTestClassProcessor.java:102)
	at org.gradle.api.internal.tasks.testing.junitplatform.JUnitPlatformTestClassProcessor$CollectAllTestClassesExecutor.access$000(JUnitPlatformTestClassProcessor.java:82)
	at org.gradle.api.internal.tasks.testing.junitplatform.JUnitPlatformTestClassProcessor.stop(JUnitPlatformTestClassProcessor.java:78)
	at org.gradle.api.internal.tasks.testing.SuiteTestClassProcessor.stop(SuiteTestClassProcessor.java:61)
	at java.base/jdk.internal.reflect.NativeMethodAccessorImpl.invoke0(Native Method)
	at java.base/jdk.internal.reflect.NativeMethodAccessorImpl.invoke(NativeMethodAccessorImpl.java:62)
	at java.base/jdk.internal.reflect.DelegatingMethodAccessorImpl.invoke(DelegatingMethodAccessorImpl.java:43)
	at java.base/java.lang.reflect.Method.invoke(Method.java:566)
	at org.gradle.internal.dispatch.ReflectionDispatch.dispatch(ReflectionDispatch.java:36)
	at org.gradle.internal.dispatch.ReflectionDispatch.dispatch(ReflectionDispatch.java:24)
	at org.gradle.internal.dispatch.ContextClassLoaderDispatch.dispatch(ContextClassLoaderDispatch.java:33)
	at org.gradle.internal.dispatch.ProxyDispatchAdapter$DispatchingInvocationHandler.invoke(ProxyDispatchAdapter.java:94)
	at com.sun.proxy.$Proxy2.stop(Unknown Source)
	at org.gradle.api.internal.tasks.testing.worker.TestWorker.stop(TestWorker.java:132)
	at java.base/jdk.internal.reflect.NativeMethodAccessorImpl.invoke0(Native Method)
	at java.base/jdk.internal.reflect.NativeMethodAccessorImpl.invoke(NativeMethodAccessorImpl.java:62)
	at java.base/jdk.internal.reflect.DelegatingMethodAccessorImpl.invoke(DelegatingMethodAccessorImpl.java:43)
	at java.base/java.lang.reflect.Method.invoke(Method.java:566)
	at org.gradle.internal.dispatch.ReflectionDispatch.dispatch(ReflectionDispatch.java:36)
	at org.gradle.internal.dispatch.ReflectionDispatch.dispatch(ReflectionDispatch.java:24)
	at org.gradle.internal.remote.internal.hub.MessageHubBackedObjectConnection$DispatchWrapper.dispatch(MessageHubBackedObjectConnection.java:182)
	at org.gradle.internal.remote.internal.hub.MessageHubBackedObjectConnection$DispatchWrapper.dispatch(MessageHubBackedObjectConnection.java:164)
	at org.gradle.internal.remote.internal.hub.MessageHub$Handler.run(MessageHub.java:412)
	at org.gradle.internal.concurrent.ExecutorPolicy$CatchAndRecordFailures.onExecute(ExecutorPolicy.java:64)
	at org.gradle.internal.concurrent.ManagedExecutorImpl$1.run(ManagedExecutorImpl.java:48)
	at java.base/java.util.concurrent.ThreadPoolExecutor.runWorker(ThreadPoolExecutor.java:1128)
	at java.base/java.util.concurrent.ThreadPoolExecutor$Worker.run(ThreadPoolExecutor.java:628)
	at org.gradle.internal.concurrent.ThreadFactoryImpl$ManagedThreadRunnable.run(ThreadFactoryImpl.java:56)
	at java.base/java.lang.Thread.run(Thread.java:834)
</failure>
  </testcase>
  <testcase name="Valid wall placement" classname="ca.mcgill.ecse223.quoridor.features.CucumberTestsRunner" time="0.07"/>
  <testcase name="Valid wall placement" classname="ca.mcgill.ecse223.quoridor.features.CucumberTestsRunner" time="0.038"/>
  <testcase name="Invalid wall placement" classname="ca.mcgill.ecse223.quoridor.features.CucumberTestsRunner" time="0.027"/>
  <testcase name="Invalid wall placement" classname="ca.mcgill.ecse223.quoridor.features.CucumberTestsRunner" time="0.026"/>
  <testcase name="Invalid wall placement" classname="ca.mcgill.ecse223.quoridor.features.CucumberTestsRunner" time="0.041"/>
  <testcase name="Invalid wall placement" classname="ca.mcgill.ecse223.quoridor.features.CucumberTestsRunner" time="0.016"/>
  <testcase name="Entering replay mode" classname="ca.mcgill.ecse223.quoridor.features.CucumberTestsRunner" time="0.027">
    <failure message="org.opentest4j.MultipleFailuresError: Multiple Failures (2 failures)&#13;&#10;&#9;io.cucumber.junit.UndefinedThrowable: The step &quot;I initiate replay mode&quot; is undefined&#13;&#10;&#9;io.cucumber.junit.UndefinedThrowable: The step &quot;The game shall be in replay mode&quot; is undefined" type="org.opentest4j.MultipleFailuresError">org.opentest4j.MultipleFailuresError: Multiple Failures (2 failures)
	io.cucumber.junit.UndefinedThrowable: The step &quot;I initiate replay mode&quot; is undefined
	io.cucumber.junit.UndefinedThrowable: The step &quot;The game shall be in replay mode&quot; is undefined
	at org.junit.vintage.engine.execution.TestRun.getStoredResultOrSuccessful(TestRun.java:179)
	at org.junit.vintage.engine.execution.RunListenerAdapter.fireExecutionFinished(RunListenerAdapter.java:211)
	at org.junit.vintage.engine.execution.RunListenerAdapter.testFinished(RunListenerAdapter.java:177)
	at org.junit.vintage.engine.execution.RunListenerAdapter.testFinished(RunListenerAdapter.java:76)
	at org.junit.runner.notification.SynchronizedRunListener.testFinished(SynchronizedRunListener.java:56)
	at org.junit.runner.notification.RunNotifier$7.notifyListener(RunNotifier.java:190)
	at org.junit.runner.notification.RunNotifier$SafeNotifier.run(RunNotifier.java:72)
	at org.junit.runner.notification.RunNotifier.fireTestFinished(RunNotifier.java:187)
	at io.cucumber.junit.JUnitReporter$EachTestNotifier.fireTestFinished(JUnitReporter.java:253)
	at io.cucumber.junit.JUnitReporter.handleTestCaseResult(JUnitReporter.java:178)
	at io.cucumber.junit.JUnitReporter$4.receive(JUnitReporter.java:66)
	at io.cucumber.junit.JUnitReporter$4.receive(JUnitReporter.java:62)
	at cucumber.runner.AbstractEventPublisher.send(AbstractEventPublisher.java:45)
	at cucumber.runner.AbstractEventBus.send(AbstractEventBus.java:9)
	at cucumber.runner.ThreadLocalRunnerSupplier$LocalEventBus.send(ThreadLocalRunnerSupplier.java:60)
	at cucumber.runner.TestCase.run(TestCase.java:55)
	at cucumber.runner.Runner.runPickle(Runner.java:50)
	at io.cucumber.junit.PickleRunners$NoStepDescriptions.run(PickleRunners.java:146)
	at io.cucumber.junit.FeatureRunner.runChild(FeatureRunner.java:68)
	at io.cucumber.junit.FeatureRunner.runChild(FeatureRunner.java:23)
	at org.junit.runners.ParentRunner$3.run(ParentRunner.java:290)
	at org.junit.runners.ParentRunner$1.schedule(ParentRunner.java:71)
	at org.junit.runners.ParentRunner.runChildren(ParentRunner.java:288)
	at org.junit.runners.ParentRunner.access$000(ParentRunner.java:58)
	at org.junit.runners.ParentRunner$2.evaluate(ParentRunner.java:268)
	at org.junit.runners.ParentRunner.run(ParentRunner.java:363)
	at io.cucumber.junit.Cucumber.runChild(Cucumber.java:144)
	at io.cucumber.junit.Cucumber.runChild(Cucumber.java:65)
	at org.junit.runners.ParentRunner$3.run(ParentRunner.java:290)
	at org.junit.runners.ParentRunner$1.schedule(ParentRunner.java:71)
	at org.junit.runners.ParentRunner.runChildren(ParentRunner.java:288)
	at org.junit.runners.ParentRunner.access$000(ParentRunner.java:58)
	at org.junit.runners.ParentRunner$2.evaluate(ParentRunner.java:268)
	at io.cucumber.junit.Cucumber$RunCucumber.evaluate(Cucumber.java:174)
	at org.junit.runners.ParentRunner.run(ParentRunner.java:363)
	at org.junit.runner.JUnitCore.run(JUnitCore.java:137)
	at org.junit.runner.JUnitCore.run(JUnitCore.java:115)
	at org.junit.vintage.engine.execution.RunnerExecutor.execute(RunnerExecutor.java:40)
	at java.base/java.util.stream.ForEachOps$ForEachOp$OfRef.accept(ForEachOps.java:183)
	at java.base/java.util.stream.ReferencePipeline$3$1.accept(ReferencePipeline.java:195)
	at java.base/java.util.Iterator.forEachRemaining(Iterator.java:133)
	at java.base/java.util.Spliterators$IteratorSpliterator.forEachRemaining(Spliterators.java:1801)
	at java.base/java.util.stream.AbstractPipeline.copyInto(AbstractPipeline.java:484)
	at java.base/java.util.stream.AbstractPipeline.wrapAndCopyInto(AbstractPipeline.java:474)
	at java.base/java.util.stream.ForEachOps$ForEachOp.evaluateSequential(ForEachOps.java:150)
	at java.base/java.util.stream.ForEachOps$ForEachOp$OfRef.evaluateSequential(ForEachOps.java:173)
	at java.base/java.util.stream.AbstractPipeline.evaluate(AbstractPipeline.java:234)
	at java.base/java.util.stream.ReferencePipeline.forEach(ReferencePipeline.java:497)
	at org.junit.vintage.engine.VintageTestEngine.executeAllChildren(VintageTestEngine.java:80)
	at org.junit.vintage.engine.VintageTestEngine.execute(VintageTestEngine.java:71)
	at org.junit.platform.launcher.core.DefaultLauncher.execute(DefaultLauncher.java:220)
	at org.junit.platform.launcher.core.DefaultLauncher.lambda$execute$6(DefaultLauncher.java:188)
	at org.junit.platform.launcher.core.DefaultLauncher.withInterceptedStreams(DefaultLauncher.java:202)
	at org.junit.platform.launcher.core.DefaultLauncher.execute(DefaultLauncher.java:181)
	at org.junit.platform.launcher.core.DefaultLauncher.execute(DefaultLauncher.java:128)
	at org.gradle.api.internal.tasks.testing.junitplatform.JUnitPlatformTestClassProcessor$CollectAllTestClassesExecutor.processAllTestClasses(JUnitPlatformTestClassProcessor.java:102)
	at org.gradle.api.internal.tasks.testing.junitplatform.JUnitPlatformTestClassProcessor$CollectAllTestClassesExecutor.access$000(JUnitPlatformTestClassProcessor.java:82)
	at org.gradle.api.internal.tasks.testing.junitplatform.JUnitPlatformTestClassProcessor.stop(JUnitPlatformTestClassProcessor.java:78)
	at org.gradle.api.internal.tasks.testing.SuiteTestClassProcessor.stop(SuiteTestClassProcessor.java:61)
	at java.base/jdk.internal.reflect.NativeMethodAccessorImpl.invoke0(Native Method)
	at java.base/jdk.internal.reflect.NativeMethodAccessorImpl.invoke(NativeMethodAccessorImpl.java:62)
	at java.base/jdk.internal.reflect.DelegatingMethodAccessorImpl.invoke(DelegatingMethodAccessorImpl.java:43)
	at java.base/java.lang.reflect.Method.invoke(Method.java:566)
	at org.gradle.internal.dispatch.ReflectionDispatch.dispatch(ReflectionDispatch.java:36)
	at org.gradle.internal.dispatch.ReflectionDispatch.dispatch(ReflectionDispatch.java:24)
	at org.gradle.internal.dispatch.ContextClassLoaderDispatch.dispatch(ContextClassLoaderDispatch.java:33)
	at org.gradle.internal.dispatch.ProxyDispatchAdapter$DispatchingInvocationHandler.invoke(ProxyDispatchAdapter.java:94)
	at com.sun.proxy.$Proxy2.stop(Unknown Source)
	at org.gradle.api.internal.tasks.testing.worker.TestWorker.stop(TestWorker.java:132)
	at java.base/jdk.internal.reflect.NativeMethodAccessorImpl.invoke0(Native Method)
	at java.base/jdk.internal.reflect.NativeMethodAccessorImpl.invoke(NativeMethodAccessorImpl.java:62)
	at java.base/jdk.internal.reflect.DelegatingMethodAccessorImpl.invoke(DelegatingMethodAccessorImpl.java:43)
	at java.base/java.lang.reflect.Method.invoke(Method.java:566)
	at org.gradle.internal.dispatch.ReflectionDispatch.dispatch(ReflectionDispatch.java:36)
	at org.gradle.internal.dispatch.ReflectionDispatch.dispatch(ReflectionDispatch.java:24)
	at org.gradle.internal.remote.internal.hub.MessageHubBackedObjectConnection$DispatchWrapper.dispatch(MessageHubBackedObjectConnection.java:182)
	at org.gradle.internal.remote.internal.hub.MessageHubBackedObjectConnection$DispatchWrapper.dispatch(MessageHubBackedObjectConnection.java:164)
	at org.gradle.internal.remote.internal.hub.MessageHub$Handler.run(MessageHub.java:412)
	at org.gradle.internal.concurrent.ExecutorPolicy$CatchAndRecordFailures.onExecute(ExecutorPolicy.java:64)
	at org.gradle.internal.concurrent.ManagedExecutorImpl$1.run(ManagedExecutorImpl.java:48)
	at java.base/java.util.concurrent.ThreadPoolExecutor.runWorker(ThreadPoolExecutor.java:1128)
	at java.base/java.util.concurrent.ThreadPoolExecutor$Worker.run(ThreadPoolExecutor.java:628)
	at org.gradle.internal.concurrent.ThreadFactoryImpl$ManagedThreadRunnable.run(ThreadFactoryImpl.java:56)
	at java.base/java.lang.Thread.run(Thread.java:834)
</failure>
  </testcase>
  <testcase name="Continue an unfinished game" classname="ca.mcgill.ecse223.quoridor.features.CucumberTestsRunner" time="0.03">
    <failure message="org.opentest4j.MultipleFailuresError: Multiple Failures (6 failures)&#13;&#10;&#9;io.cucumber.junit.UndefinedThrowable: The step &quot;The game is replay mode&quot; is undefined&#13;&#10;&#9;io.cucumber.junit.UndefinedThrowable: The step &quot;The following moves have been played in game:&quot; is undefined&#13;&#10;&#9;io.cucumber.junit.UndefinedThrowable: The step &quot;The game does not have a final result&quot; is undefined&#13;&#10;&#9;io.cucumber.junit.UndefinedThrowable: The step &quot;The next move is 1.2&quot; is undefined&#13;&#10;&#9;io.cucumber.junit.UndefinedThrowable: The step &quot;I initiate to continue game&quot; is undefined&#13;&#10;&#9;io.cucumber.junit.UndefinedThrowable: The step &quot;The remaining moves of the game shall be removed&quot; is undefined" type="org.opentest4j.MultipleFailuresError">org.opentest4j.MultipleFailuresError: Multiple Failures (6 failures)
	io.cucumber.junit.UndefinedThrowable: The step &quot;The game is replay mode&quot; is undefined
	io.cucumber.junit.UndefinedThrowable: The step &quot;The following moves have been played in game:&quot; is undefined
	io.cucumber.junit.UndefinedThrowable: The step &quot;The game does not have a final result&quot; is undefined
	io.cucumber.junit.UndefinedThrowable: The step &quot;The next move is 1.2&quot; is undefined
	io.cucumber.junit.UndefinedThrowable: The step &quot;I initiate to continue game&quot; is undefined
	io.cucumber.junit.UndefinedThrowable: The step &quot;The remaining moves of the game shall be removed&quot; is undefined
	at org.junit.vintage.engine.execution.TestRun.getStoredResultOrSuccessful(TestRun.java:179)
	at org.junit.vintage.engine.execution.RunListenerAdapter.fireExecutionFinished(RunListenerAdapter.java:211)
	at org.junit.vintage.engine.execution.RunListenerAdapter.testFinished(RunListenerAdapter.java:177)
	at org.junit.vintage.engine.execution.RunListenerAdapter.testFinished(RunListenerAdapter.java:76)
	at org.junit.runner.notification.SynchronizedRunListener.testFinished(SynchronizedRunListener.java:56)
	at org.junit.runner.notification.RunNotifier$7.notifyListener(RunNotifier.java:190)
	at org.junit.runner.notification.RunNotifier$SafeNotifier.run(RunNotifier.java:72)
	at org.junit.runner.notification.RunNotifier.fireTestFinished(RunNotifier.java:187)
	at io.cucumber.junit.JUnitReporter$EachTestNotifier.fireTestFinished(JUnitReporter.java:253)
	at io.cucumber.junit.JUnitReporter.handleTestCaseResult(JUnitReporter.java:178)
	at io.cucumber.junit.JUnitReporter$4.receive(JUnitReporter.java:66)
	at io.cucumber.junit.JUnitReporter$4.receive(JUnitReporter.java:62)
	at cucumber.runner.AbstractEventPublisher.send(AbstractEventPublisher.java:45)
	at cucumber.runner.AbstractEventBus.send(AbstractEventBus.java:9)
	at cucumber.runner.ThreadLocalRunnerSupplier$LocalEventBus.send(ThreadLocalRunnerSupplier.java:60)
	at cucumber.runner.TestCase.run(TestCase.java:55)
	at cucumber.runner.Runner.runPickle(Runner.java:50)
	at io.cucumber.junit.PickleRunners$NoStepDescriptions.run(PickleRunners.java:146)
	at io.cucumber.junit.FeatureRunner.runChild(FeatureRunner.java:68)
	at io.cucumber.junit.FeatureRunner.runChild(FeatureRunner.java:23)
	at org.junit.runners.ParentRunner$3.run(ParentRunner.java:290)
	at org.junit.runners.ParentRunner$1.schedule(ParentRunner.java:71)
	at org.junit.runners.ParentRunner.runChildren(ParentRunner.java:288)
	at org.junit.runners.ParentRunner.access$000(ParentRunner.java:58)
	at org.junit.runners.ParentRunner$2.evaluate(ParentRunner.java:268)
	at org.junit.runners.ParentRunner.run(ParentRunner.java:363)
	at io.cucumber.junit.Cucumber.runChild(Cucumber.java:144)
	at io.cucumber.junit.Cucumber.runChild(Cucumber.java:65)
	at org.junit.runners.ParentRunner$3.run(ParentRunner.java:290)
	at org.junit.runners.ParentRunner$1.schedule(ParentRunner.java:71)
	at org.junit.runners.ParentRunner.runChildren(ParentRunner.java:288)
	at org.junit.runners.ParentRunner.access$000(ParentRunner.java:58)
	at org.junit.runners.ParentRunner$2.evaluate(ParentRunner.java:268)
	at io.cucumber.junit.Cucumber$RunCucumber.evaluate(Cucumber.java:174)
	at org.junit.runners.ParentRunner.run(ParentRunner.java:363)
	at org.junit.runner.JUnitCore.run(JUnitCore.java:137)
	at org.junit.runner.JUnitCore.run(JUnitCore.java:115)
	at org.junit.vintage.engine.execution.RunnerExecutor.execute(RunnerExecutor.java:40)
	at java.base/java.util.stream.ForEachOps$ForEachOp$OfRef.accept(ForEachOps.java:183)
	at java.base/java.util.stream.ReferencePipeline$3$1.accept(ReferencePipeline.java:195)
	at java.base/java.util.Iterator.forEachRemaining(Iterator.java:133)
	at java.base/java.util.Spliterators$IteratorSpliterator.forEachRemaining(Spliterators.java:1801)
	at java.base/java.util.stream.AbstractPipeline.copyInto(AbstractPipeline.java:484)
	at java.base/java.util.stream.AbstractPipeline.wrapAndCopyInto(AbstractPipeline.java:474)
	at java.base/java.util.stream.ForEachOps$ForEachOp.evaluateSequential(ForEachOps.java:150)
	at java.base/java.util.stream.ForEachOps$ForEachOp$OfRef.evaluateSequential(ForEachOps.java:173)
	at java.base/java.util.stream.AbstractPipeline.evaluate(AbstractPipeline.java:234)
	at java.base/java.util.stream.ReferencePipeline.forEach(ReferencePipeline.java:497)
	at org.junit.vintage.engine.VintageTestEngine.executeAllChildren(VintageTestEngine.java:80)
	at org.junit.vintage.engine.VintageTestEngine.execute(VintageTestEngine.java:71)
	at org.junit.platform.launcher.core.DefaultLauncher.execute(DefaultLauncher.java:220)
	at org.junit.platform.launcher.core.DefaultLauncher.lambda$execute$6(DefaultLauncher.java:188)
	at org.junit.platform.launcher.core.DefaultLauncher.withInterceptedStreams(DefaultLauncher.java:202)
	at org.junit.platform.launcher.core.DefaultLauncher.execute(DefaultLauncher.java:181)
	at org.junit.platform.launcher.core.DefaultLauncher.execute(DefaultLauncher.java:128)
	at org.gradle.api.internal.tasks.testing.junitplatform.JUnitPlatformTestClassProcessor$CollectAllTestClassesExecutor.processAllTestClasses(JUnitPlatformTestClassProcessor.java:102)
	at org.gradle.api.internal.tasks.testing.junitplatform.JUnitPlatformTestClassProcessor$CollectAllTestClassesExecutor.access$000(JUnitPlatformTestClassProcessor.java:82)
	at org.gradle.api.internal.tasks.testing.junitplatform.JUnitPlatformTestClassProcessor.stop(JUnitPlatformTestClassProcessor.java:78)
	at org.gradle.api.internal.tasks.testing.SuiteTestClassProcessor.stop(SuiteTestClassProcessor.java:61)
	at java.base/jdk.internal.reflect.NativeMethodAccessorImpl.invoke0(Native Method)
	at java.base/jdk.internal.reflect.NativeMethodAccessorImpl.invoke(NativeMethodAccessorImpl.java:62)
	at java.base/jdk.internal.reflect.DelegatingMethodAccessorImpl.invoke(DelegatingMethodAccessorImpl.java:43)
	at java.base/java.lang.reflect.Method.invoke(Method.java:566)
	at org.gradle.internal.dispatch.ReflectionDispatch.dispatch(ReflectionDispatch.java:36)
	at org.gradle.internal.dispatch.ReflectionDispatch.dispatch(ReflectionDispatch.java:24)
	at org.gradle.internal.dispatch.ContextClassLoaderDispatch.dispatch(ContextClassLoaderDispatch.java:33)
	at org.gradle.internal.dispatch.ProxyDispatchAdapter$DispatchingInvocationHandler.invoke(ProxyDispatchAdapter.java:94)
	at com.sun.proxy.$Proxy2.stop(Unknown Source)
	at org.gradle.api.internal.tasks.testing.worker.TestWorker.stop(TestWorker.java:132)
	at java.base/jdk.internal.reflect.NativeMethodAccessorImpl.invoke0(Native Method)
	at java.base/jdk.internal.reflect.NativeMethodAccessorImpl.invoke(NativeMethodAccessorImpl.java:62)
	at java.base/jdk.internal.reflect.DelegatingMethodAccessorImpl.invoke(DelegatingMethodAccessorImpl.java:43)
	at java.base/java.lang.reflect.Method.invoke(Method.java:566)
	at org.gradle.internal.dispatch.ReflectionDispatch.dispatch(ReflectionDispatch.java:36)
	at org.gradle.internal.dispatch.ReflectionDispatch.dispatch(ReflectionDispatch.java:24)
	at org.gradle.internal.remote.internal.hub.MessageHubBackedObjectConnection$DispatchWrapper.dispatch(MessageHubBackedObjectConnection.java:182)
	at org.gradle.internal.remote.internal.hub.MessageHubBackedObjectConnection$DispatchWrapper.dispatch(MessageHubBackedObjectConnection.java:164)
	at org.gradle.internal.remote.internal.hub.MessageHub$Handler.run(MessageHub.java:412)
	at org.gradle.internal.concurrent.ExecutorPolicy$CatchAndRecordFailures.onExecute(ExecutorPolicy.java:64)
	at org.gradle.internal.concurrent.ManagedExecutorImpl$1.run(ManagedExecutorImpl.java:48)
	at java.base/java.util.concurrent.ThreadPoolExecutor.runWorker(ThreadPoolExecutor.java:1128)
	at java.base/java.util.concurrent.ThreadPoolExecutor$Worker.run(ThreadPoolExecutor.java:628)
	at org.gradle.internal.concurrent.ThreadFactoryImpl$ManagedThreadRunnable.run(ThreadFactoryImpl.java:56)
	at java.base/java.lang.Thread.run(Thread.java:834)
</failure>
  </testcase>
  <testcase name="Continue an unfinished game" classname="ca.mcgill.ecse223.quoridor.features.CucumberTestsRunner" time="0.008">
    <failure message="org.opentest4j.MultipleFailuresError: Multiple Failures (6 failures)&#13;&#10;&#9;io.cucumber.junit.UndefinedThrowable: The step &quot;The game is replay mode&quot; is undefined&#13;&#10;&#9;io.cucumber.junit.UndefinedThrowable: The step &quot;The following moves have been played in game:&quot; is undefined&#13;&#10;&#9;io.cucumber.junit.UndefinedThrowable: The step &quot;The game does not have a final result&quot; is undefined&#13;&#10;&#9;io.cucumber.junit.UndefinedThrowable: The step &quot;The next move is 2.1&quot; is undefined&#13;&#10;&#9;io.cucumber.junit.UndefinedThrowable: The step &quot;I initiate to continue game&quot; is undefined&#13;&#10;&#9;io.cucumber.junit.UndefinedThrowable: The step &quot;The remaining moves of the game shall be removed&quot; is undefined" type="org.opentest4j.MultipleFailuresError">org.opentest4j.MultipleFailuresError: Multiple Failures (6 failures)
	io.cucumber.junit.UndefinedThrowable: The step &quot;The game is replay mode&quot; is undefined
	io.cucumber.junit.UndefinedThrowable: The step &quot;The following moves have been played in game:&quot; is undefined
	io.cucumber.junit.UndefinedThrowable: The step &quot;The game does not have a final result&quot; is undefined
	io.cucumber.junit.UndefinedThrowable: The step &quot;The next move is 2.1&quot; is undefined
	io.cucumber.junit.UndefinedThrowable: The step &quot;I initiate to continue game&quot; is undefined
	io.cucumber.junit.UndefinedThrowable: The step &quot;The remaining moves of the game shall be removed&quot; is undefined
	at org.junit.vintage.engine.execution.TestRun.getStoredResultOrSuccessful(TestRun.java:179)
	at org.junit.vintage.engine.execution.RunListenerAdapter.fireExecutionFinished(RunListenerAdapter.java:211)
	at org.junit.vintage.engine.execution.RunListenerAdapter.testFinished(RunListenerAdapter.java:177)
	at org.junit.vintage.engine.execution.RunListenerAdapter.testFinished(RunListenerAdapter.java:76)
	at org.junit.runner.notification.SynchronizedRunListener.testFinished(SynchronizedRunListener.java:56)
	at org.junit.runner.notification.RunNotifier$7.notifyListener(RunNotifier.java:190)
	at org.junit.runner.notification.RunNotifier$SafeNotifier.run(RunNotifier.java:72)
	at org.junit.runner.notification.RunNotifier.fireTestFinished(RunNotifier.java:187)
	at io.cucumber.junit.JUnitReporter$EachTestNotifier.fireTestFinished(JUnitReporter.java:253)
	at io.cucumber.junit.JUnitReporter.handleTestCaseResult(JUnitReporter.java:178)
	at io.cucumber.junit.JUnitReporter$4.receive(JUnitReporter.java:66)
	at io.cucumber.junit.JUnitReporter$4.receive(JUnitReporter.java:62)
	at cucumber.runner.AbstractEventPublisher.send(AbstractEventPublisher.java:45)
	at cucumber.runner.AbstractEventBus.send(AbstractEventBus.java:9)
	at cucumber.runner.ThreadLocalRunnerSupplier$LocalEventBus.send(ThreadLocalRunnerSupplier.java:60)
	at cucumber.runner.TestCase.run(TestCase.java:55)
	at cucumber.runner.Runner.runPickle(Runner.java:50)
	at io.cucumber.junit.PickleRunners$NoStepDescriptions.run(PickleRunners.java:146)
	at io.cucumber.junit.FeatureRunner.runChild(FeatureRunner.java:68)
	at io.cucumber.junit.FeatureRunner.runChild(FeatureRunner.java:23)
	at org.junit.runners.ParentRunner$3.run(ParentRunner.java:290)
	at org.junit.runners.ParentRunner$1.schedule(ParentRunner.java:71)
	at org.junit.runners.ParentRunner.runChildren(ParentRunner.java:288)
	at org.junit.runners.ParentRunner.access$000(ParentRunner.java:58)
	at org.junit.runners.ParentRunner$2.evaluate(ParentRunner.java:268)
	at org.junit.runners.ParentRunner.run(ParentRunner.java:363)
	at io.cucumber.junit.Cucumber.runChild(Cucumber.java:144)
	at io.cucumber.junit.Cucumber.runChild(Cucumber.java:65)
	at org.junit.runners.ParentRunner$3.run(ParentRunner.java:290)
	at org.junit.runners.ParentRunner$1.schedule(ParentRunner.java:71)
	at org.junit.runners.ParentRunner.runChildren(ParentRunner.java:288)
	at org.junit.runners.ParentRunner.access$000(ParentRunner.java:58)
	at org.junit.runners.ParentRunner$2.evaluate(ParentRunner.java:268)
	at io.cucumber.junit.Cucumber$RunCucumber.evaluate(Cucumber.java:174)
	at org.junit.runners.ParentRunner.run(ParentRunner.java:363)
	at org.junit.runner.JUnitCore.run(JUnitCore.java:137)
	at org.junit.runner.JUnitCore.run(JUnitCore.java:115)
	at org.junit.vintage.engine.execution.RunnerExecutor.execute(RunnerExecutor.java:40)
	at java.base/java.util.stream.ForEachOps$ForEachOp$OfRef.accept(ForEachOps.java:183)
	at java.base/java.util.stream.ReferencePipeline$3$1.accept(ReferencePipeline.java:195)
	at java.base/java.util.Iterator.forEachRemaining(Iterator.java:133)
	at java.base/java.util.Spliterators$IteratorSpliterator.forEachRemaining(Spliterators.java:1801)
	at java.base/java.util.stream.AbstractPipeline.copyInto(AbstractPipeline.java:484)
	at java.base/java.util.stream.AbstractPipeline.wrapAndCopyInto(AbstractPipeline.java:474)
	at java.base/java.util.stream.ForEachOps$ForEachOp.evaluateSequential(ForEachOps.java:150)
	at java.base/java.util.stream.ForEachOps$ForEachOp$OfRef.evaluateSequential(ForEachOps.java:173)
	at java.base/java.util.stream.AbstractPipeline.evaluate(AbstractPipeline.java:234)
	at java.base/java.util.stream.ReferencePipeline.forEach(ReferencePipeline.java:497)
	at org.junit.vintage.engine.VintageTestEngine.executeAllChildren(VintageTestEngine.java:80)
	at org.junit.vintage.engine.VintageTestEngine.execute(VintageTestEngine.java:71)
	at org.junit.platform.launcher.core.DefaultLauncher.execute(DefaultLauncher.java:220)
	at org.junit.platform.launcher.core.DefaultLauncher.lambda$execute$6(DefaultLauncher.java:188)
	at org.junit.platform.launcher.core.DefaultLauncher.withInterceptedStreams(DefaultLauncher.java:202)
	at org.junit.platform.launcher.core.DefaultLauncher.execute(DefaultLauncher.java:181)
	at org.junit.platform.launcher.core.DefaultLauncher.execute(DefaultLauncher.java:128)
	at org.gradle.api.internal.tasks.testing.junitplatform.JUnitPlatformTestClassProcessor$CollectAllTestClassesExecutor.processAllTestClasses(JUnitPlatformTestClassProcessor.java:102)
	at org.gradle.api.internal.tasks.testing.junitplatform.JUnitPlatformTestClassProcessor$CollectAllTestClassesExecutor.access$000(JUnitPlatformTestClassProcessor.java:82)
	at org.gradle.api.internal.tasks.testing.junitplatform.JUnitPlatformTestClassProcessor.stop(JUnitPlatformTestClassProcessor.java:78)
	at org.gradle.api.internal.tasks.testing.SuiteTestClassProcessor.stop(SuiteTestClassProcessor.java:61)
	at java.base/jdk.internal.reflect.NativeMethodAccessorImpl.invoke0(Native Method)
	at java.base/jdk.internal.reflect.NativeMethodAccessorImpl.invoke(NativeMethodAccessorImpl.java:62)
	at java.base/jdk.internal.reflect.DelegatingMethodAccessorImpl.invoke(DelegatingMethodAccessorImpl.java:43)
	at java.base/java.lang.reflect.Method.invoke(Method.java:566)
	at org.gradle.internal.dispatch.ReflectionDispatch.dispatch(ReflectionDispatch.java:36)
	at org.gradle.internal.dispatch.ReflectionDispatch.dispatch(ReflectionDispatch.java:24)
	at org.gradle.internal.dispatch.ContextClassLoaderDispatch.dispatch(ContextClassLoaderDispatch.java:33)
	at org.gradle.internal.dispatch.ProxyDispatchAdapter$DispatchingInvocationHandler.invoke(ProxyDispatchAdapter.java:94)
	at com.sun.proxy.$Proxy2.stop(Unknown Source)
	at org.gradle.api.internal.tasks.testing.worker.TestWorker.stop(TestWorker.java:132)
	at java.base/jdk.internal.reflect.NativeMethodAccessorImpl.invoke0(Native Method)
	at java.base/jdk.internal.reflect.NativeMethodAccessorImpl.invoke(NativeMethodAccessorImpl.java:62)
	at java.base/jdk.internal.reflect.DelegatingMethodAccessorImpl.invoke(DelegatingMethodAccessorImpl.java:43)
	at java.base/java.lang.reflect.Method.invoke(Method.java:566)
	at org.gradle.internal.dispatch.ReflectionDispatch.dispatch(ReflectionDispatch.java:36)
	at org.gradle.internal.dispatch.ReflectionDispatch.dispatch(ReflectionDispatch.java:24)
	at org.gradle.internal.remote.internal.hub.MessageHubBackedObjectConnection$DispatchWrapper.dispatch(MessageHubBackedObjectConnection.java:182)
	at org.gradle.internal.remote.internal.hub.MessageHubBackedObjectConnection$DispatchWrapper.dispatch(MessageHubBackedObjectConnection.java:164)
	at org.gradle.internal.remote.internal.hub.MessageHub$Handler.run(MessageHub.java:412)
	at org.gradle.internal.concurrent.ExecutorPolicy$CatchAndRecordFailures.onExecute(ExecutorPolicy.java:64)
	at org.gradle.internal.concurrent.ManagedExecutorImpl$1.run(ManagedExecutorImpl.java:48)
	at java.base/java.util.concurrent.ThreadPoolExecutor.runWorker(ThreadPoolExecutor.java:1128)
	at java.base/java.util.concurrent.ThreadPoolExecutor$Worker.run(ThreadPoolExecutor.java:628)
	at org.gradle.internal.concurrent.ThreadFactoryImpl$ManagedThreadRunnable.run(ThreadFactoryImpl.java:56)
	at java.base/java.lang.Thread.run(Thread.java:834)
</failure>
  </testcase>
  <testcase name="Continue an unfinished game" classname="ca.mcgill.ecse223.quoridor.features.CucumberTestsRunner" time="0.008">
    <failure message="org.opentest4j.MultipleFailuresError: Multiple Failures (6 failures)&#13;&#10;&#9;io.cucumber.junit.UndefinedThrowable: The step &quot;The game is replay mode&quot; is undefined&#13;&#10;&#9;io.cucumber.junit.UndefinedThrowable: The step &quot;The following moves have been played in game:&quot; is undefined&#13;&#10;&#9;io.cucumber.junit.UndefinedThrowable: The step &quot;The game does not have a final result&quot; is undefined&#13;&#10;&#9;io.cucumber.junit.UndefinedThrowable: The step &quot;The next move is 2.2&quot; is undefined&#13;&#10;&#9;io.cucumber.junit.UndefinedThrowable: The step &quot;I initiate to continue game&quot; is undefined&#13;&#10;&#9;io.cucumber.junit.UndefinedThrowable: The step &quot;The remaining moves of the game shall be removed&quot; is undefined" type="org.opentest4j.MultipleFailuresError">org.opentest4j.MultipleFailuresError: Multiple Failures (6 failures)
	io.cucumber.junit.UndefinedThrowable: The step &quot;The game is replay mode&quot; is undefined
	io.cucumber.junit.UndefinedThrowable: The step &quot;The following moves have been played in game:&quot; is undefined
	io.cucumber.junit.UndefinedThrowable: The step &quot;The game does not have a final result&quot; is undefined
	io.cucumber.junit.UndefinedThrowable: The step &quot;The next move is 2.2&quot; is undefined
	io.cucumber.junit.UndefinedThrowable: The step &quot;I initiate to continue game&quot; is undefined
	io.cucumber.junit.UndefinedThrowable: The step &quot;The remaining moves of the game shall be removed&quot; is undefined
	at org.junit.vintage.engine.execution.TestRun.getStoredResultOrSuccessful(TestRun.java:179)
	at org.junit.vintage.engine.execution.RunListenerAdapter.fireExecutionFinished(RunListenerAdapter.java:211)
	at org.junit.vintage.engine.execution.RunListenerAdapter.testFinished(RunListenerAdapter.java:177)
	at org.junit.vintage.engine.execution.RunListenerAdapter.testFinished(RunListenerAdapter.java:76)
	at org.junit.runner.notification.SynchronizedRunListener.testFinished(SynchronizedRunListener.java:56)
	at org.junit.runner.notification.RunNotifier$7.notifyListener(RunNotifier.java:190)
	at org.junit.runner.notification.RunNotifier$SafeNotifier.run(RunNotifier.java:72)
	at org.junit.runner.notification.RunNotifier.fireTestFinished(RunNotifier.java:187)
	at io.cucumber.junit.JUnitReporter$EachTestNotifier.fireTestFinished(JUnitReporter.java:253)
	at io.cucumber.junit.JUnitReporter.handleTestCaseResult(JUnitReporter.java:178)
	at io.cucumber.junit.JUnitReporter$4.receive(JUnitReporter.java:66)
	at io.cucumber.junit.JUnitReporter$4.receive(JUnitReporter.java:62)
	at cucumber.runner.AbstractEventPublisher.send(AbstractEventPublisher.java:45)
	at cucumber.runner.AbstractEventBus.send(AbstractEventBus.java:9)
	at cucumber.runner.ThreadLocalRunnerSupplier$LocalEventBus.send(ThreadLocalRunnerSupplier.java:60)
	at cucumber.runner.TestCase.run(TestCase.java:55)
	at cucumber.runner.Runner.runPickle(Runner.java:50)
	at io.cucumber.junit.PickleRunners$NoStepDescriptions.run(PickleRunners.java:146)
	at io.cucumber.junit.FeatureRunner.runChild(FeatureRunner.java:68)
	at io.cucumber.junit.FeatureRunner.runChild(FeatureRunner.java:23)
	at org.junit.runners.ParentRunner$3.run(ParentRunner.java:290)
	at org.junit.runners.ParentRunner$1.schedule(ParentRunner.java:71)
	at org.junit.runners.ParentRunner.runChildren(ParentRunner.java:288)
	at org.junit.runners.ParentRunner.access$000(ParentRunner.java:58)
	at org.junit.runners.ParentRunner$2.evaluate(ParentRunner.java:268)
	at org.junit.runners.ParentRunner.run(ParentRunner.java:363)
	at io.cucumber.junit.Cucumber.runChild(Cucumber.java:144)
	at io.cucumber.junit.Cucumber.runChild(Cucumber.java:65)
	at org.junit.runners.ParentRunner$3.run(ParentRunner.java:290)
	at org.junit.runners.ParentRunner$1.schedule(ParentRunner.java:71)
	at org.junit.runners.ParentRunner.runChildren(ParentRunner.java:288)
	at org.junit.runners.ParentRunner.access$000(ParentRunner.java:58)
	at org.junit.runners.ParentRunner$2.evaluate(ParentRunner.java:268)
	at io.cucumber.junit.Cucumber$RunCucumber.evaluate(Cucumber.java:174)
	at org.junit.runners.ParentRunner.run(ParentRunner.java:363)
	at org.junit.runner.JUnitCore.run(JUnitCore.java:137)
	at org.junit.runner.JUnitCore.run(JUnitCore.java:115)
	at org.junit.vintage.engine.execution.RunnerExecutor.execute(RunnerExecutor.java:40)
	at java.base/java.util.stream.ForEachOps$ForEachOp$OfRef.accept(ForEachOps.java:183)
	at java.base/java.util.stream.ReferencePipeline$3$1.accept(ReferencePipeline.java:195)
	at java.base/java.util.Iterator.forEachRemaining(Iterator.java:133)
	at java.base/java.util.Spliterators$IteratorSpliterator.forEachRemaining(Spliterators.java:1801)
	at java.base/java.util.stream.AbstractPipeline.copyInto(AbstractPipeline.java:484)
	at java.base/java.util.stream.AbstractPipeline.wrapAndCopyInto(AbstractPipeline.java:474)
	at java.base/java.util.stream.ForEachOps$ForEachOp.evaluateSequential(ForEachOps.java:150)
	at java.base/java.util.stream.ForEachOps$ForEachOp$OfRef.evaluateSequential(ForEachOps.java:173)
	at java.base/java.util.stream.AbstractPipeline.evaluate(AbstractPipeline.java:234)
	at java.base/java.util.stream.ReferencePipeline.forEach(ReferencePipeline.java:497)
	at org.junit.vintage.engine.VintageTestEngine.executeAllChildren(VintageTestEngine.java:80)
	at org.junit.vintage.engine.VintageTestEngine.execute(VintageTestEngine.java:71)
	at org.junit.platform.launcher.core.DefaultLauncher.execute(DefaultLauncher.java:220)
	at org.junit.platform.launcher.core.DefaultLauncher.lambda$execute$6(DefaultLauncher.java:188)
	at org.junit.platform.launcher.core.DefaultLauncher.withInterceptedStreams(DefaultLauncher.java:202)
	at org.junit.platform.launcher.core.DefaultLauncher.execute(DefaultLauncher.java:181)
	at org.junit.platform.launcher.core.DefaultLauncher.execute(DefaultLauncher.java:128)
	at org.gradle.api.internal.tasks.testing.junitplatform.JUnitPlatformTestClassProcessor$CollectAllTestClassesExecutor.processAllTestClasses(JUnitPlatformTestClassProcessor.java:102)
	at org.gradle.api.internal.tasks.testing.junitplatform.JUnitPlatformTestClassProcessor$CollectAllTestClassesExecutor.access$000(JUnitPlatformTestClassProcessor.java:82)
	at org.gradle.api.internal.tasks.testing.junitplatform.JUnitPlatformTestClassProcessor.stop(JUnitPlatformTestClassProcessor.java:78)
	at org.gradle.api.internal.tasks.testing.SuiteTestClassProcessor.stop(SuiteTestClassProcessor.java:61)
	at java.base/jdk.internal.reflect.NativeMethodAccessorImpl.invoke0(Native Method)
	at java.base/jdk.internal.reflect.NativeMethodAccessorImpl.invoke(NativeMethodAccessorImpl.java:62)
	at java.base/jdk.internal.reflect.DelegatingMethodAccessorImpl.invoke(DelegatingMethodAccessorImpl.java:43)
	at java.base/java.lang.reflect.Method.invoke(Method.java:566)
	at org.gradle.internal.dispatch.ReflectionDispatch.dispatch(ReflectionDispatch.java:36)
	at org.gradle.internal.dispatch.ReflectionDispatch.dispatch(ReflectionDispatch.java:24)
	at org.gradle.internal.dispatch.ContextClassLoaderDispatch.dispatch(ContextClassLoaderDispatch.java:33)
	at org.gradle.internal.dispatch.ProxyDispatchAdapter$DispatchingInvocationHandler.invoke(ProxyDispatchAdapter.java:94)
	at com.sun.proxy.$Proxy2.stop(Unknown Source)
	at org.gradle.api.internal.tasks.testing.worker.TestWorker.stop(TestWorker.java:132)
	at java.base/jdk.internal.reflect.NativeMethodAccessorImpl.invoke0(Native Method)
	at java.base/jdk.internal.reflect.NativeMethodAccessorImpl.invoke(NativeMethodAccessorImpl.java:62)
	at java.base/jdk.internal.reflect.DelegatingMethodAccessorImpl.invoke(DelegatingMethodAccessorImpl.java:43)
	at java.base/java.lang.reflect.Method.invoke(Method.java:566)
	at org.gradle.internal.dispatch.ReflectionDispatch.dispatch(ReflectionDispatch.java:36)
	at org.gradle.internal.dispatch.ReflectionDispatch.dispatch(ReflectionDispatch.java:24)
	at org.gradle.internal.remote.internal.hub.MessageHubBackedObjectConnection$DispatchWrapper.dispatch(MessageHubBackedObjectConnection.java:182)
	at org.gradle.internal.remote.internal.hub.MessageHubBackedObjectConnection$DispatchWrapper.dispatch(MessageHubBackedObjectConnection.java:164)
	at org.gradle.internal.remote.internal.hub.MessageHub$Handler.run(MessageHub.java:412)
	at org.gradle.internal.concurrent.ExecutorPolicy$CatchAndRecordFailures.onExecute(ExecutorPolicy.java:64)
	at org.gradle.internal.concurrent.ManagedExecutorImpl$1.run(ManagedExecutorImpl.java:48)
	at java.base/java.util.concurrent.ThreadPoolExecutor.runWorker(ThreadPoolExecutor.java:1128)
	at java.base/java.util.concurrent.ThreadPoolExecutor$Worker.run(ThreadPoolExecutor.java:628)
	at org.gradle.internal.concurrent.ThreadFactoryImpl$ManagedThreadRunnable.run(ThreadFactoryImpl.java:56)
	at java.base/java.lang.Thread.run(Thread.java:834)
</failure>
  </testcase>
  <testcase name="Continue an unfinished game" classname="ca.mcgill.ecse223.quoridor.features.CucumberTestsRunner" time="0.023">
    <failure message="org.opentest4j.MultipleFailuresError: Multiple Failures (6 failures)&#13;&#10;&#9;io.cucumber.junit.UndefinedThrowable: The step &quot;The game is replay mode&quot; is undefined&#13;&#10;&#9;io.cucumber.junit.UndefinedThrowable: The step &quot;The following moves have been played in game:&quot; is undefined&#13;&#10;&#9;io.cucumber.junit.UndefinedThrowable: The step &quot;The game does not have a final result&quot; is undefined&#13;&#10;&#9;io.cucumber.junit.UndefinedThrowable: The step &quot;The next move is 3.1&quot; is undefined&#13;&#10;&#9;io.cucumber.junit.UndefinedThrowable: The step &quot;I initiate to continue game&quot; is undefined&#13;&#10;&#9;io.cucumber.junit.UndefinedThrowable: The step &quot;The remaining moves of the game shall be removed&quot; is undefined" type="org.opentest4j.MultipleFailuresError">org.opentest4j.MultipleFailuresError: Multiple Failures (6 failures)
	io.cucumber.junit.UndefinedThrowable: The step &quot;The game is replay mode&quot; is undefined
	io.cucumber.junit.UndefinedThrowable: The step &quot;The following moves have been played in game:&quot; is undefined
	io.cucumber.junit.UndefinedThrowable: The step &quot;The game does not have a final result&quot; is undefined
	io.cucumber.junit.UndefinedThrowable: The step &quot;The next move is 3.1&quot; is undefined
	io.cucumber.junit.UndefinedThrowable: The step &quot;I initiate to continue game&quot; is undefined
	io.cucumber.junit.UndefinedThrowable: The step &quot;The remaining moves of the game shall be removed&quot; is undefined
	at org.junit.vintage.engine.execution.TestRun.getStoredResultOrSuccessful(TestRun.java:179)
	at org.junit.vintage.engine.execution.RunListenerAdapter.fireExecutionFinished(RunListenerAdapter.java:211)
	at org.junit.vintage.engine.execution.RunListenerAdapter.testFinished(RunListenerAdapter.java:177)
	at org.junit.vintage.engine.execution.RunListenerAdapter.testFinished(RunListenerAdapter.java:76)
	at org.junit.runner.notification.SynchronizedRunListener.testFinished(SynchronizedRunListener.java:56)
	at org.junit.runner.notification.RunNotifier$7.notifyListener(RunNotifier.java:190)
	at org.junit.runner.notification.RunNotifier$SafeNotifier.run(RunNotifier.java:72)
	at org.junit.runner.notification.RunNotifier.fireTestFinished(RunNotifier.java:187)
	at io.cucumber.junit.JUnitReporter$EachTestNotifier.fireTestFinished(JUnitReporter.java:253)
	at io.cucumber.junit.JUnitReporter.handleTestCaseResult(JUnitReporter.java:178)
	at io.cucumber.junit.JUnitReporter$4.receive(JUnitReporter.java:66)
	at io.cucumber.junit.JUnitReporter$4.receive(JUnitReporter.java:62)
	at cucumber.runner.AbstractEventPublisher.send(AbstractEventPublisher.java:45)
	at cucumber.runner.AbstractEventBus.send(AbstractEventBus.java:9)
	at cucumber.runner.ThreadLocalRunnerSupplier$LocalEventBus.send(ThreadLocalRunnerSupplier.java:60)
	at cucumber.runner.TestCase.run(TestCase.java:55)
	at cucumber.runner.Runner.runPickle(Runner.java:50)
	at io.cucumber.junit.PickleRunners$NoStepDescriptions.run(PickleRunners.java:146)
	at io.cucumber.junit.FeatureRunner.runChild(FeatureRunner.java:68)
	at io.cucumber.junit.FeatureRunner.runChild(FeatureRunner.java:23)
	at org.junit.runners.ParentRunner$3.run(ParentRunner.java:290)
	at org.junit.runners.ParentRunner$1.schedule(ParentRunner.java:71)
	at org.junit.runners.ParentRunner.runChildren(ParentRunner.java:288)
	at org.junit.runners.ParentRunner.access$000(ParentRunner.java:58)
	at org.junit.runners.ParentRunner$2.evaluate(ParentRunner.java:268)
	at org.junit.runners.ParentRunner.run(ParentRunner.java:363)
	at io.cucumber.junit.Cucumber.runChild(Cucumber.java:144)
	at io.cucumber.junit.Cucumber.runChild(Cucumber.java:65)
	at org.junit.runners.ParentRunner$3.run(ParentRunner.java:290)
	at org.junit.runners.ParentRunner$1.schedule(ParentRunner.java:71)
	at org.junit.runners.ParentRunner.runChildren(ParentRunner.java:288)
	at org.junit.runners.ParentRunner.access$000(ParentRunner.java:58)
	at org.junit.runners.ParentRunner$2.evaluate(ParentRunner.java:268)
	at io.cucumber.junit.Cucumber$RunCucumber.evaluate(Cucumber.java:174)
	at org.junit.runners.ParentRunner.run(ParentRunner.java:363)
	at org.junit.runner.JUnitCore.run(JUnitCore.java:137)
	at org.junit.runner.JUnitCore.run(JUnitCore.java:115)
	at org.junit.vintage.engine.execution.RunnerExecutor.execute(RunnerExecutor.java:40)
	at java.base/java.util.stream.ForEachOps$ForEachOp$OfRef.accept(ForEachOps.java:183)
	at java.base/java.util.stream.ReferencePipeline$3$1.accept(ReferencePipeline.java:195)
	at java.base/java.util.Iterator.forEachRemaining(Iterator.java:133)
	at java.base/java.util.Spliterators$IteratorSpliterator.forEachRemaining(Spliterators.java:1801)
	at java.base/java.util.stream.AbstractPipeline.copyInto(AbstractPipeline.java:484)
	at java.base/java.util.stream.AbstractPipeline.wrapAndCopyInto(AbstractPipeline.java:474)
	at java.base/java.util.stream.ForEachOps$ForEachOp.evaluateSequential(ForEachOps.java:150)
	at java.base/java.util.stream.ForEachOps$ForEachOp$OfRef.evaluateSequential(ForEachOps.java:173)
	at java.base/java.util.stream.AbstractPipeline.evaluate(AbstractPipeline.java:234)
	at java.base/java.util.stream.ReferencePipeline.forEach(ReferencePipeline.java:497)
	at org.junit.vintage.engine.VintageTestEngine.executeAllChildren(VintageTestEngine.java:80)
	at org.junit.vintage.engine.VintageTestEngine.execute(VintageTestEngine.java:71)
	at org.junit.platform.launcher.core.DefaultLauncher.execute(DefaultLauncher.java:220)
	at org.junit.platform.launcher.core.DefaultLauncher.lambda$execute$6(DefaultLauncher.java:188)
	at org.junit.platform.launcher.core.DefaultLauncher.withInterceptedStreams(DefaultLauncher.java:202)
	at org.junit.platform.launcher.core.DefaultLauncher.execute(DefaultLauncher.java:181)
	at org.junit.platform.launcher.core.DefaultLauncher.execute(DefaultLauncher.java:128)
	at org.gradle.api.internal.tasks.testing.junitplatform.JUnitPlatformTestClassProcessor$CollectAllTestClassesExecutor.processAllTestClasses(JUnitPlatformTestClassProcessor.java:102)
	at org.gradle.api.internal.tasks.testing.junitplatform.JUnitPlatformTestClassProcessor$CollectAllTestClassesExecutor.access$000(JUnitPlatformTestClassProcessor.java:82)
	at org.gradle.api.internal.tasks.testing.junitplatform.JUnitPlatformTestClassProcessor.stop(JUnitPlatformTestClassProcessor.java:78)
	at org.gradle.api.internal.tasks.testing.SuiteTestClassProcessor.stop(SuiteTestClassProcessor.java:61)
	at java.base/jdk.internal.reflect.NativeMethodAccessorImpl.invoke0(Native Method)
	at java.base/jdk.internal.reflect.NativeMethodAccessorImpl.invoke(NativeMethodAccessorImpl.java:62)
	at java.base/jdk.internal.reflect.DelegatingMethodAccessorImpl.invoke(DelegatingMethodAccessorImpl.java:43)
	at java.base/java.lang.reflect.Method.invoke(Method.java:566)
	at org.gradle.internal.dispatch.ReflectionDispatch.dispatch(ReflectionDispatch.java:36)
	at org.gradle.internal.dispatch.ReflectionDispatch.dispatch(ReflectionDispatch.java:24)
	at org.gradle.internal.dispatch.ContextClassLoaderDispatch.dispatch(ContextClassLoaderDispatch.java:33)
	at org.gradle.internal.dispatch.ProxyDispatchAdapter$DispatchingInvocationHandler.invoke(ProxyDispatchAdapter.java:94)
	at com.sun.proxy.$Proxy2.stop(Unknown Source)
	at org.gradle.api.internal.tasks.testing.worker.TestWorker.stop(TestWorker.java:132)
	at java.base/jdk.internal.reflect.NativeMethodAccessorImpl.invoke0(Native Method)
	at java.base/jdk.internal.reflect.NativeMethodAccessorImpl.invoke(NativeMethodAccessorImpl.java:62)
	at java.base/jdk.internal.reflect.DelegatingMethodAccessorImpl.invoke(DelegatingMethodAccessorImpl.java:43)
	at java.base/java.lang.reflect.Method.invoke(Method.java:566)
	at org.gradle.internal.dispatch.ReflectionDispatch.dispatch(ReflectionDispatch.java:36)
	at org.gradle.internal.dispatch.ReflectionDispatch.dispatch(ReflectionDispatch.java:24)
	at org.gradle.internal.remote.internal.hub.MessageHubBackedObjectConnection$DispatchWrapper.dispatch(MessageHubBackedObjectConnection.java:182)
	at org.gradle.internal.remote.internal.hub.MessageHubBackedObjectConnection$DispatchWrapper.dispatch(MessageHubBackedObjectConnection.java:164)
	at org.gradle.internal.remote.internal.hub.MessageHub$Handler.run(MessageHub.java:412)
	at org.gradle.internal.concurrent.ExecutorPolicy$CatchAndRecordFailures.onExecute(ExecutorPolicy.java:64)
	at org.gradle.internal.concurrent.ManagedExecutorImpl$1.run(ManagedExecutorImpl.java:48)
	at java.base/java.util.concurrent.ThreadPoolExecutor.runWorker(ThreadPoolExecutor.java:1128)
	at java.base/java.util.concurrent.ThreadPoolExecutor$Worker.run(ThreadPoolExecutor.java:628)
	at org.gradle.internal.concurrent.ThreadFactoryImpl$ManagedThreadRunnable.run(ThreadFactoryImpl.java:56)
	at java.base/java.lang.Thread.run(Thread.java:834)
</failure>
  </testcase>
  <testcase name="Continue a finished game" classname="ca.mcgill.ecse223.quoridor.features.CucumberTestsRunner" time="0.011">
    <failure message="org.opentest4j.MultipleFailuresError: Multiple Failures (7 failures)&#13;&#10;&#9;io.cucumber.junit.UndefinedThrowable: The step &quot;The game is replay mode&quot; is undefined&#13;&#10;&#9;io.cucumber.junit.UndefinedThrowable: The step &quot;The following moves have been played in game:&quot; is undefined&#13;&#10;&#9;io.cucumber.junit.UndefinedThrowable: The step &quot;The game has a final result&quot; is undefined&#13;&#10;&#9;io.cucumber.junit.UndefinedThrowable: The step &quot;The next move is 1.2&quot; is undefined&#13;&#10;&#9;io.cucumber.junit.UndefinedThrowable: The step &quot;I initiate to continue game&quot; is undefined&#13;&#10;&#9;io.cucumber.junit.UndefinedThrowable: The step &quot;The game shall be in replay mode&quot; is undefined&#13;&#10;&#9;io.cucumber.junit.UndefinedThrowable: The step &quot;I shall be notified that finished games cannot be continued&quot; is undefined" type="org.opentest4j.MultipleFailuresError">org.opentest4j.MultipleFailuresError: Multiple Failures (7 failures)
	io.cucumber.junit.UndefinedThrowable: The step &quot;The game is replay mode&quot; is undefined
	io.cucumber.junit.UndefinedThrowable: The step &quot;The following moves have been played in game:&quot; is undefined
	io.cucumber.junit.UndefinedThrowable: The step &quot;The game has a final result&quot; is undefined
	io.cucumber.junit.UndefinedThrowable: The step &quot;The next move is 1.2&quot; is undefined
	io.cucumber.junit.UndefinedThrowable: The step &quot;I initiate to continue game&quot; is undefined
	io.cucumber.junit.UndefinedThrowable: The step &quot;The game shall be in replay mode&quot; is undefined
	io.cucumber.junit.UndefinedThrowable: The step &quot;I shall be notified that finished games cannot be continued&quot; is undefined
	at org.junit.vintage.engine.execution.TestRun.getStoredResultOrSuccessful(TestRun.java:179)
	at org.junit.vintage.engine.execution.RunListenerAdapter.fireExecutionFinished(RunListenerAdapter.java:211)
	at org.junit.vintage.engine.execution.RunListenerAdapter.testFinished(RunListenerAdapter.java:177)
	at org.junit.vintage.engine.execution.RunListenerAdapter.testFinished(RunListenerAdapter.java:76)
	at org.junit.runner.notification.SynchronizedRunListener.testFinished(SynchronizedRunListener.java:56)
	at org.junit.runner.notification.RunNotifier$7.notifyListener(RunNotifier.java:190)
	at org.junit.runner.notification.RunNotifier$SafeNotifier.run(RunNotifier.java:72)
	at org.junit.runner.notification.RunNotifier.fireTestFinished(RunNotifier.java:187)
	at io.cucumber.junit.JUnitReporter$EachTestNotifier.fireTestFinished(JUnitReporter.java:253)
	at io.cucumber.junit.JUnitReporter.handleTestCaseResult(JUnitReporter.java:178)
	at io.cucumber.junit.JUnitReporter$4.receive(JUnitReporter.java:66)
	at io.cucumber.junit.JUnitReporter$4.receive(JUnitReporter.java:62)
	at cucumber.runner.AbstractEventPublisher.send(AbstractEventPublisher.java:45)
	at cucumber.runner.AbstractEventBus.send(AbstractEventBus.java:9)
	at cucumber.runner.ThreadLocalRunnerSupplier$LocalEventBus.send(ThreadLocalRunnerSupplier.java:60)
	at cucumber.runner.TestCase.run(TestCase.java:55)
	at cucumber.runner.Runner.runPickle(Runner.java:50)
	at io.cucumber.junit.PickleRunners$NoStepDescriptions.run(PickleRunners.java:146)
	at io.cucumber.junit.FeatureRunner.runChild(FeatureRunner.java:68)
	at io.cucumber.junit.FeatureRunner.runChild(FeatureRunner.java:23)
	at org.junit.runners.ParentRunner$3.run(ParentRunner.java:290)
	at org.junit.runners.ParentRunner$1.schedule(ParentRunner.java:71)
	at org.junit.runners.ParentRunner.runChildren(ParentRunner.java:288)
	at org.junit.runners.ParentRunner.access$000(ParentRunner.java:58)
	at org.junit.runners.ParentRunner$2.evaluate(ParentRunner.java:268)
	at org.junit.runners.ParentRunner.run(ParentRunner.java:363)
	at io.cucumber.junit.Cucumber.runChild(Cucumber.java:144)
	at io.cucumber.junit.Cucumber.runChild(Cucumber.java:65)
	at org.junit.runners.ParentRunner$3.run(ParentRunner.java:290)
	at org.junit.runners.ParentRunner$1.schedule(ParentRunner.java:71)
	at org.junit.runners.ParentRunner.runChildren(ParentRunner.java:288)
	at org.junit.runners.ParentRunner.access$000(ParentRunner.java:58)
	at org.junit.runners.ParentRunner$2.evaluate(ParentRunner.java:268)
	at io.cucumber.junit.Cucumber$RunCucumber.evaluate(Cucumber.java:174)
	at org.junit.runners.ParentRunner.run(ParentRunner.java:363)
	at org.junit.runner.JUnitCore.run(JUnitCore.java:137)
	at org.junit.runner.JUnitCore.run(JUnitCore.java:115)
	at org.junit.vintage.engine.execution.RunnerExecutor.execute(RunnerExecutor.java:40)
	at java.base/java.util.stream.ForEachOps$ForEachOp$OfRef.accept(ForEachOps.java:183)
	at java.base/java.util.stream.ReferencePipeline$3$1.accept(ReferencePipeline.java:195)
	at java.base/java.util.Iterator.forEachRemaining(Iterator.java:133)
	at java.base/java.util.Spliterators$IteratorSpliterator.forEachRemaining(Spliterators.java:1801)
	at java.base/java.util.stream.AbstractPipeline.copyInto(AbstractPipeline.java:484)
	at java.base/java.util.stream.AbstractPipeline.wrapAndCopyInto(AbstractPipeline.java:474)
	at java.base/java.util.stream.ForEachOps$ForEachOp.evaluateSequential(ForEachOps.java:150)
	at java.base/java.util.stream.ForEachOps$ForEachOp$OfRef.evaluateSequential(ForEachOps.java:173)
	at java.base/java.util.stream.AbstractPipeline.evaluate(AbstractPipeline.java:234)
	at java.base/java.util.stream.ReferencePipeline.forEach(ReferencePipeline.java:497)
	at org.junit.vintage.engine.VintageTestEngine.executeAllChildren(VintageTestEngine.java:80)
	at org.junit.vintage.engine.VintageTestEngine.execute(VintageTestEngine.java:71)
	at org.junit.platform.launcher.core.DefaultLauncher.execute(DefaultLauncher.java:220)
	at org.junit.platform.launcher.core.DefaultLauncher.lambda$execute$6(DefaultLauncher.java:188)
	at org.junit.platform.launcher.core.DefaultLauncher.withInterceptedStreams(DefaultLauncher.java:202)
	at org.junit.platform.launcher.core.DefaultLauncher.execute(DefaultLauncher.java:181)
	at org.junit.platform.launcher.core.DefaultLauncher.execute(DefaultLauncher.java:128)
	at org.gradle.api.internal.tasks.testing.junitplatform.JUnitPlatformTestClassProcessor$CollectAllTestClassesExecutor.processAllTestClasses(JUnitPlatformTestClassProcessor.java:102)
	at org.gradle.api.internal.tasks.testing.junitplatform.JUnitPlatformTestClassProcessor$CollectAllTestClassesExecutor.access$000(JUnitPlatformTestClassProcessor.java:82)
	at org.gradle.api.internal.tasks.testing.junitplatform.JUnitPlatformTestClassProcessor.stop(JUnitPlatformTestClassProcessor.java:78)
	at org.gradle.api.internal.tasks.testing.SuiteTestClassProcessor.stop(SuiteTestClassProcessor.java:61)
	at java.base/jdk.internal.reflect.NativeMethodAccessorImpl.invoke0(Native Method)
	at java.base/jdk.internal.reflect.NativeMethodAccessorImpl.invoke(NativeMethodAccessorImpl.java:62)
	at java.base/jdk.internal.reflect.DelegatingMethodAccessorImpl.invoke(DelegatingMethodAccessorImpl.java:43)
	at java.base/java.lang.reflect.Method.invoke(Method.java:566)
	at org.gradle.internal.dispatch.ReflectionDispatch.dispatch(ReflectionDispatch.java:36)
	at org.gradle.internal.dispatch.ReflectionDispatch.dispatch(ReflectionDispatch.java:24)
	at org.gradle.internal.dispatch.ContextClassLoaderDispatch.dispatch(ContextClassLoaderDispatch.java:33)
	at org.gradle.internal.dispatch.ProxyDispatchAdapter$DispatchingInvocationHandler.invoke(ProxyDispatchAdapter.java:94)
	at com.sun.proxy.$Proxy2.stop(Unknown Source)
	at org.gradle.api.internal.tasks.testing.worker.TestWorker.stop(TestWorker.java:132)
	at java.base/jdk.internal.reflect.NativeMethodAccessorImpl.invoke0(Native Method)
	at java.base/jdk.internal.reflect.NativeMethodAccessorImpl.invoke(NativeMethodAccessorImpl.java:62)
	at java.base/jdk.internal.reflect.DelegatingMethodAccessorImpl.invoke(DelegatingMethodAccessorImpl.java:43)
	at java.base/java.lang.reflect.Method.invoke(Method.java:566)
	at org.gradle.internal.dispatch.ReflectionDispatch.dispatch(ReflectionDispatch.java:36)
	at org.gradle.internal.dispatch.ReflectionDispatch.dispatch(ReflectionDispatch.java:24)
	at org.gradle.internal.remote.internal.hub.MessageHubBackedObjectConnection$DispatchWrapper.dispatch(MessageHubBackedObjectConnection.java:182)
	at org.gradle.internal.remote.internal.hub.MessageHubBackedObjectConnection$DispatchWrapper.dispatch(MessageHubBackedObjectConnection.java:164)
	at org.gradle.internal.remote.internal.hub.MessageHub$Handler.run(MessageHub.java:412)
	at org.gradle.internal.concurrent.ExecutorPolicy$CatchAndRecordFailures.onExecute(ExecutorPolicy.java:64)
	at org.gradle.internal.concurrent.ManagedExecutorImpl$1.run(ManagedExecutorImpl.java:48)
	at java.base/java.util.concurrent.ThreadPoolExecutor.runWorker(ThreadPoolExecutor.java:1128)
	at java.base/java.util.concurrent.ThreadPoolExecutor$Worker.run(ThreadPoolExecutor.java:628)
	at org.gradle.internal.concurrent.ThreadFactoryImpl$ManagedThreadRunnable.run(ThreadFactoryImpl.java:56)
	at java.base/java.lang.Thread.run(Thread.java:834)
</failure>
  </testcase>
  <testcase name="Continue a finished game" classname="ca.mcgill.ecse223.quoridor.features.CucumberTestsRunner" time="0.013">
    <failure message="org.opentest4j.MultipleFailuresError: Multiple Failures (7 failures)&#13;&#10;&#9;io.cucumber.junit.UndefinedThrowable: The step &quot;The game is replay mode&quot; is undefined&#13;&#10;&#9;io.cucumber.junit.UndefinedThrowable: The step &quot;The following moves have been played in game:&quot; is undefined&#13;&#10;&#9;io.cucumber.junit.UndefinedThrowable: The step &quot;The game has a final result&quot; is undefined&#13;&#10;&#9;io.cucumber.junit.UndefinedThrowable: The step &quot;The next move is 2.1&quot; is undefined&#13;&#10;&#9;io.cucumber.junit.UndefinedThrowable: The step &quot;I initiate to continue game&quot; is undefined&#13;&#10;&#9;io.cucumber.junit.UndefinedThrowable: The step &quot;The game shall be in replay mode&quot; is undefined&#13;&#10;&#9;io.cucumber.junit.UndefinedThrowable: The step &quot;I shall be notified that finished games cannot be continued&quot; is undefined" type="org.opentest4j.MultipleFailuresError">org.opentest4j.MultipleFailuresError: Multiple Failures (7 failures)
	io.cucumber.junit.UndefinedThrowable: The step &quot;The game is replay mode&quot; is undefined
	io.cucumber.junit.UndefinedThrowable: The step &quot;The following moves have been played in game:&quot; is undefined
	io.cucumber.junit.UndefinedThrowable: The step &quot;The game has a final result&quot; is undefined
	io.cucumber.junit.UndefinedThrowable: The step &quot;The next move is 2.1&quot; is undefined
	io.cucumber.junit.UndefinedThrowable: The step &quot;I initiate to continue game&quot; is undefined
	io.cucumber.junit.UndefinedThrowable: The step &quot;The game shall be in replay mode&quot; is undefined
	io.cucumber.junit.UndefinedThrowable: The step &quot;I shall be notified that finished games cannot be continued&quot; is undefined
	at org.junit.vintage.engine.execution.TestRun.getStoredResultOrSuccessful(TestRun.java:179)
	at org.junit.vintage.engine.execution.RunListenerAdapter.fireExecutionFinished(RunListenerAdapter.java:211)
	at org.junit.vintage.engine.execution.RunListenerAdapter.testFinished(RunListenerAdapter.java:177)
	at org.junit.vintage.engine.execution.RunListenerAdapter.testFinished(RunListenerAdapter.java:76)
	at org.junit.runner.notification.SynchronizedRunListener.testFinished(SynchronizedRunListener.java:56)
	at org.junit.runner.notification.RunNotifier$7.notifyListener(RunNotifier.java:190)
	at org.junit.runner.notification.RunNotifier$SafeNotifier.run(RunNotifier.java:72)
	at org.junit.runner.notification.RunNotifier.fireTestFinished(RunNotifier.java:187)
	at io.cucumber.junit.JUnitReporter$EachTestNotifier.fireTestFinished(JUnitReporter.java:253)
	at io.cucumber.junit.JUnitReporter.handleTestCaseResult(JUnitReporter.java:178)
	at io.cucumber.junit.JUnitReporter$4.receive(JUnitReporter.java:66)
	at io.cucumber.junit.JUnitReporter$4.receive(JUnitReporter.java:62)
	at cucumber.runner.AbstractEventPublisher.send(AbstractEventPublisher.java:45)
	at cucumber.runner.AbstractEventBus.send(AbstractEventBus.java:9)
	at cucumber.runner.ThreadLocalRunnerSupplier$LocalEventBus.send(ThreadLocalRunnerSupplier.java:60)
	at cucumber.runner.TestCase.run(TestCase.java:55)
	at cucumber.runner.Runner.runPickle(Runner.java:50)
	at io.cucumber.junit.PickleRunners$NoStepDescriptions.run(PickleRunners.java:146)
	at io.cucumber.junit.FeatureRunner.runChild(FeatureRunner.java:68)
	at io.cucumber.junit.FeatureRunner.runChild(FeatureRunner.java:23)
	at org.junit.runners.ParentRunner$3.run(ParentRunner.java:290)
	at org.junit.runners.ParentRunner$1.schedule(ParentRunner.java:71)
	at org.junit.runners.ParentRunner.runChildren(ParentRunner.java:288)
	at org.junit.runners.ParentRunner.access$000(ParentRunner.java:58)
	at org.junit.runners.ParentRunner$2.evaluate(ParentRunner.java:268)
	at org.junit.runners.ParentRunner.run(ParentRunner.java:363)
	at io.cucumber.junit.Cucumber.runChild(Cucumber.java:144)
	at io.cucumber.junit.Cucumber.runChild(Cucumber.java:65)
	at org.junit.runners.ParentRunner$3.run(ParentRunner.java:290)
	at org.junit.runners.ParentRunner$1.schedule(ParentRunner.java:71)
	at org.junit.runners.ParentRunner.runChildren(ParentRunner.java:288)
	at org.junit.runners.ParentRunner.access$000(ParentRunner.java:58)
	at org.junit.runners.ParentRunner$2.evaluate(ParentRunner.java:268)
	at io.cucumber.junit.Cucumber$RunCucumber.evaluate(Cucumber.java:174)
	at org.junit.runners.ParentRunner.run(ParentRunner.java:363)
	at org.junit.runner.JUnitCore.run(JUnitCore.java:137)
	at org.junit.runner.JUnitCore.run(JUnitCore.java:115)
	at org.junit.vintage.engine.execution.RunnerExecutor.execute(RunnerExecutor.java:40)
	at java.base/java.util.stream.ForEachOps$ForEachOp$OfRef.accept(ForEachOps.java:183)
	at java.base/java.util.stream.ReferencePipeline$3$1.accept(ReferencePipeline.java:195)
	at java.base/java.util.Iterator.forEachRemaining(Iterator.java:133)
	at java.base/java.util.Spliterators$IteratorSpliterator.forEachRemaining(Spliterators.java:1801)
	at java.base/java.util.stream.AbstractPipeline.copyInto(AbstractPipeline.java:484)
	at java.base/java.util.stream.AbstractPipeline.wrapAndCopyInto(AbstractPipeline.java:474)
	at java.base/java.util.stream.ForEachOps$ForEachOp.evaluateSequential(ForEachOps.java:150)
	at java.base/java.util.stream.ForEachOps$ForEachOp$OfRef.evaluateSequential(ForEachOps.java:173)
	at java.base/java.util.stream.AbstractPipeline.evaluate(AbstractPipeline.java:234)
	at java.base/java.util.stream.ReferencePipeline.forEach(ReferencePipeline.java:497)
	at org.junit.vintage.engine.VintageTestEngine.executeAllChildren(VintageTestEngine.java:80)
	at org.junit.vintage.engine.VintageTestEngine.execute(VintageTestEngine.java:71)
	at org.junit.platform.launcher.core.DefaultLauncher.execute(DefaultLauncher.java:220)
	at org.junit.platform.launcher.core.DefaultLauncher.lambda$execute$6(DefaultLauncher.java:188)
	at org.junit.platform.launcher.core.DefaultLauncher.withInterceptedStreams(DefaultLauncher.java:202)
	at org.junit.platform.launcher.core.DefaultLauncher.execute(DefaultLauncher.java:181)
	at org.junit.platform.launcher.core.DefaultLauncher.execute(DefaultLauncher.java:128)
	at org.gradle.api.internal.tasks.testing.junitplatform.JUnitPlatformTestClassProcessor$CollectAllTestClassesExecutor.processAllTestClasses(JUnitPlatformTestClassProcessor.java:102)
	at org.gradle.api.internal.tasks.testing.junitplatform.JUnitPlatformTestClassProcessor$CollectAllTestClassesExecutor.access$000(JUnitPlatformTestClassProcessor.java:82)
	at org.gradle.api.internal.tasks.testing.junitplatform.JUnitPlatformTestClassProcessor.stop(JUnitPlatformTestClassProcessor.java:78)
	at org.gradle.api.internal.tasks.testing.SuiteTestClassProcessor.stop(SuiteTestClassProcessor.java:61)
	at java.base/jdk.internal.reflect.NativeMethodAccessorImpl.invoke0(Native Method)
	at java.base/jdk.internal.reflect.NativeMethodAccessorImpl.invoke(NativeMethodAccessorImpl.java:62)
	at java.base/jdk.internal.reflect.DelegatingMethodAccessorImpl.invoke(DelegatingMethodAccessorImpl.java:43)
	at java.base/java.lang.reflect.Method.invoke(Method.java:566)
	at org.gradle.internal.dispatch.ReflectionDispatch.dispatch(ReflectionDispatch.java:36)
	at org.gradle.internal.dispatch.ReflectionDispatch.dispatch(ReflectionDispatch.java:24)
	at org.gradle.internal.dispatch.ContextClassLoaderDispatch.dispatch(ContextClassLoaderDispatch.java:33)
	at org.gradle.internal.dispatch.ProxyDispatchAdapter$DispatchingInvocationHandler.invoke(ProxyDispatchAdapter.java:94)
	at com.sun.proxy.$Proxy2.stop(Unknown Source)
	at org.gradle.api.internal.tasks.testing.worker.TestWorker.stop(TestWorker.java:132)
	at java.base/jdk.internal.reflect.NativeMethodAccessorImpl.invoke0(Native Method)
	at java.base/jdk.internal.reflect.NativeMethodAccessorImpl.invoke(NativeMethodAccessorImpl.java:62)
	at java.base/jdk.internal.reflect.DelegatingMethodAccessorImpl.invoke(DelegatingMethodAccessorImpl.java:43)
	at java.base/java.lang.reflect.Method.invoke(Method.java:566)
	at org.gradle.internal.dispatch.ReflectionDispatch.dispatch(ReflectionDispatch.java:36)
	at org.gradle.internal.dispatch.ReflectionDispatch.dispatch(ReflectionDispatch.java:24)
	at org.gradle.internal.remote.internal.hub.MessageHubBackedObjectConnection$DispatchWrapper.dispatch(MessageHubBackedObjectConnection.java:182)
	at org.gradle.internal.remote.internal.hub.MessageHubBackedObjectConnection$DispatchWrapper.dispatch(MessageHubBackedObjectConnection.java:164)
	at org.gradle.internal.remote.internal.hub.MessageHub$Handler.run(MessageHub.java:412)
	at org.gradle.internal.concurrent.ExecutorPolicy$CatchAndRecordFailures.onExecute(ExecutorPolicy.java:64)
	at org.gradle.internal.concurrent.ManagedExecutorImpl$1.run(ManagedExecutorImpl.java:48)
	at java.base/java.util.concurrent.ThreadPoolExecutor.runWorker(ThreadPoolExecutor.java:1128)
	at java.base/java.util.concurrent.ThreadPoolExecutor$Worker.run(ThreadPoolExecutor.java:628)
	at org.gradle.internal.concurrent.ThreadFactoryImpl$ManagedThreadRunnable.run(ThreadFactoryImpl.java:56)
	at java.base/java.lang.Thread.run(Thread.java:834)
</failure>
  </testcase>
  <testcase name="Continue a finished game" classname="ca.mcgill.ecse223.quoridor.features.CucumberTestsRunner" time="0.023">
    <failure message="org.opentest4j.MultipleFailuresError: Multiple Failures (7 failures)&#13;&#10;&#9;io.cucumber.junit.UndefinedThrowable: The step &quot;The game is replay mode&quot; is undefined&#13;&#10;&#9;io.cucumber.junit.UndefinedThrowable: The step &quot;The following moves have been played in game:&quot; is undefined&#13;&#10;&#9;io.cucumber.junit.UndefinedThrowable: The step &quot;The game has a final result&quot; is undefined&#13;&#10;&#9;io.cucumber.junit.UndefinedThrowable: The step &quot;The next move is 2.2&quot; is undefined&#13;&#10;&#9;io.cucumber.junit.UndefinedThrowable: The step &quot;I initiate to continue game&quot; is undefined&#13;&#10;&#9;io.cucumber.junit.UndefinedThrowable: The step &quot;The game shall be in replay mode&quot; is undefined&#13;&#10;&#9;io.cucumber.junit.UndefinedThrowable: The step &quot;I shall be notified that finished games cannot be continued&quot; is undefined" type="org.opentest4j.MultipleFailuresError">org.opentest4j.MultipleFailuresError: Multiple Failures (7 failures)
	io.cucumber.junit.UndefinedThrowable: The step &quot;The game is replay mode&quot; is undefined
	io.cucumber.junit.UndefinedThrowable: The step &quot;The following moves have been played in game:&quot; is undefined
	io.cucumber.junit.UndefinedThrowable: The step &quot;The game has a final result&quot; is undefined
	io.cucumber.junit.UndefinedThrowable: The step &quot;The next move is 2.2&quot; is undefined
	io.cucumber.junit.UndefinedThrowable: The step &quot;I initiate to continue game&quot; is undefined
	io.cucumber.junit.UndefinedThrowable: The step &quot;The game shall be in replay mode&quot; is undefined
	io.cucumber.junit.UndefinedThrowable: The step &quot;I shall be notified that finished games cannot be continued&quot; is undefined
	at org.junit.vintage.engine.execution.TestRun.getStoredResultOrSuccessful(TestRun.java:179)
	at org.junit.vintage.engine.execution.RunListenerAdapter.fireExecutionFinished(RunListenerAdapter.java:211)
	at org.junit.vintage.engine.execution.RunListenerAdapter.testFinished(RunListenerAdapter.java:177)
	at org.junit.vintage.engine.execution.RunListenerAdapter.testFinished(RunListenerAdapter.java:76)
	at org.junit.runner.notification.SynchronizedRunListener.testFinished(SynchronizedRunListener.java:56)
	at org.junit.runner.notification.RunNotifier$7.notifyListener(RunNotifier.java:190)
	at org.junit.runner.notification.RunNotifier$SafeNotifier.run(RunNotifier.java:72)
	at org.junit.runner.notification.RunNotifier.fireTestFinished(RunNotifier.java:187)
	at io.cucumber.junit.JUnitReporter$EachTestNotifier.fireTestFinished(JUnitReporter.java:253)
	at io.cucumber.junit.JUnitReporter.handleTestCaseResult(JUnitReporter.java:178)
	at io.cucumber.junit.JUnitReporter$4.receive(JUnitReporter.java:66)
	at io.cucumber.junit.JUnitReporter$4.receive(JUnitReporter.java:62)
	at cucumber.runner.AbstractEventPublisher.send(AbstractEventPublisher.java:45)
	at cucumber.runner.AbstractEventBus.send(AbstractEventBus.java:9)
	at cucumber.runner.ThreadLocalRunnerSupplier$LocalEventBus.send(ThreadLocalRunnerSupplier.java:60)
	at cucumber.runner.TestCase.run(TestCase.java:55)
	at cucumber.runner.Runner.runPickle(Runner.java:50)
	at io.cucumber.junit.PickleRunners$NoStepDescriptions.run(PickleRunners.java:146)
	at io.cucumber.junit.FeatureRunner.runChild(FeatureRunner.java:68)
	at io.cucumber.junit.FeatureRunner.runChild(FeatureRunner.java:23)
	at org.junit.runners.ParentRunner$3.run(ParentRunner.java:290)
	at org.junit.runners.ParentRunner$1.schedule(ParentRunner.java:71)
	at org.junit.runners.ParentRunner.runChildren(ParentRunner.java:288)
	at org.junit.runners.ParentRunner.access$000(ParentRunner.java:58)
	at org.junit.runners.ParentRunner$2.evaluate(ParentRunner.java:268)
	at org.junit.runners.ParentRunner.run(ParentRunner.java:363)
	at io.cucumber.junit.Cucumber.runChild(Cucumber.java:144)
	at io.cucumber.junit.Cucumber.runChild(Cucumber.java:65)
	at org.junit.runners.ParentRunner$3.run(ParentRunner.java:290)
	at org.junit.runners.ParentRunner$1.schedule(ParentRunner.java:71)
	at org.junit.runners.ParentRunner.runChildren(ParentRunner.java:288)
	at org.junit.runners.ParentRunner.access$000(ParentRunner.java:58)
	at org.junit.runners.ParentRunner$2.evaluate(ParentRunner.java:268)
	at io.cucumber.junit.Cucumber$RunCucumber.evaluate(Cucumber.java:174)
	at org.junit.runners.ParentRunner.run(ParentRunner.java:363)
	at org.junit.runner.JUnitCore.run(JUnitCore.java:137)
	at org.junit.runner.JUnitCore.run(JUnitCore.java:115)
	at org.junit.vintage.engine.execution.RunnerExecutor.execute(RunnerExecutor.java:40)
	at java.base/java.util.stream.ForEachOps$ForEachOp$OfRef.accept(ForEachOps.java:183)
	at java.base/java.util.stream.ReferencePipeline$3$1.accept(ReferencePipeline.java:195)
	at java.base/java.util.Iterator.forEachRemaining(Iterator.java:133)
	at java.base/java.util.Spliterators$IteratorSpliterator.forEachRemaining(Spliterators.java:1801)
	at java.base/java.util.stream.AbstractPipeline.copyInto(AbstractPipeline.java:484)
	at java.base/java.util.stream.AbstractPipeline.wrapAndCopyInto(AbstractPipeline.java:474)
	at java.base/java.util.stream.ForEachOps$ForEachOp.evaluateSequential(ForEachOps.java:150)
	at java.base/java.util.stream.ForEachOps$ForEachOp$OfRef.evaluateSequential(ForEachOps.java:173)
	at java.base/java.util.stream.AbstractPipeline.evaluate(AbstractPipeline.java:234)
	at java.base/java.util.stream.ReferencePipeline.forEach(ReferencePipeline.java:497)
	at org.junit.vintage.engine.VintageTestEngine.executeAllChildren(VintageTestEngine.java:80)
	at org.junit.vintage.engine.VintageTestEngine.execute(VintageTestEngine.java:71)
	at org.junit.platform.launcher.core.DefaultLauncher.execute(DefaultLauncher.java:220)
	at org.junit.platform.launcher.core.DefaultLauncher.lambda$execute$6(DefaultLauncher.java:188)
	at org.junit.platform.launcher.core.DefaultLauncher.withInterceptedStreams(DefaultLauncher.java:202)
	at org.junit.platform.launcher.core.DefaultLauncher.execute(DefaultLauncher.java:181)
	at org.junit.platform.launcher.core.DefaultLauncher.execute(DefaultLauncher.java:128)
	at org.gradle.api.internal.tasks.testing.junitplatform.JUnitPlatformTestClassProcessor$CollectAllTestClassesExecutor.processAllTestClasses(JUnitPlatformTestClassProcessor.java:102)
	at org.gradle.api.internal.tasks.testing.junitplatform.JUnitPlatformTestClassProcessor$CollectAllTestClassesExecutor.access$000(JUnitPlatformTestClassProcessor.java:82)
	at org.gradle.api.internal.tasks.testing.junitplatform.JUnitPlatformTestClassProcessor.stop(JUnitPlatformTestClassProcessor.java:78)
	at org.gradle.api.internal.tasks.testing.SuiteTestClassProcessor.stop(SuiteTestClassProcessor.java:61)
	at java.base/jdk.internal.reflect.NativeMethodAccessorImpl.invoke0(Native Method)
	at java.base/jdk.internal.reflect.NativeMethodAccessorImpl.invoke(NativeMethodAccessorImpl.java:62)
	at java.base/jdk.internal.reflect.DelegatingMethodAccessorImpl.invoke(DelegatingMethodAccessorImpl.java:43)
	at java.base/java.lang.reflect.Method.invoke(Method.java:566)
	at org.gradle.internal.dispatch.ReflectionDispatch.dispatch(ReflectionDispatch.java:36)
	at org.gradle.internal.dispatch.ReflectionDispatch.dispatch(ReflectionDispatch.java:24)
	at org.gradle.internal.dispatch.ContextClassLoaderDispatch.dispatch(ContextClassLoaderDispatch.java:33)
	at org.gradle.internal.dispatch.ProxyDispatchAdapter$DispatchingInvocationHandler.invoke(ProxyDispatchAdapter.java:94)
	at com.sun.proxy.$Proxy2.stop(Unknown Source)
	at org.gradle.api.internal.tasks.testing.worker.TestWorker.stop(TestWorker.java:132)
	at java.base/jdk.internal.reflect.NativeMethodAccessorImpl.invoke0(Native Method)
	at java.base/jdk.internal.reflect.NativeMethodAccessorImpl.invoke(NativeMethodAccessorImpl.java:62)
	at java.base/jdk.internal.reflect.DelegatingMethodAccessorImpl.invoke(DelegatingMethodAccessorImpl.java:43)
	at java.base/java.lang.reflect.Method.invoke(Method.java:566)
	at org.gradle.internal.dispatch.ReflectionDispatch.dispatch(ReflectionDispatch.java:36)
	at org.gradle.internal.dispatch.ReflectionDispatch.dispatch(ReflectionDispatch.java:24)
	at org.gradle.internal.remote.internal.hub.MessageHubBackedObjectConnection$DispatchWrapper.dispatch(MessageHubBackedObjectConnection.java:182)
	at org.gradle.internal.remote.internal.hub.MessageHubBackedObjectConnection$DispatchWrapper.dispatch(MessageHubBackedObjectConnection.java:164)
	at org.gradle.internal.remote.internal.hub.MessageHub$Handler.run(MessageHub.java:412)
	at org.gradle.internal.concurrent.ExecutorPolicy$CatchAndRecordFailures.onExecute(ExecutorPolicy.java:64)
	at org.gradle.internal.concurrent.ManagedExecutorImpl$1.run(ManagedExecutorImpl.java:48)
	at java.base/java.util.concurrent.ThreadPoolExecutor.runWorker(ThreadPoolExecutor.java:1128)
	at java.base/java.util.concurrent.ThreadPoolExecutor$Worker.run(ThreadPoolExecutor.java:628)
	at org.gradle.internal.concurrent.ThreadFactoryImpl$ManagedThreadRunnable.run(ThreadFactoryImpl.java:56)
	at java.base/java.lang.Thread.run(Thread.java:834)
</failure>
  </testcase>
  <testcase name="Continue a finished game" classname="ca.mcgill.ecse223.quoridor.features.CucumberTestsRunner" time="0.027">
    <failure message="org.opentest4j.MultipleFailuresError: Multiple Failures (7 failures)&#13;&#10;&#9;io.cucumber.junit.UndefinedThrowable: The step &quot;The game is replay mode&quot; is undefined&#13;&#10;&#9;io.cucumber.junit.UndefinedThrowable: The step &quot;The following moves have been played in game:&quot; is undefined&#13;&#10;&#9;io.cucumber.junit.UndefinedThrowable: The step &quot;The game has a final result&quot; is undefined&#13;&#10;&#9;io.cucumber.junit.UndefinedThrowable: The step &quot;The next move is 4.1&quot; is undefined&#13;&#10;&#9;io.cucumber.junit.UndefinedThrowable: The step &quot;I initiate to continue game&quot; is undefined&#13;&#10;&#9;io.cucumber.junit.UndefinedThrowable: The step &quot;The game shall be in replay mode&quot; is undefined&#13;&#10;&#9;io.cucumber.junit.UndefinedThrowable: The step &quot;I shall be notified that finished games cannot be continued&quot; is undefined" type="org.opentest4j.MultipleFailuresError">org.opentest4j.MultipleFailuresError: Multiple Failures (7 failures)
	io.cucumber.junit.UndefinedThrowable: The step &quot;The game is replay mode&quot; is undefined
	io.cucumber.junit.UndefinedThrowable: The step &quot;The following moves have been played in game:&quot; is undefined
	io.cucumber.junit.UndefinedThrowable: The step &quot;The game has a final result&quot; is undefined
	io.cucumber.junit.UndefinedThrowable: The step &quot;The next move is 4.1&quot; is undefined
	io.cucumber.junit.UndefinedThrowable: The step &quot;I initiate to continue game&quot; is undefined
	io.cucumber.junit.UndefinedThrowable: The step &quot;The game shall be in replay mode&quot; is undefined
	io.cucumber.junit.UndefinedThrowable: The step &quot;I shall be notified that finished games cannot be continued&quot; is undefined
	at org.junit.vintage.engine.execution.TestRun.getStoredResultOrSuccessful(TestRun.java:179)
	at org.junit.vintage.engine.execution.RunListenerAdapter.fireExecutionFinished(RunListenerAdapter.java:211)
	at org.junit.vintage.engine.execution.RunListenerAdapter.testFinished(RunListenerAdapter.java:177)
	at org.junit.vintage.engine.execution.RunListenerAdapter.testFinished(RunListenerAdapter.java:76)
	at org.junit.runner.notification.SynchronizedRunListener.testFinished(SynchronizedRunListener.java:56)
	at org.junit.runner.notification.RunNotifier$7.notifyListener(RunNotifier.java:190)
	at org.junit.runner.notification.RunNotifier$SafeNotifier.run(RunNotifier.java:72)
	at org.junit.runner.notification.RunNotifier.fireTestFinished(RunNotifier.java:187)
	at io.cucumber.junit.JUnitReporter$EachTestNotifier.fireTestFinished(JUnitReporter.java:253)
	at io.cucumber.junit.JUnitReporter.handleTestCaseResult(JUnitReporter.java:178)
	at io.cucumber.junit.JUnitReporter$4.receive(JUnitReporter.java:66)
	at io.cucumber.junit.JUnitReporter$4.receive(JUnitReporter.java:62)
	at cucumber.runner.AbstractEventPublisher.send(AbstractEventPublisher.java:45)
	at cucumber.runner.AbstractEventBus.send(AbstractEventBus.java:9)
	at cucumber.runner.ThreadLocalRunnerSupplier$LocalEventBus.send(ThreadLocalRunnerSupplier.java:60)
	at cucumber.runner.TestCase.run(TestCase.java:55)
	at cucumber.runner.Runner.runPickle(Runner.java:50)
	at io.cucumber.junit.PickleRunners$NoStepDescriptions.run(PickleRunners.java:146)
	at io.cucumber.junit.FeatureRunner.runChild(FeatureRunner.java:68)
	at io.cucumber.junit.FeatureRunner.runChild(FeatureRunner.java:23)
	at org.junit.runners.ParentRunner$3.run(ParentRunner.java:290)
	at org.junit.runners.ParentRunner$1.schedule(ParentRunner.java:71)
	at org.junit.runners.ParentRunner.runChildren(ParentRunner.java:288)
	at org.junit.runners.ParentRunner.access$000(ParentRunner.java:58)
	at org.junit.runners.ParentRunner$2.evaluate(ParentRunner.java:268)
	at org.junit.runners.ParentRunner.run(ParentRunner.java:363)
	at io.cucumber.junit.Cucumber.runChild(Cucumber.java:144)
	at io.cucumber.junit.Cucumber.runChild(Cucumber.java:65)
	at org.junit.runners.ParentRunner$3.run(ParentRunner.java:290)
	at org.junit.runners.ParentRunner$1.schedule(ParentRunner.java:71)
	at org.junit.runners.ParentRunner.runChildren(ParentRunner.java:288)
	at org.junit.runners.ParentRunner.access$000(ParentRunner.java:58)
	at org.junit.runners.ParentRunner$2.evaluate(ParentRunner.java:268)
	at io.cucumber.junit.Cucumber$RunCucumber.evaluate(Cucumber.java:174)
	at org.junit.runners.ParentRunner.run(ParentRunner.java:363)
	at org.junit.runner.JUnitCore.run(JUnitCore.java:137)
	at org.junit.runner.JUnitCore.run(JUnitCore.java:115)
	at org.junit.vintage.engine.execution.RunnerExecutor.execute(RunnerExecutor.java:40)
	at java.base/java.util.stream.ForEachOps$ForEachOp$OfRef.accept(ForEachOps.java:183)
	at java.base/java.util.stream.ReferencePipeline$3$1.accept(ReferencePipeline.java:195)
	at java.base/java.util.Iterator.forEachRemaining(Iterator.java:133)
	at java.base/java.util.Spliterators$IteratorSpliterator.forEachRemaining(Spliterators.java:1801)
	at java.base/java.util.stream.AbstractPipeline.copyInto(AbstractPipeline.java:484)
	at java.base/java.util.stream.AbstractPipeline.wrapAndCopyInto(AbstractPipeline.java:474)
	at java.base/java.util.stream.ForEachOps$ForEachOp.evaluateSequential(ForEachOps.java:150)
	at java.base/java.util.stream.ForEachOps$ForEachOp$OfRef.evaluateSequential(ForEachOps.java:173)
	at java.base/java.util.stream.AbstractPipeline.evaluate(AbstractPipeline.java:234)
	at java.base/java.util.stream.ReferencePipeline.forEach(ReferencePipeline.java:497)
	at org.junit.vintage.engine.VintageTestEngine.executeAllChildren(VintageTestEngine.java:80)
	at org.junit.vintage.engine.VintageTestEngine.execute(VintageTestEngine.java:71)
	at org.junit.platform.launcher.core.DefaultLauncher.execute(DefaultLauncher.java:220)
	at org.junit.platform.launcher.core.DefaultLauncher.lambda$execute$6(DefaultLauncher.java:188)
	at org.junit.platform.launcher.core.DefaultLauncher.withInterceptedStreams(DefaultLauncher.java:202)
	at org.junit.platform.launcher.core.DefaultLauncher.execute(DefaultLauncher.java:181)
	at org.junit.platform.launcher.core.DefaultLauncher.execute(DefaultLauncher.java:128)
	at org.gradle.api.internal.tasks.testing.junitplatform.JUnitPlatformTestClassProcessor$CollectAllTestClassesExecutor.processAllTestClasses(JUnitPlatformTestClassProcessor.java:102)
	at org.gradle.api.internal.tasks.testing.junitplatform.JUnitPlatformTestClassProcessor$CollectAllTestClassesExecutor.access$000(JUnitPlatformTestClassProcessor.java:82)
	at org.gradle.api.internal.tasks.testing.junitplatform.JUnitPlatformTestClassProcessor.stop(JUnitPlatformTestClassProcessor.java:78)
	at org.gradle.api.internal.tasks.testing.SuiteTestClassProcessor.stop(SuiteTestClassProcessor.java:61)
	at java.base/jdk.internal.reflect.NativeMethodAccessorImpl.invoke0(Native Method)
	at java.base/jdk.internal.reflect.NativeMethodAccessorImpl.invoke(NativeMethodAccessorImpl.java:62)
	at java.base/jdk.internal.reflect.DelegatingMethodAccessorImpl.invoke(DelegatingMethodAccessorImpl.java:43)
	at java.base/java.lang.reflect.Method.invoke(Method.java:566)
	at org.gradle.internal.dispatch.ReflectionDispatch.dispatch(ReflectionDispatch.java:36)
	at org.gradle.internal.dispatch.ReflectionDispatch.dispatch(ReflectionDispatch.java:24)
	at org.gradle.internal.dispatch.ContextClassLoaderDispatch.dispatch(ContextClassLoaderDispatch.java:33)
	at org.gradle.internal.dispatch.ProxyDispatchAdapter$DispatchingInvocationHandler.invoke(ProxyDispatchAdapter.java:94)
	at com.sun.proxy.$Proxy2.stop(Unknown Source)
	at org.gradle.api.internal.tasks.testing.worker.TestWorker.stop(TestWorker.java:132)
	at java.base/jdk.internal.reflect.NativeMethodAccessorImpl.invoke0(Native Method)
	at java.base/jdk.internal.reflect.NativeMethodAccessorImpl.invoke(NativeMethodAccessorImpl.java:62)
	at java.base/jdk.internal.reflect.DelegatingMethodAccessorImpl.invoke(DelegatingMethodAccessorImpl.java:43)
	at java.base/java.lang.reflect.Method.invoke(Method.java:566)
	at org.gradle.internal.dispatch.ReflectionDispatch.dispatch(ReflectionDispatch.java:36)
	at org.gradle.internal.dispatch.ReflectionDispatch.dispatch(ReflectionDispatch.java:24)
	at org.gradle.internal.remote.internal.hub.MessageHubBackedObjectConnection$DispatchWrapper.dispatch(MessageHubBackedObjectConnection.java:182)
	at org.gradle.internal.remote.internal.hub.MessageHubBackedObjectConnection$DispatchWrapper.dispatch(MessageHubBackedObjectConnection.java:164)
	at org.gradle.internal.remote.internal.hub.MessageHub$Handler.run(MessageHub.java:412)
	at org.gradle.internal.concurrent.ExecutorPolicy$CatchAndRecordFailures.onExecute(ExecutorPolicy.java:64)
	at org.gradle.internal.concurrent.ManagedExecutorImpl$1.run(ManagedExecutorImpl.java:48)
	at java.base/java.util.concurrent.ThreadPoolExecutor.runWorker(ThreadPoolExecutor.java:1128)
	at java.base/java.util.concurrent.ThreadPoolExecutor$Worker.run(ThreadPoolExecutor.java:628)
	at org.gradle.internal.concurrent.ThreadFactoryImpl$ManagedThreadRunnable.run(ThreadFactoryImpl.java:56)
	at java.base/java.lang.Thread.run(Thread.java:834)
</failure>
  </testcase>
  <testcase name="Start wall placement" classname="ca.mcgill.ecse223.quoridor.features.CucumberTestsRunner" time="0.045"/>
  <testcase name="No more walls in stock" classname="ca.mcgill.ecse223.quoridor.features.CucumberTestsRunner" time="0.046"/>
  <testcase name="Player repeats for the third time" classname="ca.mcgill.ecse223.quoridor.features.CucumberTestsRunner" time="0.016">
    <failure message="org.opentest4j.MultipleFailuresError: Multiple Failures (6 failures)&#13;&#10;&#9;io.cucumber.junit.UndefinedThrowable: The step &quot;The following moves were executed:&quot; is undefined&#13;&#10;&#9;io.cucumber.junit.UndefinedThrowable: The step &quot;Player &quot;white&quot; has just completed his move&quot; is undefined&#13;&#10;&#9;io.cucumber.junit.UndefinedThrowable: The step &quot;The last move of &quot;white&quot; is pawn move to 8:5&quot; is undefined&#13;&#10;&#9;io.cucumber.junit.UndefinedThrowable: The step &quot;Checking of game result is initated&quot; is undefined&#13;&#10;&#9;io.cucumber.junit.UndefinedThrowable: The step &quot;Game result shall be &quot;Drawn&quot;&quot; is undefined&#13;&#10;&#9;io.cucumber.junit.UndefinedThrowable: The step &quot;The game shall no longer be running&quot; is undefined" type="org.opentest4j.MultipleFailuresError">org.opentest4j.MultipleFailuresError: Multiple Failures (6 failures)
	io.cucumber.junit.UndefinedThrowable: The step &quot;The following moves were executed:&quot; is undefined
	io.cucumber.junit.UndefinedThrowable: The step &quot;Player &quot;white&quot; has just completed his move&quot; is undefined
	io.cucumber.junit.UndefinedThrowable: The step &quot;The last move of &quot;white&quot; is pawn move to 8:5&quot; is undefined
	io.cucumber.junit.UndefinedThrowable: The step &quot;Checking of game result is initated&quot; is undefined
	io.cucumber.junit.UndefinedThrowable: The step &quot;Game result shall be &quot;Drawn&quot;&quot; is undefined
	io.cucumber.junit.UndefinedThrowable: The step &quot;The game shall no longer be running&quot; is undefined
	at org.junit.vintage.engine.execution.TestRun.getStoredResultOrSuccessful(TestRun.java:179)
	at org.junit.vintage.engine.execution.RunListenerAdapter.fireExecutionFinished(RunListenerAdapter.java:211)
	at org.junit.vintage.engine.execution.RunListenerAdapter.testFinished(RunListenerAdapter.java:177)
	at org.junit.vintage.engine.execution.RunListenerAdapter.testFinished(RunListenerAdapter.java:76)
	at org.junit.runner.notification.SynchronizedRunListener.testFinished(SynchronizedRunListener.java:56)
	at org.junit.runner.notification.RunNotifier$7.notifyListener(RunNotifier.java:190)
	at org.junit.runner.notification.RunNotifier$SafeNotifier.run(RunNotifier.java:72)
	at org.junit.runner.notification.RunNotifier.fireTestFinished(RunNotifier.java:187)
	at io.cucumber.junit.JUnitReporter$EachTestNotifier.fireTestFinished(JUnitReporter.java:253)
	at io.cucumber.junit.JUnitReporter.handleTestCaseResult(JUnitReporter.java:178)
	at io.cucumber.junit.JUnitReporter$4.receive(JUnitReporter.java:66)
	at io.cucumber.junit.JUnitReporter$4.receive(JUnitReporter.java:62)
	at cucumber.runner.AbstractEventPublisher.send(AbstractEventPublisher.java:45)
	at cucumber.runner.AbstractEventBus.send(AbstractEventBus.java:9)
	at cucumber.runner.ThreadLocalRunnerSupplier$LocalEventBus.send(ThreadLocalRunnerSupplier.java:60)
	at cucumber.runner.TestCase.run(TestCase.java:55)
	at cucumber.runner.Runner.runPickle(Runner.java:50)
	at io.cucumber.junit.PickleRunners$NoStepDescriptions.run(PickleRunners.java:146)
	at io.cucumber.junit.FeatureRunner.runChild(FeatureRunner.java:68)
	at io.cucumber.junit.FeatureRunner.runChild(FeatureRunner.java:23)
	at org.junit.runners.ParentRunner$3.run(ParentRunner.java:290)
	at org.junit.runners.ParentRunner$1.schedule(ParentRunner.java:71)
	at org.junit.runners.ParentRunner.runChildren(ParentRunner.java:288)
	at org.junit.runners.ParentRunner.access$000(ParentRunner.java:58)
	at org.junit.runners.ParentRunner$2.evaluate(ParentRunner.java:268)
	at org.junit.runners.ParentRunner.run(ParentRunner.java:363)
	at io.cucumber.junit.Cucumber.runChild(Cucumber.java:144)
	at io.cucumber.junit.Cucumber.runChild(Cucumber.java:65)
	at org.junit.runners.ParentRunner$3.run(ParentRunner.java:290)
	at org.junit.runners.ParentRunner$1.schedule(ParentRunner.java:71)
	at org.junit.runners.ParentRunner.runChildren(ParentRunner.java:288)
	at org.junit.runners.ParentRunner.access$000(ParentRunner.java:58)
	at org.junit.runners.ParentRunner$2.evaluate(ParentRunner.java:268)
	at io.cucumber.junit.Cucumber$RunCucumber.evaluate(Cucumber.java:174)
	at org.junit.runners.ParentRunner.run(ParentRunner.java:363)
	at org.junit.runner.JUnitCore.run(JUnitCore.java:137)
	at org.junit.runner.JUnitCore.run(JUnitCore.java:115)
	at org.junit.vintage.engine.execution.RunnerExecutor.execute(RunnerExecutor.java:40)
	at java.base/java.util.stream.ForEachOps$ForEachOp$OfRef.accept(ForEachOps.java:183)
	at java.base/java.util.stream.ReferencePipeline$3$1.accept(ReferencePipeline.java:195)
	at java.base/java.util.Iterator.forEachRemaining(Iterator.java:133)
	at java.base/java.util.Spliterators$IteratorSpliterator.forEachRemaining(Spliterators.java:1801)
	at java.base/java.util.stream.AbstractPipeline.copyInto(AbstractPipeline.java:484)
	at java.base/java.util.stream.AbstractPipeline.wrapAndCopyInto(AbstractPipeline.java:474)
	at java.base/java.util.stream.ForEachOps$ForEachOp.evaluateSequential(ForEachOps.java:150)
	at java.base/java.util.stream.ForEachOps$ForEachOp$OfRef.evaluateSequential(ForEachOps.java:173)
	at java.base/java.util.stream.AbstractPipeline.evaluate(AbstractPipeline.java:234)
	at java.base/java.util.stream.ReferencePipeline.forEach(ReferencePipeline.java:497)
	at org.junit.vintage.engine.VintageTestEngine.executeAllChildren(VintageTestEngine.java:80)
	at org.junit.vintage.engine.VintageTestEngine.execute(VintageTestEngine.java:71)
	at org.junit.platform.launcher.core.DefaultLauncher.execute(DefaultLauncher.java:220)
	at org.junit.platform.launcher.core.DefaultLauncher.lambda$execute$6(DefaultLauncher.java:188)
	at org.junit.platform.launcher.core.DefaultLauncher.withInterceptedStreams(DefaultLauncher.java:202)
	at org.junit.platform.launcher.core.DefaultLauncher.execute(DefaultLauncher.java:181)
	at org.junit.platform.launcher.core.DefaultLauncher.execute(DefaultLauncher.java:128)
	at org.gradle.api.internal.tasks.testing.junitplatform.JUnitPlatformTestClassProcessor$CollectAllTestClassesExecutor.processAllTestClasses(JUnitPlatformTestClassProcessor.java:102)
	at org.gradle.api.internal.tasks.testing.junitplatform.JUnitPlatformTestClassProcessor$CollectAllTestClassesExecutor.access$000(JUnitPlatformTestClassProcessor.java:82)
	at org.gradle.api.internal.tasks.testing.junitplatform.JUnitPlatformTestClassProcessor.stop(JUnitPlatformTestClassProcessor.java:78)
	at org.gradle.api.internal.tasks.testing.SuiteTestClassProcessor.stop(SuiteTestClassProcessor.java:61)
	at java.base/jdk.internal.reflect.NativeMethodAccessorImpl.invoke0(Native Method)
	at java.base/jdk.internal.reflect.NativeMethodAccessorImpl.invoke(NativeMethodAccessorImpl.java:62)
	at java.base/jdk.internal.reflect.DelegatingMethodAccessorImpl.invoke(DelegatingMethodAccessorImpl.java:43)
	at java.base/java.lang.reflect.Method.invoke(Method.java:566)
	at org.gradle.internal.dispatch.ReflectionDispatch.dispatch(ReflectionDispatch.java:36)
	at org.gradle.internal.dispatch.ReflectionDispatch.dispatch(ReflectionDispatch.java:24)
	at org.gradle.internal.dispatch.ContextClassLoaderDispatch.dispatch(ContextClassLoaderDispatch.java:33)
	at org.gradle.internal.dispatch.ProxyDispatchAdapter$DispatchingInvocationHandler.invoke(ProxyDispatchAdapter.java:94)
	at com.sun.proxy.$Proxy2.stop(Unknown Source)
	at org.gradle.api.internal.tasks.testing.worker.TestWorker.stop(TestWorker.java:132)
	at java.base/jdk.internal.reflect.NativeMethodAccessorImpl.invoke0(Native Method)
	at java.base/jdk.internal.reflect.NativeMethodAccessorImpl.invoke(NativeMethodAccessorImpl.java:62)
	at java.base/jdk.internal.reflect.DelegatingMethodAccessorImpl.invoke(DelegatingMethodAccessorImpl.java:43)
	at java.base/java.lang.reflect.Method.invoke(Method.java:566)
	at org.gradle.internal.dispatch.ReflectionDispatch.dispatch(ReflectionDispatch.java:36)
	at org.gradle.internal.dispatch.ReflectionDispatch.dispatch(ReflectionDispatch.java:24)
	at org.gradle.internal.remote.internal.hub.MessageHubBackedObjectConnection$DispatchWrapper.dispatch(MessageHubBackedObjectConnection.java:182)
	at org.gradle.internal.remote.internal.hub.MessageHubBackedObjectConnection$DispatchWrapper.dispatch(MessageHubBackedObjectConnection.java:164)
	at org.gradle.internal.remote.internal.hub.MessageHub$Handler.run(MessageHub.java:412)
	at org.gradle.internal.concurrent.ExecutorPolicy$CatchAndRecordFailures.onExecute(ExecutorPolicy.java:64)
	at org.gradle.internal.concurrent.ManagedExecutorImpl$1.run(ManagedExecutorImpl.java:48)
	at java.base/java.util.concurrent.ThreadPoolExecutor.runWorker(ThreadPoolExecutor.java:1128)
	at java.base/java.util.concurrent.ThreadPoolExecutor$Worker.run(ThreadPoolExecutor.java:628)
	at org.gradle.internal.concurrent.ThreadFactoryImpl$ManagedThreadRunnable.run(ThreadFactoryImpl.java:56)
	at java.base/java.lang.Thread.run(Thread.java:834)
</failure>
  </testcase>
  <testcase name="Player deviates for the third time" classname="ca.mcgill.ecse223.quoridor.features.CucumberTestsRunner" time="0.012">
    <failure message="org.opentest4j.MultipleFailuresError: Multiple Failures (5 failures)&#13;&#10;&#9;io.cucumber.junit.UndefinedThrowable: The step &quot;The following moves were executed:&quot; is undefined&#13;&#10;&#9;io.cucumber.junit.UndefinedThrowable: The step &quot;Player &quot;white&quot; has just completed his move&quot; is undefined&#13;&#10;&#9;io.cucumber.junit.UndefinedThrowable: The step &quot;The last move of &quot;white&quot; is pawn move to 8:4&quot; is undefined&#13;&#10;&#9;io.cucumber.junit.UndefinedThrowable: The step &quot;Checking of game result is initated&quot; is undefined&#13;&#10;&#9;io.cucumber.junit.UndefinedThrowable: The step &quot;Game result shall be &quot;Pending&quot;&quot; is undefined" type="org.opentest4j.MultipleFailuresError">org.opentest4j.MultipleFailuresError: Multiple Failures (5 failures)
	io.cucumber.junit.UndefinedThrowable: The step &quot;The following moves were executed:&quot; is undefined
	io.cucumber.junit.UndefinedThrowable: The step &quot;Player &quot;white&quot; has just completed his move&quot; is undefined
	io.cucumber.junit.UndefinedThrowable: The step &quot;The last move of &quot;white&quot; is pawn move to 8:4&quot; is undefined
	io.cucumber.junit.UndefinedThrowable: The step &quot;Checking of game result is initated&quot; is undefined
	io.cucumber.junit.UndefinedThrowable: The step &quot;Game result shall be &quot;Pending&quot;&quot; is undefined
	at org.junit.vintage.engine.execution.TestRun.getStoredResultOrSuccessful(TestRun.java:179)
	at org.junit.vintage.engine.execution.RunListenerAdapter.fireExecutionFinished(RunListenerAdapter.java:211)
	at org.junit.vintage.engine.execution.RunListenerAdapter.testFinished(RunListenerAdapter.java:177)
	at org.junit.vintage.engine.execution.RunListenerAdapter.testFinished(RunListenerAdapter.java:76)
	at org.junit.runner.notification.SynchronizedRunListener.testFinished(SynchronizedRunListener.java:56)
	at org.junit.runner.notification.RunNotifier$7.notifyListener(RunNotifier.java:190)
	at org.junit.runner.notification.RunNotifier$SafeNotifier.run(RunNotifier.java:72)
	at org.junit.runner.notification.RunNotifier.fireTestFinished(RunNotifier.java:187)
	at io.cucumber.junit.JUnitReporter$EachTestNotifier.fireTestFinished(JUnitReporter.java:253)
	at io.cucumber.junit.JUnitReporter.handleTestCaseResult(JUnitReporter.java:178)
	at io.cucumber.junit.JUnitReporter$4.receive(JUnitReporter.java:66)
	at io.cucumber.junit.JUnitReporter$4.receive(JUnitReporter.java:62)
	at cucumber.runner.AbstractEventPublisher.send(AbstractEventPublisher.java:45)
	at cucumber.runner.AbstractEventBus.send(AbstractEventBus.java:9)
	at cucumber.runner.ThreadLocalRunnerSupplier$LocalEventBus.send(ThreadLocalRunnerSupplier.java:60)
	at cucumber.runner.TestCase.run(TestCase.java:55)
	at cucumber.runner.Runner.runPickle(Runner.java:50)
	at io.cucumber.junit.PickleRunners$NoStepDescriptions.run(PickleRunners.java:146)
	at io.cucumber.junit.FeatureRunner.runChild(FeatureRunner.java:68)
	at io.cucumber.junit.FeatureRunner.runChild(FeatureRunner.java:23)
	at org.junit.runners.ParentRunner$3.run(ParentRunner.java:290)
	at org.junit.runners.ParentRunner$1.schedule(ParentRunner.java:71)
	at org.junit.runners.ParentRunner.runChildren(ParentRunner.java:288)
	at org.junit.runners.ParentRunner.access$000(ParentRunner.java:58)
	at org.junit.runners.ParentRunner$2.evaluate(ParentRunner.java:268)
	at org.junit.runners.ParentRunner.run(ParentRunner.java:363)
	at io.cucumber.junit.Cucumber.runChild(Cucumber.java:144)
	at io.cucumber.junit.Cucumber.runChild(Cucumber.java:65)
	at org.junit.runners.ParentRunner$3.run(ParentRunner.java:290)
	at org.junit.runners.ParentRunner$1.schedule(ParentRunner.java:71)
	at org.junit.runners.ParentRunner.runChildren(ParentRunner.java:288)
	at org.junit.runners.ParentRunner.access$000(ParentRunner.java:58)
	at org.junit.runners.ParentRunner$2.evaluate(ParentRunner.java:268)
	at io.cucumber.junit.Cucumber$RunCucumber.evaluate(Cucumber.java:174)
	at org.junit.runners.ParentRunner.run(ParentRunner.java:363)
	at org.junit.runner.JUnitCore.run(JUnitCore.java:137)
	at org.junit.runner.JUnitCore.run(JUnitCore.java:115)
	at org.junit.vintage.engine.execution.RunnerExecutor.execute(RunnerExecutor.java:40)
	at java.base/java.util.stream.ForEachOps$ForEachOp$OfRef.accept(ForEachOps.java:183)
	at java.base/java.util.stream.ReferencePipeline$3$1.accept(ReferencePipeline.java:195)
	at java.base/java.util.Iterator.forEachRemaining(Iterator.java:133)
	at java.base/java.util.Spliterators$IteratorSpliterator.forEachRemaining(Spliterators.java:1801)
	at java.base/java.util.stream.AbstractPipeline.copyInto(AbstractPipeline.java:484)
	at java.base/java.util.stream.AbstractPipeline.wrapAndCopyInto(AbstractPipeline.java:474)
	at java.base/java.util.stream.ForEachOps$ForEachOp.evaluateSequential(ForEachOps.java:150)
	at java.base/java.util.stream.ForEachOps$ForEachOp$OfRef.evaluateSequential(ForEachOps.java:173)
	at java.base/java.util.stream.AbstractPipeline.evaluate(AbstractPipeline.java:234)
	at java.base/java.util.stream.ReferencePipeline.forEach(ReferencePipeline.java:497)
	at org.junit.vintage.engine.VintageTestEngine.executeAllChildren(VintageTestEngine.java:80)
	at org.junit.vintage.engine.VintageTestEngine.execute(VintageTestEngine.java:71)
	at org.junit.platform.launcher.core.DefaultLauncher.execute(DefaultLauncher.java:220)
	at org.junit.platform.launcher.core.DefaultLauncher.lambda$execute$6(DefaultLauncher.java:188)
	at org.junit.platform.launcher.core.DefaultLauncher.withInterceptedStreams(DefaultLauncher.java:202)
	at org.junit.platform.launcher.core.DefaultLauncher.execute(DefaultLauncher.java:181)
	at org.junit.platform.launcher.core.DefaultLauncher.execute(DefaultLauncher.java:128)
	at org.gradle.api.internal.tasks.testing.junitplatform.JUnitPlatformTestClassProcessor$CollectAllTestClassesExecutor.processAllTestClasses(JUnitPlatformTestClassProcessor.java:102)
	at org.gradle.api.internal.tasks.testing.junitplatform.JUnitPlatformTestClassProcessor$CollectAllTestClassesExecutor.access$000(JUnitPlatformTestClassProcessor.java:82)
	at org.gradle.api.internal.tasks.testing.junitplatform.JUnitPlatformTestClassProcessor.stop(JUnitPlatformTestClassProcessor.java:78)
	at org.gradle.api.internal.tasks.testing.SuiteTestClassProcessor.stop(SuiteTestClassProcessor.java:61)
	at java.base/jdk.internal.reflect.NativeMethodAccessorImpl.invoke0(Native Method)
	at java.base/jdk.internal.reflect.NativeMethodAccessorImpl.invoke(NativeMethodAccessorImpl.java:62)
	at java.base/jdk.internal.reflect.DelegatingMethodAccessorImpl.invoke(DelegatingMethodAccessorImpl.java:43)
	at java.base/java.lang.reflect.Method.invoke(Method.java:566)
	at org.gradle.internal.dispatch.ReflectionDispatch.dispatch(ReflectionDispatch.java:36)
	at org.gradle.internal.dispatch.ReflectionDispatch.dispatch(ReflectionDispatch.java:24)
	at org.gradle.internal.dispatch.ContextClassLoaderDispatch.dispatch(ContextClassLoaderDispatch.java:33)
	at org.gradle.internal.dispatch.ProxyDispatchAdapter$DispatchingInvocationHandler.invoke(ProxyDispatchAdapter.java:94)
	at com.sun.proxy.$Proxy2.stop(Unknown Source)
	at org.gradle.api.internal.tasks.testing.worker.TestWorker.stop(TestWorker.java:132)
	at java.base/jdk.internal.reflect.NativeMethodAccessorImpl.invoke0(Native Method)
	at java.base/jdk.internal.reflect.NativeMethodAccessorImpl.invoke(NativeMethodAccessorImpl.java:62)
	at java.base/jdk.internal.reflect.DelegatingMethodAccessorImpl.invoke(DelegatingMethodAccessorImpl.java:43)
	at java.base/java.lang.reflect.Method.invoke(Method.java:566)
	at org.gradle.internal.dispatch.ReflectionDispatch.dispatch(ReflectionDispatch.java:36)
	at org.gradle.internal.dispatch.ReflectionDispatch.dispatch(ReflectionDispatch.java:24)
	at org.gradle.internal.remote.internal.hub.MessageHubBackedObjectConnection$DispatchWrapper.dispatch(MessageHubBackedObjectConnection.java:182)
	at org.gradle.internal.remote.internal.hub.MessageHubBackedObjectConnection$DispatchWrapper.dispatch(MessageHubBackedObjectConnection.java:164)
	at org.gradle.internal.remote.internal.hub.MessageHub$Handler.run(MessageHub.java:412)
	at org.gradle.internal.concurrent.ExecutorPolicy$CatchAndRecordFailures.onExecute(ExecutorPolicy.java:64)
	at org.gradle.internal.concurrent.ManagedExecutorImpl$1.run(ManagedExecutorImpl.java:48)
	at java.base/java.util.concurrent.ThreadPoolExecutor.runWorker(ThreadPoolExecutor.java:1128)
	at java.base/java.util.concurrent.ThreadPoolExecutor$Worker.run(ThreadPoolExecutor.java:628)
	at org.gradle.internal.concurrent.ThreadFactoryImpl$ManagedThreadRunnable.run(ThreadFactoryImpl.java:56)
	at java.base/java.lang.Thread.run(Thread.java:834)
</failure>
  </testcase>
  <testcase name="Player deviates for the third time" classname="ca.mcgill.ecse223.quoridor.features.CucumberTestsRunner" time="0.012">
    <failure message="org.opentest4j.MultipleFailuresError: Multiple Failures (5 failures)&#13;&#10;&#9;io.cucumber.junit.UndefinedThrowable: The step &quot;The following moves were executed:&quot; is undefined&#13;&#10;&#9;io.cucumber.junit.UndefinedThrowable: The step &quot;Player &quot;white&quot; has just completed his move&quot; is undefined&#13;&#10;&#9;io.cucumber.junit.UndefinedThrowable: The step &quot;The last move of &quot;white&quot; is pawn move to 8:6&quot; is undefined&#13;&#10;&#9;io.cucumber.junit.UndefinedThrowable: The step &quot;Checking of game result is initated&quot; is undefined&#13;&#10;&#9;io.cucumber.junit.UndefinedThrowable: The step &quot;Game result shall be &quot;Pending&quot;&quot; is undefined" type="org.opentest4j.MultipleFailuresError">org.opentest4j.MultipleFailuresError: Multiple Failures (5 failures)
	io.cucumber.junit.UndefinedThrowable: The step &quot;The following moves were executed:&quot; is undefined
	io.cucumber.junit.UndefinedThrowable: The step &quot;Player &quot;white&quot; has just completed his move&quot; is undefined
	io.cucumber.junit.UndefinedThrowable: The step &quot;The last move of &quot;white&quot; is pawn move to 8:6&quot; is undefined
	io.cucumber.junit.UndefinedThrowable: The step &quot;Checking of game result is initated&quot; is undefined
	io.cucumber.junit.UndefinedThrowable: The step &quot;Game result shall be &quot;Pending&quot;&quot; is undefined
	at org.junit.vintage.engine.execution.TestRun.getStoredResultOrSuccessful(TestRun.java:179)
	at org.junit.vintage.engine.execution.RunListenerAdapter.fireExecutionFinished(RunListenerAdapter.java:211)
	at org.junit.vintage.engine.execution.RunListenerAdapter.testFinished(RunListenerAdapter.java:177)
	at org.junit.vintage.engine.execution.RunListenerAdapter.testFinished(RunListenerAdapter.java:76)
	at org.junit.runner.notification.SynchronizedRunListener.testFinished(SynchronizedRunListener.java:56)
	at org.junit.runner.notification.RunNotifier$7.notifyListener(RunNotifier.java:190)
	at org.junit.runner.notification.RunNotifier$SafeNotifier.run(RunNotifier.java:72)
	at org.junit.runner.notification.RunNotifier.fireTestFinished(RunNotifier.java:187)
	at io.cucumber.junit.JUnitReporter$EachTestNotifier.fireTestFinished(JUnitReporter.java:253)
	at io.cucumber.junit.JUnitReporter.handleTestCaseResult(JUnitReporter.java:178)
	at io.cucumber.junit.JUnitReporter$4.receive(JUnitReporter.java:66)
	at io.cucumber.junit.JUnitReporter$4.receive(JUnitReporter.java:62)
	at cucumber.runner.AbstractEventPublisher.send(AbstractEventPublisher.java:45)
	at cucumber.runner.AbstractEventBus.send(AbstractEventBus.java:9)
	at cucumber.runner.ThreadLocalRunnerSupplier$LocalEventBus.send(ThreadLocalRunnerSupplier.java:60)
	at cucumber.runner.TestCase.run(TestCase.java:55)
	at cucumber.runner.Runner.runPickle(Runner.java:50)
	at io.cucumber.junit.PickleRunners$NoStepDescriptions.run(PickleRunners.java:146)
	at io.cucumber.junit.FeatureRunner.runChild(FeatureRunner.java:68)
	at io.cucumber.junit.FeatureRunner.runChild(FeatureRunner.java:23)
	at org.junit.runners.ParentRunner$3.run(ParentRunner.java:290)
	at org.junit.runners.ParentRunner$1.schedule(ParentRunner.java:71)
	at org.junit.runners.ParentRunner.runChildren(ParentRunner.java:288)
	at org.junit.runners.ParentRunner.access$000(ParentRunner.java:58)
	at org.junit.runners.ParentRunner$2.evaluate(ParentRunner.java:268)
	at org.junit.runners.ParentRunner.run(ParentRunner.java:363)
	at io.cucumber.junit.Cucumber.runChild(Cucumber.java:144)
	at io.cucumber.junit.Cucumber.runChild(Cucumber.java:65)
	at org.junit.runners.ParentRunner$3.run(ParentRunner.java:290)
	at org.junit.runners.ParentRunner$1.schedule(ParentRunner.java:71)
	at org.junit.runners.ParentRunner.runChildren(ParentRunner.java:288)
	at org.junit.runners.ParentRunner.access$000(ParentRunner.java:58)
	at org.junit.runners.ParentRunner$2.evaluate(ParentRunner.java:268)
	at io.cucumber.junit.Cucumber$RunCucumber.evaluate(Cucumber.java:174)
	at org.junit.runners.ParentRunner.run(ParentRunner.java:363)
	at org.junit.runner.JUnitCore.run(JUnitCore.java:137)
	at org.junit.runner.JUnitCore.run(JUnitCore.java:115)
	at org.junit.vintage.engine.execution.RunnerExecutor.execute(RunnerExecutor.java:40)
	at java.base/java.util.stream.ForEachOps$ForEachOp$OfRef.accept(ForEachOps.java:183)
	at java.base/java.util.stream.ReferencePipeline$3$1.accept(ReferencePipeline.java:195)
	at java.base/java.util.Iterator.forEachRemaining(Iterator.java:133)
	at java.base/java.util.Spliterators$IteratorSpliterator.forEachRemaining(Spliterators.java:1801)
	at java.base/java.util.stream.AbstractPipeline.copyInto(AbstractPipeline.java:484)
	at java.base/java.util.stream.AbstractPipeline.wrapAndCopyInto(AbstractPipeline.java:474)
	at java.base/java.util.stream.ForEachOps$ForEachOp.evaluateSequential(ForEachOps.java:150)
	at java.base/java.util.stream.ForEachOps$ForEachOp$OfRef.evaluateSequential(ForEachOps.java:173)
	at java.base/java.util.stream.AbstractPipeline.evaluate(AbstractPipeline.java:234)
	at java.base/java.util.stream.ReferencePipeline.forEach(ReferencePipeline.java:497)
	at org.junit.vintage.engine.VintageTestEngine.executeAllChildren(VintageTestEngine.java:80)
	at org.junit.vintage.engine.VintageTestEngine.execute(VintageTestEngine.java:71)
	at org.junit.platform.launcher.core.DefaultLauncher.execute(DefaultLauncher.java:220)
	at org.junit.platform.launcher.core.DefaultLauncher.lambda$execute$6(DefaultLauncher.java:188)
	at org.junit.platform.launcher.core.DefaultLauncher.withInterceptedStreams(DefaultLauncher.java:202)
	at org.junit.platform.launcher.core.DefaultLauncher.execute(DefaultLauncher.java:181)
	at org.junit.platform.launcher.core.DefaultLauncher.execute(DefaultLauncher.java:128)
	at org.gradle.api.internal.tasks.testing.junitplatform.JUnitPlatformTestClassProcessor$CollectAllTestClassesExecutor.processAllTestClasses(JUnitPlatformTestClassProcessor.java:102)
	at org.gradle.api.internal.tasks.testing.junitplatform.JUnitPlatformTestClassProcessor$CollectAllTestClassesExecutor.access$000(JUnitPlatformTestClassProcessor.java:82)
	at org.gradle.api.internal.tasks.testing.junitplatform.JUnitPlatformTestClassProcessor.stop(JUnitPlatformTestClassProcessor.java:78)
	at org.gradle.api.internal.tasks.testing.SuiteTestClassProcessor.stop(SuiteTestClassProcessor.java:61)
	at java.base/jdk.internal.reflect.NativeMethodAccessorImpl.invoke0(Native Method)
	at java.base/jdk.internal.reflect.NativeMethodAccessorImpl.invoke(NativeMethodAccessorImpl.java:62)
	at java.base/jdk.internal.reflect.DelegatingMethodAccessorImpl.invoke(DelegatingMethodAccessorImpl.java:43)
	at java.base/java.lang.reflect.Method.invoke(Method.java:566)
	at org.gradle.internal.dispatch.ReflectionDispatch.dispatch(ReflectionDispatch.java:36)
	at org.gradle.internal.dispatch.ReflectionDispatch.dispatch(ReflectionDispatch.java:24)
	at org.gradle.internal.dispatch.ContextClassLoaderDispatch.dispatch(ContextClassLoaderDispatch.java:33)
	at org.gradle.internal.dispatch.ProxyDispatchAdapter$DispatchingInvocationHandler.invoke(ProxyDispatchAdapter.java:94)
	at com.sun.proxy.$Proxy2.stop(Unknown Source)
	at org.gradle.api.internal.tasks.testing.worker.TestWorker.stop(TestWorker.java:132)
	at java.base/jdk.internal.reflect.NativeMethodAccessorImpl.invoke0(Native Method)
	at java.base/jdk.internal.reflect.NativeMethodAccessorImpl.invoke(NativeMethodAccessorImpl.java:62)
	at java.base/jdk.internal.reflect.DelegatingMethodAccessorImpl.invoke(DelegatingMethodAccessorImpl.java:43)
	at java.base/java.lang.reflect.Method.invoke(Method.java:566)
	at org.gradle.internal.dispatch.ReflectionDispatch.dispatch(ReflectionDispatch.java:36)
	at org.gradle.internal.dispatch.ReflectionDispatch.dispatch(ReflectionDispatch.java:24)
	at org.gradle.internal.remote.internal.hub.MessageHubBackedObjectConnection$DispatchWrapper.dispatch(MessageHubBackedObjectConnection.java:182)
	at org.gradle.internal.remote.internal.hub.MessageHubBackedObjectConnection$DispatchWrapper.dispatch(MessageHubBackedObjectConnection.java:164)
	at org.gradle.internal.remote.internal.hub.MessageHub$Handler.run(MessageHub.java:412)
	at org.gradle.internal.concurrent.ExecutorPolicy$CatchAndRecordFailures.onExecute(ExecutorPolicy.java:64)
	at org.gradle.internal.concurrent.ManagedExecutorImpl$1.run(ManagedExecutorImpl.java:48)
	at java.base/java.util.concurrent.ThreadPoolExecutor.runWorker(ThreadPoolExecutor.java:1128)
	at java.base/java.util.concurrent.ThreadPoolExecutor$Worker.run(ThreadPoolExecutor.java:628)
	at org.gradle.internal.concurrent.ThreadFactoryImpl$ManagedThreadRunnable.run(ThreadFactoryImpl.java:56)
	at java.base/java.lang.Thread.run(Thread.java:834)
</failure>
  </testcase>
  <testcase name="Player is on the middle of the board" classname="ca.mcgill.ecse223.quoridor.features.CucumberTestsRunner" time="0.011">
    <failure message="org.opentest4j.MultipleFailuresError: Multiple Failures (5 failures)&#13;&#10;&#9;io.cucumber.junit.UndefinedThrowable: The step &quot;Player &quot;white&quot; has just completed his move&quot; is undefined&#13;&#10;&#9;io.cucumber.junit.UndefinedThrowable: The step &quot;The new position of &quot;white&quot; is 1:5&quot; is undefined&#13;&#10;&#9;io.cucumber.junit.UndefinedThrowable: The step &quot;The clock of &quot;white&quot; is more than zero&quot; is undefined&#13;&#10;&#9;io.cucumber.junit.UndefinedThrowable: The step &quot;Checking of game result is initated&quot; is undefined&#13;&#10;&#9;io.cucumber.junit.UndefinedThrowable: The step &quot;Game result shall be &quot;pending&quot;&quot; is undefined" type="org.opentest4j.MultipleFailuresError">org.opentest4j.MultipleFailuresError: Multiple Failures (5 failures)
	io.cucumber.junit.UndefinedThrowable: The step &quot;Player &quot;white&quot; has just completed his move&quot; is undefined
	io.cucumber.junit.UndefinedThrowable: The step &quot;The new position of &quot;white&quot; is 1:5&quot; is undefined
	io.cucumber.junit.UndefinedThrowable: The step &quot;The clock of &quot;white&quot; is more than zero&quot; is undefined
	io.cucumber.junit.UndefinedThrowable: The step &quot;Checking of game result is initated&quot; is undefined
	io.cucumber.junit.UndefinedThrowable: The step &quot;Game result shall be &quot;pending&quot;&quot; is undefined
	at org.junit.vintage.engine.execution.TestRun.getStoredResultOrSuccessful(TestRun.java:179)
	at org.junit.vintage.engine.execution.RunListenerAdapter.fireExecutionFinished(RunListenerAdapter.java:211)
	at org.junit.vintage.engine.execution.RunListenerAdapter.testFinished(RunListenerAdapter.java:177)
	at org.junit.vintage.engine.execution.RunListenerAdapter.testFinished(RunListenerAdapter.java:76)
	at org.junit.runner.notification.SynchronizedRunListener.testFinished(SynchronizedRunListener.java:56)
	at org.junit.runner.notification.RunNotifier$7.notifyListener(RunNotifier.java:190)
	at org.junit.runner.notification.RunNotifier$SafeNotifier.run(RunNotifier.java:72)
	at org.junit.runner.notification.RunNotifier.fireTestFinished(RunNotifier.java:187)
	at io.cucumber.junit.JUnitReporter$EachTestNotifier.fireTestFinished(JUnitReporter.java:253)
	at io.cucumber.junit.JUnitReporter.handleTestCaseResult(JUnitReporter.java:178)
	at io.cucumber.junit.JUnitReporter$4.receive(JUnitReporter.java:66)
	at io.cucumber.junit.JUnitReporter$4.receive(JUnitReporter.java:62)
	at cucumber.runner.AbstractEventPublisher.send(AbstractEventPublisher.java:45)
	at cucumber.runner.AbstractEventBus.send(AbstractEventBus.java:9)
	at cucumber.runner.ThreadLocalRunnerSupplier$LocalEventBus.send(ThreadLocalRunnerSupplier.java:60)
	at cucumber.runner.TestCase.run(TestCase.java:55)
	at cucumber.runner.Runner.runPickle(Runner.java:50)
	at io.cucumber.junit.PickleRunners$NoStepDescriptions.run(PickleRunners.java:146)
	at io.cucumber.junit.FeatureRunner.runChild(FeatureRunner.java:68)
	at io.cucumber.junit.FeatureRunner.runChild(FeatureRunner.java:23)
	at org.junit.runners.ParentRunner$3.run(ParentRunner.java:290)
	at org.junit.runners.ParentRunner$1.schedule(ParentRunner.java:71)
	at org.junit.runners.ParentRunner.runChildren(ParentRunner.java:288)
	at org.junit.runners.ParentRunner.access$000(ParentRunner.java:58)
	at org.junit.runners.ParentRunner$2.evaluate(ParentRunner.java:268)
	at org.junit.runners.ParentRunner.run(ParentRunner.java:363)
	at io.cucumber.junit.Cucumber.runChild(Cucumber.java:144)
	at io.cucumber.junit.Cucumber.runChild(Cucumber.java:65)
	at org.junit.runners.ParentRunner$3.run(ParentRunner.java:290)
	at org.junit.runners.ParentRunner$1.schedule(ParentRunner.java:71)
	at org.junit.runners.ParentRunner.runChildren(ParentRunner.java:288)
	at org.junit.runners.ParentRunner.access$000(ParentRunner.java:58)
	at org.junit.runners.ParentRunner$2.evaluate(ParentRunner.java:268)
	at io.cucumber.junit.Cucumber$RunCucumber.evaluate(Cucumber.java:174)
	at org.junit.runners.ParentRunner.run(ParentRunner.java:363)
	at org.junit.runner.JUnitCore.run(JUnitCore.java:137)
	at org.junit.runner.JUnitCore.run(JUnitCore.java:115)
	at org.junit.vintage.engine.execution.RunnerExecutor.execute(RunnerExecutor.java:40)
	at java.base/java.util.stream.ForEachOps$ForEachOp$OfRef.accept(ForEachOps.java:183)
	at java.base/java.util.stream.ReferencePipeline$3$1.accept(ReferencePipeline.java:195)
	at java.base/java.util.Iterator.forEachRemaining(Iterator.java:133)
	at java.base/java.util.Spliterators$IteratorSpliterator.forEachRemaining(Spliterators.java:1801)
	at java.base/java.util.stream.AbstractPipeline.copyInto(AbstractPipeline.java:484)
	at java.base/java.util.stream.AbstractPipeline.wrapAndCopyInto(AbstractPipeline.java:474)
	at java.base/java.util.stream.ForEachOps$ForEachOp.evaluateSequential(ForEachOps.java:150)
	at java.base/java.util.stream.ForEachOps$ForEachOp$OfRef.evaluateSequential(ForEachOps.java:173)
	at java.base/java.util.stream.AbstractPipeline.evaluate(AbstractPipeline.java:234)
	at java.base/java.util.stream.ReferencePipeline.forEach(ReferencePipeline.java:497)
	at org.junit.vintage.engine.VintageTestEngine.executeAllChildren(VintageTestEngine.java:80)
	at org.junit.vintage.engine.VintageTestEngine.execute(VintageTestEngine.java:71)
	at org.junit.platform.launcher.core.DefaultLauncher.execute(DefaultLauncher.java:220)
	at org.junit.platform.launcher.core.DefaultLauncher.lambda$execute$6(DefaultLauncher.java:188)
	at org.junit.platform.launcher.core.DefaultLauncher.withInterceptedStreams(DefaultLauncher.java:202)
	at org.junit.platform.launcher.core.DefaultLauncher.execute(DefaultLauncher.java:181)
	at org.junit.platform.launcher.core.DefaultLauncher.execute(DefaultLauncher.java:128)
	at org.gradle.api.internal.tasks.testing.junitplatform.JUnitPlatformTestClassProcessor$CollectAllTestClassesExecutor.processAllTestClasses(JUnitPlatformTestClassProcessor.java:102)
	at org.gradle.api.internal.tasks.testing.junitplatform.JUnitPlatformTestClassProcessor$CollectAllTestClassesExecutor.access$000(JUnitPlatformTestClassProcessor.java:82)
	at org.gradle.api.internal.tasks.testing.junitplatform.JUnitPlatformTestClassProcessor.stop(JUnitPlatformTestClassProcessor.java:78)
	at org.gradle.api.internal.tasks.testing.SuiteTestClassProcessor.stop(SuiteTestClassProcessor.java:61)
	at java.base/jdk.internal.reflect.NativeMethodAccessorImpl.invoke0(Native Method)
	at java.base/jdk.internal.reflect.NativeMethodAccessorImpl.invoke(NativeMethodAccessorImpl.java:62)
	at java.base/jdk.internal.reflect.DelegatingMethodAccessorImpl.invoke(DelegatingMethodAccessorImpl.java:43)
	at java.base/java.lang.reflect.Method.invoke(Method.java:566)
	at org.gradle.internal.dispatch.ReflectionDispatch.dispatch(ReflectionDispatch.java:36)
	at org.gradle.internal.dispatch.ReflectionDispatch.dispatch(ReflectionDispatch.java:24)
	at org.gradle.internal.dispatch.ContextClassLoaderDispatch.dispatch(ContextClassLoaderDispatch.java:33)
	at org.gradle.internal.dispatch.ProxyDispatchAdapter$DispatchingInvocationHandler.invoke(ProxyDispatchAdapter.java:94)
	at com.sun.proxy.$Proxy2.stop(Unknown Source)
	at org.gradle.api.internal.tasks.testing.worker.TestWorker.stop(TestWorker.java:132)
	at java.base/jdk.internal.reflect.NativeMethodAccessorImpl.invoke0(Native Method)
	at java.base/jdk.internal.reflect.NativeMethodAccessorImpl.invoke(NativeMethodAccessorImpl.java:62)
	at java.base/jdk.internal.reflect.DelegatingMethodAccessorImpl.invoke(DelegatingMethodAccessorImpl.java:43)
	at java.base/java.lang.reflect.Method.invoke(Method.java:566)
	at org.gradle.internal.dispatch.ReflectionDispatch.dispatch(ReflectionDispatch.java:36)
	at org.gradle.internal.dispatch.ReflectionDispatch.dispatch(ReflectionDispatch.java:24)
	at org.gradle.internal.remote.internal.hub.MessageHubBackedObjectConnection$DispatchWrapper.dispatch(MessageHubBackedObjectConnection.java:182)
	at org.gradle.internal.remote.internal.hub.MessageHubBackedObjectConnection$DispatchWrapper.dispatch(MessageHubBackedObjectConnection.java:164)
	at org.gradle.internal.remote.internal.hub.MessageHub$Handler.run(MessageHub.java:412)
	at org.gradle.internal.concurrent.ExecutorPolicy$CatchAndRecordFailures.onExecute(ExecutorPolicy.java:64)
	at org.gradle.internal.concurrent.ManagedExecutorImpl$1.run(ManagedExecutorImpl.java:48)
	at java.base/java.util.concurrent.ThreadPoolExecutor.runWorker(ThreadPoolExecutor.java:1128)
	at java.base/java.util.concurrent.ThreadPoolExecutor$Worker.run(ThreadPoolExecutor.java:628)
	at org.gradle.internal.concurrent.ThreadFactoryImpl$ManagedThreadRunnable.run(ThreadFactoryImpl.java:56)
	at java.base/java.lang.Thread.run(Thread.java:834)
</failure>
  </testcase>
  <testcase name="Player is on the middle of the board" classname="ca.mcgill.ecse223.quoridor.features.CucumberTestsRunner" time="0.015">
    <failure message="org.opentest4j.MultipleFailuresError: Multiple Failures (5 failures)&#13;&#10;&#9;io.cucumber.junit.UndefinedThrowable: The step &quot;Player &quot;white&quot; has just completed his move&quot; is undefined&#13;&#10;&#9;io.cucumber.junit.UndefinedThrowable: The step &quot;The new position of &quot;white&quot; is 8:5&quot; is undefined&#13;&#10;&#9;io.cucumber.junit.UndefinedThrowable: The step &quot;The clock of &quot;white&quot; is more than zero&quot; is undefined&#13;&#10;&#9;io.cucumber.junit.UndefinedThrowable: The step &quot;Checking of game result is initated&quot; is undefined&#13;&#10;&#9;io.cucumber.junit.UndefinedThrowable: The step &quot;Game result shall be &quot;pending&quot;&quot; is undefined" type="org.opentest4j.MultipleFailuresError">org.opentest4j.MultipleFailuresError: Multiple Failures (5 failures)
	io.cucumber.junit.UndefinedThrowable: The step &quot;Player &quot;white&quot; has just completed his move&quot; is undefined
	io.cucumber.junit.UndefinedThrowable: The step &quot;The new position of &quot;white&quot; is 8:5&quot; is undefined
	io.cucumber.junit.UndefinedThrowable: The step &quot;The clock of &quot;white&quot; is more than zero&quot; is undefined
	io.cucumber.junit.UndefinedThrowable: The step &quot;Checking of game result is initated&quot; is undefined
	io.cucumber.junit.UndefinedThrowable: The step &quot;Game result shall be &quot;pending&quot;&quot; is undefined
	at org.junit.vintage.engine.execution.TestRun.getStoredResultOrSuccessful(TestRun.java:179)
	at org.junit.vintage.engine.execution.RunListenerAdapter.fireExecutionFinished(RunListenerAdapter.java:211)
	at org.junit.vintage.engine.execution.RunListenerAdapter.testFinished(RunListenerAdapter.java:177)
	at org.junit.vintage.engine.execution.RunListenerAdapter.testFinished(RunListenerAdapter.java:76)
	at org.junit.runner.notification.SynchronizedRunListener.testFinished(SynchronizedRunListener.java:56)
	at org.junit.runner.notification.RunNotifier$7.notifyListener(RunNotifier.java:190)
	at org.junit.runner.notification.RunNotifier$SafeNotifier.run(RunNotifier.java:72)
	at org.junit.runner.notification.RunNotifier.fireTestFinished(RunNotifier.java:187)
	at io.cucumber.junit.JUnitReporter$EachTestNotifier.fireTestFinished(JUnitReporter.java:253)
	at io.cucumber.junit.JUnitReporter.handleTestCaseResult(JUnitReporter.java:178)
	at io.cucumber.junit.JUnitReporter$4.receive(JUnitReporter.java:66)
	at io.cucumber.junit.JUnitReporter$4.receive(JUnitReporter.java:62)
	at cucumber.runner.AbstractEventPublisher.send(AbstractEventPublisher.java:45)
	at cucumber.runner.AbstractEventBus.send(AbstractEventBus.java:9)
	at cucumber.runner.ThreadLocalRunnerSupplier$LocalEventBus.send(ThreadLocalRunnerSupplier.java:60)
	at cucumber.runner.TestCase.run(TestCase.java:55)
	at cucumber.runner.Runner.runPickle(Runner.java:50)
	at io.cucumber.junit.PickleRunners$NoStepDescriptions.run(PickleRunners.java:146)
	at io.cucumber.junit.FeatureRunner.runChild(FeatureRunner.java:68)
	at io.cucumber.junit.FeatureRunner.runChild(FeatureRunner.java:23)
	at org.junit.runners.ParentRunner$3.run(ParentRunner.java:290)
	at org.junit.runners.ParentRunner$1.schedule(ParentRunner.java:71)
	at org.junit.runners.ParentRunner.runChildren(ParentRunner.java:288)
	at org.junit.runners.ParentRunner.access$000(ParentRunner.java:58)
	at org.junit.runners.ParentRunner$2.evaluate(ParentRunner.java:268)
	at org.junit.runners.ParentRunner.run(ParentRunner.java:363)
	at io.cucumber.junit.Cucumber.runChild(Cucumber.java:144)
	at io.cucumber.junit.Cucumber.runChild(Cucumber.java:65)
	at org.junit.runners.ParentRunner$3.run(ParentRunner.java:290)
	at org.junit.runners.ParentRunner$1.schedule(ParentRunner.java:71)
	at org.junit.runners.ParentRunner.runChildren(ParentRunner.java:288)
	at org.junit.runners.ParentRunner.access$000(ParentRunner.java:58)
	at org.junit.runners.ParentRunner$2.evaluate(ParentRunner.java:268)
	at io.cucumber.junit.Cucumber$RunCucumber.evaluate(Cucumber.java:174)
	at org.junit.runners.ParentRunner.run(ParentRunner.java:363)
	at org.junit.runner.JUnitCore.run(JUnitCore.java:137)
	at org.junit.runner.JUnitCore.run(JUnitCore.java:115)
	at org.junit.vintage.engine.execution.RunnerExecutor.execute(RunnerExecutor.java:40)
	at java.base/java.util.stream.ForEachOps$ForEachOp$OfRef.accept(ForEachOps.java:183)
	at java.base/java.util.stream.ReferencePipeline$3$1.accept(ReferencePipeline.java:195)
	at java.base/java.util.Iterator.forEachRemaining(Iterator.java:133)
	at java.base/java.util.Spliterators$IteratorSpliterator.forEachRemaining(Spliterators.java:1801)
	at java.base/java.util.stream.AbstractPipeline.copyInto(AbstractPipeline.java:484)
	at java.base/java.util.stream.AbstractPipeline.wrapAndCopyInto(AbstractPipeline.java:474)
	at java.base/java.util.stream.ForEachOps$ForEachOp.evaluateSequential(ForEachOps.java:150)
	at java.base/java.util.stream.ForEachOps$ForEachOp$OfRef.evaluateSequential(ForEachOps.java:173)
	at java.base/java.util.stream.AbstractPipeline.evaluate(AbstractPipeline.java:234)
	at java.base/java.util.stream.ReferencePipeline.forEach(ReferencePipeline.java:497)
	at org.junit.vintage.engine.VintageTestEngine.executeAllChildren(VintageTestEngine.java:80)
	at org.junit.vintage.engine.VintageTestEngine.execute(VintageTestEngine.java:71)
	at org.junit.platform.launcher.core.DefaultLauncher.execute(DefaultLauncher.java:220)
	at org.junit.platform.launcher.core.DefaultLauncher.lambda$execute$6(DefaultLauncher.java:188)
	at org.junit.platform.launcher.core.DefaultLauncher.withInterceptedStreams(DefaultLauncher.java:202)
	at org.junit.platform.launcher.core.DefaultLauncher.execute(DefaultLauncher.java:181)
	at org.junit.platform.launcher.core.DefaultLauncher.execute(DefaultLauncher.java:128)
	at org.gradle.api.internal.tasks.testing.junitplatform.JUnitPlatformTestClassProcessor$CollectAllTestClassesExecutor.processAllTestClasses(JUnitPlatformTestClassProcessor.java:102)
	at org.gradle.api.internal.tasks.testing.junitplatform.JUnitPlatformTestClassProcessor$CollectAllTestClassesExecutor.access$000(JUnitPlatformTestClassProcessor.java:82)
	at org.gradle.api.internal.tasks.testing.junitplatform.JUnitPlatformTestClassProcessor.stop(JUnitPlatformTestClassProcessor.java:78)
	at org.gradle.api.internal.tasks.testing.SuiteTestClassProcessor.stop(SuiteTestClassProcessor.java:61)
	at java.base/jdk.internal.reflect.NativeMethodAccessorImpl.invoke0(Native Method)
	at java.base/jdk.internal.reflect.NativeMethodAccessorImpl.invoke(NativeMethodAccessorImpl.java:62)
	at java.base/jdk.internal.reflect.DelegatingMethodAccessorImpl.invoke(DelegatingMethodAccessorImpl.java:43)
	at java.base/java.lang.reflect.Method.invoke(Method.java:566)
	at org.gradle.internal.dispatch.ReflectionDispatch.dispatch(ReflectionDispatch.java:36)
	at org.gradle.internal.dispatch.ReflectionDispatch.dispatch(ReflectionDispatch.java:24)
	at org.gradle.internal.dispatch.ContextClassLoaderDispatch.dispatch(ContextClassLoaderDispatch.java:33)
	at org.gradle.internal.dispatch.ProxyDispatchAdapter$DispatchingInvocationHandler.invoke(ProxyDispatchAdapter.java:94)
	at com.sun.proxy.$Proxy2.stop(Unknown Source)
	at org.gradle.api.internal.tasks.testing.worker.TestWorker.stop(TestWorker.java:132)
	at java.base/jdk.internal.reflect.NativeMethodAccessorImpl.invoke0(Native Method)
	at java.base/jdk.internal.reflect.NativeMethodAccessorImpl.invoke(NativeMethodAccessorImpl.java:62)
	at java.base/jdk.internal.reflect.DelegatingMethodAccessorImpl.invoke(DelegatingMethodAccessorImpl.java:43)
	at java.base/java.lang.reflect.Method.invoke(Method.java:566)
	at org.gradle.internal.dispatch.ReflectionDispatch.dispatch(ReflectionDispatch.java:36)
	at org.gradle.internal.dispatch.ReflectionDispatch.dispatch(ReflectionDispatch.java:24)
	at org.gradle.internal.remote.internal.hub.MessageHubBackedObjectConnection$DispatchWrapper.dispatch(MessageHubBackedObjectConnection.java:182)
	at org.gradle.internal.remote.internal.hub.MessageHubBackedObjectConnection$DispatchWrapper.dispatch(MessageHubBackedObjectConnection.java:164)
	at org.gradle.internal.remote.internal.hub.MessageHub$Handler.run(MessageHub.java:412)
	at org.gradle.internal.concurrent.ExecutorPolicy$CatchAndRecordFailures.onExecute(ExecutorPolicy.java:64)
	at org.gradle.internal.concurrent.ManagedExecutorImpl$1.run(ManagedExecutorImpl.java:48)
	at java.base/java.util.concurrent.ThreadPoolExecutor.runWorker(ThreadPoolExecutor.java:1128)
	at java.base/java.util.concurrent.ThreadPoolExecutor$Worker.run(ThreadPoolExecutor.java:628)
	at org.gradle.internal.concurrent.ThreadFactoryImpl$ManagedThreadRunnable.run(ThreadFactoryImpl.java:56)
	at java.base/java.lang.Thread.run(Thread.java:834)
</failure>
  </testcase>
  <testcase name="Player is on the middle of the board" classname="ca.mcgill.ecse223.quoridor.features.CucumberTestsRunner" time="0.008">
    <failure message="org.opentest4j.MultipleFailuresError: Multiple Failures (5 failures)&#13;&#10;&#9;io.cucumber.junit.UndefinedThrowable: The step &quot;Player &quot;black&quot; has just completed his move&quot; is undefined&#13;&#10;&#9;io.cucumber.junit.UndefinedThrowable: The step &quot;The new position of &quot;black&quot; is 2:4&quot; is undefined&#13;&#10;&#9;io.cucumber.junit.UndefinedThrowable: The step &quot;The clock of &quot;black&quot; is more than zero&quot; is undefined&#13;&#10;&#9;io.cucumber.junit.UndefinedThrowable: The step &quot;Checking of game result is initated&quot; is undefined&#13;&#10;&#9;io.cucumber.junit.UndefinedThrowable: The step &quot;Game result shall be &quot;pending&quot;&quot; is undefined" type="org.opentest4j.MultipleFailuresError">org.opentest4j.MultipleFailuresError: Multiple Failures (5 failures)
	io.cucumber.junit.UndefinedThrowable: The step &quot;Player &quot;black&quot; has just completed his move&quot; is undefined
	io.cucumber.junit.UndefinedThrowable: The step &quot;The new position of &quot;black&quot; is 2:4&quot; is undefined
	io.cucumber.junit.UndefinedThrowable: The step &quot;The clock of &quot;black&quot; is more than zero&quot; is undefined
	io.cucumber.junit.UndefinedThrowable: The step &quot;Checking of game result is initated&quot; is undefined
	io.cucumber.junit.UndefinedThrowable: The step &quot;Game result shall be &quot;pending&quot;&quot; is undefined
	at org.junit.vintage.engine.execution.TestRun.getStoredResultOrSuccessful(TestRun.java:179)
	at org.junit.vintage.engine.execution.RunListenerAdapter.fireExecutionFinished(RunListenerAdapter.java:211)
	at org.junit.vintage.engine.execution.RunListenerAdapter.testFinished(RunListenerAdapter.java:177)
	at org.junit.vintage.engine.execution.RunListenerAdapter.testFinished(RunListenerAdapter.java:76)
	at org.junit.runner.notification.SynchronizedRunListener.testFinished(SynchronizedRunListener.java:56)
	at org.junit.runner.notification.RunNotifier$7.notifyListener(RunNotifier.java:190)
	at org.junit.runner.notification.RunNotifier$SafeNotifier.run(RunNotifier.java:72)
	at org.junit.runner.notification.RunNotifier.fireTestFinished(RunNotifier.java:187)
	at io.cucumber.junit.JUnitReporter$EachTestNotifier.fireTestFinished(JUnitReporter.java:253)
	at io.cucumber.junit.JUnitReporter.handleTestCaseResult(JUnitReporter.java:178)
	at io.cucumber.junit.JUnitReporter$4.receive(JUnitReporter.java:66)
	at io.cucumber.junit.JUnitReporter$4.receive(JUnitReporter.java:62)
	at cucumber.runner.AbstractEventPublisher.send(AbstractEventPublisher.java:45)
	at cucumber.runner.AbstractEventBus.send(AbstractEventBus.java:9)
	at cucumber.runner.ThreadLocalRunnerSupplier$LocalEventBus.send(ThreadLocalRunnerSupplier.java:60)
	at cucumber.runner.TestCase.run(TestCase.java:55)
	at cucumber.runner.Runner.runPickle(Runner.java:50)
	at io.cucumber.junit.PickleRunners$NoStepDescriptions.run(PickleRunners.java:146)
	at io.cucumber.junit.FeatureRunner.runChild(FeatureRunner.java:68)
	at io.cucumber.junit.FeatureRunner.runChild(FeatureRunner.java:23)
	at org.junit.runners.ParentRunner$3.run(ParentRunner.java:290)
	at org.junit.runners.ParentRunner$1.schedule(ParentRunner.java:71)
	at org.junit.runners.ParentRunner.runChildren(ParentRunner.java:288)
	at org.junit.runners.ParentRunner.access$000(ParentRunner.java:58)
	at org.junit.runners.ParentRunner$2.evaluate(ParentRunner.java:268)
	at org.junit.runners.ParentRunner.run(ParentRunner.java:363)
	at io.cucumber.junit.Cucumber.runChild(Cucumber.java:144)
	at io.cucumber.junit.Cucumber.runChild(Cucumber.java:65)
	at org.junit.runners.ParentRunner$3.run(ParentRunner.java:290)
	at org.junit.runners.ParentRunner$1.schedule(ParentRunner.java:71)
	at org.junit.runners.ParentRunner.runChildren(ParentRunner.java:288)
	at org.junit.runners.ParentRunner.access$000(ParentRunner.java:58)
	at org.junit.runners.ParentRunner$2.evaluate(ParentRunner.java:268)
	at io.cucumber.junit.Cucumber$RunCucumber.evaluate(Cucumber.java:174)
	at org.junit.runners.ParentRunner.run(ParentRunner.java:363)
	at org.junit.runner.JUnitCore.run(JUnitCore.java:137)
	at org.junit.runner.JUnitCore.run(JUnitCore.java:115)
	at org.junit.vintage.engine.execution.RunnerExecutor.execute(RunnerExecutor.java:40)
	at java.base/java.util.stream.ForEachOps$ForEachOp$OfRef.accept(ForEachOps.java:183)
	at java.base/java.util.stream.ReferencePipeline$3$1.accept(ReferencePipeline.java:195)
	at java.base/java.util.Iterator.forEachRemaining(Iterator.java:133)
	at java.base/java.util.Spliterators$IteratorSpliterator.forEachRemaining(Spliterators.java:1801)
	at java.base/java.util.stream.AbstractPipeline.copyInto(AbstractPipeline.java:484)
	at java.base/java.util.stream.AbstractPipeline.wrapAndCopyInto(AbstractPipeline.java:474)
	at java.base/java.util.stream.ForEachOps$ForEachOp.evaluateSequential(ForEachOps.java:150)
	at java.base/java.util.stream.ForEachOps$ForEachOp$OfRef.evaluateSequential(ForEachOps.java:173)
	at java.base/java.util.stream.AbstractPipeline.evaluate(AbstractPipeline.java:234)
	at java.base/java.util.stream.ReferencePipeline.forEach(ReferencePipeline.java:497)
	at org.junit.vintage.engine.VintageTestEngine.executeAllChildren(VintageTestEngine.java:80)
	at org.junit.vintage.engine.VintageTestEngine.execute(VintageTestEngine.java:71)
	at org.junit.platform.launcher.core.DefaultLauncher.execute(DefaultLauncher.java:220)
	at org.junit.platform.launcher.core.DefaultLauncher.lambda$execute$6(DefaultLauncher.java:188)
	at org.junit.platform.launcher.core.DefaultLauncher.withInterceptedStreams(DefaultLauncher.java:202)
	at org.junit.platform.launcher.core.DefaultLauncher.execute(DefaultLauncher.java:181)
	at org.junit.platform.launcher.core.DefaultLauncher.execute(DefaultLauncher.java:128)
	at org.gradle.api.internal.tasks.testing.junitplatform.JUnitPlatformTestClassProcessor$CollectAllTestClassesExecutor.processAllTestClasses(JUnitPlatformTestClassProcessor.java:102)
	at org.gradle.api.internal.tasks.testing.junitplatform.JUnitPlatformTestClassProcessor$CollectAllTestClassesExecutor.access$000(JUnitPlatformTestClassProcessor.java:82)
	at org.gradle.api.internal.tasks.testing.junitplatform.JUnitPlatformTestClassProcessor.stop(JUnitPlatformTestClassProcessor.java:78)
	at org.gradle.api.internal.tasks.testing.SuiteTestClassProcessor.stop(SuiteTestClassProcessor.java:61)
	at java.base/jdk.internal.reflect.NativeMethodAccessorImpl.invoke0(Native Method)
	at java.base/jdk.internal.reflect.NativeMethodAccessorImpl.invoke(NativeMethodAccessorImpl.java:62)
	at java.base/jdk.internal.reflect.DelegatingMethodAccessorImpl.invoke(DelegatingMethodAccessorImpl.java:43)
	at java.base/java.lang.reflect.Method.invoke(Method.java:566)
	at org.gradle.internal.dispatch.ReflectionDispatch.dispatch(ReflectionDispatch.java:36)
	at org.gradle.internal.dispatch.ReflectionDispatch.dispatch(ReflectionDispatch.java:24)
	at org.gradle.internal.dispatch.ContextClassLoaderDispatch.dispatch(ContextClassLoaderDispatch.java:33)
	at org.gradle.internal.dispatch.ProxyDispatchAdapter$DispatchingInvocationHandler.invoke(ProxyDispatchAdapter.java:94)
	at com.sun.proxy.$Proxy2.stop(Unknown Source)
	at org.gradle.api.internal.tasks.testing.worker.TestWorker.stop(TestWorker.java:132)
	at java.base/jdk.internal.reflect.NativeMethodAccessorImpl.invoke0(Native Method)
	at java.base/jdk.internal.reflect.NativeMethodAccessorImpl.invoke(NativeMethodAccessorImpl.java:62)
	at java.base/jdk.internal.reflect.DelegatingMethodAccessorImpl.invoke(DelegatingMethodAccessorImpl.java:43)
	at java.base/java.lang.reflect.Method.invoke(Method.java:566)
	at org.gradle.internal.dispatch.ReflectionDispatch.dispatch(ReflectionDispatch.java:36)
	at org.gradle.internal.dispatch.ReflectionDispatch.dispatch(ReflectionDispatch.java:24)
	at org.gradle.internal.remote.internal.hub.MessageHubBackedObjectConnection$DispatchWrapper.dispatch(MessageHubBackedObjectConnection.java:182)
	at org.gradle.internal.remote.internal.hub.MessageHubBackedObjectConnection$DispatchWrapper.dispatch(MessageHubBackedObjectConnection.java:164)
	at org.gradle.internal.remote.internal.hub.MessageHub$Handler.run(MessageHub.java:412)
	at org.gradle.internal.concurrent.ExecutorPolicy$CatchAndRecordFailures.onExecute(ExecutorPolicy.java:64)
	at org.gradle.internal.concurrent.ManagedExecutorImpl$1.run(ManagedExecutorImpl.java:48)
	at java.base/java.util.concurrent.ThreadPoolExecutor.runWorker(ThreadPoolExecutor.java:1128)
	at java.base/java.util.concurrent.ThreadPoolExecutor$Worker.run(ThreadPoolExecutor.java:628)
	at org.gradle.internal.concurrent.ThreadFactoryImpl$ManagedThreadRunnable.run(ThreadFactoryImpl.java:56)
	at java.base/java.lang.Thread.run(Thread.java:834)
</failure>
  </testcase>
  <testcase name="Player is on the middle of the board" classname="ca.mcgill.ecse223.quoridor.features.CucumberTestsRunner" time="0.03">
    <failure message="org.opentest4j.MultipleFailuresError: Multiple Failures (5 failures)&#13;&#10;&#9;io.cucumber.junit.UndefinedThrowable: The step &quot;Player &quot;black&quot; has just completed his move&quot; is undefined&#13;&#10;&#9;io.cucumber.junit.UndefinedThrowable: The step &quot;The new position of &quot;black&quot; is 9:4&quot; is undefined&#13;&#10;&#9;io.cucumber.junit.UndefinedThrowable: The step &quot;The clock of &quot;black&quot; is more than zero&quot; is undefined&#13;&#10;&#9;io.cucumber.junit.UndefinedThrowable: The step &quot;Checking of game result is initated&quot; is undefined&#13;&#10;&#9;io.cucumber.junit.UndefinedThrowable: The step &quot;Game result shall be &quot;pending&quot;&quot; is undefined" type="org.opentest4j.MultipleFailuresError">org.opentest4j.MultipleFailuresError: Multiple Failures (5 failures)
	io.cucumber.junit.UndefinedThrowable: The step &quot;Player &quot;black&quot; has just completed his move&quot; is undefined
	io.cucumber.junit.UndefinedThrowable: The step &quot;The new position of &quot;black&quot; is 9:4&quot; is undefined
	io.cucumber.junit.UndefinedThrowable: The step &quot;The clock of &quot;black&quot; is more than zero&quot; is undefined
	io.cucumber.junit.UndefinedThrowable: The step &quot;Checking of game result is initated&quot; is undefined
	io.cucumber.junit.UndefinedThrowable: The step &quot;Game result shall be &quot;pending&quot;&quot; is undefined
	at org.junit.vintage.engine.execution.TestRun.getStoredResultOrSuccessful(TestRun.java:179)
	at org.junit.vintage.engine.execution.RunListenerAdapter.fireExecutionFinished(RunListenerAdapter.java:211)
	at org.junit.vintage.engine.execution.RunListenerAdapter.testFinished(RunListenerAdapter.java:177)
	at org.junit.vintage.engine.execution.RunListenerAdapter.testFinished(RunListenerAdapter.java:76)
	at org.junit.runner.notification.SynchronizedRunListener.testFinished(SynchronizedRunListener.java:56)
	at org.junit.runner.notification.RunNotifier$7.notifyListener(RunNotifier.java:190)
	at org.junit.runner.notification.RunNotifier$SafeNotifier.run(RunNotifier.java:72)
	at org.junit.runner.notification.RunNotifier.fireTestFinished(RunNotifier.java:187)
	at io.cucumber.junit.JUnitReporter$EachTestNotifier.fireTestFinished(JUnitReporter.java:253)
	at io.cucumber.junit.JUnitReporter.handleTestCaseResult(JUnitReporter.java:178)
	at io.cucumber.junit.JUnitReporter$4.receive(JUnitReporter.java:66)
	at io.cucumber.junit.JUnitReporter$4.receive(JUnitReporter.java:62)
	at cucumber.runner.AbstractEventPublisher.send(AbstractEventPublisher.java:45)
	at cucumber.runner.AbstractEventBus.send(AbstractEventBus.java:9)
	at cucumber.runner.ThreadLocalRunnerSupplier$LocalEventBus.send(ThreadLocalRunnerSupplier.java:60)
	at cucumber.runner.TestCase.run(TestCase.java:55)
	at cucumber.runner.Runner.runPickle(Runner.java:50)
	at io.cucumber.junit.PickleRunners$NoStepDescriptions.run(PickleRunners.java:146)
	at io.cucumber.junit.FeatureRunner.runChild(FeatureRunner.java:68)
	at io.cucumber.junit.FeatureRunner.runChild(FeatureRunner.java:23)
	at org.junit.runners.ParentRunner$3.run(ParentRunner.java:290)
	at org.junit.runners.ParentRunner$1.schedule(ParentRunner.java:71)
	at org.junit.runners.ParentRunner.runChildren(ParentRunner.java:288)
	at org.junit.runners.ParentRunner.access$000(ParentRunner.java:58)
	at org.junit.runners.ParentRunner$2.evaluate(ParentRunner.java:268)
	at org.junit.runners.ParentRunner.run(ParentRunner.java:363)
	at io.cucumber.junit.Cucumber.runChild(Cucumber.java:144)
	at io.cucumber.junit.Cucumber.runChild(Cucumber.java:65)
	at org.junit.runners.ParentRunner$3.run(ParentRunner.java:290)
	at org.junit.runners.ParentRunner$1.schedule(ParentRunner.java:71)
	at org.junit.runners.ParentRunner.runChildren(ParentRunner.java:288)
	at org.junit.runners.ParentRunner.access$000(ParentRunner.java:58)
	at org.junit.runners.ParentRunner$2.evaluate(ParentRunner.java:268)
	at io.cucumber.junit.Cucumber$RunCucumber.evaluate(Cucumber.java:174)
	at org.junit.runners.ParentRunner.run(ParentRunner.java:363)
	at org.junit.runner.JUnitCore.run(JUnitCore.java:137)
	at org.junit.runner.JUnitCore.run(JUnitCore.java:115)
	at org.junit.vintage.engine.execution.RunnerExecutor.execute(RunnerExecutor.java:40)
	at java.base/java.util.stream.ForEachOps$ForEachOp$OfRef.accept(ForEachOps.java:183)
	at java.base/java.util.stream.ReferencePipeline$3$1.accept(ReferencePipeline.java:195)
	at java.base/java.util.Iterator.forEachRemaining(Iterator.java:133)
	at java.base/java.util.Spliterators$IteratorSpliterator.forEachRemaining(Spliterators.java:1801)
	at java.base/java.util.stream.AbstractPipeline.copyInto(AbstractPipeline.java:484)
	at java.base/java.util.stream.AbstractPipeline.wrapAndCopyInto(AbstractPipeline.java:474)
	at java.base/java.util.stream.ForEachOps$ForEachOp.evaluateSequential(ForEachOps.java:150)
	at java.base/java.util.stream.ForEachOps$ForEachOp$OfRef.evaluateSequential(ForEachOps.java:173)
	at java.base/java.util.stream.AbstractPipeline.evaluate(AbstractPipeline.java:234)
	at java.base/java.util.stream.ReferencePipeline.forEach(ReferencePipeline.java:497)
	at org.junit.vintage.engine.VintageTestEngine.executeAllChildren(VintageTestEngine.java:80)
	at org.junit.vintage.engine.VintageTestEngine.execute(VintageTestEngine.java:71)
	at org.junit.platform.launcher.core.DefaultLauncher.execute(DefaultLauncher.java:220)
	at org.junit.platform.launcher.core.DefaultLauncher.lambda$execute$6(DefaultLauncher.java:188)
	at org.junit.platform.launcher.core.DefaultLauncher.withInterceptedStreams(DefaultLauncher.java:202)
	at org.junit.platform.launcher.core.DefaultLauncher.execute(DefaultLauncher.java:181)
	at org.junit.platform.launcher.core.DefaultLauncher.execute(DefaultLauncher.java:128)
	at org.gradle.api.internal.tasks.testing.junitplatform.JUnitPlatformTestClassProcessor$CollectAllTestClassesExecutor.processAllTestClasses(JUnitPlatformTestClassProcessor.java:102)
	at org.gradle.api.internal.tasks.testing.junitplatform.JUnitPlatformTestClassProcessor$CollectAllTestClassesExecutor.access$000(JUnitPlatformTestClassProcessor.java:82)
	at org.gradle.api.internal.tasks.testing.junitplatform.JUnitPlatformTestClassProcessor.stop(JUnitPlatformTestClassProcessor.java:78)
	at org.gradle.api.internal.tasks.testing.SuiteTestClassProcessor.stop(SuiteTestClassProcessor.java:61)
	at java.base/jdk.internal.reflect.NativeMethodAccessorImpl.invoke0(Native Method)
	at java.base/jdk.internal.reflect.NativeMethodAccessorImpl.invoke(NativeMethodAccessorImpl.java:62)
	at java.base/jdk.internal.reflect.DelegatingMethodAccessorImpl.invoke(DelegatingMethodAccessorImpl.java:43)
	at java.base/java.lang.reflect.Method.invoke(Method.java:566)
	at org.gradle.internal.dispatch.ReflectionDispatch.dispatch(ReflectionDispatch.java:36)
	at org.gradle.internal.dispatch.ReflectionDispatch.dispatch(ReflectionDispatch.java:24)
	at org.gradle.internal.dispatch.ContextClassLoaderDispatch.dispatch(ContextClassLoaderDispatch.java:33)
	at org.gradle.internal.dispatch.ProxyDispatchAdapter$DispatchingInvocationHandler.invoke(ProxyDispatchAdapter.java:94)
	at com.sun.proxy.$Proxy2.stop(Unknown Source)
	at org.gradle.api.internal.tasks.testing.worker.TestWorker.stop(TestWorker.java:132)
	at java.base/jdk.internal.reflect.NativeMethodAccessorImpl.invoke0(Native Method)
	at java.base/jdk.internal.reflect.NativeMethodAccessorImpl.invoke(NativeMethodAccessorImpl.java:62)
	at java.base/jdk.internal.reflect.DelegatingMethodAccessorImpl.invoke(DelegatingMethodAccessorImpl.java:43)
	at java.base/java.lang.reflect.Method.invoke(Method.java:566)
	at org.gradle.internal.dispatch.ReflectionDispatch.dispatch(ReflectionDispatch.java:36)
	at org.gradle.internal.dispatch.ReflectionDispatch.dispatch(ReflectionDispatch.java:24)
	at org.gradle.internal.remote.internal.hub.MessageHubBackedObjectConnection$DispatchWrapper.dispatch(MessageHubBackedObjectConnection.java:182)
	at org.gradle.internal.remote.internal.hub.MessageHubBackedObjectConnection$DispatchWrapper.dispatch(MessageHubBackedObjectConnection.java:164)
	at org.gradle.internal.remote.internal.hub.MessageHub$Handler.run(MessageHub.java:412)
	at org.gradle.internal.concurrent.ExecutorPolicy$CatchAndRecordFailures.onExecute(ExecutorPolicy.java:64)
	at org.gradle.internal.concurrent.ManagedExecutorImpl$1.run(ManagedExecutorImpl.java:48)
	at java.base/java.util.concurrent.ThreadPoolExecutor.runWorker(ThreadPoolExecutor.java:1128)
	at java.base/java.util.concurrent.ThreadPoolExecutor$Worker.run(ThreadPoolExecutor.java:628)
	at org.gradle.internal.concurrent.ThreadFactoryImpl$ManagedThreadRunnable.run(ThreadFactoryImpl.java:56)
	at java.base/java.lang.Thread.run(Thread.java:834)
</failure>
  </testcase>
  <testcase name="Player reaches target area" classname="ca.mcgill.ecse223.quoridor.features.CucumberTestsRunner" time="0.037">
    <failure message="org.opentest4j.MultipleFailuresError: Multiple Failures (6 failures)&#13;&#10;&#9;io.cucumber.junit.UndefinedThrowable: The step &quot;Player &quot;white&quot; has just completed his move&quot; is undefined&#13;&#10;&#9;io.cucumber.junit.UndefinedThrowable: The step &quot;The new position of &quot;white&quot; is 9:4&quot; is undefined&#13;&#10;&#9;io.cucumber.junit.UndefinedThrowable: The step &quot;The clock of &quot;white&quot; is more than zero&quot; is undefined&#13;&#10;&#9;io.cucumber.junit.UndefinedThrowable: The step &quot;Checking of game result is initated&quot; is undefined&#13;&#10;&#9;io.cucumber.junit.UndefinedThrowable: The step &quot;Game result shall be &quot;whiteWon&quot;&quot; is undefined&#13;&#10;&#9;io.cucumber.junit.UndefinedThrowable: The step &quot;The game shall no longer be running&quot; is undefined" type="org.opentest4j.MultipleFailuresError">org.opentest4j.MultipleFailuresError: Multiple Failures (6 failures)
	io.cucumber.junit.UndefinedThrowable: The step &quot;Player &quot;white&quot; has just completed his move&quot; is undefined
	io.cucumber.junit.UndefinedThrowable: The step &quot;The new position of &quot;white&quot; is 9:4&quot; is undefined
	io.cucumber.junit.UndefinedThrowable: The step &quot;The clock of &quot;white&quot; is more than zero&quot; is undefined
	io.cucumber.junit.UndefinedThrowable: The step &quot;Checking of game result is initated&quot; is undefined
	io.cucumber.junit.UndefinedThrowable: The step &quot;Game result shall be &quot;whiteWon&quot;&quot; is undefined
	io.cucumber.junit.UndefinedThrowable: The step &quot;The game shall no longer be running&quot; is undefined
	at org.junit.vintage.engine.execution.TestRun.getStoredResultOrSuccessful(TestRun.java:179)
	at org.junit.vintage.engine.execution.RunListenerAdapter.fireExecutionFinished(RunListenerAdapter.java:211)
	at org.junit.vintage.engine.execution.RunListenerAdapter.testFinished(RunListenerAdapter.java:177)
	at org.junit.vintage.engine.execution.RunListenerAdapter.testFinished(RunListenerAdapter.java:76)
	at org.junit.runner.notification.SynchronizedRunListener.testFinished(SynchronizedRunListener.java:56)
	at org.junit.runner.notification.RunNotifier$7.notifyListener(RunNotifier.java:190)
	at org.junit.runner.notification.RunNotifier$SafeNotifier.run(RunNotifier.java:72)
	at org.junit.runner.notification.RunNotifier.fireTestFinished(RunNotifier.java:187)
	at io.cucumber.junit.JUnitReporter$EachTestNotifier.fireTestFinished(JUnitReporter.java:253)
	at io.cucumber.junit.JUnitReporter.handleTestCaseResult(JUnitReporter.java:178)
	at io.cucumber.junit.JUnitReporter$4.receive(JUnitReporter.java:66)
	at io.cucumber.junit.JUnitReporter$4.receive(JUnitReporter.java:62)
	at cucumber.runner.AbstractEventPublisher.send(AbstractEventPublisher.java:45)
	at cucumber.runner.AbstractEventBus.send(AbstractEventBus.java:9)
	at cucumber.runner.ThreadLocalRunnerSupplier$LocalEventBus.send(ThreadLocalRunnerSupplier.java:60)
	at cucumber.runner.TestCase.run(TestCase.java:55)
	at cucumber.runner.Runner.runPickle(Runner.java:50)
	at io.cucumber.junit.PickleRunners$NoStepDescriptions.run(PickleRunners.java:146)
	at io.cucumber.junit.FeatureRunner.runChild(FeatureRunner.java:68)
	at io.cucumber.junit.FeatureRunner.runChild(FeatureRunner.java:23)
	at org.junit.runners.ParentRunner$3.run(ParentRunner.java:290)
	at org.junit.runners.ParentRunner$1.schedule(ParentRunner.java:71)
	at org.junit.runners.ParentRunner.runChildren(ParentRunner.java:288)
	at org.junit.runners.ParentRunner.access$000(ParentRunner.java:58)
	at org.junit.runners.ParentRunner$2.evaluate(ParentRunner.java:268)
	at org.junit.runners.ParentRunner.run(ParentRunner.java:363)
	at io.cucumber.junit.Cucumber.runChild(Cucumber.java:144)
	at io.cucumber.junit.Cucumber.runChild(Cucumber.java:65)
	at org.junit.runners.ParentRunner$3.run(ParentRunner.java:290)
	at org.junit.runners.ParentRunner$1.schedule(ParentRunner.java:71)
	at org.junit.runners.ParentRunner.runChildren(ParentRunner.java:288)
	at org.junit.runners.ParentRunner.access$000(ParentRunner.java:58)
	at org.junit.runners.ParentRunner$2.evaluate(ParentRunner.java:268)
	at io.cucumber.junit.Cucumber$RunCucumber.evaluate(Cucumber.java:174)
	at org.junit.runners.ParentRunner.run(ParentRunner.java:363)
	at org.junit.runner.JUnitCore.run(JUnitCore.java:137)
	at org.junit.runner.JUnitCore.run(JUnitCore.java:115)
	at org.junit.vintage.engine.execution.RunnerExecutor.execute(RunnerExecutor.java:40)
	at java.base/java.util.stream.ForEachOps$ForEachOp$OfRef.accept(ForEachOps.java:183)
	at java.base/java.util.stream.ReferencePipeline$3$1.accept(ReferencePipeline.java:195)
	at java.base/java.util.Iterator.forEachRemaining(Iterator.java:133)
	at java.base/java.util.Spliterators$IteratorSpliterator.forEachRemaining(Spliterators.java:1801)
	at java.base/java.util.stream.AbstractPipeline.copyInto(AbstractPipeline.java:484)
	at java.base/java.util.stream.AbstractPipeline.wrapAndCopyInto(AbstractPipeline.java:474)
	at java.base/java.util.stream.ForEachOps$ForEachOp.evaluateSequential(ForEachOps.java:150)
	at java.base/java.util.stream.ForEachOps$ForEachOp$OfRef.evaluateSequential(ForEachOps.java:173)
	at java.base/java.util.stream.AbstractPipeline.evaluate(AbstractPipeline.java:234)
	at java.base/java.util.stream.ReferencePipeline.forEach(ReferencePipeline.java:497)
	at org.junit.vintage.engine.VintageTestEngine.executeAllChildren(VintageTestEngine.java:80)
	at org.junit.vintage.engine.VintageTestEngine.execute(VintageTestEngine.java:71)
	at org.junit.platform.launcher.core.DefaultLauncher.execute(DefaultLauncher.java:220)
	at org.junit.platform.launcher.core.DefaultLauncher.lambda$execute$6(DefaultLauncher.java:188)
	at org.junit.platform.launcher.core.DefaultLauncher.withInterceptedStreams(DefaultLauncher.java:202)
	at org.junit.platform.launcher.core.DefaultLauncher.execute(DefaultLauncher.java:181)
	at org.junit.platform.launcher.core.DefaultLauncher.execute(DefaultLauncher.java:128)
	at org.gradle.api.internal.tasks.testing.junitplatform.JUnitPlatformTestClassProcessor$CollectAllTestClassesExecutor.processAllTestClasses(JUnitPlatformTestClassProcessor.java:102)
	at org.gradle.api.internal.tasks.testing.junitplatform.JUnitPlatformTestClassProcessor$CollectAllTestClassesExecutor.access$000(JUnitPlatformTestClassProcessor.java:82)
	at org.gradle.api.internal.tasks.testing.junitplatform.JUnitPlatformTestClassProcessor.stop(JUnitPlatformTestClassProcessor.java:78)
	at org.gradle.api.internal.tasks.testing.SuiteTestClassProcessor.stop(SuiteTestClassProcessor.java:61)
	at java.base/jdk.internal.reflect.NativeMethodAccessorImpl.invoke0(Native Method)
	at java.base/jdk.internal.reflect.NativeMethodAccessorImpl.invoke(NativeMethodAccessorImpl.java:62)
	at java.base/jdk.internal.reflect.DelegatingMethodAccessorImpl.invoke(DelegatingMethodAccessorImpl.java:43)
	at java.base/java.lang.reflect.Method.invoke(Method.java:566)
	at org.gradle.internal.dispatch.ReflectionDispatch.dispatch(ReflectionDispatch.java:36)
	at org.gradle.internal.dispatch.ReflectionDispatch.dispatch(ReflectionDispatch.java:24)
	at org.gradle.internal.dispatch.ContextClassLoaderDispatch.dispatch(ContextClassLoaderDispatch.java:33)
	at org.gradle.internal.dispatch.ProxyDispatchAdapter$DispatchingInvocationHandler.invoke(ProxyDispatchAdapter.java:94)
	at com.sun.proxy.$Proxy2.stop(Unknown Source)
	at org.gradle.api.internal.tasks.testing.worker.TestWorker.stop(TestWorker.java:132)
	at java.base/jdk.internal.reflect.NativeMethodAccessorImpl.invoke0(Native Method)
	at java.base/jdk.internal.reflect.NativeMethodAccessorImpl.invoke(NativeMethodAccessorImpl.java:62)
	at java.base/jdk.internal.reflect.DelegatingMethodAccessorImpl.invoke(DelegatingMethodAccessorImpl.java:43)
	at java.base/java.lang.reflect.Method.invoke(Method.java:566)
	at org.gradle.internal.dispatch.ReflectionDispatch.dispatch(ReflectionDispatch.java:36)
	at org.gradle.internal.dispatch.ReflectionDispatch.dispatch(ReflectionDispatch.java:24)
	at org.gradle.internal.remote.internal.hub.MessageHubBackedObjectConnection$DispatchWrapper.dispatch(MessageHubBackedObjectConnection.java:182)
	at org.gradle.internal.remote.internal.hub.MessageHubBackedObjectConnection$DispatchWrapper.dispatch(MessageHubBackedObjectConnection.java:164)
	at org.gradle.internal.remote.internal.hub.MessageHub$Handler.run(MessageHub.java:412)
	at org.gradle.internal.concurrent.ExecutorPolicy$CatchAndRecordFailures.onExecute(ExecutorPolicy.java:64)
	at org.gradle.internal.concurrent.ManagedExecutorImpl$1.run(ManagedExecutorImpl.java:48)
	at java.base/java.util.concurrent.ThreadPoolExecutor.runWorker(ThreadPoolExecutor.java:1128)
	at java.base/java.util.concurrent.ThreadPoolExecutor$Worker.run(ThreadPoolExecutor.java:628)
	at org.gradle.internal.concurrent.ThreadFactoryImpl$ManagedThreadRunnable.run(ThreadFactoryImpl.java:56)
	at java.base/java.lang.Thread.run(Thread.java:834)
</failure>
  </testcase>
  <testcase name="Player reaches target area" classname="ca.mcgill.ecse223.quoridor.features.CucumberTestsRunner" time="0.014">
    <failure message="org.opentest4j.MultipleFailuresError: Multiple Failures (6 failures)&#13;&#10;&#9;io.cucumber.junit.UndefinedThrowable: The step &quot;Player &quot;black&quot; has just completed his move&quot; is undefined&#13;&#10;&#9;io.cucumber.junit.UndefinedThrowable: The step &quot;The new position of &quot;black&quot; is 1:3&quot; is undefined&#13;&#10;&#9;io.cucumber.junit.UndefinedThrowable: The step &quot;The clock of &quot;black&quot; is more than zero&quot; is undefined&#13;&#10;&#9;io.cucumber.junit.UndefinedThrowable: The step &quot;Checking of game result is initated&quot; is undefined&#13;&#10;&#9;io.cucumber.junit.UndefinedThrowable: The step &quot;Game result shall be &quot;blackWon&quot;&quot; is undefined&#13;&#10;&#9;io.cucumber.junit.UndefinedThrowable: The step &quot;The game shall no longer be running&quot; is undefined" type="org.opentest4j.MultipleFailuresError">org.opentest4j.MultipleFailuresError: Multiple Failures (6 failures)
	io.cucumber.junit.UndefinedThrowable: The step &quot;Player &quot;black&quot; has just completed his move&quot; is undefined
	io.cucumber.junit.UndefinedThrowable: The step &quot;The new position of &quot;black&quot; is 1:3&quot; is undefined
	io.cucumber.junit.UndefinedThrowable: The step &quot;The clock of &quot;black&quot; is more than zero&quot; is undefined
	io.cucumber.junit.UndefinedThrowable: The step &quot;Checking of game result is initated&quot; is undefined
	io.cucumber.junit.UndefinedThrowable: The step &quot;Game result shall be &quot;blackWon&quot;&quot; is undefined
	io.cucumber.junit.UndefinedThrowable: The step &quot;The game shall no longer be running&quot; is undefined
	at org.junit.vintage.engine.execution.TestRun.getStoredResultOrSuccessful(TestRun.java:179)
	at org.junit.vintage.engine.execution.RunListenerAdapter.fireExecutionFinished(RunListenerAdapter.java:211)
	at org.junit.vintage.engine.execution.RunListenerAdapter.testFinished(RunListenerAdapter.java:177)
	at org.junit.vintage.engine.execution.RunListenerAdapter.testFinished(RunListenerAdapter.java:76)
	at org.junit.runner.notification.SynchronizedRunListener.testFinished(SynchronizedRunListener.java:56)
	at org.junit.runner.notification.RunNotifier$7.notifyListener(RunNotifier.java:190)
	at org.junit.runner.notification.RunNotifier$SafeNotifier.run(RunNotifier.java:72)
	at org.junit.runner.notification.RunNotifier.fireTestFinished(RunNotifier.java:187)
	at io.cucumber.junit.JUnitReporter$EachTestNotifier.fireTestFinished(JUnitReporter.java:253)
	at io.cucumber.junit.JUnitReporter.handleTestCaseResult(JUnitReporter.java:178)
	at io.cucumber.junit.JUnitReporter$4.receive(JUnitReporter.java:66)
	at io.cucumber.junit.JUnitReporter$4.receive(JUnitReporter.java:62)
	at cucumber.runner.AbstractEventPublisher.send(AbstractEventPublisher.java:45)
	at cucumber.runner.AbstractEventBus.send(AbstractEventBus.java:9)
	at cucumber.runner.ThreadLocalRunnerSupplier$LocalEventBus.send(ThreadLocalRunnerSupplier.java:60)
	at cucumber.runner.TestCase.run(TestCase.java:55)
	at cucumber.runner.Runner.runPickle(Runner.java:50)
	at io.cucumber.junit.PickleRunners$NoStepDescriptions.run(PickleRunners.java:146)
	at io.cucumber.junit.FeatureRunner.runChild(FeatureRunner.java:68)
	at io.cucumber.junit.FeatureRunner.runChild(FeatureRunner.java:23)
	at org.junit.runners.ParentRunner$3.run(ParentRunner.java:290)
	at org.junit.runners.ParentRunner$1.schedule(ParentRunner.java:71)
	at org.junit.runners.ParentRunner.runChildren(ParentRunner.java:288)
	at org.junit.runners.ParentRunner.access$000(ParentRunner.java:58)
	at org.junit.runners.ParentRunner$2.evaluate(ParentRunner.java:268)
	at org.junit.runners.ParentRunner.run(ParentRunner.java:363)
	at io.cucumber.junit.Cucumber.runChild(Cucumber.java:144)
	at io.cucumber.junit.Cucumber.runChild(Cucumber.java:65)
	at org.junit.runners.ParentRunner$3.run(ParentRunner.java:290)
	at org.junit.runners.ParentRunner$1.schedule(ParentRunner.java:71)
	at org.junit.runners.ParentRunner.runChildren(ParentRunner.java:288)
	at org.junit.runners.ParentRunner.access$000(ParentRunner.java:58)
	at org.junit.runners.ParentRunner$2.evaluate(ParentRunner.java:268)
	at io.cucumber.junit.Cucumber$RunCucumber.evaluate(Cucumber.java:174)
	at org.junit.runners.ParentRunner.run(ParentRunner.java:363)
	at org.junit.runner.JUnitCore.run(JUnitCore.java:137)
	at org.junit.runner.JUnitCore.run(JUnitCore.java:115)
	at org.junit.vintage.engine.execution.RunnerExecutor.execute(RunnerExecutor.java:40)
	at java.base/java.util.stream.ForEachOps$ForEachOp$OfRef.accept(ForEachOps.java:183)
	at java.base/java.util.stream.ReferencePipeline$3$1.accept(ReferencePipeline.java:195)
	at java.base/java.util.Iterator.forEachRemaining(Iterator.java:133)
	at java.base/java.util.Spliterators$IteratorSpliterator.forEachRemaining(Spliterators.java:1801)
	at java.base/java.util.stream.AbstractPipeline.copyInto(AbstractPipeline.java:484)
	at java.base/java.util.stream.AbstractPipeline.wrapAndCopyInto(AbstractPipeline.java:474)
	at java.base/java.util.stream.ForEachOps$ForEachOp.evaluateSequential(ForEachOps.java:150)
	at java.base/java.util.stream.ForEachOps$ForEachOp$OfRef.evaluateSequential(ForEachOps.java:173)
	at java.base/java.util.stream.AbstractPipeline.evaluate(AbstractPipeline.java:234)
	at java.base/java.util.stream.ReferencePipeline.forEach(ReferencePipeline.java:497)
	at org.junit.vintage.engine.VintageTestEngine.executeAllChildren(VintageTestEngine.java:80)
	at org.junit.vintage.engine.VintageTestEngine.execute(VintageTestEngine.java:71)
	at org.junit.platform.launcher.core.DefaultLauncher.execute(DefaultLauncher.java:220)
	at org.junit.platform.launcher.core.DefaultLauncher.lambda$execute$6(DefaultLauncher.java:188)
	at org.junit.platform.launcher.core.DefaultLauncher.withInterceptedStreams(DefaultLauncher.java:202)
	at org.junit.platform.launcher.core.DefaultLauncher.execute(DefaultLauncher.java:181)
	at org.junit.platform.launcher.core.DefaultLauncher.execute(DefaultLauncher.java:128)
	at org.gradle.api.internal.tasks.testing.junitplatform.JUnitPlatformTestClassProcessor$CollectAllTestClassesExecutor.processAllTestClasses(JUnitPlatformTestClassProcessor.java:102)
	at org.gradle.api.internal.tasks.testing.junitplatform.JUnitPlatformTestClassProcessor$CollectAllTestClassesExecutor.access$000(JUnitPlatformTestClassProcessor.java:82)
	at org.gradle.api.internal.tasks.testing.junitplatform.JUnitPlatformTestClassProcessor.stop(JUnitPlatformTestClassProcessor.java:78)
	at org.gradle.api.internal.tasks.testing.SuiteTestClassProcessor.stop(SuiteTestClassProcessor.java:61)
	at java.base/jdk.internal.reflect.NativeMethodAccessorImpl.invoke0(Native Method)
	at java.base/jdk.internal.reflect.NativeMethodAccessorImpl.invoke(NativeMethodAccessorImpl.java:62)
	at java.base/jdk.internal.reflect.DelegatingMethodAccessorImpl.invoke(DelegatingMethodAccessorImpl.java:43)
	at java.base/java.lang.reflect.Method.invoke(Method.java:566)
	at org.gradle.internal.dispatch.ReflectionDispatch.dispatch(ReflectionDispatch.java:36)
	at org.gradle.internal.dispatch.ReflectionDispatch.dispatch(ReflectionDispatch.java:24)
	at org.gradle.internal.dispatch.ContextClassLoaderDispatch.dispatch(ContextClassLoaderDispatch.java:33)
	at org.gradle.internal.dispatch.ProxyDispatchAdapter$DispatchingInvocationHandler.invoke(ProxyDispatchAdapter.java:94)
	at com.sun.proxy.$Proxy2.stop(Unknown Source)
	at org.gradle.api.internal.tasks.testing.worker.TestWorker.stop(TestWorker.java:132)
	at java.base/jdk.internal.reflect.NativeMethodAccessorImpl.invoke0(Native Method)
	at java.base/jdk.internal.reflect.NativeMethodAccessorImpl.invoke(NativeMethodAccessorImpl.java:62)
	at java.base/jdk.internal.reflect.DelegatingMethodAccessorImpl.invoke(DelegatingMethodAccessorImpl.java:43)
	at java.base/java.lang.reflect.Method.invoke(Method.java:566)
	at org.gradle.internal.dispatch.ReflectionDispatch.dispatch(ReflectionDispatch.java:36)
	at org.gradle.internal.dispatch.ReflectionDispatch.dispatch(ReflectionDispatch.java:24)
	at org.gradle.internal.remote.internal.hub.MessageHubBackedObjectConnection$DispatchWrapper.dispatch(MessageHubBackedObjectConnection.java:182)
	at org.gradle.internal.remote.internal.hub.MessageHubBackedObjectConnection$DispatchWrapper.dispatch(MessageHubBackedObjectConnection.java:164)
	at org.gradle.internal.remote.internal.hub.MessageHub$Handler.run(MessageHub.java:412)
	at org.gradle.internal.concurrent.ExecutorPolicy$CatchAndRecordFailures.onExecute(ExecutorPolicy.java:64)
	at org.gradle.internal.concurrent.ManagedExecutorImpl$1.run(ManagedExecutorImpl.java:48)
	at java.base/java.util.concurrent.ThreadPoolExecutor.runWorker(ThreadPoolExecutor.java:1128)
	at java.base/java.util.concurrent.ThreadPoolExecutor$Worker.run(ThreadPoolExecutor.java:628)
	at org.gradle.internal.concurrent.ThreadFactoryImpl$ManagedThreadRunnable.run(ThreadFactoryImpl.java:56)
	at java.base/java.lang.Thread.run(Thread.java:834)
</failure>
  </testcase>
  <testcase name="Player's time is exceeded" classname="ca.mcgill.ecse223.quoridor.features.CucumberTestsRunner" time="0.022">
    <failure message="org.opentest4j.MultipleFailuresError: Multiple Failures (3 failures)&#13;&#10;&#9;io.cucumber.junit.UndefinedThrowable: The step &quot;The clock of &quot;white&quot; counts down to zero&quot; is undefined&#13;&#10;&#9;io.cucumber.junit.UndefinedThrowable: The step &quot;Game result shall be &quot;blackWon&quot;&quot; is undefined&#13;&#10;&#9;io.cucumber.junit.UndefinedThrowable: The step &quot;The game shall no longer be running&quot; is undefined" type="org.opentest4j.MultipleFailuresError">org.opentest4j.MultipleFailuresError: Multiple Failures (3 failures)
	io.cucumber.junit.UndefinedThrowable: The step &quot;The clock of &quot;white&quot; counts down to zero&quot; is undefined
	io.cucumber.junit.UndefinedThrowable: The step &quot;Game result shall be &quot;blackWon&quot;&quot; is undefined
	io.cucumber.junit.UndefinedThrowable: The step &quot;The game shall no longer be running&quot; is undefined
	at org.junit.vintage.engine.execution.TestRun.getStoredResultOrSuccessful(TestRun.java:179)
	at org.junit.vintage.engine.execution.RunListenerAdapter.fireExecutionFinished(RunListenerAdapter.java:211)
	at org.junit.vintage.engine.execution.RunListenerAdapter.testFinished(RunListenerAdapter.java:177)
	at org.junit.vintage.engine.execution.RunListenerAdapter.testFinished(RunListenerAdapter.java:76)
	at org.junit.runner.notification.SynchronizedRunListener.testFinished(SynchronizedRunListener.java:56)
	at org.junit.runner.notification.RunNotifier$7.notifyListener(RunNotifier.java:190)
	at org.junit.runner.notification.RunNotifier$SafeNotifier.run(RunNotifier.java:72)
	at org.junit.runner.notification.RunNotifier.fireTestFinished(RunNotifier.java:187)
	at io.cucumber.junit.JUnitReporter$EachTestNotifier.fireTestFinished(JUnitReporter.java:253)
	at io.cucumber.junit.JUnitReporter.handleTestCaseResult(JUnitReporter.java:178)
	at io.cucumber.junit.JUnitReporter$4.receive(JUnitReporter.java:66)
	at io.cucumber.junit.JUnitReporter$4.receive(JUnitReporter.java:62)
	at cucumber.runner.AbstractEventPublisher.send(AbstractEventPublisher.java:45)
	at cucumber.runner.AbstractEventBus.send(AbstractEventBus.java:9)
	at cucumber.runner.ThreadLocalRunnerSupplier$LocalEventBus.send(ThreadLocalRunnerSupplier.java:60)
	at cucumber.runner.TestCase.run(TestCase.java:55)
	at cucumber.runner.Runner.runPickle(Runner.java:50)
	at io.cucumber.junit.PickleRunners$NoStepDescriptions.run(PickleRunners.java:146)
	at io.cucumber.junit.FeatureRunner.runChild(FeatureRunner.java:68)
	at io.cucumber.junit.FeatureRunner.runChild(FeatureRunner.java:23)
	at org.junit.runners.ParentRunner$3.run(ParentRunner.java:290)
	at org.junit.runners.ParentRunner$1.schedule(ParentRunner.java:71)
	at org.junit.runners.ParentRunner.runChildren(ParentRunner.java:288)
	at org.junit.runners.ParentRunner.access$000(ParentRunner.java:58)
	at org.junit.runners.ParentRunner$2.evaluate(ParentRunner.java:268)
	at org.junit.runners.ParentRunner.run(ParentRunner.java:363)
	at io.cucumber.junit.Cucumber.runChild(Cucumber.java:144)
	at io.cucumber.junit.Cucumber.runChild(Cucumber.java:65)
	at org.junit.runners.ParentRunner$3.run(ParentRunner.java:290)
	at org.junit.runners.ParentRunner$1.schedule(ParentRunner.java:71)
	at org.junit.runners.ParentRunner.runChildren(ParentRunner.java:288)
	at org.junit.runners.ParentRunner.access$000(ParentRunner.java:58)
	at org.junit.runners.ParentRunner$2.evaluate(ParentRunner.java:268)
	at io.cucumber.junit.Cucumber$RunCucumber.evaluate(Cucumber.java:174)
	at org.junit.runners.ParentRunner.run(ParentRunner.java:363)
	at org.junit.runner.JUnitCore.run(JUnitCore.java:137)
	at org.junit.runner.JUnitCore.run(JUnitCore.java:115)
	at org.junit.vintage.engine.execution.RunnerExecutor.execute(RunnerExecutor.java:40)
	at java.base/java.util.stream.ForEachOps$ForEachOp$OfRef.accept(ForEachOps.java:183)
	at java.base/java.util.stream.ReferencePipeline$3$1.accept(ReferencePipeline.java:195)
	at java.base/java.util.Iterator.forEachRemaining(Iterator.java:133)
	at java.base/java.util.Spliterators$IteratorSpliterator.forEachRemaining(Spliterators.java:1801)
	at java.base/java.util.stream.AbstractPipeline.copyInto(AbstractPipeline.java:484)
	at java.base/java.util.stream.AbstractPipeline.wrapAndCopyInto(AbstractPipeline.java:474)
	at java.base/java.util.stream.ForEachOps$ForEachOp.evaluateSequential(ForEachOps.java:150)
	at java.base/java.util.stream.ForEachOps$ForEachOp$OfRef.evaluateSequential(ForEachOps.java:173)
	at java.base/java.util.stream.AbstractPipeline.evaluate(AbstractPipeline.java:234)
	at java.base/java.util.stream.ReferencePipeline.forEach(ReferencePipeline.java:497)
	at org.junit.vintage.engine.VintageTestEngine.executeAllChildren(VintageTestEngine.java:80)
	at org.junit.vintage.engine.VintageTestEngine.execute(VintageTestEngine.java:71)
	at org.junit.platform.launcher.core.DefaultLauncher.execute(DefaultLauncher.java:220)
	at org.junit.platform.launcher.core.DefaultLauncher.lambda$execute$6(DefaultLauncher.java:188)
	at org.junit.platform.launcher.core.DefaultLauncher.withInterceptedStreams(DefaultLauncher.java:202)
	at org.junit.platform.launcher.core.DefaultLauncher.execute(DefaultLauncher.java:181)
	at org.junit.platform.launcher.core.DefaultLauncher.execute(DefaultLauncher.java:128)
	at org.gradle.api.internal.tasks.testing.junitplatform.JUnitPlatformTestClassProcessor$CollectAllTestClassesExecutor.processAllTestClasses(JUnitPlatformTestClassProcessor.java:102)
	at org.gradle.api.internal.tasks.testing.junitplatform.JUnitPlatformTestClassProcessor$CollectAllTestClassesExecutor.access$000(JUnitPlatformTestClassProcessor.java:82)
	at org.gradle.api.internal.tasks.testing.junitplatform.JUnitPlatformTestClassProcessor.stop(JUnitPlatformTestClassProcessor.java:78)
	at org.gradle.api.internal.tasks.testing.SuiteTestClassProcessor.stop(SuiteTestClassProcessor.java:61)
	at java.base/jdk.internal.reflect.NativeMethodAccessorImpl.invoke0(Native Method)
	at java.base/jdk.internal.reflect.NativeMethodAccessorImpl.invoke(NativeMethodAccessorImpl.java:62)
	at java.base/jdk.internal.reflect.DelegatingMethodAccessorImpl.invoke(DelegatingMethodAccessorImpl.java:43)
	at java.base/java.lang.reflect.Method.invoke(Method.java:566)
	at org.gradle.internal.dispatch.ReflectionDispatch.dispatch(ReflectionDispatch.java:36)
	at org.gradle.internal.dispatch.ReflectionDispatch.dispatch(ReflectionDispatch.java:24)
	at org.gradle.internal.dispatch.ContextClassLoaderDispatch.dispatch(ContextClassLoaderDispatch.java:33)
	at org.gradle.internal.dispatch.ProxyDispatchAdapter$DispatchingInvocationHandler.invoke(ProxyDispatchAdapter.java:94)
	at com.sun.proxy.$Proxy2.stop(Unknown Source)
	at org.gradle.api.internal.tasks.testing.worker.TestWorker.stop(TestWorker.java:132)
	at java.base/jdk.internal.reflect.NativeMethodAccessorImpl.invoke0(Native Method)
	at java.base/jdk.internal.reflect.NativeMethodAccessorImpl.invoke(NativeMethodAccessorImpl.java:62)
	at java.base/jdk.internal.reflect.DelegatingMethodAccessorImpl.invoke(DelegatingMethodAccessorImpl.java:43)
	at java.base/java.lang.reflect.Method.invoke(Method.java:566)
	at org.gradle.internal.dispatch.ReflectionDispatch.dispatch(ReflectionDispatch.java:36)
	at org.gradle.internal.dispatch.ReflectionDispatch.dispatch(ReflectionDispatch.java:24)
	at org.gradle.internal.remote.internal.hub.MessageHubBackedObjectConnection$DispatchWrapper.dispatch(MessageHubBackedObjectConnection.java:182)
	at org.gradle.internal.remote.internal.hub.MessageHubBackedObjectConnection$DispatchWrapper.dispatch(MessageHubBackedObjectConnection.java:164)
	at org.gradle.internal.remote.internal.hub.MessageHub$Handler.run(MessageHub.java:412)
	at org.gradle.internal.concurrent.ExecutorPolicy$CatchAndRecordFailures.onExecute(ExecutorPolicy.java:64)
	at org.gradle.internal.concurrent.ManagedExecutorImpl$1.run(ManagedExecutorImpl.java:48)
	at java.base/java.util.concurrent.ThreadPoolExecutor.runWorker(ThreadPoolExecutor.java:1128)
	at java.base/java.util.concurrent.ThreadPoolExecutor$Worker.run(ThreadPoolExecutor.java:628)
	at org.gradle.internal.concurrent.ThreadFactoryImpl$ManagedThreadRunnable.run(ThreadFactoryImpl.java:56)
	at java.base/java.lang.Thread.run(Thread.java:834)
</failure>
  </testcase>
  <testcase name="Player's time is exceeded" classname="ca.mcgill.ecse223.quoridor.features.CucumberTestsRunner" time="0.024">
    <failure message="org.opentest4j.MultipleFailuresError: Multiple Failures (3 failures)&#13;&#10;&#9;io.cucumber.junit.UndefinedThrowable: The step &quot;The clock of &quot;black&quot; counts down to zero&quot; is undefined&#13;&#10;&#9;io.cucumber.junit.UndefinedThrowable: The step &quot;Game result shall be &quot;whiteWon&quot;&quot; is undefined&#13;&#10;&#9;io.cucumber.junit.UndefinedThrowable: The step &quot;The game shall no longer be running&quot; is undefined" type="org.opentest4j.MultipleFailuresError">org.opentest4j.MultipleFailuresError: Multiple Failures (3 failures)
	io.cucumber.junit.UndefinedThrowable: The step &quot;The clock of &quot;black&quot; counts down to zero&quot; is undefined
	io.cucumber.junit.UndefinedThrowable: The step &quot;Game result shall be &quot;whiteWon&quot;&quot; is undefined
	io.cucumber.junit.UndefinedThrowable: The step &quot;The game shall no longer be running&quot; is undefined
	at org.junit.vintage.engine.execution.TestRun.getStoredResultOrSuccessful(TestRun.java:179)
	at org.junit.vintage.engine.execution.RunListenerAdapter.fireExecutionFinished(RunListenerAdapter.java:211)
	at org.junit.vintage.engine.execution.RunListenerAdapter.testFinished(RunListenerAdapter.java:177)
	at org.junit.vintage.engine.execution.RunListenerAdapter.testFinished(RunListenerAdapter.java:76)
	at org.junit.runner.notification.SynchronizedRunListener.testFinished(SynchronizedRunListener.java:56)
	at org.junit.runner.notification.RunNotifier$7.notifyListener(RunNotifier.java:190)
	at org.junit.runner.notification.RunNotifier$SafeNotifier.run(RunNotifier.java:72)
	at org.junit.runner.notification.RunNotifier.fireTestFinished(RunNotifier.java:187)
	at io.cucumber.junit.JUnitReporter$EachTestNotifier.fireTestFinished(JUnitReporter.java:253)
	at io.cucumber.junit.JUnitReporter.handleTestCaseResult(JUnitReporter.java:178)
	at io.cucumber.junit.JUnitReporter$4.receive(JUnitReporter.java:66)
	at io.cucumber.junit.JUnitReporter$4.receive(JUnitReporter.java:62)
	at cucumber.runner.AbstractEventPublisher.send(AbstractEventPublisher.java:45)
	at cucumber.runner.AbstractEventBus.send(AbstractEventBus.java:9)
	at cucumber.runner.ThreadLocalRunnerSupplier$LocalEventBus.send(ThreadLocalRunnerSupplier.java:60)
	at cucumber.runner.TestCase.run(TestCase.java:55)
	at cucumber.runner.Runner.runPickle(Runner.java:50)
	at io.cucumber.junit.PickleRunners$NoStepDescriptions.run(PickleRunners.java:146)
	at io.cucumber.junit.FeatureRunner.runChild(FeatureRunner.java:68)
	at io.cucumber.junit.FeatureRunner.runChild(FeatureRunner.java:23)
	at org.junit.runners.ParentRunner$3.run(ParentRunner.java:290)
	at org.junit.runners.ParentRunner$1.schedule(ParentRunner.java:71)
	at org.junit.runners.ParentRunner.runChildren(ParentRunner.java:288)
	at org.junit.runners.ParentRunner.access$000(ParentRunner.java:58)
	at org.junit.runners.ParentRunner$2.evaluate(ParentRunner.java:268)
	at org.junit.runners.ParentRunner.run(ParentRunner.java:363)
	at io.cucumber.junit.Cucumber.runChild(Cucumber.java:144)
	at io.cucumber.junit.Cucumber.runChild(Cucumber.java:65)
	at org.junit.runners.ParentRunner$3.run(ParentRunner.java:290)
	at org.junit.runners.ParentRunner$1.schedule(ParentRunner.java:71)
	at org.junit.runners.ParentRunner.runChildren(ParentRunner.java:288)
	at org.junit.runners.ParentRunner.access$000(ParentRunner.java:58)
	at org.junit.runners.ParentRunner$2.evaluate(ParentRunner.java:268)
	at io.cucumber.junit.Cucumber$RunCucumber.evaluate(Cucumber.java:174)
	at org.junit.runners.ParentRunner.run(ParentRunner.java:363)
	at org.junit.runner.JUnitCore.run(JUnitCore.java:137)
	at org.junit.runner.JUnitCore.run(JUnitCore.java:115)
	at org.junit.vintage.engine.execution.RunnerExecutor.execute(RunnerExecutor.java:40)
	at java.base/java.util.stream.ForEachOps$ForEachOp$OfRef.accept(ForEachOps.java:183)
	at java.base/java.util.stream.ReferencePipeline$3$1.accept(ReferencePipeline.java:195)
	at java.base/java.util.Iterator.forEachRemaining(Iterator.java:133)
	at java.base/java.util.Spliterators$IteratorSpliterator.forEachRemaining(Spliterators.java:1801)
	at java.base/java.util.stream.AbstractPipeline.copyInto(AbstractPipeline.java:484)
	at java.base/java.util.stream.AbstractPipeline.wrapAndCopyInto(AbstractPipeline.java:474)
	at java.base/java.util.stream.ForEachOps$ForEachOp.evaluateSequential(ForEachOps.java:150)
	at java.base/java.util.stream.ForEachOps$ForEachOp$OfRef.evaluateSequential(ForEachOps.java:173)
	at java.base/java.util.stream.AbstractPipeline.evaluate(AbstractPipeline.java:234)
	at java.base/java.util.stream.ReferencePipeline.forEach(ReferencePipeline.java:497)
	at org.junit.vintage.engine.VintageTestEngine.executeAllChildren(VintageTestEngine.java:80)
	at org.junit.vintage.engine.VintageTestEngine.execute(VintageTestEngine.java:71)
	at org.junit.platform.launcher.core.DefaultLauncher.execute(DefaultLauncher.java:220)
	at org.junit.platform.launcher.core.DefaultLauncher.lambda$execute$6(DefaultLauncher.java:188)
	at org.junit.platform.launcher.core.DefaultLauncher.withInterceptedStreams(DefaultLauncher.java:202)
	at org.junit.platform.launcher.core.DefaultLauncher.execute(DefaultLauncher.java:181)
	at org.junit.platform.launcher.core.DefaultLauncher.execute(DefaultLauncher.java:128)
	at org.gradle.api.internal.tasks.testing.junitplatform.JUnitPlatformTestClassProcessor$CollectAllTestClassesExecutor.processAllTestClasses(JUnitPlatformTestClassProcessor.java:102)
	at org.gradle.api.internal.tasks.testing.junitplatform.JUnitPlatformTestClassProcessor$CollectAllTestClassesExecutor.access$000(JUnitPlatformTestClassProcessor.java:82)
	at org.gradle.api.internal.tasks.testing.junitplatform.JUnitPlatformTestClassProcessor.stop(JUnitPlatformTestClassProcessor.java:78)
	at org.gradle.api.internal.tasks.testing.SuiteTestClassProcessor.stop(SuiteTestClassProcessor.java:61)
	at java.base/jdk.internal.reflect.NativeMethodAccessorImpl.invoke0(Native Method)
	at java.base/jdk.internal.reflect.NativeMethodAccessorImpl.invoke(NativeMethodAccessorImpl.java:62)
	at java.base/jdk.internal.reflect.DelegatingMethodAccessorImpl.invoke(DelegatingMethodAccessorImpl.java:43)
	at java.base/java.lang.reflect.Method.invoke(Method.java:566)
	at org.gradle.internal.dispatch.ReflectionDispatch.dispatch(ReflectionDispatch.java:36)
	at org.gradle.internal.dispatch.ReflectionDispatch.dispatch(ReflectionDispatch.java:24)
	at org.gradle.internal.dispatch.ContextClassLoaderDispatch.dispatch(ContextClassLoaderDispatch.java:33)
	at org.gradle.internal.dispatch.ProxyDispatchAdapter$DispatchingInvocationHandler.invoke(ProxyDispatchAdapter.java:94)
	at com.sun.proxy.$Proxy2.stop(Unknown Source)
	at org.gradle.api.internal.tasks.testing.worker.TestWorker.stop(TestWorker.java:132)
	at java.base/jdk.internal.reflect.NativeMethodAccessorImpl.invoke0(Native Method)
	at java.base/jdk.internal.reflect.NativeMethodAccessorImpl.invoke(NativeMethodAccessorImpl.java:62)
	at java.base/jdk.internal.reflect.DelegatingMethodAccessorImpl.invoke(DelegatingMethodAccessorImpl.java:43)
	at java.base/java.lang.reflect.Method.invoke(Method.java:566)
	at org.gradle.internal.dispatch.ReflectionDispatch.dispatch(ReflectionDispatch.java:36)
	at org.gradle.internal.dispatch.ReflectionDispatch.dispatch(ReflectionDispatch.java:24)
	at org.gradle.internal.remote.internal.hub.MessageHubBackedObjectConnection$DispatchWrapper.dispatch(MessageHubBackedObjectConnection.java:182)
	at org.gradle.internal.remote.internal.hub.MessageHubBackedObjectConnection$DispatchWrapper.dispatch(MessageHubBackedObjectConnection.java:164)
	at org.gradle.internal.remote.internal.hub.MessageHub$Handler.run(MessageHub.java:412)
	at org.gradle.internal.concurrent.ExecutorPolicy$CatchAndRecordFailures.onExecute(ExecutorPolicy.java:64)
	at org.gradle.internal.concurrent.ManagedExecutorImpl$1.run(ManagedExecutorImpl.java:48)
	at java.base/java.util.concurrent.ThreadPoolExecutor.runWorker(ThreadPoolExecutor.java:1128)
	at java.base/java.util.concurrent.ThreadPoolExecutor$Worker.run(ThreadPoolExecutor.java:628)
	at org.gradle.internal.concurrent.ThreadFactoryImpl$ManagedThreadRunnable.run(ThreadFactoryImpl.java:56)
	at java.base/java.lang.Thread.run(Thread.java:834)
</failure>
  </testcase>
  <testcase name="Initialize board" classname="ca.mcgill.ecse223.quoridor.features.CucumberTestsRunner" time="1.405">
    <failure message="org.opentest4j.AssertionFailedError: expected: &lt;ca.mcgill.ecse223.quoridor.model.Tile@1f1a7931[row:1,column:5]&#13;&#10;  board = 7b365962&gt; but was: &lt;ca.mcgill.ecse223.quoridor.model.Tile@a9dcfaa[row:9,column:5]&#13;&#10;  board = 7b365962&gt;" type="org.opentest4j.AssertionFailedError">org.opentest4j.AssertionFailedError: expected: &lt;ca.mcgill.ecse223.quoridor.model.Tile@1f1a7931[row:1,column:5]
  board = 7b365962&gt; but was: &lt;ca.mcgill.ecse223.quoridor.model.Tile@a9dcfaa[row:9,column:5]
  board = 7b365962&gt;
	at org.junit.jupiter.api.AssertionUtils.fail(AssertionUtils.java:55)
	at org.junit.jupiter.api.AssertionUtils.failNotEqual(AssertionUtils.java:62)
	at org.junit.jupiter.api.AssertEquals.assertEquals(AssertEquals.java:182)
	at org.junit.jupiter.api.AssertEquals.assertEquals(AssertEquals.java:177)
	at org.junit.jupiter.api.Assertions.assertEquals(Assertions.java:1124)
	at ca.mcgill.ecse223.quoridor.features.CucumberStepDefinitions.whitesPawnShallBeInItsInitialPosition(CucumberStepDefinitions.java:294)
	at ✽.White's pawn shall be in its initial position(file:src/test/resources/ca/mcgill/ecse223/quoridor/features/InitializeBoard.feature:10)
</failure>
  </testcase>
  <testcase name="Jump over opponent" classname="ca.mcgill.ecse223.quoridor.features.CucumberTestsRunner" time="0.116"/>
  <testcase name="Jump over opponent" classname="ca.mcgill.ecse223.quoridor.features.CucumberTestsRunner" time="0.124"/>
  <testcase name="Jump over opponent" classname="ca.mcgill.ecse223.quoridor.features.CucumberTestsRunner" time="0.011"/>
  <testcase name="Jump over opponent" classname="ca.mcgill.ecse223.quoridor.features.CucumberTestsRunner" time="0.017"/>
  <testcase name="Jump over opponent" classname="ca.mcgill.ecse223.quoridor.features.CucumberTestsRunner" time="0.01"/>
  <testcase name="Jump over opponent" classname="ca.mcgill.ecse223.quoridor.features.CucumberTestsRunner" time="0.111"/>
  <testcase name="Jump over opponent" classname="ca.mcgill.ecse223.quoridor.features.CucumberTestsRunner" time="0.021"/>
  <testcase name="Jump over opponent" classname="ca.mcgill.ecse223.quoridor.features.CucumberTestsRunner" time="0.01"/>
  <testcase name="Jump of player blocked by wall" classname="ca.mcgill.ecse223.quoridor.features.CucumberTestsRunner" time="0.787"/>
  <testcase name="Jump of player blocked by wall" classname="ca.mcgill.ecse223.quoridor.features.CucumberTestsRunner" time="0.012"/>
  <testcase name="Jump of player blocked by wall" classname="ca.mcgill.ecse223.quoridor.features.CucumberTestsRunner" time="0.102"/>
  <testcase name="Jump of player blocked by wall" classname="ca.mcgill.ecse223.quoridor.features.CucumberTestsRunner" time="0.14"/>
  <testcase name="Jump of player blocked by wall" classname="ca.mcgill.ecse223.quoridor.features.CucumberTestsRunner" time="0.008"/>
  <testcase name="Jump of player blocked by wall" classname="ca.mcgill.ecse223.quoridor.features.CucumberTestsRunner" time="0.019"/>
  <testcase name="Jump of player blocked by wall" classname="ca.mcgill.ecse223.quoridor.features.CucumberTestsRunner" time="0.012"/>
  <testcase name="Jump of player blocked by wall" classname="ca.mcgill.ecse223.quoridor.features.CucumberTestsRunner" time="0.06"/>
  <testcase name="Diagonal jumps of a player near wall" classname="ca.mcgill.ecse223.quoridor.features.CucumberTestsRunner" time="0.039"/>
  <testcase name="Diagonal jumps of a player near wall" classname="ca.mcgill.ecse223.quoridor.features.CucumberTestsRunner" time="0.08"/>
  <testcase name="Diagonal jumps of a player near wall" classname="ca.mcgill.ecse223.quoridor.features.CucumberTestsRunner" time="0.035"/>
  <testcase name="Diagonal jumps of a player near wall" classname="ca.mcgill.ecse223.quoridor.features.CucumberTestsRunner" time="0.008"/>
  <testcase name="Diagonal jumps of a player near wall" classname="ca.mcgill.ecse223.quoridor.features.CucumberTestsRunner" time="0.006"/>
  <testcase name="Diagonal jumps of a player near wall" classname="ca.mcgill.ecse223.quoridor.features.CucumberTestsRunner" time="0.01"/>
  <testcase name="Diagonal jumps of a player near wall" classname="ca.mcgill.ecse223.quoridor.features.CucumberTestsRunner" time="0.11"/>
  <testcase name="Diagonal jumps of a player near wall" classname="ca.mcgill.ecse223.quoridor.features.CucumberTestsRunner" time="0.019"/>
  <testcase name="Diagonal jumps of a player near wall" classname="ca.mcgill.ecse223.quoridor.features.CucumberTestsRunner" time="0.007"/>
  <testcase name="Diagonal jumps of a player near wall" classname="ca.mcgill.ecse223.quoridor.features.CucumberTestsRunner" time="0.007"/>
  <testcase name="Diagonal jumps of a player near wall" classname="ca.mcgill.ecse223.quoridor.features.CucumberTestsRunner" time="0.067"/>
  <testcase name="Diagonal jumps of a player near wall" classname="ca.mcgill.ecse223.quoridor.features.CucumberTestsRunner" time="0.011"/>
  <testcase name="Diagonal jumps of a player near wall" classname="ca.mcgill.ecse223.quoridor.features.CucumberTestsRunner" time="0.008"/>
  <testcase name="Diagonal jumps of a player near wall" classname="ca.mcgill.ecse223.quoridor.features.CucumberTestsRunner" time="0.009"/>
  <testcase name="Diagonal jumps of a player near wall" classname="ca.mcgill.ecse223.quoridor.features.CucumberTestsRunner" time="0.039"/>
  <testcase name="Diagonal jumps of a player near wall" classname="ca.mcgill.ecse223.quoridor.features.CucumberTestsRunner" time="0.022"/>
  <testcase name="Diagonal jump over opponent at edge of the board" classname="ca.mcgill.ecse223.quoridor.features.CucumberTestsRunner" time="0.01"/>
  <testcase name="Diagonal jump over opponent at edge of the board" classname="ca.mcgill.ecse223.quoridor.features.CucumberTestsRunner" time="0.007"/>
  <testcase name="Diagonal jump over opponent at edge of the board" classname="ca.mcgill.ecse223.quoridor.features.CucumberTestsRunner" time="0.008"/>
  <testcase name="Diagonal jump over opponent at edge of the board" classname="ca.mcgill.ecse223.quoridor.features.CucumberTestsRunner" time="0.018"/>
  <testcase name="Diagonal jump over opponent at edge of the board" classname="ca.mcgill.ecse223.quoridor.features.CucumberTestsRunner" time="0.06"/>
  <testcase name="Diagonal jump over opponent at edge of the board" classname="ca.mcgill.ecse223.quoridor.features.CucumberTestsRunner" time="0.007"/>
  <testcase name="Diagonal jump over opponent at edge of the board" classname="ca.mcgill.ecse223.quoridor.features.CucumberTestsRunner" time="0.009"/>
  <testcase name="Diagonal jump over opponent at edge of the board" classname="ca.mcgill.ecse223.quoridor.features.CucumberTestsRunner" time="0.009"/>
  <testcase name="Jump to final" classname="ca.mcgill.ecse223.quoridor.features.CucumberTestsRunner" time="0.032">
    <failure message="org.opentest4j.MultipleFailuresError: Multiple Failures (9 failures)&#13;&#10;&#9;io.cucumber.junit.UndefinedThrowable: The step &quot;The game is in replay mode&quot; is undefined&#13;&#10;&#9;io.cucumber.junit.UndefinedThrowable: The step &quot;The following moves have been played in game:&quot; is undefined&#13;&#10;&#9;io.cucumber.junit.UndefinedThrowable: The step &quot;The next move is 1.1&quot; is undefined&#13;&#10;&#9;io.cucumber.junit.UndefinedThrowable: The step &quot;Jump to start position is initiated&quot; is undefined&#13;&#10;&#9;io.cucumber.junit.UndefinedThrowable: The step &quot;The next move shall be 5.1&quot; is undefined&#13;&#10;&#9;io.cucumber.junit.UndefinedThrowable: The step &quot;White player's position shall be (7,5)&quot; is undefined&#13;&#10;&#9;io.cucumber.junit.UndefinedThrowable: The step &quot;Black player's position shall be (3,6)&quot; is undefined&#13;&#10;&#9;io.cucumber.junit.UndefinedThrowable: The step &quot;White has &lt;wwallno&gt; on stock&quot; is undefined&#13;&#10;&#9;io.cucumber.junit.UndefinedThrowable: The step &quot;Black has 9 on stock&quot; is undefined" type="org.opentest4j.MultipleFailuresError">org.opentest4j.MultipleFailuresError: Multiple Failures (9 failures)
	io.cucumber.junit.UndefinedThrowable: The step &quot;The game is in replay mode&quot; is undefined
	io.cucumber.junit.UndefinedThrowable: The step &quot;The following moves have been played in game:&quot; is undefined
	io.cucumber.junit.UndefinedThrowable: The step &quot;The next move is 1.1&quot; is undefined
	io.cucumber.junit.UndefinedThrowable: The step &quot;Jump to start position is initiated&quot; is undefined
	io.cucumber.junit.UndefinedThrowable: The step &quot;The next move shall be 5.1&quot; is undefined
	io.cucumber.junit.UndefinedThrowable: The step &quot;White player's position shall be (7,5)&quot; is undefined
	io.cucumber.junit.UndefinedThrowable: The step &quot;Black player's position shall be (3,6)&quot; is undefined
	io.cucumber.junit.UndefinedThrowable: The step &quot;White has &lt;wwallno&gt; on stock&quot; is undefined
	io.cucumber.junit.UndefinedThrowable: The step &quot;Black has 9 on stock&quot; is undefined
	at org.junit.vintage.engine.execution.TestRun.getStoredResultOrSuccessful(TestRun.java:179)
	at org.junit.vintage.engine.execution.RunListenerAdapter.fireExecutionFinished(RunListenerAdapter.java:211)
	at org.junit.vintage.engine.execution.RunListenerAdapter.testFinished(RunListenerAdapter.java:177)
	at org.junit.vintage.engine.execution.RunListenerAdapter.testFinished(RunListenerAdapter.java:76)
	at org.junit.runner.notification.SynchronizedRunListener.testFinished(SynchronizedRunListener.java:56)
	at org.junit.runner.notification.RunNotifier$7.notifyListener(RunNotifier.java:190)
	at org.junit.runner.notification.RunNotifier$SafeNotifier.run(RunNotifier.java:72)
	at org.junit.runner.notification.RunNotifier.fireTestFinished(RunNotifier.java:187)
	at io.cucumber.junit.JUnitReporter$EachTestNotifier.fireTestFinished(JUnitReporter.java:253)
	at io.cucumber.junit.JUnitReporter.handleTestCaseResult(JUnitReporter.java:178)
	at io.cucumber.junit.JUnitReporter$4.receive(JUnitReporter.java:66)
	at io.cucumber.junit.JUnitReporter$4.receive(JUnitReporter.java:62)
	at cucumber.runner.AbstractEventPublisher.send(AbstractEventPublisher.java:45)
	at cucumber.runner.AbstractEventBus.send(AbstractEventBus.java:9)
	at cucumber.runner.ThreadLocalRunnerSupplier$LocalEventBus.send(ThreadLocalRunnerSupplier.java:60)
	at cucumber.runner.TestCase.run(TestCase.java:55)
	at cucumber.runner.Runner.runPickle(Runner.java:50)
	at io.cucumber.junit.PickleRunners$NoStepDescriptions.run(PickleRunners.java:146)
	at io.cucumber.junit.FeatureRunner.runChild(FeatureRunner.java:68)
	at io.cucumber.junit.FeatureRunner.runChild(FeatureRunner.java:23)
	at org.junit.runners.ParentRunner$3.run(ParentRunner.java:290)
	at org.junit.runners.ParentRunner$1.schedule(ParentRunner.java:71)
	at org.junit.runners.ParentRunner.runChildren(ParentRunner.java:288)
	at org.junit.runners.ParentRunner.access$000(ParentRunner.java:58)
	at org.junit.runners.ParentRunner$2.evaluate(ParentRunner.java:268)
	at org.junit.runners.ParentRunner.run(ParentRunner.java:363)
	at io.cucumber.junit.Cucumber.runChild(Cucumber.java:144)
	at io.cucumber.junit.Cucumber.runChild(Cucumber.java:65)
	at org.junit.runners.ParentRunner$3.run(ParentRunner.java:290)
	at org.junit.runners.ParentRunner$1.schedule(ParentRunner.java:71)
	at org.junit.runners.ParentRunner.runChildren(ParentRunner.java:288)
	at org.junit.runners.ParentRunner.access$000(ParentRunner.java:58)
	at org.junit.runners.ParentRunner$2.evaluate(ParentRunner.java:268)
	at io.cucumber.junit.Cucumber$RunCucumber.evaluate(Cucumber.java:174)
	at org.junit.runners.ParentRunner.run(ParentRunner.java:363)
	at org.junit.runner.JUnitCore.run(JUnitCore.java:137)
	at org.junit.runner.JUnitCore.run(JUnitCore.java:115)
	at org.junit.vintage.engine.execution.RunnerExecutor.execute(RunnerExecutor.java:40)
	at java.base/java.util.stream.ForEachOps$ForEachOp$OfRef.accept(ForEachOps.java:183)
	at java.base/java.util.stream.ReferencePipeline$3$1.accept(ReferencePipeline.java:195)
	at java.base/java.util.Iterator.forEachRemaining(Iterator.java:133)
	at java.base/java.util.Spliterators$IteratorSpliterator.forEachRemaining(Spliterators.java:1801)
	at java.base/java.util.stream.AbstractPipeline.copyInto(AbstractPipeline.java:484)
	at java.base/java.util.stream.AbstractPipeline.wrapAndCopyInto(AbstractPipeline.java:474)
	at java.base/java.util.stream.ForEachOps$ForEachOp.evaluateSequential(ForEachOps.java:150)
	at java.base/java.util.stream.ForEachOps$ForEachOp$OfRef.evaluateSequential(ForEachOps.java:173)
	at java.base/java.util.stream.AbstractPipeline.evaluate(AbstractPipeline.java:234)
	at java.base/java.util.stream.ReferencePipeline.forEach(ReferencePipeline.java:497)
	at org.junit.vintage.engine.VintageTestEngine.executeAllChildren(VintageTestEngine.java:80)
	at org.junit.vintage.engine.VintageTestEngine.execute(VintageTestEngine.java:71)
	at org.junit.platform.launcher.core.DefaultLauncher.execute(DefaultLauncher.java:220)
	at org.junit.platform.launcher.core.DefaultLauncher.lambda$execute$6(DefaultLauncher.java:188)
	at org.junit.platform.launcher.core.DefaultLauncher.withInterceptedStreams(DefaultLauncher.java:202)
	at org.junit.platform.launcher.core.DefaultLauncher.execute(DefaultLauncher.java:181)
	at org.junit.platform.launcher.core.DefaultLauncher.execute(DefaultLauncher.java:128)
	at org.gradle.api.internal.tasks.testing.junitplatform.JUnitPlatformTestClassProcessor$CollectAllTestClassesExecutor.processAllTestClasses(JUnitPlatformTestClassProcessor.java:102)
	at org.gradle.api.internal.tasks.testing.junitplatform.JUnitPlatformTestClassProcessor$CollectAllTestClassesExecutor.access$000(JUnitPlatformTestClassProcessor.java:82)
	at org.gradle.api.internal.tasks.testing.junitplatform.JUnitPlatformTestClassProcessor.stop(JUnitPlatformTestClassProcessor.java:78)
	at org.gradle.api.internal.tasks.testing.SuiteTestClassProcessor.stop(SuiteTestClassProcessor.java:61)
	at java.base/jdk.internal.reflect.NativeMethodAccessorImpl.invoke0(Native Method)
	at java.base/jdk.internal.reflect.NativeMethodAccessorImpl.invoke(NativeMethodAccessorImpl.java:62)
	at java.base/jdk.internal.reflect.DelegatingMethodAccessorImpl.invoke(DelegatingMethodAccessorImpl.java:43)
	at java.base/java.lang.reflect.Method.invoke(Method.java:566)
	at org.gradle.internal.dispatch.ReflectionDispatch.dispatch(ReflectionDispatch.java:36)
	at org.gradle.internal.dispatch.ReflectionDispatch.dispatch(ReflectionDispatch.java:24)
	at org.gradle.internal.dispatch.ContextClassLoaderDispatch.dispatch(ContextClassLoaderDispatch.java:33)
	at org.gradle.internal.dispatch.ProxyDispatchAdapter$DispatchingInvocationHandler.invoke(ProxyDispatchAdapter.java:94)
	at com.sun.proxy.$Proxy2.stop(Unknown Source)
	at org.gradle.api.internal.tasks.testing.worker.TestWorker.stop(TestWorker.java:132)
	at java.base/jdk.internal.reflect.NativeMethodAccessorImpl.invoke0(Native Method)
	at java.base/jdk.internal.reflect.NativeMethodAccessorImpl.invoke(NativeMethodAccessorImpl.java:62)
	at java.base/jdk.internal.reflect.DelegatingMethodAccessorImpl.invoke(DelegatingMethodAccessorImpl.java:43)
	at java.base/java.lang.reflect.Method.invoke(Method.java:566)
	at org.gradle.internal.dispatch.ReflectionDispatch.dispatch(ReflectionDispatch.java:36)
	at org.gradle.internal.dispatch.ReflectionDispatch.dispatch(ReflectionDispatch.java:24)
	at org.gradle.internal.remote.internal.hub.MessageHubBackedObjectConnection$DispatchWrapper.dispatch(MessageHubBackedObjectConnection.java:182)
	at org.gradle.internal.remote.internal.hub.MessageHubBackedObjectConnection$DispatchWrapper.dispatch(MessageHubBackedObjectConnection.java:164)
	at org.gradle.internal.remote.internal.hub.MessageHub$Handler.run(MessageHub.java:412)
	at org.gradle.internal.concurrent.ExecutorPolicy$CatchAndRecordFailures.onExecute(ExecutorPolicy.java:64)
	at org.gradle.internal.concurrent.ManagedExecutorImpl$1.run(ManagedExecutorImpl.java:48)
	at java.base/java.util.concurrent.ThreadPoolExecutor.runWorker(ThreadPoolExecutor.java:1128)
	at java.base/java.util.concurrent.ThreadPoolExecutor$Worker.run(ThreadPoolExecutor.java:628)
	at org.gradle.internal.concurrent.ThreadFactoryImpl$ManagedThreadRunnable.run(ThreadFactoryImpl.java:56)
	at java.base/java.lang.Thread.run(Thread.java:834)
</failure>
  </testcase>
  <testcase name="Jump to final" classname="ca.mcgill.ecse223.quoridor.features.CucumberTestsRunner" time="0.02">
    <failure message="org.opentest4j.MultipleFailuresError: Multiple Failures (9 failures)&#13;&#10;&#9;io.cucumber.junit.UndefinedThrowable: The step &quot;The game is in replay mode&quot; is undefined&#13;&#10;&#9;io.cucumber.junit.UndefinedThrowable: The step &quot;The following moves have been played in game:&quot; is undefined&#13;&#10;&#9;io.cucumber.junit.UndefinedThrowable: The step &quot;The next move is 1.2&quot; is undefined&#13;&#10;&#9;io.cucumber.junit.UndefinedThrowable: The step &quot;Jump to start position is initiated&quot; is undefined&#13;&#10;&#9;io.cucumber.junit.UndefinedThrowable: The step &quot;The next move shall be 5.1&quot; is undefined&#13;&#10;&#9;io.cucumber.junit.UndefinedThrowable: The step &quot;White player's position shall be (7,5)&quot; is undefined&#13;&#10;&#9;io.cucumber.junit.UndefinedThrowable: The step &quot;Black player's position shall be (3,6)&quot; is undefined&#13;&#10;&#9;io.cucumber.junit.UndefinedThrowable: The step &quot;White has &lt;wwallno&gt; on stock&quot; is undefined&#13;&#10;&#9;io.cucumber.junit.UndefinedThrowable: The step &quot;Black has 9 on stock&quot; is undefined" type="org.opentest4j.MultipleFailuresError">org.opentest4j.MultipleFailuresError: Multiple Failures (9 failures)
	io.cucumber.junit.UndefinedThrowable: The step &quot;The game is in replay mode&quot; is undefined
	io.cucumber.junit.UndefinedThrowable: The step &quot;The following moves have been played in game:&quot; is undefined
	io.cucumber.junit.UndefinedThrowable: The step &quot;The next move is 1.2&quot; is undefined
	io.cucumber.junit.UndefinedThrowable: The step &quot;Jump to start position is initiated&quot; is undefined
	io.cucumber.junit.UndefinedThrowable: The step &quot;The next move shall be 5.1&quot; is undefined
	io.cucumber.junit.UndefinedThrowable: The step &quot;White player's position shall be (7,5)&quot; is undefined
	io.cucumber.junit.UndefinedThrowable: The step &quot;Black player's position shall be (3,6)&quot; is undefined
	io.cucumber.junit.UndefinedThrowable: The step &quot;White has &lt;wwallno&gt; on stock&quot; is undefined
	io.cucumber.junit.UndefinedThrowable: The step &quot;Black has 9 on stock&quot; is undefined
	at org.junit.vintage.engine.execution.TestRun.getStoredResultOrSuccessful(TestRun.java:179)
	at org.junit.vintage.engine.execution.RunListenerAdapter.fireExecutionFinished(RunListenerAdapter.java:211)
	at org.junit.vintage.engine.execution.RunListenerAdapter.testFinished(RunListenerAdapter.java:177)
	at org.junit.vintage.engine.execution.RunListenerAdapter.testFinished(RunListenerAdapter.java:76)
	at org.junit.runner.notification.SynchronizedRunListener.testFinished(SynchronizedRunListener.java:56)
	at org.junit.runner.notification.RunNotifier$7.notifyListener(RunNotifier.java:190)
	at org.junit.runner.notification.RunNotifier$SafeNotifier.run(RunNotifier.java:72)
	at org.junit.runner.notification.RunNotifier.fireTestFinished(RunNotifier.java:187)
	at io.cucumber.junit.JUnitReporter$EachTestNotifier.fireTestFinished(JUnitReporter.java:253)
	at io.cucumber.junit.JUnitReporter.handleTestCaseResult(JUnitReporter.java:178)
	at io.cucumber.junit.JUnitReporter$4.receive(JUnitReporter.java:66)
	at io.cucumber.junit.JUnitReporter$4.receive(JUnitReporter.java:62)
	at cucumber.runner.AbstractEventPublisher.send(AbstractEventPublisher.java:45)
	at cucumber.runner.AbstractEventBus.send(AbstractEventBus.java:9)
	at cucumber.runner.ThreadLocalRunnerSupplier$LocalEventBus.send(ThreadLocalRunnerSupplier.java:60)
	at cucumber.runner.TestCase.run(TestCase.java:55)
	at cucumber.runner.Runner.runPickle(Runner.java:50)
	at io.cucumber.junit.PickleRunners$NoStepDescriptions.run(PickleRunners.java:146)
	at io.cucumber.junit.FeatureRunner.runChild(FeatureRunner.java:68)
	at io.cucumber.junit.FeatureRunner.runChild(FeatureRunner.java:23)
	at org.junit.runners.ParentRunner$3.run(ParentRunner.java:290)
	at org.junit.runners.ParentRunner$1.schedule(ParentRunner.java:71)
	at org.junit.runners.ParentRunner.runChildren(ParentRunner.java:288)
	at org.junit.runners.ParentRunner.access$000(ParentRunner.java:58)
	at org.junit.runners.ParentRunner$2.evaluate(ParentRunner.java:268)
	at org.junit.runners.ParentRunner.run(ParentRunner.java:363)
	at io.cucumber.junit.Cucumber.runChild(Cucumber.java:144)
	at io.cucumber.junit.Cucumber.runChild(Cucumber.java:65)
	at org.junit.runners.ParentRunner$3.run(ParentRunner.java:290)
	at org.junit.runners.ParentRunner$1.schedule(ParentRunner.java:71)
	at org.junit.runners.ParentRunner.runChildren(ParentRunner.java:288)
	at org.junit.runners.ParentRunner.access$000(ParentRunner.java:58)
	at org.junit.runners.ParentRunner$2.evaluate(ParentRunner.java:268)
	at io.cucumber.junit.Cucumber$RunCucumber.evaluate(Cucumber.java:174)
	at org.junit.runners.ParentRunner.run(ParentRunner.java:363)
	at org.junit.runner.JUnitCore.run(JUnitCore.java:137)
	at org.junit.runner.JUnitCore.run(JUnitCore.java:115)
	at org.junit.vintage.engine.execution.RunnerExecutor.execute(RunnerExecutor.java:40)
	at java.base/java.util.stream.ForEachOps$ForEachOp$OfRef.accept(ForEachOps.java:183)
	at java.base/java.util.stream.ReferencePipeline$3$1.accept(ReferencePipeline.java:195)
	at java.base/java.util.Iterator.forEachRemaining(Iterator.java:133)
	at java.base/java.util.Spliterators$IteratorSpliterator.forEachRemaining(Spliterators.java:1801)
	at java.base/java.util.stream.AbstractPipeline.copyInto(AbstractPipeline.java:484)
	at java.base/java.util.stream.AbstractPipeline.wrapAndCopyInto(AbstractPipeline.java:474)
	at java.base/java.util.stream.ForEachOps$ForEachOp.evaluateSequential(ForEachOps.java:150)
	at java.base/java.util.stream.ForEachOps$ForEachOp$OfRef.evaluateSequential(ForEachOps.java:173)
	at java.base/java.util.stream.AbstractPipeline.evaluate(AbstractPipeline.java:234)
	at java.base/java.util.stream.ReferencePipeline.forEach(ReferencePipeline.java:497)
	at org.junit.vintage.engine.VintageTestEngine.executeAllChildren(VintageTestEngine.java:80)
	at org.junit.vintage.engine.VintageTestEngine.execute(VintageTestEngine.java:71)
	at org.junit.platform.launcher.core.DefaultLauncher.execute(DefaultLauncher.java:220)
	at org.junit.platform.launcher.core.DefaultLauncher.lambda$execute$6(DefaultLauncher.java:188)
	at org.junit.platform.launcher.core.DefaultLauncher.withInterceptedStreams(DefaultLauncher.java:202)
	at org.junit.platform.launcher.core.DefaultLauncher.execute(DefaultLauncher.java:181)
	at org.junit.platform.launcher.core.DefaultLauncher.execute(DefaultLauncher.java:128)
	at org.gradle.api.internal.tasks.testing.junitplatform.JUnitPlatformTestClassProcessor$CollectAllTestClassesExecutor.processAllTestClasses(JUnitPlatformTestClassProcessor.java:102)
	at org.gradle.api.internal.tasks.testing.junitplatform.JUnitPlatformTestClassProcessor$CollectAllTestClassesExecutor.access$000(JUnitPlatformTestClassProcessor.java:82)
	at org.gradle.api.internal.tasks.testing.junitplatform.JUnitPlatformTestClassProcessor.stop(JUnitPlatformTestClassProcessor.java:78)
	at org.gradle.api.internal.tasks.testing.SuiteTestClassProcessor.stop(SuiteTestClassProcessor.java:61)
	at java.base/jdk.internal.reflect.NativeMethodAccessorImpl.invoke0(Native Method)
	at java.base/jdk.internal.reflect.NativeMethodAccessorImpl.invoke(NativeMethodAccessorImpl.java:62)
	at java.base/jdk.internal.reflect.DelegatingMethodAccessorImpl.invoke(DelegatingMethodAccessorImpl.java:43)
	at java.base/java.lang.reflect.Method.invoke(Method.java:566)
	at org.gradle.internal.dispatch.ReflectionDispatch.dispatch(ReflectionDispatch.java:36)
	at org.gradle.internal.dispatch.ReflectionDispatch.dispatch(ReflectionDispatch.java:24)
	at org.gradle.internal.dispatch.ContextClassLoaderDispatch.dispatch(ContextClassLoaderDispatch.java:33)
	at org.gradle.internal.dispatch.ProxyDispatchAdapter$DispatchingInvocationHandler.invoke(ProxyDispatchAdapter.java:94)
	at com.sun.proxy.$Proxy2.stop(Unknown Source)
	at org.gradle.api.internal.tasks.testing.worker.TestWorker.stop(TestWorker.java:132)
	at java.base/jdk.internal.reflect.NativeMethodAccessorImpl.invoke0(Native Method)
	at java.base/jdk.internal.reflect.NativeMethodAccessorImpl.invoke(NativeMethodAccessorImpl.java:62)
	at java.base/jdk.internal.reflect.DelegatingMethodAccessorImpl.invoke(DelegatingMethodAccessorImpl.java:43)
	at java.base/java.lang.reflect.Method.invoke(Method.java:566)
	at org.gradle.internal.dispatch.ReflectionDispatch.dispatch(ReflectionDispatch.java:36)
	at org.gradle.internal.dispatch.ReflectionDispatch.dispatch(ReflectionDispatch.java:24)
	at org.gradle.internal.remote.internal.hub.MessageHubBackedObjectConnection$DispatchWrapper.dispatch(MessageHubBackedObjectConnection.java:182)
	at org.gradle.internal.remote.internal.hub.MessageHubBackedObjectConnection$DispatchWrapper.dispatch(MessageHubBackedObjectConnection.java:164)
	at org.gradle.internal.remote.internal.hub.MessageHub$Handler.run(MessageHub.java:412)
	at org.gradle.internal.concurrent.ExecutorPolicy$CatchAndRecordFailures.onExecute(ExecutorPolicy.java:64)
	at org.gradle.internal.concurrent.ManagedExecutorImpl$1.run(ManagedExecutorImpl.java:48)
	at java.base/java.util.concurrent.ThreadPoolExecutor.runWorker(ThreadPoolExecutor.java:1128)
	at java.base/java.util.concurrent.ThreadPoolExecutor$Worker.run(ThreadPoolExecutor.java:628)
	at org.gradle.internal.concurrent.ThreadFactoryImpl$ManagedThreadRunnable.run(ThreadFactoryImpl.java:56)
	at java.base/java.lang.Thread.run(Thread.java:834)
</failure>
  </testcase>
  <testcase name="Jump to final" classname="ca.mcgill.ecse223.quoridor.features.CucumberTestsRunner" time="0.024">
    <failure message="org.opentest4j.MultipleFailuresError: Multiple Failures (9 failures)&#13;&#10;&#9;io.cucumber.junit.UndefinedThrowable: The step &quot;The game is in replay mode&quot; is undefined&#13;&#10;&#9;io.cucumber.junit.UndefinedThrowable: The step &quot;The following moves have been played in game:&quot; is undefined&#13;&#10;&#9;io.cucumber.junit.UndefinedThrowable: The step &quot;The next move is 2.1&quot; is undefined&#13;&#10;&#9;io.cucumber.junit.UndefinedThrowable: The step &quot;Jump to start position is initiated&quot; is undefined&#13;&#10;&#9;io.cucumber.junit.UndefinedThrowable: The step &quot;The next move shall be 5.1&quot; is undefined&#13;&#10;&#9;io.cucumber.junit.UndefinedThrowable: The step &quot;White player's position shall be (7,5)&quot; is undefined&#13;&#10;&#9;io.cucumber.junit.UndefinedThrowable: The step &quot;Black player's position shall be (3,6)&quot; is undefined&#13;&#10;&#9;io.cucumber.junit.UndefinedThrowable: The step &quot;White has &lt;wwallno&gt; on stock&quot; is undefined&#13;&#10;&#9;io.cucumber.junit.UndefinedThrowable: The step &quot;Black has 9 on stock&quot; is undefined" type="org.opentest4j.MultipleFailuresError">org.opentest4j.MultipleFailuresError: Multiple Failures (9 failures)
	io.cucumber.junit.UndefinedThrowable: The step &quot;The game is in replay mode&quot; is undefined
	io.cucumber.junit.UndefinedThrowable: The step &quot;The following moves have been played in game:&quot; is undefined
	io.cucumber.junit.UndefinedThrowable: The step &quot;The next move is 2.1&quot; is undefined
	io.cucumber.junit.UndefinedThrowable: The step &quot;Jump to start position is initiated&quot; is undefined
	io.cucumber.junit.UndefinedThrowable: The step &quot;The next move shall be 5.1&quot; is undefined
	io.cucumber.junit.UndefinedThrowable: The step &quot;White player's position shall be (7,5)&quot; is undefined
	io.cucumber.junit.UndefinedThrowable: The step &quot;Black player's position shall be (3,6)&quot; is undefined
	io.cucumber.junit.UndefinedThrowable: The step &quot;White has &lt;wwallno&gt; on stock&quot; is undefined
	io.cucumber.junit.UndefinedThrowable: The step &quot;Black has 9 on stock&quot; is undefined
	at org.junit.vintage.engine.execution.TestRun.getStoredResultOrSuccessful(TestRun.java:179)
	at org.junit.vintage.engine.execution.RunListenerAdapter.fireExecutionFinished(RunListenerAdapter.java:211)
	at org.junit.vintage.engine.execution.RunListenerAdapter.testFinished(RunListenerAdapter.java:177)
	at org.junit.vintage.engine.execution.RunListenerAdapter.testFinished(RunListenerAdapter.java:76)
	at org.junit.runner.notification.SynchronizedRunListener.testFinished(SynchronizedRunListener.java:56)
	at org.junit.runner.notification.RunNotifier$7.notifyListener(RunNotifier.java:190)
	at org.junit.runner.notification.RunNotifier$SafeNotifier.run(RunNotifier.java:72)
	at org.junit.runner.notification.RunNotifier.fireTestFinished(RunNotifier.java:187)
	at io.cucumber.junit.JUnitReporter$EachTestNotifier.fireTestFinished(JUnitReporter.java:253)
	at io.cucumber.junit.JUnitReporter.handleTestCaseResult(JUnitReporter.java:178)
	at io.cucumber.junit.JUnitReporter$4.receive(JUnitReporter.java:66)
	at io.cucumber.junit.JUnitReporter$4.receive(JUnitReporter.java:62)
	at cucumber.runner.AbstractEventPublisher.send(AbstractEventPublisher.java:45)
	at cucumber.runner.AbstractEventBus.send(AbstractEventBus.java:9)
	at cucumber.runner.ThreadLocalRunnerSupplier$LocalEventBus.send(ThreadLocalRunnerSupplier.java:60)
	at cucumber.runner.TestCase.run(TestCase.java:55)
	at cucumber.runner.Runner.runPickle(Runner.java:50)
	at io.cucumber.junit.PickleRunners$NoStepDescriptions.run(PickleRunners.java:146)
	at io.cucumber.junit.FeatureRunner.runChild(FeatureRunner.java:68)
	at io.cucumber.junit.FeatureRunner.runChild(FeatureRunner.java:23)
	at org.junit.runners.ParentRunner$3.run(ParentRunner.java:290)
	at org.junit.runners.ParentRunner$1.schedule(ParentRunner.java:71)
	at org.junit.runners.ParentRunner.runChildren(ParentRunner.java:288)
	at org.junit.runners.ParentRunner.access$000(ParentRunner.java:58)
	at org.junit.runners.ParentRunner$2.evaluate(ParentRunner.java:268)
	at org.junit.runners.ParentRunner.run(ParentRunner.java:363)
	at io.cucumber.junit.Cucumber.runChild(Cucumber.java:144)
	at io.cucumber.junit.Cucumber.runChild(Cucumber.java:65)
	at org.junit.runners.ParentRunner$3.run(ParentRunner.java:290)
	at org.junit.runners.ParentRunner$1.schedule(ParentRunner.java:71)
	at org.junit.runners.ParentRunner.runChildren(ParentRunner.java:288)
	at org.junit.runners.ParentRunner.access$000(ParentRunner.java:58)
	at org.junit.runners.ParentRunner$2.evaluate(ParentRunner.java:268)
	at io.cucumber.junit.Cucumber$RunCucumber.evaluate(Cucumber.java:174)
	at org.junit.runners.ParentRunner.run(ParentRunner.java:363)
	at org.junit.runner.JUnitCore.run(JUnitCore.java:137)
	at org.junit.runner.JUnitCore.run(JUnitCore.java:115)
	at org.junit.vintage.engine.execution.RunnerExecutor.execute(RunnerExecutor.java:40)
	at java.base/java.util.stream.ForEachOps$ForEachOp$OfRef.accept(ForEachOps.java:183)
	at java.base/java.util.stream.ReferencePipeline$3$1.accept(ReferencePipeline.java:195)
	at java.base/java.util.Iterator.forEachRemaining(Iterator.java:133)
	at java.base/java.util.Spliterators$IteratorSpliterator.forEachRemaining(Spliterators.java:1801)
	at java.base/java.util.stream.AbstractPipeline.copyInto(AbstractPipeline.java:484)
	at java.base/java.util.stream.AbstractPipeline.wrapAndCopyInto(AbstractPipeline.java:474)
	at java.base/java.util.stream.ForEachOps$ForEachOp.evaluateSequential(ForEachOps.java:150)
	at java.base/java.util.stream.ForEachOps$ForEachOp$OfRef.evaluateSequential(ForEachOps.java:173)
	at java.base/java.util.stream.AbstractPipeline.evaluate(AbstractPipeline.java:234)
	at java.base/java.util.stream.ReferencePipeline.forEach(ReferencePipeline.java:497)
	at org.junit.vintage.engine.VintageTestEngine.executeAllChildren(VintageTestEngine.java:80)
	at org.junit.vintage.engine.VintageTestEngine.execute(VintageTestEngine.java:71)
	at org.junit.platform.launcher.core.DefaultLauncher.execute(DefaultLauncher.java:220)
	at org.junit.platform.launcher.core.DefaultLauncher.lambda$execute$6(DefaultLauncher.java:188)
	at org.junit.platform.launcher.core.DefaultLauncher.withInterceptedStreams(DefaultLauncher.java:202)
	at org.junit.platform.launcher.core.DefaultLauncher.execute(DefaultLauncher.java:181)
	at org.junit.platform.launcher.core.DefaultLauncher.execute(DefaultLauncher.java:128)
	at org.gradle.api.internal.tasks.testing.junitplatform.JUnitPlatformTestClassProcessor$CollectAllTestClassesExecutor.processAllTestClasses(JUnitPlatformTestClassProcessor.java:102)
	at org.gradle.api.internal.tasks.testing.junitplatform.JUnitPlatformTestClassProcessor$CollectAllTestClassesExecutor.access$000(JUnitPlatformTestClassProcessor.java:82)
	at org.gradle.api.internal.tasks.testing.junitplatform.JUnitPlatformTestClassProcessor.stop(JUnitPlatformTestClassProcessor.java:78)
	at org.gradle.api.internal.tasks.testing.SuiteTestClassProcessor.stop(SuiteTestClassProcessor.java:61)
	at java.base/jdk.internal.reflect.NativeMethodAccessorImpl.invoke0(Native Method)
	at java.base/jdk.internal.reflect.NativeMethodAccessorImpl.invoke(NativeMethodAccessorImpl.java:62)
	at java.base/jdk.internal.reflect.DelegatingMethodAccessorImpl.invoke(DelegatingMethodAccessorImpl.java:43)
	at java.base/java.lang.reflect.Method.invoke(Method.java:566)
	at org.gradle.internal.dispatch.ReflectionDispatch.dispatch(ReflectionDispatch.java:36)
	at org.gradle.internal.dispatch.ReflectionDispatch.dispatch(ReflectionDispatch.java:24)
	at org.gradle.internal.dispatch.ContextClassLoaderDispatch.dispatch(ContextClassLoaderDispatch.java:33)
	at org.gradle.internal.dispatch.ProxyDispatchAdapter$DispatchingInvocationHandler.invoke(ProxyDispatchAdapter.java:94)
	at com.sun.proxy.$Proxy2.stop(Unknown Source)
	at org.gradle.api.internal.tasks.testing.worker.TestWorker.stop(TestWorker.java:132)
	at java.base/jdk.internal.reflect.NativeMethodAccessorImpl.invoke0(Native Method)
	at java.base/jdk.internal.reflect.NativeMethodAccessorImpl.invoke(NativeMethodAccessorImpl.java:62)
	at java.base/jdk.internal.reflect.DelegatingMethodAccessorImpl.invoke(DelegatingMethodAccessorImpl.java:43)
	at java.base/java.lang.reflect.Method.invoke(Method.java:566)
	at org.gradle.internal.dispatch.ReflectionDispatch.dispatch(ReflectionDispatch.java:36)
	at org.gradle.internal.dispatch.ReflectionDispatch.dispatch(ReflectionDispatch.java:24)
	at org.gradle.internal.remote.internal.hub.MessageHubBackedObjectConnection$DispatchWrapper.dispatch(MessageHubBackedObjectConnection.java:182)
	at org.gradle.internal.remote.internal.hub.MessageHubBackedObjectConnection$DispatchWrapper.dispatch(MessageHubBackedObjectConnection.java:164)
	at org.gradle.internal.remote.internal.hub.MessageHub$Handler.run(MessageHub.java:412)
	at org.gradle.internal.concurrent.ExecutorPolicy$CatchAndRecordFailures.onExecute(ExecutorPolicy.java:64)
	at org.gradle.internal.concurrent.ManagedExecutorImpl$1.run(ManagedExecutorImpl.java:48)
	at java.base/java.util.concurrent.ThreadPoolExecutor.runWorker(ThreadPoolExecutor.java:1128)
	at java.base/java.util.concurrent.ThreadPoolExecutor$Worker.run(ThreadPoolExecutor.java:628)
	at org.gradle.internal.concurrent.ThreadFactoryImpl$ManagedThreadRunnable.run(ThreadFactoryImpl.java:56)
	at java.base/java.lang.Thread.run(Thread.java:834)
</failure>
  </testcase>
  <testcase name="Jump to final" classname="ca.mcgill.ecse223.quoridor.features.CucumberTestsRunner" time="0.006">
    <failure message="org.opentest4j.MultipleFailuresError: Multiple Failures (9 failures)&#13;&#10;&#9;io.cucumber.junit.UndefinedThrowable: The step &quot;The game is in replay mode&quot; is undefined&#13;&#10;&#9;io.cucumber.junit.UndefinedThrowable: The step &quot;The following moves have been played in game:&quot; is undefined&#13;&#10;&#9;io.cucumber.junit.UndefinedThrowable: The step &quot;The next move is 2.2&quot; is undefined&#13;&#10;&#9;io.cucumber.junit.UndefinedThrowable: The step &quot;Jump to start position is initiated&quot; is undefined&#13;&#10;&#9;io.cucumber.junit.UndefinedThrowable: The step &quot;The next move shall be 5.1&quot; is undefined&#13;&#10;&#9;io.cucumber.junit.UndefinedThrowable: The step &quot;White player's position shall be (7,5)&quot; is undefined&#13;&#10;&#9;io.cucumber.junit.UndefinedThrowable: The step &quot;Black player's position shall be (3,6)&quot; is undefined&#13;&#10;&#9;io.cucumber.junit.UndefinedThrowable: The step &quot;White has &lt;wwallno&gt; on stock&quot; is undefined&#13;&#10;&#9;io.cucumber.junit.UndefinedThrowable: The step &quot;Black has 9 on stock&quot; is undefined" type="org.opentest4j.MultipleFailuresError">org.opentest4j.MultipleFailuresError: Multiple Failures (9 failures)
	io.cucumber.junit.UndefinedThrowable: The step &quot;The game is in replay mode&quot; is undefined
	io.cucumber.junit.UndefinedThrowable: The step &quot;The following moves have been played in game:&quot; is undefined
	io.cucumber.junit.UndefinedThrowable: The step &quot;The next move is 2.2&quot; is undefined
	io.cucumber.junit.UndefinedThrowable: The step &quot;Jump to start position is initiated&quot; is undefined
	io.cucumber.junit.UndefinedThrowable: The step &quot;The next move shall be 5.1&quot; is undefined
	io.cucumber.junit.UndefinedThrowable: The step &quot;White player's position shall be (7,5)&quot; is undefined
	io.cucumber.junit.UndefinedThrowable: The step &quot;Black player's position shall be (3,6)&quot; is undefined
	io.cucumber.junit.UndefinedThrowable: The step &quot;White has &lt;wwallno&gt; on stock&quot; is undefined
	io.cucumber.junit.UndefinedThrowable: The step &quot;Black has 9 on stock&quot; is undefined
	at org.junit.vintage.engine.execution.TestRun.getStoredResultOrSuccessful(TestRun.java:179)
	at org.junit.vintage.engine.execution.RunListenerAdapter.fireExecutionFinished(RunListenerAdapter.java:211)
	at org.junit.vintage.engine.execution.RunListenerAdapter.testFinished(RunListenerAdapter.java:177)
	at org.junit.vintage.engine.execution.RunListenerAdapter.testFinished(RunListenerAdapter.java:76)
	at org.junit.runner.notification.SynchronizedRunListener.testFinished(SynchronizedRunListener.java:56)
	at org.junit.runner.notification.RunNotifier$7.notifyListener(RunNotifier.java:190)
	at org.junit.runner.notification.RunNotifier$SafeNotifier.run(RunNotifier.java:72)
	at org.junit.runner.notification.RunNotifier.fireTestFinished(RunNotifier.java:187)
	at io.cucumber.junit.JUnitReporter$EachTestNotifier.fireTestFinished(JUnitReporter.java:253)
	at io.cucumber.junit.JUnitReporter.handleTestCaseResult(JUnitReporter.java:178)
	at io.cucumber.junit.JUnitReporter$4.receive(JUnitReporter.java:66)
	at io.cucumber.junit.JUnitReporter$4.receive(JUnitReporter.java:62)
	at cucumber.runner.AbstractEventPublisher.send(AbstractEventPublisher.java:45)
	at cucumber.runner.AbstractEventBus.send(AbstractEventBus.java:9)
	at cucumber.runner.ThreadLocalRunnerSupplier$LocalEventBus.send(ThreadLocalRunnerSupplier.java:60)
	at cucumber.runner.TestCase.run(TestCase.java:55)
	at cucumber.runner.Runner.runPickle(Runner.java:50)
	at io.cucumber.junit.PickleRunners$NoStepDescriptions.run(PickleRunners.java:146)
	at io.cucumber.junit.FeatureRunner.runChild(FeatureRunner.java:68)
	at io.cucumber.junit.FeatureRunner.runChild(FeatureRunner.java:23)
	at org.junit.runners.ParentRunner$3.run(ParentRunner.java:290)
	at org.junit.runners.ParentRunner$1.schedule(ParentRunner.java:71)
	at org.junit.runners.ParentRunner.runChildren(ParentRunner.java:288)
	at org.junit.runners.ParentRunner.access$000(ParentRunner.java:58)
	at org.junit.runners.ParentRunner$2.evaluate(ParentRunner.java:268)
	at org.junit.runners.ParentRunner.run(ParentRunner.java:363)
	at io.cucumber.junit.Cucumber.runChild(Cucumber.java:144)
	at io.cucumber.junit.Cucumber.runChild(Cucumber.java:65)
	at org.junit.runners.ParentRunner$3.run(ParentRunner.java:290)
	at org.junit.runners.ParentRunner$1.schedule(ParentRunner.java:71)
	at org.junit.runners.ParentRunner.runChildren(ParentRunner.java:288)
	at org.junit.runners.ParentRunner.access$000(ParentRunner.java:58)
	at org.junit.runners.ParentRunner$2.evaluate(ParentRunner.java:268)
	at io.cucumber.junit.Cucumber$RunCucumber.evaluate(Cucumber.java:174)
	at org.junit.runners.ParentRunner.run(ParentRunner.java:363)
	at org.junit.runner.JUnitCore.run(JUnitCore.java:137)
	at org.junit.runner.JUnitCore.run(JUnitCore.java:115)
	at org.junit.vintage.engine.execution.RunnerExecutor.execute(RunnerExecutor.java:40)
	at java.base/java.util.stream.ForEachOps$ForEachOp$OfRef.accept(ForEachOps.java:183)
	at java.base/java.util.stream.ReferencePipeline$3$1.accept(ReferencePipeline.java:195)
	at java.base/java.util.Iterator.forEachRemaining(Iterator.java:133)
	at java.base/java.util.Spliterators$IteratorSpliterator.forEachRemaining(Spliterators.java:1801)
	at java.base/java.util.stream.AbstractPipeline.copyInto(AbstractPipeline.java:484)
	at java.base/java.util.stream.AbstractPipeline.wrapAndCopyInto(AbstractPipeline.java:474)
	at java.base/java.util.stream.ForEachOps$ForEachOp.evaluateSequential(ForEachOps.java:150)
	at java.base/java.util.stream.ForEachOps$ForEachOp$OfRef.evaluateSequential(ForEachOps.java:173)
	at java.base/java.util.stream.AbstractPipeline.evaluate(AbstractPipeline.java:234)
	at java.base/java.util.stream.ReferencePipeline.forEach(ReferencePipeline.java:497)
	at org.junit.vintage.engine.VintageTestEngine.executeAllChildren(VintageTestEngine.java:80)
	at org.junit.vintage.engine.VintageTestEngine.execute(VintageTestEngine.java:71)
	at org.junit.platform.launcher.core.DefaultLauncher.execute(DefaultLauncher.java:220)
	at org.junit.platform.launcher.core.DefaultLauncher.lambda$execute$6(DefaultLauncher.java:188)
	at org.junit.platform.launcher.core.DefaultLauncher.withInterceptedStreams(DefaultLauncher.java:202)
	at org.junit.platform.launcher.core.DefaultLauncher.execute(DefaultLauncher.java:181)
	at org.junit.platform.launcher.core.DefaultLauncher.execute(DefaultLauncher.java:128)
	at org.gradle.api.internal.tasks.testing.junitplatform.JUnitPlatformTestClassProcessor$CollectAllTestClassesExecutor.processAllTestClasses(JUnitPlatformTestClassProcessor.java:102)
	at org.gradle.api.internal.tasks.testing.junitplatform.JUnitPlatformTestClassProcessor$CollectAllTestClassesExecutor.access$000(JUnitPlatformTestClassProcessor.java:82)
	at org.gradle.api.internal.tasks.testing.junitplatform.JUnitPlatformTestClassProcessor.stop(JUnitPlatformTestClassProcessor.java:78)
	at org.gradle.api.internal.tasks.testing.SuiteTestClassProcessor.stop(SuiteTestClassProcessor.java:61)
	at java.base/jdk.internal.reflect.NativeMethodAccessorImpl.invoke0(Native Method)
	at java.base/jdk.internal.reflect.NativeMethodAccessorImpl.invoke(NativeMethodAccessorImpl.java:62)
	at java.base/jdk.internal.reflect.DelegatingMethodAccessorImpl.invoke(DelegatingMethodAccessorImpl.java:43)
	at java.base/java.lang.reflect.Method.invoke(Method.java:566)
	at org.gradle.internal.dispatch.ReflectionDispatch.dispatch(ReflectionDispatch.java:36)
	at org.gradle.internal.dispatch.ReflectionDispatch.dispatch(ReflectionDispatch.java:24)
	at org.gradle.internal.dispatch.ContextClassLoaderDispatch.dispatch(ContextClassLoaderDispatch.java:33)
	at org.gradle.internal.dispatch.ProxyDispatchAdapter$DispatchingInvocationHandler.invoke(ProxyDispatchAdapter.java:94)
	at com.sun.proxy.$Proxy2.stop(Unknown Source)
	at org.gradle.api.internal.tasks.testing.worker.TestWorker.stop(TestWorker.java:132)
	at java.base/jdk.internal.reflect.NativeMethodAccessorImpl.invoke0(Native Method)
	at java.base/jdk.internal.reflect.NativeMethodAccessorImpl.invoke(NativeMethodAccessorImpl.java:62)
	at java.base/jdk.internal.reflect.DelegatingMethodAccessorImpl.invoke(DelegatingMethodAccessorImpl.java:43)
	at java.base/java.lang.reflect.Method.invoke(Method.java:566)
	at org.gradle.internal.dispatch.ReflectionDispatch.dispatch(ReflectionDispatch.java:36)
	at org.gradle.internal.dispatch.ReflectionDispatch.dispatch(ReflectionDispatch.java:24)
	at org.gradle.internal.remote.internal.hub.MessageHubBackedObjectConnection$DispatchWrapper.dispatch(MessageHubBackedObjectConnection.java:182)
	at org.gradle.internal.remote.internal.hub.MessageHubBackedObjectConnection$DispatchWrapper.dispatch(MessageHubBackedObjectConnection.java:164)
	at org.gradle.internal.remote.internal.hub.MessageHub$Handler.run(MessageHub.java:412)
	at org.gradle.internal.concurrent.ExecutorPolicy$CatchAndRecordFailures.onExecute(ExecutorPolicy.java:64)
	at org.gradle.internal.concurrent.ManagedExecutorImpl$1.run(ManagedExecutorImpl.java:48)
	at java.base/java.util.concurrent.ThreadPoolExecutor.runWorker(ThreadPoolExecutor.java:1128)
	at java.base/java.util.concurrent.ThreadPoolExecutor$Worker.run(ThreadPoolExecutor.java:628)
	at org.gradle.internal.concurrent.ThreadFactoryImpl$ManagedThreadRunnable.run(ThreadFactoryImpl.java:56)
	at java.base/java.lang.Thread.run(Thread.java:834)
</failure>
  </testcase>
  <testcase name="Jump to final" classname="ca.mcgill.ecse223.quoridor.features.CucumberTestsRunner" time="0.163">
    <failure message="org.opentest4j.MultipleFailuresError: Multiple Failures (9 failures)&#13;&#10;&#9;io.cucumber.junit.UndefinedThrowable: The step &quot;The game is in replay mode&quot; is undefined&#13;&#10;&#9;io.cucumber.junit.UndefinedThrowable: The step &quot;The following moves have been played in game:&quot; is undefined&#13;&#10;&#9;io.cucumber.junit.UndefinedThrowable: The step &quot;The next move is 3.1&quot; is undefined&#13;&#10;&#9;io.cucumber.junit.UndefinedThrowable: The step &quot;Jump to start position is initiated&quot; is undefined&#13;&#10;&#9;io.cucumber.junit.UndefinedThrowable: The step &quot;The next move shall be 5.1&quot; is undefined&#13;&#10;&#9;io.cucumber.junit.UndefinedThrowable: The step &quot;White player's position shall be (7,5)&quot; is undefined&#13;&#10;&#9;io.cucumber.junit.UndefinedThrowable: The step &quot;Black player's position shall be (3,6)&quot; is undefined&#13;&#10;&#9;io.cucumber.junit.UndefinedThrowable: The step &quot;White has &lt;wwallno&gt; on stock&quot; is undefined&#13;&#10;&#9;io.cucumber.junit.UndefinedThrowable: The step &quot;Black has 9 on stock&quot; is undefined" type="org.opentest4j.MultipleFailuresError">org.opentest4j.MultipleFailuresError: Multiple Failures (9 failures)
	io.cucumber.junit.UndefinedThrowable: The step &quot;The game is in replay mode&quot; is undefined
	io.cucumber.junit.UndefinedThrowable: The step &quot;The following moves have been played in game:&quot; is undefined
	io.cucumber.junit.UndefinedThrowable: The step &quot;The next move is 3.1&quot; is undefined
	io.cucumber.junit.UndefinedThrowable: The step &quot;Jump to start position is initiated&quot; is undefined
	io.cucumber.junit.UndefinedThrowable: The step &quot;The next move shall be 5.1&quot; is undefined
	io.cucumber.junit.UndefinedThrowable: The step &quot;White player's position shall be (7,5)&quot; is undefined
	io.cucumber.junit.UndefinedThrowable: The step &quot;Black player's position shall be (3,6)&quot; is undefined
	io.cucumber.junit.UndefinedThrowable: The step &quot;White has &lt;wwallno&gt; on stock&quot; is undefined
	io.cucumber.junit.UndefinedThrowable: The step &quot;Black has 9 on stock&quot; is undefined
	at org.junit.vintage.engine.execution.TestRun.getStoredResultOrSuccessful(TestRun.java:179)
	at org.junit.vintage.engine.execution.RunListenerAdapter.fireExecutionFinished(RunListenerAdapter.java:211)
	at org.junit.vintage.engine.execution.RunListenerAdapter.testFinished(RunListenerAdapter.java:177)
	at org.junit.vintage.engine.execution.RunListenerAdapter.testFinished(RunListenerAdapter.java:76)
	at org.junit.runner.notification.SynchronizedRunListener.testFinished(SynchronizedRunListener.java:56)
	at org.junit.runner.notification.RunNotifier$7.notifyListener(RunNotifier.java:190)
	at org.junit.runner.notification.RunNotifier$SafeNotifier.run(RunNotifier.java:72)
	at org.junit.runner.notification.RunNotifier.fireTestFinished(RunNotifier.java:187)
	at io.cucumber.junit.JUnitReporter$EachTestNotifier.fireTestFinished(JUnitReporter.java:253)
	at io.cucumber.junit.JUnitReporter.handleTestCaseResult(JUnitReporter.java:178)
	at io.cucumber.junit.JUnitReporter$4.receive(JUnitReporter.java:66)
	at io.cucumber.junit.JUnitReporter$4.receive(JUnitReporter.java:62)
	at cucumber.runner.AbstractEventPublisher.send(AbstractEventPublisher.java:45)
	at cucumber.runner.AbstractEventBus.send(AbstractEventBus.java:9)
	at cucumber.runner.ThreadLocalRunnerSupplier$LocalEventBus.send(ThreadLocalRunnerSupplier.java:60)
	at cucumber.runner.TestCase.run(TestCase.java:55)
	at cucumber.runner.Runner.runPickle(Runner.java:50)
	at io.cucumber.junit.PickleRunners$NoStepDescriptions.run(PickleRunners.java:146)
	at io.cucumber.junit.FeatureRunner.runChild(FeatureRunner.java:68)
	at io.cucumber.junit.FeatureRunner.runChild(FeatureRunner.java:23)
	at org.junit.runners.ParentRunner$3.run(ParentRunner.java:290)
	at org.junit.runners.ParentRunner$1.schedule(ParentRunner.java:71)
	at org.junit.runners.ParentRunner.runChildren(ParentRunner.java:288)
	at org.junit.runners.ParentRunner.access$000(ParentRunner.java:58)
	at org.junit.runners.ParentRunner$2.evaluate(ParentRunner.java:268)
	at org.junit.runners.ParentRunner.run(ParentRunner.java:363)
	at io.cucumber.junit.Cucumber.runChild(Cucumber.java:144)
	at io.cucumber.junit.Cucumber.runChild(Cucumber.java:65)
	at org.junit.runners.ParentRunner$3.run(ParentRunner.java:290)
	at org.junit.runners.ParentRunner$1.schedule(ParentRunner.java:71)
	at org.junit.runners.ParentRunner.runChildren(ParentRunner.java:288)
	at org.junit.runners.ParentRunner.access$000(ParentRunner.java:58)
	at org.junit.runners.ParentRunner$2.evaluate(ParentRunner.java:268)
	at io.cucumber.junit.Cucumber$RunCucumber.evaluate(Cucumber.java:174)
	at org.junit.runners.ParentRunner.run(ParentRunner.java:363)
	at org.junit.runner.JUnitCore.run(JUnitCore.java:137)
	at org.junit.runner.JUnitCore.run(JUnitCore.java:115)
	at org.junit.vintage.engine.execution.RunnerExecutor.execute(RunnerExecutor.java:40)
	at java.base/java.util.stream.ForEachOps$ForEachOp$OfRef.accept(ForEachOps.java:183)
	at java.base/java.util.stream.ReferencePipeline$3$1.accept(ReferencePipeline.java:195)
	at java.base/java.util.Iterator.forEachRemaining(Iterator.java:133)
	at java.base/java.util.Spliterators$IteratorSpliterator.forEachRemaining(Spliterators.java:1801)
	at java.base/java.util.stream.AbstractPipeline.copyInto(AbstractPipeline.java:484)
	at java.base/java.util.stream.AbstractPipeline.wrapAndCopyInto(AbstractPipeline.java:474)
	at java.base/java.util.stream.ForEachOps$ForEachOp.evaluateSequential(ForEachOps.java:150)
	at java.base/java.util.stream.ForEachOps$ForEachOp$OfRef.evaluateSequential(ForEachOps.java:173)
	at java.base/java.util.stream.AbstractPipeline.evaluate(AbstractPipeline.java:234)
	at java.base/java.util.stream.ReferencePipeline.forEach(ReferencePipeline.java:497)
	at org.junit.vintage.engine.VintageTestEngine.executeAllChildren(VintageTestEngine.java:80)
	at org.junit.vintage.engine.VintageTestEngine.execute(VintageTestEngine.java:71)
	at org.junit.platform.launcher.core.DefaultLauncher.execute(DefaultLauncher.java:220)
	at org.junit.platform.launcher.core.DefaultLauncher.lambda$execute$6(DefaultLauncher.java:188)
	at org.junit.platform.launcher.core.DefaultLauncher.withInterceptedStreams(DefaultLauncher.java:202)
	at org.junit.platform.launcher.core.DefaultLauncher.execute(DefaultLauncher.java:181)
	at org.junit.platform.launcher.core.DefaultLauncher.execute(DefaultLauncher.java:128)
	at org.gradle.api.internal.tasks.testing.junitplatform.JUnitPlatformTestClassProcessor$CollectAllTestClassesExecutor.processAllTestClasses(JUnitPlatformTestClassProcessor.java:102)
	at org.gradle.api.internal.tasks.testing.junitplatform.JUnitPlatformTestClassProcessor$CollectAllTestClassesExecutor.access$000(JUnitPlatformTestClassProcessor.java:82)
	at org.gradle.api.internal.tasks.testing.junitplatform.JUnitPlatformTestClassProcessor.stop(JUnitPlatformTestClassProcessor.java:78)
	at org.gradle.api.internal.tasks.testing.SuiteTestClassProcessor.stop(SuiteTestClassProcessor.java:61)
	at java.base/jdk.internal.reflect.NativeMethodAccessorImpl.invoke0(Native Method)
	at java.base/jdk.internal.reflect.NativeMethodAccessorImpl.invoke(NativeMethodAccessorImpl.java:62)
	at java.base/jdk.internal.reflect.DelegatingMethodAccessorImpl.invoke(DelegatingMethodAccessorImpl.java:43)
	at java.base/java.lang.reflect.Method.invoke(Method.java:566)
	at org.gradle.internal.dispatch.ReflectionDispatch.dispatch(ReflectionDispatch.java:36)
	at org.gradle.internal.dispatch.ReflectionDispatch.dispatch(ReflectionDispatch.java:24)
	at org.gradle.internal.dispatch.ContextClassLoaderDispatch.dispatch(ContextClassLoaderDispatch.java:33)
	at org.gradle.internal.dispatch.ProxyDispatchAdapter$DispatchingInvocationHandler.invoke(ProxyDispatchAdapter.java:94)
	at com.sun.proxy.$Proxy2.stop(Unknown Source)
	at org.gradle.api.internal.tasks.testing.worker.TestWorker.stop(TestWorker.java:132)
	at java.base/jdk.internal.reflect.NativeMethodAccessorImpl.invoke0(Native Method)
	at java.base/jdk.internal.reflect.NativeMethodAccessorImpl.invoke(NativeMethodAccessorImpl.java:62)
	at java.base/jdk.internal.reflect.DelegatingMethodAccessorImpl.invoke(DelegatingMethodAccessorImpl.java:43)
	at java.base/java.lang.reflect.Method.invoke(Method.java:566)
	at org.gradle.internal.dispatch.ReflectionDispatch.dispatch(ReflectionDispatch.java:36)
	at org.gradle.internal.dispatch.ReflectionDispatch.dispatch(ReflectionDispatch.java:24)
	at org.gradle.internal.remote.internal.hub.MessageHubBackedObjectConnection$DispatchWrapper.dispatch(MessageHubBackedObjectConnection.java:182)
	at org.gradle.internal.remote.internal.hub.MessageHubBackedObjectConnection$DispatchWrapper.dispatch(MessageHubBackedObjectConnection.java:164)
	at org.gradle.internal.remote.internal.hub.MessageHub$Handler.run(MessageHub.java:412)
	at org.gradle.internal.concurrent.ExecutorPolicy$CatchAndRecordFailures.onExecute(ExecutorPolicy.java:64)
	at org.gradle.internal.concurrent.ManagedExecutorImpl$1.run(ManagedExecutorImpl.java:48)
	at java.base/java.util.concurrent.ThreadPoolExecutor.runWorker(ThreadPoolExecutor.java:1128)
	at java.base/java.util.concurrent.ThreadPoolExecutor$Worker.run(ThreadPoolExecutor.java:628)
	at org.gradle.internal.concurrent.ThreadFactoryImpl$ManagedThreadRunnable.run(ThreadFactoryImpl.java:56)
	at java.base/java.lang.Thread.run(Thread.java:834)
</failure>
  </testcase>
  <testcase name="Jump to final" classname="ca.mcgill.ecse223.quoridor.features.CucumberTestsRunner" time="0.467">
    <failure message="org.opentest4j.MultipleFailuresError: Multiple Failures (9 failures)&#13;&#10;&#9;io.cucumber.junit.UndefinedThrowable: The step &quot;The game is in replay mode&quot; is undefined&#13;&#10;&#9;io.cucumber.junit.UndefinedThrowable: The step &quot;The following moves have been played in game:&quot; is undefined&#13;&#10;&#9;io.cucumber.junit.UndefinedThrowable: The step &quot;The next move is 4.2&quot; is undefined&#13;&#10;&#9;io.cucumber.junit.UndefinedThrowable: The step &quot;Jump to start position is initiated&quot; is undefined&#13;&#10;&#9;io.cucumber.junit.UndefinedThrowable: The step &quot;The next move shall be 5.1&quot; is undefined&#13;&#10;&#9;io.cucumber.junit.UndefinedThrowable: The step &quot;White player's position shall be (7,5)&quot; is undefined&#13;&#10;&#9;io.cucumber.junit.UndefinedThrowable: The step &quot;Black player's position shall be (3,6)&quot; is undefined&#13;&#10;&#9;io.cucumber.junit.UndefinedThrowable: The step &quot;White has &lt;wwallno&gt; on stock&quot; is undefined&#13;&#10;&#9;io.cucumber.junit.UndefinedThrowable: The step &quot;Black has 9 on stock&quot; is undefined" type="org.opentest4j.MultipleFailuresError">org.opentest4j.MultipleFailuresError: Multiple Failures (9 failures)
	io.cucumber.junit.UndefinedThrowable: The step &quot;The game is in replay mode&quot; is undefined
	io.cucumber.junit.UndefinedThrowable: The step &quot;The following moves have been played in game:&quot; is undefined
	io.cucumber.junit.UndefinedThrowable: The step &quot;The next move is 4.2&quot; is undefined
	io.cucumber.junit.UndefinedThrowable: The step &quot;Jump to start position is initiated&quot; is undefined
	io.cucumber.junit.UndefinedThrowable: The step &quot;The next move shall be 5.1&quot; is undefined
	io.cucumber.junit.UndefinedThrowable: The step &quot;White player's position shall be (7,5)&quot; is undefined
	io.cucumber.junit.UndefinedThrowable: The step &quot;Black player's position shall be (3,6)&quot; is undefined
	io.cucumber.junit.UndefinedThrowable: The step &quot;White has &lt;wwallno&gt; on stock&quot; is undefined
	io.cucumber.junit.UndefinedThrowable: The step &quot;Black has 9 on stock&quot; is undefined
	at org.junit.vintage.engine.execution.TestRun.getStoredResultOrSuccessful(TestRun.java:179)
	at org.junit.vintage.engine.execution.RunListenerAdapter.fireExecutionFinished(RunListenerAdapter.java:211)
	at org.junit.vintage.engine.execution.RunListenerAdapter.testFinished(RunListenerAdapter.java:177)
	at org.junit.vintage.engine.execution.RunListenerAdapter.testFinished(RunListenerAdapter.java:76)
	at org.junit.runner.notification.SynchronizedRunListener.testFinished(SynchronizedRunListener.java:56)
	at org.junit.runner.notification.RunNotifier$7.notifyListener(RunNotifier.java:190)
	at org.junit.runner.notification.RunNotifier$SafeNotifier.run(RunNotifier.java:72)
	at org.junit.runner.notification.RunNotifier.fireTestFinished(RunNotifier.java:187)
	at io.cucumber.junit.JUnitReporter$EachTestNotifier.fireTestFinished(JUnitReporter.java:253)
	at io.cucumber.junit.JUnitReporter.handleTestCaseResult(JUnitReporter.java:178)
	at io.cucumber.junit.JUnitReporter$4.receive(JUnitReporter.java:66)
	at io.cucumber.junit.JUnitReporter$4.receive(JUnitReporter.java:62)
	at cucumber.runner.AbstractEventPublisher.send(AbstractEventPublisher.java:45)
	at cucumber.runner.AbstractEventBus.send(AbstractEventBus.java:9)
	at cucumber.runner.ThreadLocalRunnerSupplier$LocalEventBus.send(ThreadLocalRunnerSupplier.java:60)
	at cucumber.runner.TestCase.run(TestCase.java:55)
	at cucumber.runner.Runner.runPickle(Runner.java:50)
	at io.cucumber.junit.PickleRunners$NoStepDescriptions.run(PickleRunners.java:146)
	at io.cucumber.junit.FeatureRunner.runChild(FeatureRunner.java:68)
	at io.cucumber.junit.FeatureRunner.runChild(FeatureRunner.java:23)
	at org.junit.runners.ParentRunner$3.run(ParentRunner.java:290)
	at org.junit.runners.ParentRunner$1.schedule(ParentRunner.java:71)
	at org.junit.runners.ParentRunner.runChildren(ParentRunner.java:288)
	at org.junit.runners.ParentRunner.access$000(ParentRunner.java:58)
	at org.junit.runners.ParentRunner$2.evaluate(ParentRunner.java:268)
	at org.junit.runners.ParentRunner.run(ParentRunner.java:363)
	at io.cucumber.junit.Cucumber.runChild(Cucumber.java:144)
	at io.cucumber.junit.Cucumber.runChild(Cucumber.java:65)
	at org.junit.runners.ParentRunner$3.run(ParentRunner.java:290)
	at org.junit.runners.ParentRunner$1.schedule(ParentRunner.java:71)
	at org.junit.runners.ParentRunner.runChildren(ParentRunner.java:288)
	at org.junit.runners.ParentRunner.access$000(ParentRunner.java:58)
	at org.junit.runners.ParentRunner$2.evaluate(ParentRunner.java:268)
	at io.cucumber.junit.Cucumber$RunCucumber.evaluate(Cucumber.java:174)
	at org.junit.runners.ParentRunner.run(ParentRunner.java:363)
	at org.junit.runner.JUnitCore.run(JUnitCore.java:137)
	at org.junit.runner.JUnitCore.run(JUnitCore.java:115)
	at org.junit.vintage.engine.execution.RunnerExecutor.execute(RunnerExecutor.java:40)
	at java.base/java.util.stream.ForEachOps$ForEachOp$OfRef.accept(ForEachOps.java:183)
	at java.base/java.util.stream.ReferencePipeline$3$1.accept(ReferencePipeline.java:195)
	at java.base/java.util.Iterator.forEachRemaining(Iterator.java:133)
	at java.base/java.util.Spliterators$IteratorSpliterator.forEachRemaining(Spliterators.java:1801)
	at java.base/java.util.stream.AbstractPipeline.copyInto(AbstractPipeline.java:484)
	at java.base/java.util.stream.AbstractPipeline.wrapAndCopyInto(AbstractPipeline.java:474)
	at java.base/java.util.stream.ForEachOps$ForEachOp.evaluateSequential(ForEachOps.java:150)
	at java.base/java.util.stream.ForEachOps$ForEachOp$OfRef.evaluateSequential(ForEachOps.java:173)
	at java.base/java.util.stream.AbstractPipeline.evaluate(AbstractPipeline.java:234)
	at java.base/java.util.stream.ReferencePipeline.forEach(ReferencePipeline.java:497)
	at org.junit.vintage.engine.VintageTestEngine.executeAllChildren(VintageTestEngine.java:80)
	at org.junit.vintage.engine.VintageTestEngine.execute(VintageTestEngine.java:71)
	at org.junit.platform.launcher.core.DefaultLauncher.execute(DefaultLauncher.java:220)
	at org.junit.platform.launcher.core.DefaultLauncher.lambda$execute$6(DefaultLauncher.java:188)
	at org.junit.platform.launcher.core.DefaultLauncher.withInterceptedStreams(DefaultLauncher.java:202)
	at org.junit.platform.launcher.core.DefaultLauncher.execute(DefaultLauncher.java:181)
	at org.junit.platform.launcher.core.DefaultLauncher.execute(DefaultLauncher.java:128)
	at org.gradle.api.internal.tasks.testing.junitplatform.JUnitPlatformTestClassProcessor$CollectAllTestClassesExecutor.processAllTestClasses(JUnitPlatformTestClassProcessor.java:102)
	at org.gradle.api.internal.tasks.testing.junitplatform.JUnitPlatformTestClassProcessor$CollectAllTestClassesExecutor.access$000(JUnitPlatformTestClassProcessor.java:82)
	at org.gradle.api.internal.tasks.testing.junitplatform.JUnitPlatformTestClassProcessor.stop(JUnitPlatformTestClassProcessor.java:78)
	at org.gradle.api.internal.tasks.testing.SuiteTestClassProcessor.stop(SuiteTestClassProcessor.java:61)
	at java.base/jdk.internal.reflect.NativeMethodAccessorImpl.invoke0(Native Method)
	at java.base/jdk.internal.reflect.NativeMethodAccessorImpl.invoke(NativeMethodAccessorImpl.java:62)
	at java.base/jdk.internal.reflect.DelegatingMethodAccessorImpl.invoke(DelegatingMethodAccessorImpl.java:43)
	at java.base/java.lang.reflect.Method.invoke(Method.java:566)
	at org.gradle.internal.dispatch.ReflectionDispatch.dispatch(ReflectionDispatch.java:36)
	at org.gradle.internal.dispatch.ReflectionDispatch.dispatch(ReflectionDispatch.java:24)
	at org.gradle.internal.dispatch.ContextClassLoaderDispatch.dispatch(ContextClassLoaderDispatch.java:33)
	at org.gradle.internal.dispatch.ProxyDispatchAdapter$DispatchingInvocationHandler.invoke(ProxyDispatchAdapter.java:94)
	at com.sun.proxy.$Proxy2.stop(Unknown Source)
	at org.gradle.api.internal.tasks.testing.worker.TestWorker.stop(TestWorker.java:132)
	at java.base/jdk.internal.reflect.NativeMethodAccessorImpl.invoke0(Native Method)
	at java.base/jdk.internal.reflect.NativeMethodAccessorImpl.invoke(NativeMethodAccessorImpl.java:62)
	at java.base/jdk.internal.reflect.DelegatingMethodAccessorImpl.invoke(DelegatingMethodAccessorImpl.java:43)
	at java.base/java.lang.reflect.Method.invoke(Method.java:566)
	at org.gradle.internal.dispatch.ReflectionDispatch.dispatch(ReflectionDispatch.java:36)
	at org.gradle.internal.dispatch.ReflectionDispatch.dispatch(ReflectionDispatch.java:24)
	at org.gradle.internal.remote.internal.hub.MessageHubBackedObjectConnection$DispatchWrapper.dispatch(MessageHubBackedObjectConnection.java:182)
	at org.gradle.internal.remote.internal.hub.MessageHubBackedObjectConnection$DispatchWrapper.dispatch(MessageHubBackedObjectConnection.java:164)
	at org.gradle.internal.remote.internal.hub.MessageHub$Handler.run(MessageHub.java:412)
	at org.gradle.internal.concurrent.ExecutorPolicy$CatchAndRecordFailures.onExecute(ExecutorPolicy.java:64)
	at org.gradle.internal.concurrent.ManagedExecutorImpl$1.run(ManagedExecutorImpl.java:48)
	at java.base/java.util.concurrent.ThreadPoolExecutor.runWorker(ThreadPoolExecutor.java:1128)
	at java.base/java.util.concurrent.ThreadPoolExecutor$Worker.run(ThreadPoolExecutor.java:628)
	at org.gradle.internal.concurrent.ThreadFactoryImpl$ManagedThreadRunnable.run(ThreadFactoryImpl.java:56)
	at java.base/java.lang.Thread.run(Thread.java:834)
</failure>
  </testcase>
  <testcase name="Jump to start" classname="ca.mcgill.ecse223.quoridor.features.CucumberTestsRunner" time="0.009">
    <failure message="org.opentest4j.MultipleFailuresError: Multiple Failures (9 failures)&#13;&#10;&#9;io.cucumber.junit.UndefinedThrowable: The step &quot;The game is in replay mode&quot; is undefined&#13;&#10;&#9;io.cucumber.junit.UndefinedThrowable: The step &quot;The following moves have been played in game:&quot; is undefined&#13;&#10;&#9;io.cucumber.junit.UndefinedThrowable: The step &quot;The next move is 1.1&quot; is undefined&#13;&#10;&#9;io.cucumber.junit.UndefinedThrowable: The step &quot;Jump to start position is initiated&quot; is undefined&#13;&#10;&#9;io.cucumber.junit.UndefinedThrowable: The step &quot;The next move shall be 1.1&quot; is undefined&#13;&#10;&#9;io.cucumber.junit.UndefinedThrowable: The step &quot;White player's position shall be (9,5)&quot; is undefined&#13;&#10;&#9;io.cucumber.junit.UndefinedThrowable: The step &quot;Black player's position shall be (1,5)&quot; is undefined&#13;&#10;&#9;io.cucumber.junit.UndefinedThrowable: The step &quot;White has &lt;wwallno&gt; on stock&quot; is undefined&#13;&#10;&#9;io.cucumber.junit.UndefinedThrowable: The step &quot;Black has 10 on stock&quot; is undefined" type="org.opentest4j.MultipleFailuresError">org.opentest4j.MultipleFailuresError: Multiple Failures (9 failures)
	io.cucumber.junit.UndefinedThrowable: The step &quot;The game is in replay mode&quot; is undefined
	io.cucumber.junit.UndefinedThrowable: The step &quot;The following moves have been played in game:&quot; is undefined
	io.cucumber.junit.UndefinedThrowable: The step &quot;The next move is 1.1&quot; is undefined
	io.cucumber.junit.UndefinedThrowable: The step &quot;Jump to start position is initiated&quot; is undefined
	io.cucumber.junit.UndefinedThrowable: The step &quot;The next move shall be 1.1&quot; is undefined
	io.cucumber.junit.UndefinedThrowable: The step &quot;White player's position shall be (9,5)&quot; is undefined
	io.cucumber.junit.UndefinedThrowable: The step &quot;Black player's position shall be (1,5)&quot; is undefined
	io.cucumber.junit.UndefinedThrowable: The step &quot;White has &lt;wwallno&gt; on stock&quot; is undefined
	io.cucumber.junit.UndefinedThrowable: The step &quot;Black has 10 on stock&quot; is undefined
	at org.junit.vintage.engine.execution.TestRun.getStoredResultOrSuccessful(TestRun.java:179)
	at org.junit.vintage.engine.execution.RunListenerAdapter.fireExecutionFinished(RunListenerAdapter.java:211)
	at org.junit.vintage.engine.execution.RunListenerAdapter.testFinished(RunListenerAdapter.java:177)
	at org.junit.vintage.engine.execution.RunListenerAdapter.testFinished(RunListenerAdapter.java:76)
	at org.junit.runner.notification.SynchronizedRunListener.testFinished(SynchronizedRunListener.java:56)
	at org.junit.runner.notification.RunNotifier$7.notifyListener(RunNotifier.java:190)
	at org.junit.runner.notification.RunNotifier$SafeNotifier.run(RunNotifier.java:72)
	at org.junit.runner.notification.RunNotifier.fireTestFinished(RunNotifier.java:187)
	at io.cucumber.junit.JUnitReporter$EachTestNotifier.fireTestFinished(JUnitReporter.java:253)
	at io.cucumber.junit.JUnitReporter.handleTestCaseResult(JUnitReporter.java:178)
	at io.cucumber.junit.JUnitReporter$4.receive(JUnitReporter.java:66)
	at io.cucumber.junit.JUnitReporter$4.receive(JUnitReporter.java:62)
	at cucumber.runner.AbstractEventPublisher.send(AbstractEventPublisher.java:45)
	at cucumber.runner.AbstractEventBus.send(AbstractEventBus.java:9)
	at cucumber.runner.ThreadLocalRunnerSupplier$LocalEventBus.send(ThreadLocalRunnerSupplier.java:60)
	at cucumber.runner.TestCase.run(TestCase.java:55)
	at cucumber.runner.Runner.runPickle(Runner.java:50)
	at io.cucumber.junit.PickleRunners$NoStepDescriptions.run(PickleRunners.java:146)
	at io.cucumber.junit.FeatureRunner.runChild(FeatureRunner.java:68)
	at io.cucumber.junit.FeatureRunner.runChild(FeatureRunner.java:23)
	at org.junit.runners.ParentRunner$3.run(ParentRunner.java:290)
	at org.junit.runners.ParentRunner$1.schedule(ParentRunner.java:71)
	at org.junit.runners.ParentRunner.runChildren(ParentRunner.java:288)
	at org.junit.runners.ParentRunner.access$000(ParentRunner.java:58)
	at org.junit.runners.ParentRunner$2.evaluate(ParentRunner.java:268)
	at org.junit.runners.ParentRunner.run(ParentRunner.java:363)
	at io.cucumber.junit.Cucumber.runChild(Cucumber.java:144)
	at io.cucumber.junit.Cucumber.runChild(Cucumber.java:65)
	at org.junit.runners.ParentRunner$3.run(ParentRunner.java:290)
	at org.junit.runners.ParentRunner$1.schedule(ParentRunner.java:71)
	at org.junit.runners.ParentRunner.runChildren(ParentRunner.java:288)
	at org.junit.runners.ParentRunner.access$000(ParentRunner.java:58)
	at org.junit.runners.ParentRunner$2.evaluate(ParentRunner.java:268)
	at io.cucumber.junit.Cucumber$RunCucumber.evaluate(Cucumber.java:174)
	at org.junit.runners.ParentRunner.run(ParentRunner.java:363)
	at org.junit.runner.JUnitCore.run(JUnitCore.java:137)
	at org.junit.runner.JUnitCore.run(JUnitCore.java:115)
	at org.junit.vintage.engine.execution.RunnerExecutor.execute(RunnerExecutor.java:40)
	at java.base/java.util.stream.ForEachOps$ForEachOp$OfRef.accept(ForEachOps.java:183)
	at java.base/java.util.stream.ReferencePipeline$3$1.accept(ReferencePipeline.java:195)
	at java.base/java.util.Iterator.forEachRemaining(Iterator.java:133)
	at java.base/java.util.Spliterators$IteratorSpliterator.forEachRemaining(Spliterators.java:1801)
	at java.base/java.util.stream.AbstractPipeline.copyInto(AbstractPipeline.java:484)
	at java.base/java.util.stream.AbstractPipeline.wrapAndCopyInto(AbstractPipeline.java:474)
	at java.base/java.util.stream.ForEachOps$ForEachOp.evaluateSequential(ForEachOps.java:150)
	at java.base/java.util.stream.ForEachOps$ForEachOp$OfRef.evaluateSequential(ForEachOps.java:173)
	at java.base/java.util.stream.AbstractPipeline.evaluate(AbstractPipeline.java:234)
	at java.base/java.util.stream.ReferencePipeline.forEach(ReferencePipeline.java:497)
	at org.junit.vintage.engine.VintageTestEngine.executeAllChildren(VintageTestEngine.java:80)
	at org.junit.vintage.engine.VintageTestEngine.execute(VintageTestEngine.java:71)
	at org.junit.platform.launcher.core.DefaultLauncher.execute(DefaultLauncher.java:220)
	at org.junit.platform.launcher.core.DefaultLauncher.lambda$execute$6(DefaultLauncher.java:188)
	at org.junit.platform.launcher.core.DefaultLauncher.withInterceptedStreams(DefaultLauncher.java:202)
	at org.junit.platform.launcher.core.DefaultLauncher.execute(DefaultLauncher.java:181)
	at org.junit.platform.launcher.core.DefaultLauncher.execute(DefaultLauncher.java:128)
	at org.gradle.api.internal.tasks.testing.junitplatform.JUnitPlatformTestClassProcessor$CollectAllTestClassesExecutor.processAllTestClasses(JUnitPlatformTestClassProcessor.java:102)
	at org.gradle.api.internal.tasks.testing.junitplatform.JUnitPlatformTestClassProcessor$CollectAllTestClassesExecutor.access$000(JUnitPlatformTestClassProcessor.java:82)
	at org.gradle.api.internal.tasks.testing.junitplatform.JUnitPlatformTestClassProcessor.stop(JUnitPlatformTestClassProcessor.java:78)
	at org.gradle.api.internal.tasks.testing.SuiteTestClassProcessor.stop(SuiteTestClassProcessor.java:61)
	at java.base/jdk.internal.reflect.NativeMethodAccessorImpl.invoke0(Native Method)
	at java.base/jdk.internal.reflect.NativeMethodAccessorImpl.invoke(NativeMethodAccessorImpl.java:62)
	at java.base/jdk.internal.reflect.DelegatingMethodAccessorImpl.invoke(DelegatingMethodAccessorImpl.java:43)
	at java.base/java.lang.reflect.Method.invoke(Method.java:566)
	at org.gradle.internal.dispatch.ReflectionDispatch.dispatch(ReflectionDispatch.java:36)
	at org.gradle.internal.dispatch.ReflectionDispatch.dispatch(ReflectionDispatch.java:24)
	at org.gradle.internal.dispatch.ContextClassLoaderDispatch.dispatch(ContextClassLoaderDispatch.java:33)
	at org.gradle.internal.dispatch.ProxyDispatchAdapter$DispatchingInvocationHandler.invoke(ProxyDispatchAdapter.java:94)
	at com.sun.proxy.$Proxy2.stop(Unknown Source)
	at org.gradle.api.internal.tasks.testing.worker.TestWorker.stop(TestWorker.java:132)
	at java.base/jdk.internal.reflect.NativeMethodAccessorImpl.invoke0(Native Method)
	at java.base/jdk.internal.reflect.NativeMethodAccessorImpl.invoke(NativeMethodAccessorImpl.java:62)
	at java.base/jdk.internal.reflect.DelegatingMethodAccessorImpl.invoke(DelegatingMethodAccessorImpl.java:43)
	at java.base/java.lang.reflect.Method.invoke(Method.java:566)
	at org.gradle.internal.dispatch.ReflectionDispatch.dispatch(ReflectionDispatch.java:36)
	at org.gradle.internal.dispatch.ReflectionDispatch.dispatch(ReflectionDispatch.java:24)
	at org.gradle.internal.remote.internal.hub.MessageHubBackedObjectConnection$DispatchWrapper.dispatch(MessageHubBackedObjectConnection.java:182)
	at org.gradle.internal.remote.internal.hub.MessageHubBackedObjectConnection$DispatchWrapper.dispatch(MessageHubBackedObjectConnection.java:164)
	at org.gradle.internal.remote.internal.hub.MessageHub$Handler.run(MessageHub.java:412)
	at org.gradle.internal.concurrent.ExecutorPolicy$CatchAndRecordFailures.onExecute(ExecutorPolicy.java:64)
	at org.gradle.internal.concurrent.ManagedExecutorImpl$1.run(ManagedExecutorImpl.java:48)
	at java.base/java.util.concurrent.ThreadPoolExecutor.runWorker(ThreadPoolExecutor.java:1128)
	at java.base/java.util.concurrent.ThreadPoolExecutor$Worker.run(ThreadPoolExecutor.java:628)
	at org.gradle.internal.concurrent.ThreadFactoryImpl$ManagedThreadRunnable.run(ThreadFactoryImpl.java:56)
	at java.base/java.lang.Thread.run(Thread.java:834)
</failure>
  </testcase>
  <testcase name="Jump to start" classname="ca.mcgill.ecse223.quoridor.features.CucumberTestsRunner" time="0.011">
    <failure message="org.opentest4j.MultipleFailuresError: Multiple Failures (9 failures)&#13;&#10;&#9;io.cucumber.junit.UndefinedThrowable: The step &quot;The game is in replay mode&quot; is undefined&#13;&#10;&#9;io.cucumber.junit.UndefinedThrowable: The step &quot;The following moves have been played in game:&quot; is undefined&#13;&#10;&#9;io.cucumber.junit.UndefinedThrowable: The step &quot;The next move is 1.2&quot; is undefined&#13;&#10;&#9;io.cucumber.junit.UndefinedThrowable: The step &quot;Jump to start position is initiated&quot; is undefined&#13;&#10;&#9;io.cucumber.junit.UndefinedThrowable: The step &quot;The next move shall be 1.1&quot; is undefined&#13;&#10;&#9;io.cucumber.junit.UndefinedThrowable: The step &quot;White player's position shall be (9,5)&quot; is undefined&#13;&#10;&#9;io.cucumber.junit.UndefinedThrowable: The step &quot;Black player's position shall be (1,5)&quot; is undefined&#13;&#10;&#9;io.cucumber.junit.UndefinedThrowable: The step &quot;White has &lt;wwallno&gt; on stock&quot; is undefined&#13;&#10;&#9;io.cucumber.junit.UndefinedThrowable: The step &quot;Black has 10 on stock&quot; is undefined" type="org.opentest4j.MultipleFailuresError">org.opentest4j.MultipleFailuresError: Multiple Failures (9 failures)
	io.cucumber.junit.UndefinedThrowable: The step &quot;The game is in replay mode&quot; is undefined
	io.cucumber.junit.UndefinedThrowable: The step &quot;The following moves have been played in game:&quot; is undefined
	io.cucumber.junit.UndefinedThrowable: The step &quot;The next move is 1.2&quot; is undefined
	io.cucumber.junit.UndefinedThrowable: The step &quot;Jump to start position is initiated&quot; is undefined
	io.cucumber.junit.UndefinedThrowable: The step &quot;The next move shall be 1.1&quot; is undefined
	io.cucumber.junit.UndefinedThrowable: The step &quot;White player's position shall be (9,5)&quot; is undefined
	io.cucumber.junit.UndefinedThrowable: The step &quot;Black player's position shall be (1,5)&quot; is undefined
	io.cucumber.junit.UndefinedThrowable: The step &quot;White has &lt;wwallno&gt; on stock&quot; is undefined
	io.cucumber.junit.UndefinedThrowable: The step &quot;Black has 10 on stock&quot; is undefined
	at org.junit.vintage.engine.execution.TestRun.getStoredResultOrSuccessful(TestRun.java:179)
	at org.junit.vintage.engine.execution.RunListenerAdapter.fireExecutionFinished(RunListenerAdapter.java:211)
	at org.junit.vintage.engine.execution.RunListenerAdapter.testFinished(RunListenerAdapter.java:177)
	at org.junit.vintage.engine.execution.RunListenerAdapter.testFinished(RunListenerAdapter.java:76)
	at org.junit.runner.notification.SynchronizedRunListener.testFinished(SynchronizedRunListener.java:56)
	at org.junit.runner.notification.RunNotifier$7.notifyListener(RunNotifier.java:190)
	at org.junit.runner.notification.RunNotifier$SafeNotifier.run(RunNotifier.java:72)
	at org.junit.runner.notification.RunNotifier.fireTestFinished(RunNotifier.java:187)
	at io.cucumber.junit.JUnitReporter$EachTestNotifier.fireTestFinished(JUnitReporter.java:253)
	at io.cucumber.junit.JUnitReporter.handleTestCaseResult(JUnitReporter.java:178)
	at io.cucumber.junit.JUnitReporter$4.receive(JUnitReporter.java:66)
	at io.cucumber.junit.JUnitReporter$4.receive(JUnitReporter.java:62)
	at cucumber.runner.AbstractEventPublisher.send(AbstractEventPublisher.java:45)
	at cucumber.runner.AbstractEventBus.send(AbstractEventBus.java:9)
	at cucumber.runner.ThreadLocalRunnerSupplier$LocalEventBus.send(ThreadLocalRunnerSupplier.java:60)
	at cucumber.runner.TestCase.run(TestCase.java:55)
	at cucumber.runner.Runner.runPickle(Runner.java:50)
	at io.cucumber.junit.PickleRunners$NoStepDescriptions.run(PickleRunners.java:146)
	at io.cucumber.junit.FeatureRunner.runChild(FeatureRunner.java:68)
	at io.cucumber.junit.FeatureRunner.runChild(FeatureRunner.java:23)
	at org.junit.runners.ParentRunner$3.run(ParentRunner.java:290)
	at org.junit.runners.ParentRunner$1.schedule(ParentRunner.java:71)
	at org.junit.runners.ParentRunner.runChildren(ParentRunner.java:288)
	at org.junit.runners.ParentRunner.access$000(ParentRunner.java:58)
	at org.junit.runners.ParentRunner$2.evaluate(ParentRunner.java:268)
	at org.junit.runners.ParentRunner.run(ParentRunner.java:363)
	at io.cucumber.junit.Cucumber.runChild(Cucumber.java:144)
	at io.cucumber.junit.Cucumber.runChild(Cucumber.java:65)
	at org.junit.runners.ParentRunner$3.run(ParentRunner.java:290)
	at org.junit.runners.ParentRunner$1.schedule(ParentRunner.java:71)
	at org.junit.runners.ParentRunner.runChildren(ParentRunner.java:288)
	at org.junit.runners.ParentRunner.access$000(ParentRunner.java:58)
	at org.junit.runners.ParentRunner$2.evaluate(ParentRunner.java:268)
	at io.cucumber.junit.Cucumber$RunCucumber.evaluate(Cucumber.java:174)
	at org.junit.runners.ParentRunner.run(ParentRunner.java:363)
	at org.junit.runner.JUnitCore.run(JUnitCore.java:137)
	at org.junit.runner.JUnitCore.run(JUnitCore.java:115)
	at org.junit.vintage.engine.execution.RunnerExecutor.execute(RunnerExecutor.java:40)
	at java.base/java.util.stream.ForEachOps$ForEachOp$OfRef.accept(ForEachOps.java:183)
	at java.base/java.util.stream.ReferencePipeline$3$1.accept(ReferencePipeline.java:195)
	at java.base/java.util.Iterator.forEachRemaining(Iterator.java:133)
	at java.base/java.util.Spliterators$IteratorSpliterator.forEachRemaining(Spliterators.java:1801)
	at java.base/java.util.stream.AbstractPipeline.copyInto(AbstractPipeline.java:484)
	at java.base/java.util.stream.AbstractPipeline.wrapAndCopyInto(AbstractPipeline.java:474)
	at java.base/java.util.stream.ForEachOps$ForEachOp.evaluateSequential(ForEachOps.java:150)
	at java.base/java.util.stream.ForEachOps$ForEachOp$OfRef.evaluateSequential(ForEachOps.java:173)
	at java.base/java.util.stream.AbstractPipeline.evaluate(AbstractPipeline.java:234)
	at java.base/java.util.stream.ReferencePipeline.forEach(ReferencePipeline.java:497)
	at org.junit.vintage.engine.VintageTestEngine.executeAllChildren(VintageTestEngine.java:80)
	at org.junit.vintage.engine.VintageTestEngine.execute(VintageTestEngine.java:71)
	at org.junit.platform.launcher.core.DefaultLauncher.execute(DefaultLauncher.java:220)
	at org.junit.platform.launcher.core.DefaultLauncher.lambda$execute$6(DefaultLauncher.java:188)
	at org.junit.platform.launcher.core.DefaultLauncher.withInterceptedStreams(DefaultLauncher.java:202)
	at org.junit.platform.launcher.core.DefaultLauncher.execute(DefaultLauncher.java:181)
	at org.junit.platform.launcher.core.DefaultLauncher.execute(DefaultLauncher.java:128)
	at org.gradle.api.internal.tasks.testing.junitplatform.JUnitPlatformTestClassProcessor$CollectAllTestClassesExecutor.processAllTestClasses(JUnitPlatformTestClassProcessor.java:102)
	at org.gradle.api.internal.tasks.testing.junitplatform.JUnitPlatformTestClassProcessor$CollectAllTestClassesExecutor.access$000(JUnitPlatformTestClassProcessor.java:82)
	at org.gradle.api.internal.tasks.testing.junitplatform.JUnitPlatformTestClassProcessor.stop(JUnitPlatformTestClassProcessor.java:78)
	at org.gradle.api.internal.tasks.testing.SuiteTestClassProcessor.stop(SuiteTestClassProcessor.java:61)
	at java.base/jdk.internal.reflect.NativeMethodAccessorImpl.invoke0(Native Method)
	at java.base/jdk.internal.reflect.NativeMethodAccessorImpl.invoke(NativeMethodAccessorImpl.java:62)
	at java.base/jdk.internal.reflect.DelegatingMethodAccessorImpl.invoke(DelegatingMethodAccessorImpl.java:43)
	at java.base/java.lang.reflect.Method.invoke(Method.java:566)
	at org.gradle.internal.dispatch.ReflectionDispatch.dispatch(ReflectionDispatch.java:36)
	at org.gradle.internal.dispatch.ReflectionDispatch.dispatch(ReflectionDispatch.java:24)
	at org.gradle.internal.dispatch.ContextClassLoaderDispatch.dispatch(ContextClassLoaderDispatch.java:33)
	at org.gradle.internal.dispatch.ProxyDispatchAdapter$DispatchingInvocationHandler.invoke(ProxyDispatchAdapter.java:94)
	at com.sun.proxy.$Proxy2.stop(Unknown Source)
	at org.gradle.api.internal.tasks.testing.worker.TestWorker.stop(TestWorker.java:132)
	at java.base/jdk.internal.reflect.NativeMethodAccessorImpl.invoke0(Native Method)
	at java.base/jdk.internal.reflect.NativeMethodAccessorImpl.invoke(NativeMethodAccessorImpl.java:62)
	at java.base/jdk.internal.reflect.DelegatingMethodAccessorImpl.invoke(DelegatingMethodAccessorImpl.java:43)
	at java.base/java.lang.reflect.Method.invoke(Method.java:566)
	at org.gradle.internal.dispatch.ReflectionDispatch.dispatch(ReflectionDispatch.java:36)
	at org.gradle.internal.dispatch.ReflectionDispatch.dispatch(ReflectionDispatch.java:24)
	at org.gradle.internal.remote.internal.hub.MessageHubBackedObjectConnection$DispatchWrapper.dispatch(MessageHubBackedObjectConnection.java:182)
	at org.gradle.internal.remote.internal.hub.MessageHubBackedObjectConnection$DispatchWrapper.dispatch(MessageHubBackedObjectConnection.java:164)
	at org.gradle.internal.remote.internal.hub.MessageHub$Handler.run(MessageHub.java:412)
	at org.gradle.internal.concurrent.ExecutorPolicy$CatchAndRecordFailures.onExecute(ExecutorPolicy.java:64)
	at org.gradle.internal.concurrent.ManagedExecutorImpl$1.run(ManagedExecutorImpl.java:48)
	at java.base/java.util.concurrent.ThreadPoolExecutor.runWorker(ThreadPoolExecutor.java:1128)
	at java.base/java.util.concurrent.ThreadPoolExecutor$Worker.run(ThreadPoolExecutor.java:628)
	at org.gradle.internal.concurrent.ThreadFactoryImpl$ManagedThreadRunnable.run(ThreadFactoryImpl.java:56)
	at java.base/java.lang.Thread.run(Thread.java:834)
</failure>
  </testcase>
  <testcase name="Jump to start" classname="ca.mcgill.ecse223.quoridor.features.CucumberTestsRunner" time="0.008">
    <failure message="org.opentest4j.MultipleFailuresError: Multiple Failures (9 failures)&#13;&#10;&#9;io.cucumber.junit.UndefinedThrowable: The step &quot;The game is in replay mode&quot; is undefined&#13;&#10;&#9;io.cucumber.junit.UndefinedThrowable: The step &quot;The following moves have been played in game:&quot; is undefined&#13;&#10;&#9;io.cucumber.junit.UndefinedThrowable: The step &quot;The next move is 2.1&quot; is undefined&#13;&#10;&#9;io.cucumber.junit.UndefinedThrowable: The step &quot;Jump to start position is initiated&quot; is undefined&#13;&#10;&#9;io.cucumber.junit.UndefinedThrowable: The step &quot;The next move shall be 1.1&quot; is undefined&#13;&#10;&#9;io.cucumber.junit.UndefinedThrowable: The step &quot;White player's position shall be (9,5)&quot; is undefined&#13;&#10;&#9;io.cucumber.junit.UndefinedThrowable: The step &quot;Black player's position shall be (1,5)&quot; is undefined&#13;&#10;&#9;io.cucumber.junit.UndefinedThrowable: The step &quot;White has &lt;wwallno&gt; on stock&quot; is undefined&#13;&#10;&#9;io.cucumber.junit.UndefinedThrowable: The step &quot;Black has 10 on stock&quot; is undefined" type="org.opentest4j.MultipleFailuresError">org.opentest4j.MultipleFailuresError: Multiple Failures (9 failures)
	io.cucumber.junit.UndefinedThrowable: The step &quot;The game is in replay mode&quot; is undefined
	io.cucumber.junit.UndefinedThrowable: The step &quot;The following moves have been played in game:&quot; is undefined
	io.cucumber.junit.UndefinedThrowable: The step &quot;The next move is 2.1&quot; is undefined
	io.cucumber.junit.UndefinedThrowable: The step &quot;Jump to start position is initiated&quot; is undefined
	io.cucumber.junit.UndefinedThrowable: The step &quot;The next move shall be 1.1&quot; is undefined
	io.cucumber.junit.UndefinedThrowable: The step &quot;White player's position shall be (9,5)&quot; is undefined
	io.cucumber.junit.UndefinedThrowable: The step &quot;Black player's position shall be (1,5)&quot; is undefined
	io.cucumber.junit.UndefinedThrowable: The step &quot;White has &lt;wwallno&gt; on stock&quot; is undefined
	io.cucumber.junit.UndefinedThrowable: The step &quot;Black has 10 on stock&quot; is undefined
	at org.junit.vintage.engine.execution.TestRun.getStoredResultOrSuccessful(TestRun.java:179)
	at org.junit.vintage.engine.execution.RunListenerAdapter.fireExecutionFinished(RunListenerAdapter.java:211)
	at org.junit.vintage.engine.execution.RunListenerAdapter.testFinished(RunListenerAdapter.java:177)
	at org.junit.vintage.engine.execution.RunListenerAdapter.testFinished(RunListenerAdapter.java:76)
	at org.junit.runner.notification.SynchronizedRunListener.testFinished(SynchronizedRunListener.java:56)
	at org.junit.runner.notification.RunNotifier$7.notifyListener(RunNotifier.java:190)
	at org.junit.runner.notification.RunNotifier$SafeNotifier.run(RunNotifier.java:72)
	at org.junit.runner.notification.RunNotifier.fireTestFinished(RunNotifier.java:187)
	at io.cucumber.junit.JUnitReporter$EachTestNotifier.fireTestFinished(JUnitReporter.java:253)
	at io.cucumber.junit.JUnitReporter.handleTestCaseResult(JUnitReporter.java:178)
	at io.cucumber.junit.JUnitReporter$4.receive(JUnitReporter.java:66)
	at io.cucumber.junit.JUnitReporter$4.receive(JUnitReporter.java:62)
	at cucumber.runner.AbstractEventPublisher.send(AbstractEventPublisher.java:45)
	at cucumber.runner.AbstractEventBus.send(AbstractEventBus.java:9)
	at cucumber.runner.ThreadLocalRunnerSupplier$LocalEventBus.send(ThreadLocalRunnerSupplier.java:60)
	at cucumber.runner.TestCase.run(TestCase.java:55)
	at cucumber.runner.Runner.runPickle(Runner.java:50)
	at io.cucumber.junit.PickleRunners$NoStepDescriptions.run(PickleRunners.java:146)
	at io.cucumber.junit.FeatureRunner.runChild(FeatureRunner.java:68)
	at io.cucumber.junit.FeatureRunner.runChild(FeatureRunner.java:23)
	at org.junit.runners.ParentRunner$3.run(ParentRunner.java:290)
	at org.junit.runners.ParentRunner$1.schedule(ParentRunner.java:71)
	at org.junit.runners.ParentRunner.runChildren(ParentRunner.java:288)
	at org.junit.runners.ParentRunner.access$000(ParentRunner.java:58)
	at org.junit.runners.ParentRunner$2.evaluate(ParentRunner.java:268)
	at org.junit.runners.ParentRunner.run(ParentRunner.java:363)
	at io.cucumber.junit.Cucumber.runChild(Cucumber.java:144)
	at io.cucumber.junit.Cucumber.runChild(Cucumber.java:65)
	at org.junit.runners.ParentRunner$3.run(ParentRunner.java:290)
	at org.junit.runners.ParentRunner$1.schedule(ParentRunner.java:71)
	at org.junit.runners.ParentRunner.runChildren(ParentRunner.java:288)
	at org.junit.runners.ParentRunner.access$000(ParentRunner.java:58)
	at org.junit.runners.ParentRunner$2.evaluate(ParentRunner.java:268)
	at io.cucumber.junit.Cucumber$RunCucumber.evaluate(Cucumber.java:174)
	at org.junit.runners.ParentRunner.run(ParentRunner.java:363)
	at org.junit.runner.JUnitCore.run(JUnitCore.java:137)
	at org.junit.runner.JUnitCore.run(JUnitCore.java:115)
	at org.junit.vintage.engine.execution.RunnerExecutor.execute(RunnerExecutor.java:40)
	at java.base/java.util.stream.ForEachOps$ForEachOp$OfRef.accept(ForEachOps.java:183)
	at java.base/java.util.stream.ReferencePipeline$3$1.accept(ReferencePipeline.java:195)
	at java.base/java.util.Iterator.forEachRemaining(Iterator.java:133)
	at java.base/java.util.Spliterators$IteratorSpliterator.forEachRemaining(Spliterators.java:1801)
	at java.base/java.util.stream.AbstractPipeline.copyInto(AbstractPipeline.java:484)
	at java.base/java.util.stream.AbstractPipeline.wrapAndCopyInto(AbstractPipeline.java:474)
	at java.base/java.util.stream.ForEachOps$ForEachOp.evaluateSequential(ForEachOps.java:150)
	at java.base/java.util.stream.ForEachOps$ForEachOp$OfRef.evaluateSequential(ForEachOps.java:173)
	at java.base/java.util.stream.AbstractPipeline.evaluate(AbstractPipeline.java:234)
	at java.base/java.util.stream.ReferencePipeline.forEach(ReferencePipeline.java:497)
	at org.junit.vintage.engine.VintageTestEngine.executeAllChildren(VintageTestEngine.java:80)
	at org.junit.vintage.engine.VintageTestEngine.execute(VintageTestEngine.java:71)
	at org.junit.platform.launcher.core.DefaultLauncher.execute(DefaultLauncher.java:220)
	at org.junit.platform.launcher.core.DefaultLauncher.lambda$execute$6(DefaultLauncher.java:188)
	at org.junit.platform.launcher.core.DefaultLauncher.withInterceptedStreams(DefaultLauncher.java:202)
	at org.junit.platform.launcher.core.DefaultLauncher.execute(DefaultLauncher.java:181)
	at org.junit.platform.launcher.core.DefaultLauncher.execute(DefaultLauncher.java:128)
	at org.gradle.api.internal.tasks.testing.junitplatform.JUnitPlatformTestClassProcessor$CollectAllTestClassesExecutor.processAllTestClasses(JUnitPlatformTestClassProcessor.java:102)
	at org.gradle.api.internal.tasks.testing.junitplatform.JUnitPlatformTestClassProcessor$CollectAllTestClassesExecutor.access$000(JUnitPlatformTestClassProcessor.java:82)
	at org.gradle.api.internal.tasks.testing.junitplatform.JUnitPlatformTestClassProcessor.stop(JUnitPlatformTestClassProcessor.java:78)
	at org.gradle.api.internal.tasks.testing.SuiteTestClassProcessor.stop(SuiteTestClassProcessor.java:61)
	at java.base/jdk.internal.reflect.NativeMethodAccessorImpl.invoke0(Native Method)
	at java.base/jdk.internal.reflect.NativeMethodAccessorImpl.invoke(NativeMethodAccessorImpl.java:62)
	at java.base/jdk.internal.reflect.DelegatingMethodAccessorImpl.invoke(DelegatingMethodAccessorImpl.java:43)
	at java.base/java.lang.reflect.Method.invoke(Method.java:566)
	at org.gradle.internal.dispatch.ReflectionDispatch.dispatch(ReflectionDispatch.java:36)
	at org.gradle.internal.dispatch.ReflectionDispatch.dispatch(ReflectionDispatch.java:24)
	at org.gradle.internal.dispatch.ContextClassLoaderDispatch.dispatch(ContextClassLoaderDispatch.java:33)
	at org.gradle.internal.dispatch.ProxyDispatchAdapter$DispatchingInvocationHandler.invoke(ProxyDispatchAdapter.java:94)
	at com.sun.proxy.$Proxy2.stop(Unknown Source)
	at org.gradle.api.internal.tasks.testing.worker.TestWorker.stop(TestWorker.java:132)
	at java.base/jdk.internal.reflect.NativeMethodAccessorImpl.invoke0(Native Method)
	at java.base/jdk.internal.reflect.NativeMethodAccessorImpl.invoke(NativeMethodAccessorImpl.java:62)
	at java.base/jdk.internal.reflect.DelegatingMethodAccessorImpl.invoke(DelegatingMethodAccessorImpl.java:43)
	at java.base/java.lang.reflect.Method.invoke(Method.java:566)
	at org.gradle.internal.dispatch.ReflectionDispatch.dispatch(ReflectionDispatch.java:36)
	at org.gradle.internal.dispatch.ReflectionDispatch.dispatch(ReflectionDispatch.java:24)
	at org.gradle.internal.remote.internal.hub.MessageHubBackedObjectConnection$DispatchWrapper.dispatch(MessageHubBackedObjectConnection.java:182)
	at org.gradle.internal.remote.internal.hub.MessageHubBackedObjectConnection$DispatchWrapper.dispatch(MessageHubBackedObjectConnection.java:164)
	at org.gradle.internal.remote.internal.hub.MessageHub$Handler.run(MessageHub.java:412)
	at org.gradle.internal.concurrent.ExecutorPolicy$CatchAndRecordFailures.onExecute(ExecutorPolicy.java:64)
	at org.gradle.internal.concurrent.ManagedExecutorImpl$1.run(ManagedExecutorImpl.java:48)
	at java.base/java.util.concurrent.ThreadPoolExecutor.runWorker(ThreadPoolExecutor.java:1128)
	at java.base/java.util.concurrent.ThreadPoolExecutor$Worker.run(ThreadPoolExecutor.java:628)
	at org.gradle.internal.concurrent.ThreadFactoryImpl$ManagedThreadRunnable.run(ThreadFactoryImpl.java:56)
	at java.base/java.lang.Thread.run(Thread.java:834)
</failure>
  </testcase>
  <testcase name="Jump to start" classname="ca.mcgill.ecse223.quoridor.features.CucumberTestsRunner" time="0.829">
    <failure message="org.opentest4j.MultipleFailuresError: Multiple Failures (9 failures)&#13;&#10;&#9;io.cucumber.junit.UndefinedThrowable: The step &quot;The game is in replay mode&quot; is undefined&#13;&#10;&#9;io.cucumber.junit.UndefinedThrowable: The step &quot;The following moves have been played in game:&quot; is undefined&#13;&#10;&#9;io.cucumber.junit.UndefinedThrowable: The step &quot;The next move is 2.2&quot; is undefined&#13;&#10;&#9;io.cucumber.junit.UndefinedThrowable: The step &quot;Jump to start position is initiated&quot; is undefined&#13;&#10;&#9;io.cucumber.junit.UndefinedThrowable: The step &quot;The next move shall be 1.1&quot; is undefined&#13;&#10;&#9;io.cucumber.junit.UndefinedThrowable: The step &quot;White player's position shall be (9,5)&quot; is undefined&#13;&#10;&#9;io.cucumber.junit.UndefinedThrowable: The step &quot;Black player's position shall be (1,5)&quot; is undefined&#13;&#10;&#9;io.cucumber.junit.UndefinedThrowable: The step &quot;White has &lt;wwallno&gt; on stock&quot; is undefined&#13;&#10;&#9;io.cucumber.junit.UndefinedThrowable: The step &quot;Black has 10 on stock&quot; is undefined" type="org.opentest4j.MultipleFailuresError">org.opentest4j.MultipleFailuresError: Multiple Failures (9 failures)
	io.cucumber.junit.UndefinedThrowable: The step &quot;The game is in replay mode&quot; is undefined
	io.cucumber.junit.UndefinedThrowable: The step &quot;The following moves have been played in game:&quot; is undefined
	io.cucumber.junit.UndefinedThrowable: The step &quot;The next move is 2.2&quot; is undefined
	io.cucumber.junit.UndefinedThrowable: The step &quot;Jump to start position is initiated&quot; is undefined
	io.cucumber.junit.UndefinedThrowable: The step &quot;The next move shall be 1.1&quot; is undefined
	io.cucumber.junit.UndefinedThrowable: The step &quot;White player's position shall be (9,5)&quot; is undefined
	io.cucumber.junit.UndefinedThrowable: The step &quot;Black player's position shall be (1,5)&quot; is undefined
	io.cucumber.junit.UndefinedThrowable: The step &quot;White has &lt;wwallno&gt; on stock&quot; is undefined
	io.cucumber.junit.UndefinedThrowable: The step &quot;Black has 10 on stock&quot; is undefined
	at org.junit.vintage.engine.execution.TestRun.getStoredResultOrSuccessful(TestRun.java:179)
	at org.junit.vintage.engine.execution.RunListenerAdapter.fireExecutionFinished(RunListenerAdapter.java:211)
	at org.junit.vintage.engine.execution.RunListenerAdapter.testFinished(RunListenerAdapter.java:177)
	at org.junit.vintage.engine.execution.RunListenerAdapter.testFinished(RunListenerAdapter.java:76)
	at org.junit.runner.notification.SynchronizedRunListener.testFinished(SynchronizedRunListener.java:56)
	at org.junit.runner.notification.RunNotifier$7.notifyListener(RunNotifier.java:190)
	at org.junit.runner.notification.RunNotifier$SafeNotifier.run(RunNotifier.java:72)
	at org.junit.runner.notification.RunNotifier.fireTestFinished(RunNotifier.java:187)
	at io.cucumber.junit.JUnitReporter$EachTestNotifier.fireTestFinished(JUnitReporter.java:253)
	at io.cucumber.junit.JUnitReporter.handleTestCaseResult(JUnitReporter.java:178)
	at io.cucumber.junit.JUnitReporter$4.receive(JUnitReporter.java:66)
	at io.cucumber.junit.JUnitReporter$4.receive(JUnitReporter.java:62)
	at cucumber.runner.AbstractEventPublisher.send(AbstractEventPublisher.java:45)
	at cucumber.runner.AbstractEventBus.send(AbstractEventBus.java:9)
	at cucumber.runner.ThreadLocalRunnerSupplier$LocalEventBus.send(ThreadLocalRunnerSupplier.java:60)
	at cucumber.runner.TestCase.run(TestCase.java:55)
	at cucumber.runner.Runner.runPickle(Runner.java:50)
	at io.cucumber.junit.PickleRunners$NoStepDescriptions.run(PickleRunners.java:146)
	at io.cucumber.junit.FeatureRunner.runChild(FeatureRunner.java:68)
	at io.cucumber.junit.FeatureRunner.runChild(FeatureRunner.java:23)
	at org.junit.runners.ParentRunner$3.run(ParentRunner.java:290)
	at org.junit.runners.ParentRunner$1.schedule(ParentRunner.java:71)
	at org.junit.runners.ParentRunner.runChildren(ParentRunner.java:288)
	at org.junit.runners.ParentRunner.access$000(ParentRunner.java:58)
	at org.junit.runners.ParentRunner$2.evaluate(ParentRunner.java:268)
	at org.junit.runners.ParentRunner.run(ParentRunner.java:363)
	at io.cucumber.junit.Cucumber.runChild(Cucumber.java:144)
	at io.cucumber.junit.Cucumber.runChild(Cucumber.java:65)
	at org.junit.runners.ParentRunner$3.run(ParentRunner.java:290)
	at org.junit.runners.ParentRunner$1.schedule(ParentRunner.java:71)
	at org.junit.runners.ParentRunner.runChildren(ParentRunner.java:288)
	at org.junit.runners.ParentRunner.access$000(ParentRunner.java:58)
	at org.junit.runners.ParentRunner$2.evaluate(ParentRunner.java:268)
	at io.cucumber.junit.Cucumber$RunCucumber.evaluate(Cucumber.java:174)
	at org.junit.runners.ParentRunner.run(ParentRunner.java:363)
	at org.junit.runner.JUnitCore.run(JUnitCore.java:137)
	at org.junit.runner.JUnitCore.run(JUnitCore.java:115)
	at org.junit.vintage.engine.execution.RunnerExecutor.execute(RunnerExecutor.java:40)
	at java.base/java.util.stream.ForEachOps$ForEachOp$OfRef.accept(ForEachOps.java:183)
	at java.base/java.util.stream.ReferencePipeline$3$1.accept(ReferencePipeline.java:195)
	at java.base/java.util.Iterator.forEachRemaining(Iterator.java:133)
	at java.base/java.util.Spliterators$IteratorSpliterator.forEachRemaining(Spliterators.java:1801)
	at java.base/java.util.stream.AbstractPipeline.copyInto(AbstractPipeline.java:484)
	at java.base/java.util.stream.AbstractPipeline.wrapAndCopyInto(AbstractPipeline.java:474)
	at java.base/java.util.stream.ForEachOps$ForEachOp.evaluateSequential(ForEachOps.java:150)
	at java.base/java.util.stream.ForEachOps$ForEachOp$OfRef.evaluateSequential(ForEachOps.java:173)
	at java.base/java.util.stream.AbstractPipeline.evaluate(AbstractPipeline.java:234)
	at java.base/java.util.stream.ReferencePipeline.forEach(ReferencePipeline.java:497)
	at org.junit.vintage.engine.VintageTestEngine.executeAllChildren(VintageTestEngine.java:80)
	at org.junit.vintage.engine.VintageTestEngine.execute(VintageTestEngine.java:71)
	at org.junit.platform.launcher.core.DefaultLauncher.execute(DefaultLauncher.java:220)
	at org.junit.platform.launcher.core.DefaultLauncher.lambda$execute$6(DefaultLauncher.java:188)
	at org.junit.platform.launcher.core.DefaultLauncher.withInterceptedStreams(DefaultLauncher.java:202)
	at org.junit.platform.launcher.core.DefaultLauncher.execute(DefaultLauncher.java:181)
	at org.junit.platform.launcher.core.DefaultLauncher.execute(DefaultLauncher.java:128)
	at org.gradle.api.internal.tasks.testing.junitplatform.JUnitPlatformTestClassProcessor$CollectAllTestClassesExecutor.processAllTestClasses(JUnitPlatformTestClassProcessor.java:102)
	at org.gradle.api.internal.tasks.testing.junitplatform.JUnitPlatformTestClassProcessor$CollectAllTestClassesExecutor.access$000(JUnitPlatformTestClassProcessor.java:82)
	at org.gradle.api.internal.tasks.testing.junitplatform.JUnitPlatformTestClassProcessor.stop(JUnitPlatformTestClassProcessor.java:78)
	at org.gradle.api.internal.tasks.testing.SuiteTestClassProcessor.stop(SuiteTestClassProcessor.java:61)
	at java.base/jdk.internal.reflect.NativeMethodAccessorImpl.invoke0(Native Method)
	at java.base/jdk.internal.reflect.NativeMethodAccessorImpl.invoke(NativeMethodAccessorImpl.java:62)
	at java.base/jdk.internal.reflect.DelegatingMethodAccessorImpl.invoke(DelegatingMethodAccessorImpl.java:43)
	at java.base/java.lang.reflect.Method.invoke(Method.java:566)
	at org.gradle.internal.dispatch.ReflectionDispatch.dispatch(ReflectionDispatch.java:36)
	at org.gradle.internal.dispatch.ReflectionDispatch.dispatch(ReflectionDispatch.java:24)
	at org.gradle.internal.dispatch.ContextClassLoaderDispatch.dispatch(ContextClassLoaderDispatch.java:33)
	at org.gradle.internal.dispatch.ProxyDispatchAdapter$DispatchingInvocationHandler.invoke(ProxyDispatchAdapter.java:94)
	at com.sun.proxy.$Proxy2.stop(Unknown Source)
	at org.gradle.api.internal.tasks.testing.worker.TestWorker.stop(TestWorker.java:132)
	at java.base/jdk.internal.reflect.NativeMethodAccessorImpl.invoke0(Native Method)
	at java.base/jdk.internal.reflect.NativeMethodAccessorImpl.invoke(NativeMethodAccessorImpl.java:62)
	at java.base/jdk.internal.reflect.DelegatingMethodAccessorImpl.invoke(DelegatingMethodAccessorImpl.java:43)
	at java.base/java.lang.reflect.Method.invoke(Method.java:566)
	at org.gradle.internal.dispatch.ReflectionDispatch.dispatch(ReflectionDispatch.java:36)
	at org.gradle.internal.dispatch.ReflectionDispatch.dispatch(ReflectionDispatch.java:24)
	at org.gradle.internal.remote.internal.hub.MessageHubBackedObjectConnection$DispatchWrapper.dispatch(MessageHubBackedObjectConnection.java:182)
	at org.gradle.internal.remote.internal.hub.MessageHubBackedObjectConnection$DispatchWrapper.dispatch(MessageHubBackedObjectConnection.java:164)
	at org.gradle.internal.remote.internal.hub.MessageHub$Handler.run(MessageHub.java:412)
	at org.gradle.internal.concurrent.ExecutorPolicy$CatchAndRecordFailures.onExecute(ExecutorPolicy.java:64)
	at org.gradle.internal.concurrent.ManagedExecutorImpl$1.run(ManagedExecutorImpl.java:48)
	at java.base/java.util.concurrent.ThreadPoolExecutor.runWorker(ThreadPoolExecutor.java:1128)
	at java.base/java.util.concurrent.ThreadPoolExecutor$Worker.run(ThreadPoolExecutor.java:628)
	at org.gradle.internal.concurrent.ThreadFactoryImpl$ManagedThreadRunnable.run(ThreadFactoryImpl.java:56)
	at java.base/java.lang.Thread.run(Thread.java:834)
</failure>
  </testcase>
  <testcase name="Jump to start" classname="ca.mcgill.ecse223.quoridor.features.CucumberTestsRunner" time="0.018">
    <failure message="org.opentest4j.MultipleFailuresError: Multiple Failures (9 failures)&#13;&#10;&#9;io.cucumber.junit.UndefinedThrowable: The step &quot;The game is in replay mode&quot; is undefined&#13;&#10;&#9;io.cucumber.junit.UndefinedThrowable: The step &quot;The following moves have been played in game:&quot; is undefined&#13;&#10;&#9;io.cucumber.junit.UndefinedThrowable: The step &quot;The next move is 3.1&quot; is undefined&#13;&#10;&#9;io.cucumber.junit.UndefinedThrowable: The step &quot;Jump to start position is initiated&quot; is undefined&#13;&#10;&#9;io.cucumber.junit.UndefinedThrowable: The step &quot;The next move shall be 1.1&quot; is undefined&#13;&#10;&#9;io.cucumber.junit.UndefinedThrowable: The step &quot;White player's position shall be (9,5)&quot; is undefined&#13;&#10;&#9;io.cucumber.junit.UndefinedThrowable: The step &quot;Black player's position shall be (1,5)&quot; is undefined&#13;&#10;&#9;io.cucumber.junit.UndefinedThrowable: The step &quot;White has &lt;wwallno&gt; on stock&quot; is undefined&#13;&#10;&#9;io.cucumber.junit.UndefinedThrowable: The step &quot;Black has 10 on stock&quot; is undefined" type="org.opentest4j.MultipleFailuresError">org.opentest4j.MultipleFailuresError: Multiple Failures (9 failures)
	io.cucumber.junit.UndefinedThrowable: The step &quot;The game is in replay mode&quot; is undefined
	io.cucumber.junit.UndefinedThrowable: The step &quot;The following moves have been played in game:&quot; is undefined
	io.cucumber.junit.UndefinedThrowable: The step &quot;The next move is 3.1&quot; is undefined
	io.cucumber.junit.UndefinedThrowable: The step &quot;Jump to start position is initiated&quot; is undefined
	io.cucumber.junit.UndefinedThrowable: The step &quot;The next move shall be 1.1&quot; is undefined
	io.cucumber.junit.UndefinedThrowable: The step &quot;White player's position shall be (9,5)&quot; is undefined
	io.cucumber.junit.UndefinedThrowable: The step &quot;Black player's position shall be (1,5)&quot; is undefined
	io.cucumber.junit.UndefinedThrowable: The step &quot;White has &lt;wwallno&gt; on stock&quot; is undefined
	io.cucumber.junit.UndefinedThrowable: The step &quot;Black has 10 on stock&quot; is undefined
	at org.junit.vintage.engine.execution.TestRun.getStoredResultOrSuccessful(TestRun.java:179)
	at org.junit.vintage.engine.execution.RunListenerAdapter.fireExecutionFinished(RunListenerAdapter.java:211)
	at org.junit.vintage.engine.execution.RunListenerAdapter.testFinished(RunListenerAdapter.java:177)
	at org.junit.vintage.engine.execution.RunListenerAdapter.testFinished(RunListenerAdapter.java:76)
	at org.junit.runner.notification.SynchronizedRunListener.testFinished(SynchronizedRunListener.java:56)
	at org.junit.runner.notification.RunNotifier$7.notifyListener(RunNotifier.java:190)
	at org.junit.runner.notification.RunNotifier$SafeNotifier.run(RunNotifier.java:72)
	at org.junit.runner.notification.RunNotifier.fireTestFinished(RunNotifier.java:187)
	at io.cucumber.junit.JUnitReporter$EachTestNotifier.fireTestFinished(JUnitReporter.java:253)
	at io.cucumber.junit.JUnitReporter.handleTestCaseResult(JUnitReporter.java:178)
	at io.cucumber.junit.JUnitReporter$4.receive(JUnitReporter.java:66)
	at io.cucumber.junit.JUnitReporter$4.receive(JUnitReporter.java:62)
	at cucumber.runner.AbstractEventPublisher.send(AbstractEventPublisher.java:45)
	at cucumber.runner.AbstractEventBus.send(AbstractEventBus.java:9)
	at cucumber.runner.ThreadLocalRunnerSupplier$LocalEventBus.send(ThreadLocalRunnerSupplier.java:60)
	at cucumber.runner.TestCase.run(TestCase.java:55)
	at cucumber.runner.Runner.runPickle(Runner.java:50)
	at io.cucumber.junit.PickleRunners$NoStepDescriptions.run(PickleRunners.java:146)
	at io.cucumber.junit.FeatureRunner.runChild(FeatureRunner.java:68)
	at io.cucumber.junit.FeatureRunner.runChild(FeatureRunner.java:23)
	at org.junit.runners.ParentRunner$3.run(ParentRunner.java:290)
	at org.junit.runners.ParentRunner$1.schedule(ParentRunner.java:71)
	at org.junit.runners.ParentRunner.runChildren(ParentRunner.java:288)
	at org.junit.runners.ParentRunner.access$000(ParentRunner.java:58)
	at org.junit.runners.ParentRunner$2.evaluate(ParentRunner.java:268)
	at org.junit.runners.ParentRunner.run(ParentRunner.java:363)
	at io.cucumber.junit.Cucumber.runChild(Cucumber.java:144)
	at io.cucumber.junit.Cucumber.runChild(Cucumber.java:65)
	at org.junit.runners.ParentRunner$3.run(ParentRunner.java:290)
	at org.junit.runners.ParentRunner$1.schedule(ParentRunner.java:71)
	at org.junit.runners.ParentRunner.runChildren(ParentRunner.java:288)
	at org.junit.runners.ParentRunner.access$000(ParentRunner.java:58)
	at org.junit.runners.ParentRunner$2.evaluate(ParentRunner.java:268)
	at io.cucumber.junit.Cucumber$RunCucumber.evaluate(Cucumber.java:174)
	at org.junit.runners.ParentRunner.run(ParentRunner.java:363)
	at org.junit.runner.JUnitCore.run(JUnitCore.java:137)
	at org.junit.runner.JUnitCore.run(JUnitCore.java:115)
	at org.junit.vintage.engine.execution.RunnerExecutor.execute(RunnerExecutor.java:40)
	at java.base/java.util.stream.ForEachOps$ForEachOp$OfRef.accept(ForEachOps.java:183)
	at java.base/java.util.stream.ReferencePipeline$3$1.accept(ReferencePipeline.java:195)
	at java.base/java.util.Iterator.forEachRemaining(Iterator.java:133)
	at java.base/java.util.Spliterators$IteratorSpliterator.forEachRemaining(Spliterators.java:1801)
	at java.base/java.util.stream.AbstractPipeline.copyInto(AbstractPipeline.java:484)
	at java.base/java.util.stream.AbstractPipeline.wrapAndCopyInto(AbstractPipeline.java:474)
	at java.base/java.util.stream.ForEachOps$ForEachOp.evaluateSequential(ForEachOps.java:150)
	at java.base/java.util.stream.ForEachOps$ForEachOp$OfRef.evaluateSequential(ForEachOps.java:173)
	at java.base/java.util.stream.AbstractPipeline.evaluate(AbstractPipeline.java:234)
	at java.base/java.util.stream.ReferencePipeline.forEach(ReferencePipeline.java:497)
	at org.junit.vintage.engine.VintageTestEngine.executeAllChildren(VintageTestEngine.java:80)
	at org.junit.vintage.engine.VintageTestEngine.execute(VintageTestEngine.java:71)
	at org.junit.platform.launcher.core.DefaultLauncher.execute(DefaultLauncher.java:220)
	at org.junit.platform.launcher.core.DefaultLauncher.lambda$execute$6(DefaultLauncher.java:188)
	at org.junit.platform.launcher.core.DefaultLauncher.withInterceptedStreams(DefaultLauncher.java:202)
	at org.junit.platform.launcher.core.DefaultLauncher.execute(DefaultLauncher.java:181)
	at org.junit.platform.launcher.core.DefaultLauncher.execute(DefaultLauncher.java:128)
	at org.gradle.api.internal.tasks.testing.junitplatform.JUnitPlatformTestClassProcessor$CollectAllTestClassesExecutor.processAllTestClasses(JUnitPlatformTestClassProcessor.java:102)
	at org.gradle.api.internal.tasks.testing.junitplatform.JUnitPlatformTestClassProcessor$CollectAllTestClassesExecutor.access$000(JUnitPlatformTestClassProcessor.java:82)
	at org.gradle.api.internal.tasks.testing.junitplatform.JUnitPlatformTestClassProcessor.stop(JUnitPlatformTestClassProcessor.java:78)
	at org.gradle.api.internal.tasks.testing.SuiteTestClassProcessor.stop(SuiteTestClassProcessor.java:61)
	at java.base/jdk.internal.reflect.NativeMethodAccessorImpl.invoke0(Native Method)
	at java.base/jdk.internal.reflect.NativeMethodAccessorImpl.invoke(NativeMethodAccessorImpl.java:62)
	at java.base/jdk.internal.reflect.DelegatingMethodAccessorImpl.invoke(DelegatingMethodAccessorImpl.java:43)
	at java.base/java.lang.reflect.Method.invoke(Method.java:566)
	at org.gradle.internal.dispatch.ReflectionDispatch.dispatch(ReflectionDispatch.java:36)
	at org.gradle.internal.dispatch.ReflectionDispatch.dispatch(ReflectionDispatch.java:24)
	at org.gradle.internal.dispatch.ContextClassLoaderDispatch.dispatch(ContextClassLoaderDispatch.java:33)
	at org.gradle.internal.dispatch.ProxyDispatchAdapter$DispatchingInvocationHandler.invoke(ProxyDispatchAdapter.java:94)
	at com.sun.proxy.$Proxy2.stop(Unknown Source)
	at org.gradle.api.internal.tasks.testing.worker.TestWorker.stop(TestWorker.java:132)
	at java.base/jdk.internal.reflect.NativeMethodAccessorImpl.invoke0(Native Method)
	at java.base/jdk.internal.reflect.NativeMethodAccessorImpl.invoke(NativeMethodAccessorImpl.java:62)
	at java.base/jdk.internal.reflect.DelegatingMethodAccessorImpl.invoke(DelegatingMethodAccessorImpl.java:43)
	at java.base/java.lang.reflect.Method.invoke(Method.java:566)
	at org.gradle.internal.dispatch.ReflectionDispatch.dispatch(ReflectionDispatch.java:36)
	at org.gradle.internal.dispatch.ReflectionDispatch.dispatch(ReflectionDispatch.java:24)
	at org.gradle.internal.remote.internal.hub.MessageHubBackedObjectConnection$DispatchWrapper.dispatch(MessageHubBackedObjectConnection.java:182)
	at org.gradle.internal.remote.internal.hub.MessageHubBackedObjectConnection$DispatchWrapper.dispatch(MessageHubBackedObjectConnection.java:164)
	at org.gradle.internal.remote.internal.hub.MessageHub$Handler.run(MessageHub.java:412)
	at org.gradle.internal.concurrent.ExecutorPolicy$CatchAndRecordFailures.onExecute(ExecutorPolicy.java:64)
	at org.gradle.internal.concurrent.ManagedExecutorImpl$1.run(ManagedExecutorImpl.java:48)
	at java.base/java.util.concurrent.ThreadPoolExecutor.runWorker(ThreadPoolExecutor.java:1128)
	at java.base/java.util.concurrent.ThreadPoolExecutor$Worker.run(ThreadPoolExecutor.java:628)
	at org.gradle.internal.concurrent.ThreadFactoryImpl$ManagedThreadRunnable.run(ThreadFactoryImpl.java:56)
	at java.base/java.lang.Thread.run(Thread.java:834)
</failure>
  </testcase>
  <testcase name="Load valid incomplete game" classname="ca.mcgill.ecse223.quoridor.features.CucumberTestsRunner" time="0.021">
    <failure message="org.opentest4j.MultipleFailuresError: Multiple Failures (3 failures)&#13;&#10;&#9;io.cucumber.junit.UndefinedThrowable: The step &quot;I initiate to load a game in &quot;quoridor_test_game_1.mov&quot;&quot; is undefined&#13;&#10;&#9;io.cucumber.junit.UndefinedThrowable: The step &quot;Each game move is valid&quot; is undefined&#13;&#10;&#9;io.cucumber.junit.UndefinedThrowable: The step &quot;The game has no final results&quot; is undefined" type="org.opentest4j.MultipleFailuresError">org.opentest4j.MultipleFailuresError: Multiple Failures (3 failures)
	io.cucumber.junit.UndefinedThrowable: The step &quot;I initiate to load a game in &quot;quoridor_test_game_1.mov&quot;&quot; is undefined
	io.cucumber.junit.UndefinedThrowable: The step &quot;Each game move is valid&quot; is undefined
	io.cucumber.junit.UndefinedThrowable: The step &quot;The game has no final results&quot; is undefined
	at org.junit.vintage.engine.execution.TestRun.getStoredResultOrSuccessful(TestRun.java:179)
	at org.junit.vintage.engine.execution.RunListenerAdapter.fireExecutionFinished(RunListenerAdapter.java:211)
	at org.junit.vintage.engine.execution.RunListenerAdapter.testFinished(RunListenerAdapter.java:177)
	at org.junit.vintage.engine.execution.RunListenerAdapter.testFinished(RunListenerAdapter.java:76)
	at org.junit.runner.notification.SynchronizedRunListener.testFinished(SynchronizedRunListener.java:56)
	at org.junit.runner.notification.RunNotifier$7.notifyListener(RunNotifier.java:190)
	at org.junit.runner.notification.RunNotifier$SafeNotifier.run(RunNotifier.java:72)
	at org.junit.runner.notification.RunNotifier.fireTestFinished(RunNotifier.java:187)
	at io.cucumber.junit.JUnitReporter$EachTestNotifier.fireTestFinished(JUnitReporter.java:253)
	at io.cucumber.junit.JUnitReporter.handleTestCaseResult(JUnitReporter.java:178)
	at io.cucumber.junit.JUnitReporter$4.receive(JUnitReporter.java:66)
	at io.cucumber.junit.JUnitReporter$4.receive(JUnitReporter.java:62)
	at cucumber.runner.AbstractEventPublisher.send(AbstractEventPublisher.java:45)
	at cucumber.runner.AbstractEventBus.send(AbstractEventBus.java:9)
	at cucumber.runner.ThreadLocalRunnerSupplier$LocalEventBus.send(ThreadLocalRunnerSupplier.java:60)
	at cucumber.runner.TestCase.run(TestCase.java:55)
	at cucumber.runner.Runner.runPickle(Runner.java:50)
	at io.cucumber.junit.PickleRunners$NoStepDescriptions.run(PickleRunners.java:146)
	at io.cucumber.junit.FeatureRunner.runChild(FeatureRunner.java:68)
	at io.cucumber.junit.FeatureRunner.runChild(FeatureRunner.java:23)
	at org.junit.runners.ParentRunner$3.run(ParentRunner.java:290)
	at org.junit.runners.ParentRunner$1.schedule(ParentRunner.java:71)
	at org.junit.runners.ParentRunner.runChildren(ParentRunner.java:288)
	at org.junit.runners.ParentRunner.access$000(ParentRunner.java:58)
	at org.junit.runners.ParentRunner$2.evaluate(ParentRunner.java:268)
	at org.junit.runners.ParentRunner.run(ParentRunner.java:363)
	at io.cucumber.junit.Cucumber.runChild(Cucumber.java:144)
	at io.cucumber.junit.Cucumber.runChild(Cucumber.java:65)
	at org.junit.runners.ParentRunner$3.run(ParentRunner.java:290)
	at org.junit.runners.ParentRunner$1.schedule(ParentRunner.java:71)
	at org.junit.runners.ParentRunner.runChildren(ParentRunner.java:288)
	at org.junit.runners.ParentRunner.access$000(ParentRunner.java:58)
	at org.junit.runners.ParentRunner$2.evaluate(ParentRunner.java:268)
	at io.cucumber.junit.Cucumber$RunCucumber.evaluate(Cucumber.java:174)
	at org.junit.runners.ParentRunner.run(ParentRunner.java:363)
	at org.junit.runner.JUnitCore.run(JUnitCore.java:137)
	at org.junit.runner.JUnitCore.run(JUnitCore.java:115)
	at org.junit.vintage.engine.execution.RunnerExecutor.execute(RunnerExecutor.java:40)
	at java.base/java.util.stream.ForEachOps$ForEachOp$OfRef.accept(ForEachOps.java:183)
	at java.base/java.util.stream.ReferencePipeline$3$1.accept(ReferencePipeline.java:195)
	at java.base/java.util.Iterator.forEachRemaining(Iterator.java:133)
	at java.base/java.util.Spliterators$IteratorSpliterator.forEachRemaining(Spliterators.java:1801)
	at java.base/java.util.stream.AbstractPipeline.copyInto(AbstractPipeline.java:484)
	at java.base/java.util.stream.AbstractPipeline.wrapAndCopyInto(AbstractPipeline.java:474)
	at java.base/java.util.stream.ForEachOps$ForEachOp.evaluateSequential(ForEachOps.java:150)
	at java.base/java.util.stream.ForEachOps$ForEachOp$OfRef.evaluateSequential(ForEachOps.java:173)
	at java.base/java.util.stream.AbstractPipeline.evaluate(AbstractPipeline.java:234)
	at java.base/java.util.stream.ReferencePipeline.forEach(ReferencePipeline.java:497)
	at org.junit.vintage.engine.VintageTestEngine.executeAllChildren(VintageTestEngine.java:80)
	at org.junit.vintage.engine.VintageTestEngine.execute(VintageTestEngine.java:71)
	at org.junit.platform.launcher.core.DefaultLauncher.execute(DefaultLauncher.java:220)
	at org.junit.platform.launcher.core.DefaultLauncher.lambda$execute$6(DefaultLauncher.java:188)
	at org.junit.platform.launcher.core.DefaultLauncher.withInterceptedStreams(DefaultLauncher.java:202)
	at org.junit.platform.launcher.core.DefaultLauncher.execute(DefaultLauncher.java:181)
	at org.junit.platform.launcher.core.DefaultLauncher.execute(DefaultLauncher.java:128)
	at org.gradle.api.internal.tasks.testing.junitplatform.JUnitPlatformTestClassProcessor$CollectAllTestClassesExecutor.processAllTestClasses(JUnitPlatformTestClassProcessor.java:102)
	at org.gradle.api.internal.tasks.testing.junitplatform.JUnitPlatformTestClassProcessor$CollectAllTestClassesExecutor.access$000(JUnitPlatformTestClassProcessor.java:82)
	at org.gradle.api.internal.tasks.testing.junitplatform.JUnitPlatformTestClassProcessor.stop(JUnitPlatformTestClassProcessor.java:78)
	at org.gradle.api.internal.tasks.testing.SuiteTestClassProcessor.stop(SuiteTestClassProcessor.java:61)
	at java.base/jdk.internal.reflect.NativeMethodAccessorImpl.invoke0(Native Method)
	at java.base/jdk.internal.reflect.NativeMethodAccessorImpl.invoke(NativeMethodAccessorImpl.java:62)
	at java.base/jdk.internal.reflect.DelegatingMethodAccessorImpl.invoke(DelegatingMethodAccessorImpl.java:43)
	at java.base/java.lang.reflect.Method.invoke(Method.java:566)
	at org.gradle.internal.dispatch.ReflectionDispatch.dispatch(ReflectionDispatch.java:36)
	at org.gradle.internal.dispatch.ReflectionDispatch.dispatch(ReflectionDispatch.java:24)
	at org.gradle.internal.dispatch.ContextClassLoaderDispatch.dispatch(ContextClassLoaderDispatch.java:33)
	at org.gradle.internal.dispatch.ProxyDispatchAdapter$DispatchingInvocationHandler.invoke(ProxyDispatchAdapter.java:94)
	at com.sun.proxy.$Proxy2.stop(Unknown Source)
	at org.gradle.api.internal.tasks.testing.worker.TestWorker.stop(TestWorker.java:132)
	at java.base/jdk.internal.reflect.NativeMethodAccessorImpl.invoke0(Native Method)
	at java.base/jdk.internal.reflect.NativeMethodAccessorImpl.invoke(NativeMethodAccessorImpl.java:62)
	at java.base/jdk.internal.reflect.DelegatingMethodAccessorImpl.invoke(DelegatingMethodAccessorImpl.java:43)
	at java.base/java.lang.reflect.Method.invoke(Method.java:566)
	at org.gradle.internal.dispatch.ReflectionDispatch.dispatch(ReflectionDispatch.java:36)
	at org.gradle.internal.dispatch.ReflectionDispatch.dispatch(ReflectionDispatch.java:24)
	at org.gradle.internal.remote.internal.hub.MessageHubBackedObjectConnection$DispatchWrapper.dispatch(MessageHubBackedObjectConnection.java:182)
	at org.gradle.internal.remote.internal.hub.MessageHubBackedObjectConnection$DispatchWrapper.dispatch(MessageHubBackedObjectConnection.java:164)
	at org.gradle.internal.remote.internal.hub.MessageHub$Handler.run(MessageHub.java:412)
	at org.gradle.internal.concurrent.ExecutorPolicy$CatchAndRecordFailures.onExecute(ExecutorPolicy.java:64)
	at org.gradle.internal.concurrent.ManagedExecutorImpl$1.run(ManagedExecutorImpl.java:48)
	at java.base/java.util.concurrent.ThreadPoolExecutor.runWorker(ThreadPoolExecutor.java:1128)
	at java.base/java.util.concurrent.ThreadPoolExecutor$Worker.run(ThreadPoolExecutor.java:628)
	at org.gradle.internal.concurrent.ThreadFactoryImpl$ManagedThreadRunnable.run(ThreadFactoryImpl.java:56)
	at java.base/java.lang.Thread.run(Thread.java:834)
</failure>
  </testcase>
  <testcase name="Load valid incomplete game" classname="ca.mcgill.ecse223.quoridor.features.CucumberTestsRunner" time="0.038">
    <failure message="org.opentest4j.MultipleFailuresError: Multiple Failures (3 failures)&#13;&#10;&#9;io.cucumber.junit.UndefinedThrowable: The step &quot;I initiate to load a game in &quot;quoridor_test_game_2.mov&quot;&quot; is undefined&#13;&#10;&#9;io.cucumber.junit.UndefinedThrowable: The step &quot;Each game move is valid&quot; is undefined&#13;&#10;&#9;io.cucumber.junit.UndefinedThrowable: The step &quot;The game has no final results&quot; is undefined" type="org.opentest4j.MultipleFailuresError">org.opentest4j.MultipleFailuresError: Multiple Failures (3 failures)
	io.cucumber.junit.UndefinedThrowable: The step &quot;I initiate to load a game in &quot;quoridor_test_game_2.mov&quot;&quot; is undefined
	io.cucumber.junit.UndefinedThrowable: The step &quot;Each game move is valid&quot; is undefined
	io.cucumber.junit.UndefinedThrowable: The step &quot;The game has no final results&quot; is undefined
	at org.junit.vintage.engine.execution.TestRun.getStoredResultOrSuccessful(TestRun.java:179)
	at org.junit.vintage.engine.execution.RunListenerAdapter.fireExecutionFinished(RunListenerAdapter.java:211)
	at org.junit.vintage.engine.execution.RunListenerAdapter.testFinished(RunListenerAdapter.java:177)
	at org.junit.vintage.engine.execution.RunListenerAdapter.testFinished(RunListenerAdapter.java:76)
	at org.junit.runner.notification.SynchronizedRunListener.testFinished(SynchronizedRunListener.java:56)
	at org.junit.runner.notification.RunNotifier$7.notifyListener(RunNotifier.java:190)
	at org.junit.runner.notification.RunNotifier$SafeNotifier.run(RunNotifier.java:72)
	at org.junit.runner.notification.RunNotifier.fireTestFinished(RunNotifier.java:187)
	at io.cucumber.junit.JUnitReporter$EachTestNotifier.fireTestFinished(JUnitReporter.java:253)
	at io.cucumber.junit.JUnitReporter.handleTestCaseResult(JUnitReporter.java:178)
	at io.cucumber.junit.JUnitReporter$4.receive(JUnitReporter.java:66)
	at io.cucumber.junit.JUnitReporter$4.receive(JUnitReporter.java:62)
	at cucumber.runner.AbstractEventPublisher.send(AbstractEventPublisher.java:45)
	at cucumber.runner.AbstractEventBus.send(AbstractEventBus.java:9)
	at cucumber.runner.ThreadLocalRunnerSupplier$LocalEventBus.send(ThreadLocalRunnerSupplier.java:60)
	at cucumber.runner.TestCase.run(TestCase.java:55)
	at cucumber.runner.Runner.runPickle(Runner.java:50)
	at io.cucumber.junit.PickleRunners$NoStepDescriptions.run(PickleRunners.java:146)
	at io.cucumber.junit.FeatureRunner.runChild(FeatureRunner.java:68)
	at io.cucumber.junit.FeatureRunner.runChild(FeatureRunner.java:23)
	at org.junit.runners.ParentRunner$3.run(ParentRunner.java:290)
	at org.junit.runners.ParentRunner$1.schedule(ParentRunner.java:71)
	at org.junit.runners.ParentRunner.runChildren(ParentRunner.java:288)
	at org.junit.runners.ParentRunner.access$000(ParentRunner.java:58)
	at org.junit.runners.ParentRunner$2.evaluate(ParentRunner.java:268)
	at org.junit.runners.ParentRunner.run(ParentRunner.java:363)
	at io.cucumber.junit.Cucumber.runChild(Cucumber.java:144)
	at io.cucumber.junit.Cucumber.runChild(Cucumber.java:65)
	at org.junit.runners.ParentRunner$3.run(ParentRunner.java:290)
	at org.junit.runners.ParentRunner$1.schedule(ParentRunner.java:71)
	at org.junit.runners.ParentRunner.runChildren(ParentRunner.java:288)
	at org.junit.runners.ParentRunner.access$000(ParentRunner.java:58)
	at org.junit.runners.ParentRunner$2.evaluate(ParentRunner.java:268)
	at io.cucumber.junit.Cucumber$RunCucumber.evaluate(Cucumber.java:174)
	at org.junit.runners.ParentRunner.run(ParentRunner.java:363)
	at org.junit.runner.JUnitCore.run(JUnitCore.java:137)
	at org.junit.runner.JUnitCore.run(JUnitCore.java:115)
	at org.junit.vintage.engine.execution.RunnerExecutor.execute(RunnerExecutor.java:40)
	at java.base/java.util.stream.ForEachOps$ForEachOp$OfRef.accept(ForEachOps.java:183)
	at java.base/java.util.stream.ReferencePipeline$3$1.accept(ReferencePipeline.java:195)
	at java.base/java.util.Iterator.forEachRemaining(Iterator.java:133)
	at java.base/java.util.Spliterators$IteratorSpliterator.forEachRemaining(Spliterators.java:1801)
	at java.base/java.util.stream.AbstractPipeline.copyInto(AbstractPipeline.java:484)
	at java.base/java.util.stream.AbstractPipeline.wrapAndCopyInto(AbstractPipeline.java:474)
	at java.base/java.util.stream.ForEachOps$ForEachOp.evaluateSequential(ForEachOps.java:150)
	at java.base/java.util.stream.ForEachOps$ForEachOp$OfRef.evaluateSequential(ForEachOps.java:173)
	at java.base/java.util.stream.AbstractPipeline.evaluate(AbstractPipeline.java:234)
	at java.base/java.util.stream.ReferencePipeline.forEach(ReferencePipeline.java:497)
	at org.junit.vintage.engine.VintageTestEngine.executeAllChildren(VintageTestEngine.java:80)
	at org.junit.vintage.engine.VintageTestEngine.execute(VintageTestEngine.java:71)
	at org.junit.platform.launcher.core.DefaultLauncher.execute(DefaultLauncher.java:220)
	at org.junit.platform.launcher.core.DefaultLauncher.lambda$execute$6(DefaultLauncher.java:188)
	at org.junit.platform.launcher.core.DefaultLauncher.withInterceptedStreams(DefaultLauncher.java:202)
	at org.junit.platform.launcher.core.DefaultLauncher.execute(DefaultLauncher.java:181)
	at org.junit.platform.launcher.core.DefaultLauncher.execute(DefaultLauncher.java:128)
	at org.gradle.api.internal.tasks.testing.junitplatform.JUnitPlatformTestClassProcessor$CollectAllTestClassesExecutor.processAllTestClasses(JUnitPlatformTestClassProcessor.java:102)
	at org.gradle.api.internal.tasks.testing.junitplatform.JUnitPlatformTestClassProcessor$CollectAllTestClassesExecutor.access$000(JUnitPlatformTestClassProcessor.java:82)
	at org.gradle.api.internal.tasks.testing.junitplatform.JUnitPlatformTestClassProcessor.stop(JUnitPlatformTestClassProcessor.java:78)
	at org.gradle.api.internal.tasks.testing.SuiteTestClassProcessor.stop(SuiteTestClassProcessor.java:61)
	at java.base/jdk.internal.reflect.NativeMethodAccessorImpl.invoke0(Native Method)
	at java.base/jdk.internal.reflect.NativeMethodAccessorImpl.invoke(NativeMethodAccessorImpl.java:62)
	at java.base/jdk.internal.reflect.DelegatingMethodAccessorImpl.invoke(DelegatingMethodAccessorImpl.java:43)
	at java.base/java.lang.reflect.Method.invoke(Method.java:566)
	at org.gradle.internal.dispatch.ReflectionDispatch.dispatch(ReflectionDispatch.java:36)
	at org.gradle.internal.dispatch.ReflectionDispatch.dispatch(ReflectionDispatch.java:24)
	at org.gradle.internal.dispatch.ContextClassLoaderDispatch.dispatch(ContextClassLoaderDispatch.java:33)
	at org.gradle.internal.dispatch.ProxyDispatchAdapter$DispatchingInvocationHandler.invoke(ProxyDispatchAdapter.java:94)
	at com.sun.proxy.$Proxy2.stop(Unknown Source)
	at org.gradle.api.internal.tasks.testing.worker.TestWorker.stop(TestWorker.java:132)
	at java.base/jdk.internal.reflect.NativeMethodAccessorImpl.invoke0(Native Method)
	at java.base/jdk.internal.reflect.NativeMethodAccessorImpl.invoke(NativeMethodAccessorImpl.java:62)
	at java.base/jdk.internal.reflect.DelegatingMethodAccessorImpl.invoke(DelegatingMethodAccessorImpl.java:43)
	at java.base/java.lang.reflect.Method.invoke(Method.java:566)
	at org.gradle.internal.dispatch.ReflectionDispatch.dispatch(ReflectionDispatch.java:36)
	at org.gradle.internal.dispatch.ReflectionDispatch.dispatch(ReflectionDispatch.java:24)
	at org.gradle.internal.remote.internal.hub.MessageHubBackedObjectConnection$DispatchWrapper.dispatch(MessageHubBackedObjectConnection.java:182)
	at org.gradle.internal.remote.internal.hub.MessageHubBackedObjectConnection$DispatchWrapper.dispatch(MessageHubBackedObjectConnection.java:164)
	at org.gradle.internal.remote.internal.hub.MessageHub$Handler.run(MessageHub.java:412)
	at org.gradle.internal.concurrent.ExecutorPolicy$CatchAndRecordFailures.onExecute(ExecutorPolicy.java:64)
	at org.gradle.internal.concurrent.ManagedExecutorImpl$1.run(ManagedExecutorImpl.java:48)
	at java.base/java.util.concurrent.ThreadPoolExecutor.runWorker(ThreadPoolExecutor.java:1128)
	at java.base/java.util.concurrent.ThreadPoolExecutor$Worker.run(ThreadPoolExecutor.java:628)
	at org.gradle.internal.concurrent.ThreadFactoryImpl$ManagedThreadRunnable.run(ThreadFactoryImpl.java:56)
	at java.base/java.lang.Thread.run(Thread.java:834)
</failure>
  </testcase>
  <testcase name="Load valid incomplete game" classname="ca.mcgill.ecse223.quoridor.features.CucumberTestsRunner" time="0.067">
    <failure message="org.opentest4j.MultipleFailuresError: Multiple Failures (4 failures)&#13;&#10;&#9;io.cucumber.junit.UndefinedThrowable: The step &quot;I initiate to load a game in &quot;quoridor_test_game_3.mov&quot;&quot; is undefined&#13;&#10;&#9;io.cucumber.junit.UndefinedThrowable: The step &quot;Each game move is valid&quot; is undefined&#13;&#10;&#9;io.cucumber.junit.UndefinedThrowable: The step &quot;The game has a final result&quot; is undefined&#13;&#10;&#9;io.cucumber.junit.UndefinedThrowable: The step &quot;The game shall be in replay mode&quot; is undefined" type="org.opentest4j.MultipleFailuresError">org.opentest4j.MultipleFailuresError: Multiple Failures (4 failures)
	io.cucumber.junit.UndefinedThrowable: The step &quot;I initiate to load a game in &quot;quoridor_test_game_3.mov&quot;&quot; is undefined
	io.cucumber.junit.UndefinedThrowable: The step &quot;Each game move is valid&quot; is undefined
	io.cucumber.junit.UndefinedThrowable: The step &quot;The game has a final result&quot; is undefined
	io.cucumber.junit.UndefinedThrowable: The step &quot;The game shall be in replay mode&quot; is undefined
	at org.junit.vintage.engine.execution.TestRun.getStoredResultOrSuccessful(TestRun.java:179)
	at org.junit.vintage.engine.execution.RunListenerAdapter.fireExecutionFinished(RunListenerAdapter.java:211)
	at org.junit.vintage.engine.execution.RunListenerAdapter.testFinished(RunListenerAdapter.java:177)
	at org.junit.vintage.engine.execution.RunListenerAdapter.testFinished(RunListenerAdapter.java:76)
	at org.junit.runner.notification.SynchronizedRunListener.testFinished(SynchronizedRunListener.java:56)
	at org.junit.runner.notification.RunNotifier$7.notifyListener(RunNotifier.java:190)
	at org.junit.runner.notification.RunNotifier$SafeNotifier.run(RunNotifier.java:72)
	at org.junit.runner.notification.RunNotifier.fireTestFinished(RunNotifier.java:187)
	at io.cucumber.junit.JUnitReporter$EachTestNotifier.fireTestFinished(JUnitReporter.java:253)
	at io.cucumber.junit.JUnitReporter.handleTestCaseResult(JUnitReporter.java:178)
	at io.cucumber.junit.JUnitReporter$4.receive(JUnitReporter.java:66)
	at io.cucumber.junit.JUnitReporter$4.receive(JUnitReporter.java:62)
	at cucumber.runner.AbstractEventPublisher.send(AbstractEventPublisher.java:45)
	at cucumber.runner.AbstractEventBus.send(AbstractEventBus.java:9)
	at cucumber.runner.ThreadLocalRunnerSupplier$LocalEventBus.send(ThreadLocalRunnerSupplier.java:60)
	at cucumber.runner.TestCase.run(TestCase.java:55)
	at cucumber.runner.Runner.runPickle(Runner.java:50)
	at io.cucumber.junit.PickleRunners$NoStepDescriptions.run(PickleRunners.java:146)
	at io.cucumber.junit.FeatureRunner.runChild(FeatureRunner.java:68)
	at io.cucumber.junit.FeatureRunner.runChild(FeatureRunner.java:23)
	at org.junit.runners.ParentRunner$3.run(ParentRunner.java:290)
	at org.junit.runners.ParentRunner$1.schedule(ParentRunner.java:71)
	at org.junit.runners.ParentRunner.runChildren(ParentRunner.java:288)
	at org.junit.runners.ParentRunner.access$000(ParentRunner.java:58)
	at org.junit.runners.ParentRunner$2.evaluate(ParentRunner.java:268)
	at org.junit.runners.ParentRunner.run(ParentRunner.java:363)
	at io.cucumber.junit.Cucumber.runChild(Cucumber.java:144)
	at io.cucumber.junit.Cucumber.runChild(Cucumber.java:65)
	at org.junit.runners.ParentRunner$3.run(ParentRunner.java:290)
	at org.junit.runners.ParentRunner$1.schedule(ParentRunner.java:71)
	at org.junit.runners.ParentRunner.runChildren(ParentRunner.java:288)
	at org.junit.runners.ParentRunner.access$000(ParentRunner.java:58)
	at org.junit.runners.ParentRunner$2.evaluate(ParentRunner.java:268)
	at io.cucumber.junit.Cucumber$RunCucumber.evaluate(Cucumber.java:174)
	at org.junit.runners.ParentRunner.run(ParentRunner.java:363)
	at org.junit.runner.JUnitCore.run(JUnitCore.java:137)
	at org.junit.runner.JUnitCore.run(JUnitCore.java:115)
	at org.junit.vintage.engine.execution.RunnerExecutor.execute(RunnerExecutor.java:40)
	at java.base/java.util.stream.ForEachOps$ForEachOp$OfRef.accept(ForEachOps.java:183)
	at java.base/java.util.stream.ReferencePipeline$3$1.accept(ReferencePipeline.java:195)
	at java.base/java.util.Iterator.forEachRemaining(Iterator.java:133)
	at java.base/java.util.Spliterators$IteratorSpliterator.forEachRemaining(Spliterators.java:1801)
	at java.base/java.util.stream.AbstractPipeline.copyInto(AbstractPipeline.java:484)
	at java.base/java.util.stream.AbstractPipeline.wrapAndCopyInto(AbstractPipeline.java:474)
	at java.base/java.util.stream.ForEachOps$ForEachOp.evaluateSequential(ForEachOps.java:150)
	at java.base/java.util.stream.ForEachOps$ForEachOp$OfRef.evaluateSequential(ForEachOps.java:173)
	at java.base/java.util.stream.AbstractPipeline.evaluate(AbstractPipeline.java:234)
	at java.base/java.util.stream.ReferencePipeline.forEach(ReferencePipeline.java:497)
	at org.junit.vintage.engine.VintageTestEngine.executeAllChildren(VintageTestEngine.java:80)
	at org.junit.vintage.engine.VintageTestEngine.execute(VintageTestEngine.java:71)
	at org.junit.platform.launcher.core.DefaultLauncher.execute(DefaultLauncher.java:220)
	at org.junit.platform.launcher.core.DefaultLauncher.lambda$execute$6(DefaultLauncher.java:188)
	at org.junit.platform.launcher.core.DefaultLauncher.withInterceptedStreams(DefaultLauncher.java:202)
	at org.junit.platform.launcher.core.DefaultLauncher.execute(DefaultLauncher.java:181)
	at org.junit.platform.launcher.core.DefaultLauncher.execute(DefaultLauncher.java:128)
	at org.gradle.api.internal.tasks.testing.junitplatform.JUnitPlatformTestClassProcessor$CollectAllTestClassesExecutor.processAllTestClasses(JUnitPlatformTestClassProcessor.java:102)
	at org.gradle.api.internal.tasks.testing.junitplatform.JUnitPlatformTestClassProcessor$CollectAllTestClassesExecutor.access$000(JUnitPlatformTestClassProcessor.java:82)
	at org.gradle.api.internal.tasks.testing.junitplatform.JUnitPlatformTestClassProcessor.stop(JUnitPlatformTestClassProcessor.java:78)
	at org.gradle.api.internal.tasks.testing.SuiteTestClassProcessor.stop(SuiteTestClassProcessor.java:61)
	at java.base/jdk.internal.reflect.NativeMethodAccessorImpl.invoke0(Native Method)
	at java.base/jdk.internal.reflect.NativeMethodAccessorImpl.invoke(NativeMethodAccessorImpl.java:62)
	at java.base/jdk.internal.reflect.DelegatingMethodAccessorImpl.invoke(DelegatingMethodAccessorImpl.java:43)
	at java.base/java.lang.reflect.Method.invoke(Method.java:566)
	at org.gradle.internal.dispatch.ReflectionDispatch.dispatch(ReflectionDispatch.java:36)
	at org.gradle.internal.dispatch.ReflectionDispatch.dispatch(ReflectionDispatch.java:24)
	at org.gradle.internal.dispatch.ContextClassLoaderDispatch.dispatch(ContextClassLoaderDispatch.java:33)
	at org.gradle.internal.dispatch.ProxyDispatchAdapter$DispatchingInvocationHandler.invoke(ProxyDispatchAdapter.java:94)
	at com.sun.proxy.$Proxy2.stop(Unknown Source)
	at org.gradle.api.internal.tasks.testing.worker.TestWorker.stop(TestWorker.java:132)
	at java.base/jdk.internal.reflect.NativeMethodAccessorImpl.invoke0(Native Method)
	at java.base/jdk.internal.reflect.NativeMethodAccessorImpl.invoke(NativeMethodAccessorImpl.java:62)
	at java.base/jdk.internal.reflect.DelegatingMethodAccessorImpl.invoke(DelegatingMethodAccessorImpl.java:43)
	at java.base/java.lang.reflect.Method.invoke(Method.java:566)
	at org.gradle.internal.dispatch.ReflectionDispatch.dispatch(ReflectionDispatch.java:36)
	at org.gradle.internal.dispatch.ReflectionDispatch.dispatch(ReflectionDispatch.java:24)
	at org.gradle.internal.remote.internal.hub.MessageHubBackedObjectConnection$DispatchWrapper.dispatch(MessageHubBackedObjectConnection.java:182)
	at org.gradle.internal.remote.internal.hub.MessageHubBackedObjectConnection$DispatchWrapper.dispatch(MessageHubBackedObjectConnection.java:164)
	at org.gradle.internal.remote.internal.hub.MessageHub$Handler.run(MessageHub.java:412)
	at org.gradle.internal.concurrent.ExecutorPolicy$CatchAndRecordFailures.onExecute(ExecutorPolicy.java:64)
	at org.gradle.internal.concurrent.ManagedExecutorImpl$1.run(ManagedExecutorImpl.java:48)
	at java.base/java.util.concurrent.ThreadPoolExecutor.runWorker(ThreadPoolExecutor.java:1128)
	at java.base/java.util.concurrent.ThreadPoolExecutor$Worker.run(ThreadPoolExecutor.java:628)
	at org.gradle.internal.concurrent.ThreadFactoryImpl$ManagedThreadRunnable.run(ThreadFactoryImpl.java:56)
	at java.base/java.lang.Thread.run(Thread.java:834)
</failure>
  </testcase>
  <testcase name="Invalid move in game file" classname="ca.mcgill.ecse223.quoridor.features.CucumberTestsRunner" time="0.069">
    <failure message="org.opentest4j.MultipleFailuresError: Multiple Failures (3 failures)&#13;&#10;&#9;java.lang.NullPointerException: &lt;no message&gt;&#13;&#10;&#9;io.cucumber.junit.UndefinedThrowable: The step &quot;The game to load has an invalid move&quot; is undefined&#13;&#10;&#9;io.cucumber.junit.UndefinedThrowable: The step &quot;The game shall notify the user that the game file is invalid&quot; is undefined" type="org.opentest4j.MultipleFailuresError">org.opentest4j.MultipleFailuresError: Multiple Failures (3 failures)
	java.lang.NullPointerException: &lt;no message&gt;
	io.cucumber.junit.UndefinedThrowable: The step &quot;The game to load has an invalid move&quot; is undefined
	io.cucumber.junit.UndefinedThrowable: The step &quot;The game shall notify the user that the game file is invalid&quot; is undefined
	at org.junit.vintage.engine.execution.TestRun.getStoredResultOrSuccessful(TestRun.java:179)
	at org.junit.vintage.engine.execution.RunListenerAdapter.fireExecutionFinished(RunListenerAdapter.java:211)
	at org.junit.vintage.engine.execution.RunListenerAdapter.testFinished(RunListenerAdapter.java:177)
	at org.junit.vintage.engine.execution.RunListenerAdapter.testFinished(RunListenerAdapter.java:76)
	at org.junit.runner.notification.SynchronizedRunListener.testFinished(SynchronizedRunListener.java:56)
	at org.junit.runner.notification.RunNotifier$7.notifyListener(RunNotifier.java:190)
	at org.junit.runner.notification.RunNotifier$SafeNotifier.run(RunNotifier.java:72)
	at org.junit.runner.notification.RunNotifier.fireTestFinished(RunNotifier.java:187)
	at io.cucumber.junit.JUnitReporter$EachTestNotifier.fireTestFinished(JUnitReporter.java:253)
	at io.cucumber.junit.JUnitReporter.handleTestCaseResult(JUnitReporter.java:178)
	at io.cucumber.junit.JUnitReporter$4.receive(JUnitReporter.java:66)
	at io.cucumber.junit.JUnitReporter$4.receive(JUnitReporter.java:62)
	at cucumber.runner.AbstractEventPublisher.send(AbstractEventPublisher.java:45)
	at cucumber.runner.AbstractEventBus.send(AbstractEventBus.java:9)
	at cucumber.runner.ThreadLocalRunnerSupplier$LocalEventBus.send(ThreadLocalRunnerSupplier.java:60)
	at cucumber.runner.TestCase.run(TestCase.java:55)
	at cucumber.runner.Runner.runPickle(Runner.java:50)
	at io.cucumber.junit.PickleRunners$NoStepDescriptions.run(PickleRunners.java:146)
	at io.cucumber.junit.FeatureRunner.runChild(FeatureRunner.java:68)
	at io.cucumber.junit.FeatureRunner.runChild(FeatureRunner.java:23)
	at org.junit.runners.ParentRunner$3.run(ParentRunner.java:290)
	at org.junit.runners.ParentRunner$1.schedule(ParentRunner.java:71)
	at org.junit.runners.ParentRunner.runChildren(ParentRunner.java:288)
	at org.junit.runners.ParentRunner.access$000(ParentRunner.java:58)
	at org.junit.runners.ParentRunner$2.evaluate(ParentRunner.java:268)
	at org.junit.runners.ParentRunner.run(ParentRunner.java:363)
	at io.cucumber.junit.Cucumber.runChild(Cucumber.java:144)
	at io.cucumber.junit.Cucumber.runChild(Cucumber.java:65)
	at org.junit.runners.ParentRunner$3.run(ParentRunner.java:290)
	at org.junit.runners.ParentRunner$1.schedule(ParentRunner.java:71)
	at org.junit.runners.ParentRunner.runChildren(ParentRunner.java:288)
	at org.junit.runners.ParentRunner.access$000(ParentRunner.java:58)
	at org.junit.runners.ParentRunner$2.evaluate(ParentRunner.java:268)
	at io.cucumber.junit.Cucumber$RunCucumber.evaluate(Cucumber.java:174)
	at org.junit.runners.ParentRunner.run(ParentRunner.java:363)
	at org.junit.runner.JUnitCore.run(JUnitCore.java:137)
	at org.junit.runner.JUnitCore.run(JUnitCore.java:115)
	at org.junit.vintage.engine.execution.RunnerExecutor.execute(RunnerExecutor.java:40)
	at java.base/java.util.stream.ForEachOps$ForEachOp$OfRef.accept(ForEachOps.java:183)
	at java.base/java.util.stream.ReferencePipeline$3$1.accept(ReferencePipeline.java:195)
	at java.base/java.util.Iterator.forEachRemaining(Iterator.java:133)
	at java.base/java.util.Spliterators$IteratorSpliterator.forEachRemaining(Spliterators.java:1801)
	at java.base/java.util.stream.AbstractPipeline.copyInto(AbstractPipeline.java:484)
	at java.base/java.util.stream.AbstractPipeline.wrapAndCopyInto(AbstractPipeline.java:474)
	at java.base/java.util.stream.ForEachOps$ForEachOp.evaluateSequential(ForEachOps.java:150)
	at java.base/java.util.stream.ForEachOps$ForEachOp$OfRef.evaluateSequential(ForEachOps.java:173)
	at java.base/java.util.stream.AbstractPipeline.evaluate(AbstractPipeline.java:234)
	at java.base/java.util.stream.ReferencePipeline.forEach(ReferencePipeline.java:497)
	at org.junit.vintage.engine.VintageTestEngine.executeAllChildren(VintageTestEngine.java:80)
	at org.junit.vintage.engine.VintageTestEngine.execute(VintageTestEngine.java:71)
	at org.junit.platform.launcher.core.DefaultLauncher.execute(DefaultLauncher.java:220)
	at org.junit.platform.launcher.core.DefaultLauncher.lambda$execute$6(DefaultLauncher.java:188)
	at org.junit.platform.launcher.core.DefaultLauncher.withInterceptedStreams(DefaultLauncher.java:202)
	at org.junit.platform.launcher.core.DefaultLauncher.execute(DefaultLauncher.java:181)
	at org.junit.platform.launcher.core.DefaultLauncher.execute(DefaultLauncher.java:128)
	at org.gradle.api.internal.tasks.testing.junitplatform.JUnitPlatformTestClassProcessor$CollectAllTestClassesExecutor.processAllTestClasses(JUnitPlatformTestClassProcessor.java:102)
	at org.gradle.api.internal.tasks.testing.junitplatform.JUnitPlatformTestClassProcessor$CollectAllTestClassesExecutor.access$000(JUnitPlatformTestClassProcessor.java:82)
	at org.gradle.api.internal.tasks.testing.junitplatform.JUnitPlatformTestClassProcessor.stop(JUnitPlatformTestClassProcessor.java:78)
	at org.gradle.api.internal.tasks.testing.SuiteTestClassProcessor.stop(SuiteTestClassProcessor.java:61)
	at java.base/jdk.internal.reflect.NativeMethodAccessorImpl.invoke0(Native Method)
	at java.base/jdk.internal.reflect.NativeMethodAccessorImpl.invoke(NativeMethodAccessorImpl.java:62)
	at java.base/jdk.internal.reflect.DelegatingMethodAccessorImpl.invoke(DelegatingMethodAccessorImpl.java:43)
	at java.base/java.lang.reflect.Method.invoke(Method.java:566)
	at org.gradle.internal.dispatch.ReflectionDispatch.dispatch(ReflectionDispatch.java:36)
	at org.gradle.internal.dispatch.ReflectionDispatch.dispatch(ReflectionDispatch.java:24)
	at org.gradle.internal.dispatch.ContextClassLoaderDispatch.dispatch(ContextClassLoaderDispatch.java:33)
	at org.gradle.internal.dispatch.ProxyDispatchAdapter$DispatchingInvocationHandler.invoke(ProxyDispatchAdapter.java:94)
	at com.sun.proxy.$Proxy2.stop(Unknown Source)
	at org.gradle.api.internal.tasks.testing.worker.TestWorker.stop(TestWorker.java:132)
	at java.base/jdk.internal.reflect.NativeMethodAccessorImpl.invoke0(Native Method)
	at java.base/jdk.internal.reflect.NativeMethodAccessorImpl.invoke(NativeMethodAccessorImpl.java:62)
	at java.base/jdk.internal.reflect.DelegatingMethodAccessorImpl.invoke(DelegatingMethodAccessorImpl.java:43)
	at java.base/java.lang.reflect.Method.invoke(Method.java:566)
	at org.gradle.internal.dispatch.ReflectionDispatch.dispatch(ReflectionDispatch.java:36)
	at org.gradle.internal.dispatch.ReflectionDispatch.dispatch(ReflectionDispatch.java:24)
	at org.gradle.internal.remote.internal.hub.MessageHubBackedObjectConnection$DispatchWrapper.dispatch(MessageHubBackedObjectConnection.java:182)
	at org.gradle.internal.remote.internal.hub.MessageHubBackedObjectConnection$DispatchWrapper.dispatch(MessageHubBackedObjectConnection.java:164)
	at org.gradle.internal.remote.internal.hub.MessageHub$Handler.run(MessageHub.java:412)
	at org.gradle.internal.concurrent.ExecutorPolicy$CatchAndRecordFailures.onExecute(ExecutorPolicy.java:64)
	at org.gradle.internal.concurrent.ManagedExecutorImpl$1.run(ManagedExecutorImpl.java:48)
	at java.base/java.util.concurrent.ThreadPoolExecutor.runWorker(ThreadPoolExecutor.java:1128)
	at java.base/java.util.concurrent.ThreadPoolExecutor$Worker.run(ThreadPoolExecutor.java:628)
	at org.gradle.internal.concurrent.ThreadFactoryImpl$ManagedThreadRunnable.run(ThreadFactoryImpl.java:56)
	at java.base/java.lang.Thread.run(Thread.java:834)
</failure>
  </testcase>
  <testcase name="Invalid move in game file" classname="ca.mcgill.ecse223.quoridor.features.CucumberTestsRunner" time="0.034">
    <failure message="org.opentest4j.MultipleFailuresError: Multiple Failures (3 failures)&#13;&#10;&#9;java.lang.NullPointerException: &lt;no message&gt;&#13;&#10;&#9;io.cucumber.junit.UndefinedThrowable: The step &quot;The game to load has an invalid move&quot; is undefined&#13;&#10;&#9;io.cucumber.junit.UndefinedThrowable: The step &quot;The game shall notify the user that the game file is invalid&quot; is undefined" type="org.opentest4j.MultipleFailuresError">org.opentest4j.MultipleFailuresError: Multiple Failures (3 failures)
	java.lang.NullPointerException: &lt;no message&gt;
	io.cucumber.junit.UndefinedThrowable: The step &quot;The game to load has an invalid move&quot; is undefined
	io.cucumber.junit.UndefinedThrowable: The step &quot;The game shall notify the user that the game file is invalid&quot; is undefined
	at org.junit.vintage.engine.execution.TestRun.getStoredResultOrSuccessful(TestRun.java:179)
	at org.junit.vintage.engine.execution.RunListenerAdapter.fireExecutionFinished(RunListenerAdapter.java:211)
	at org.junit.vintage.engine.execution.RunListenerAdapter.testFinished(RunListenerAdapter.java:177)
	at org.junit.vintage.engine.execution.RunListenerAdapter.testFinished(RunListenerAdapter.java:76)
	at org.junit.runner.notification.SynchronizedRunListener.testFinished(SynchronizedRunListener.java:56)
	at org.junit.runner.notification.RunNotifier$7.notifyListener(RunNotifier.java:190)
	at org.junit.runner.notification.RunNotifier$SafeNotifier.run(RunNotifier.java:72)
	at org.junit.runner.notification.RunNotifier.fireTestFinished(RunNotifier.java:187)
	at io.cucumber.junit.JUnitReporter$EachTestNotifier.fireTestFinished(JUnitReporter.java:253)
	at io.cucumber.junit.JUnitReporter.handleTestCaseResult(JUnitReporter.java:178)
	at io.cucumber.junit.JUnitReporter$4.receive(JUnitReporter.java:66)
	at io.cucumber.junit.JUnitReporter$4.receive(JUnitReporter.java:62)
	at cucumber.runner.AbstractEventPublisher.send(AbstractEventPublisher.java:45)
	at cucumber.runner.AbstractEventBus.send(AbstractEventBus.java:9)
	at cucumber.runner.ThreadLocalRunnerSupplier$LocalEventBus.send(ThreadLocalRunnerSupplier.java:60)
	at cucumber.runner.TestCase.run(TestCase.java:55)
	at cucumber.runner.Runner.runPickle(Runner.java:50)
	at io.cucumber.junit.PickleRunners$NoStepDescriptions.run(PickleRunners.java:146)
	at io.cucumber.junit.FeatureRunner.runChild(FeatureRunner.java:68)
	at io.cucumber.junit.FeatureRunner.runChild(FeatureRunner.java:23)
	at org.junit.runners.ParentRunner$3.run(ParentRunner.java:290)
	at org.junit.runners.ParentRunner$1.schedule(ParentRunner.java:71)
	at org.junit.runners.ParentRunner.runChildren(ParentRunner.java:288)
	at org.junit.runners.ParentRunner.access$000(ParentRunner.java:58)
	at org.junit.runners.ParentRunner$2.evaluate(ParentRunner.java:268)
	at org.junit.runners.ParentRunner.run(ParentRunner.java:363)
	at io.cucumber.junit.Cucumber.runChild(Cucumber.java:144)
	at io.cucumber.junit.Cucumber.runChild(Cucumber.java:65)
	at org.junit.runners.ParentRunner$3.run(ParentRunner.java:290)
	at org.junit.runners.ParentRunner$1.schedule(ParentRunner.java:71)
	at org.junit.runners.ParentRunner.runChildren(ParentRunner.java:288)
	at org.junit.runners.ParentRunner.access$000(ParentRunner.java:58)
	at org.junit.runners.ParentRunner$2.evaluate(ParentRunner.java:268)
	at io.cucumber.junit.Cucumber$RunCucumber.evaluate(Cucumber.java:174)
	at org.junit.runners.ParentRunner.run(ParentRunner.java:363)
	at org.junit.runner.JUnitCore.run(JUnitCore.java:137)
	at org.junit.runner.JUnitCore.run(JUnitCore.java:115)
	at org.junit.vintage.engine.execution.RunnerExecutor.execute(RunnerExecutor.java:40)
	at java.base/java.util.stream.ForEachOps$ForEachOp$OfRef.accept(ForEachOps.java:183)
	at java.base/java.util.stream.ReferencePipeline$3$1.accept(ReferencePipeline.java:195)
	at java.base/java.util.Iterator.forEachRemaining(Iterator.java:133)
	at java.base/java.util.Spliterators$IteratorSpliterator.forEachRemaining(Spliterators.java:1801)
	at java.base/java.util.stream.AbstractPipeline.copyInto(AbstractPipeline.java:484)
	at java.base/java.util.stream.AbstractPipeline.wrapAndCopyInto(AbstractPipeline.java:474)
	at java.base/java.util.stream.ForEachOps$ForEachOp.evaluateSequential(ForEachOps.java:150)
	at java.base/java.util.stream.ForEachOps$ForEachOp$OfRef.evaluateSequential(ForEachOps.java:173)
	at java.base/java.util.stream.AbstractPipeline.evaluate(AbstractPipeline.java:234)
	at java.base/java.util.stream.ReferencePipeline.forEach(ReferencePipeline.java:497)
	at org.junit.vintage.engine.VintageTestEngine.executeAllChildren(VintageTestEngine.java:80)
	at org.junit.vintage.engine.VintageTestEngine.execute(VintageTestEngine.java:71)
	at org.junit.platform.launcher.core.DefaultLauncher.execute(DefaultLauncher.java:220)
	at org.junit.platform.launcher.core.DefaultLauncher.lambda$execute$6(DefaultLauncher.java:188)
	at org.junit.platform.launcher.core.DefaultLauncher.withInterceptedStreams(DefaultLauncher.java:202)
	at org.junit.platform.launcher.core.DefaultLauncher.execute(DefaultLauncher.java:181)
	at org.junit.platform.launcher.core.DefaultLauncher.execute(DefaultLauncher.java:128)
	at org.gradle.api.internal.tasks.testing.junitplatform.JUnitPlatformTestClassProcessor$CollectAllTestClassesExecutor.processAllTestClasses(JUnitPlatformTestClassProcessor.java:102)
	at org.gradle.api.internal.tasks.testing.junitplatform.JUnitPlatformTestClassProcessor$CollectAllTestClassesExecutor.access$000(JUnitPlatformTestClassProcessor.java:82)
	at org.gradle.api.internal.tasks.testing.junitplatform.JUnitPlatformTestClassProcessor.stop(JUnitPlatformTestClassProcessor.java:78)
	at org.gradle.api.internal.tasks.testing.SuiteTestClassProcessor.stop(SuiteTestClassProcessor.java:61)
	at java.base/jdk.internal.reflect.NativeMethodAccessorImpl.invoke0(Native Method)
	at java.base/jdk.internal.reflect.NativeMethodAccessorImpl.invoke(NativeMethodAccessorImpl.java:62)
	at java.base/jdk.internal.reflect.DelegatingMethodAccessorImpl.invoke(DelegatingMethodAccessorImpl.java:43)
	at java.base/java.lang.reflect.Method.invoke(Method.java:566)
	at org.gradle.internal.dispatch.ReflectionDispatch.dispatch(ReflectionDispatch.java:36)
	at org.gradle.internal.dispatch.ReflectionDispatch.dispatch(ReflectionDispatch.java:24)
	at org.gradle.internal.dispatch.ContextClassLoaderDispatch.dispatch(ContextClassLoaderDispatch.java:33)
	at org.gradle.internal.dispatch.ProxyDispatchAdapter$DispatchingInvocationHandler.invoke(ProxyDispatchAdapter.java:94)
	at com.sun.proxy.$Proxy2.stop(Unknown Source)
	at org.gradle.api.internal.tasks.testing.worker.TestWorker.stop(TestWorker.java:132)
	at java.base/jdk.internal.reflect.NativeMethodAccessorImpl.invoke0(Native Method)
	at java.base/jdk.internal.reflect.NativeMethodAccessorImpl.invoke(NativeMethodAccessorImpl.java:62)
	at java.base/jdk.internal.reflect.DelegatingMethodAccessorImpl.invoke(DelegatingMethodAccessorImpl.java:43)
	at java.base/java.lang.reflect.Method.invoke(Method.java:566)
	at org.gradle.internal.dispatch.ReflectionDispatch.dispatch(ReflectionDispatch.java:36)
	at org.gradle.internal.dispatch.ReflectionDispatch.dispatch(ReflectionDispatch.java:24)
	at org.gradle.internal.remote.internal.hub.MessageHubBackedObjectConnection$DispatchWrapper.dispatch(MessageHubBackedObjectConnection.java:182)
	at org.gradle.internal.remote.internal.hub.MessageHubBackedObjectConnection$DispatchWrapper.dispatch(MessageHubBackedObjectConnection.java:164)
	at org.gradle.internal.remote.internal.hub.MessageHub$Handler.run(MessageHub.java:412)
	at org.gradle.internal.concurrent.ExecutorPolicy$CatchAndRecordFailures.onExecute(ExecutorPolicy.java:64)
	at org.gradle.internal.concurrent.ManagedExecutorImpl$1.run(ManagedExecutorImpl.java:48)
	at java.base/java.util.concurrent.ThreadPoolExecutor.runWorker(ThreadPoolExecutor.java:1128)
	at java.base/java.util.concurrent.ThreadPoolExecutor$Worker.run(ThreadPoolExecutor.java:628)
	at org.gradle.internal.concurrent.ThreadFactoryImpl$ManagedThreadRunnable.run(ThreadFactoryImpl.java:56)
	at java.base/java.lang.Thread.run(Thread.java:834)
</failure>
  </testcase>
  <testcase name="Invalid move in game file" classname="ca.mcgill.ecse223.quoridor.features.CucumberTestsRunner" time="0.024">
    <failure message="org.opentest4j.MultipleFailuresError: Multiple Failures (3 failures)&#13;&#10;&#9;java.lang.NullPointerException: &lt;no message&gt;&#13;&#10;&#9;io.cucumber.junit.UndefinedThrowable: The step &quot;The game to load has an invalid move&quot; is undefined&#13;&#10;&#9;io.cucumber.junit.UndefinedThrowable: The step &quot;The game shall notify the user that the game file is invalid&quot; is undefined" type="org.opentest4j.MultipleFailuresError">org.opentest4j.MultipleFailuresError: Multiple Failures (3 failures)
	java.lang.NullPointerException: &lt;no message&gt;
	io.cucumber.junit.UndefinedThrowable: The step &quot;The game to load has an invalid move&quot; is undefined
	io.cucumber.junit.UndefinedThrowable: The step &quot;The game shall notify the user that the game file is invalid&quot; is undefined
	at org.junit.vintage.engine.execution.TestRun.getStoredResultOrSuccessful(TestRun.java:179)
	at org.junit.vintage.engine.execution.RunListenerAdapter.fireExecutionFinished(RunListenerAdapter.java:211)
	at org.junit.vintage.engine.execution.RunListenerAdapter.testFinished(RunListenerAdapter.java:177)
	at org.junit.vintage.engine.execution.RunListenerAdapter.testFinished(RunListenerAdapter.java:76)
	at org.junit.runner.notification.SynchronizedRunListener.testFinished(SynchronizedRunListener.java:56)
	at org.junit.runner.notification.RunNotifier$7.notifyListener(RunNotifier.java:190)
	at org.junit.runner.notification.RunNotifier$SafeNotifier.run(RunNotifier.java:72)
	at org.junit.runner.notification.RunNotifier.fireTestFinished(RunNotifier.java:187)
	at io.cucumber.junit.JUnitReporter$EachTestNotifier.fireTestFinished(JUnitReporter.java:253)
	at io.cucumber.junit.JUnitReporter.handleTestCaseResult(JUnitReporter.java:178)
	at io.cucumber.junit.JUnitReporter$4.receive(JUnitReporter.java:66)
	at io.cucumber.junit.JUnitReporter$4.receive(JUnitReporter.java:62)
	at cucumber.runner.AbstractEventPublisher.send(AbstractEventPublisher.java:45)
	at cucumber.runner.AbstractEventBus.send(AbstractEventBus.java:9)
	at cucumber.runner.ThreadLocalRunnerSupplier$LocalEventBus.send(ThreadLocalRunnerSupplier.java:60)
	at cucumber.runner.TestCase.run(TestCase.java:55)
	at cucumber.runner.Runner.runPickle(Runner.java:50)
	at io.cucumber.junit.PickleRunners$NoStepDescriptions.run(PickleRunners.java:146)
	at io.cucumber.junit.FeatureRunner.runChild(FeatureRunner.java:68)
	at io.cucumber.junit.FeatureRunner.runChild(FeatureRunner.java:23)
	at org.junit.runners.ParentRunner$3.run(ParentRunner.java:290)
	at org.junit.runners.ParentRunner$1.schedule(ParentRunner.java:71)
	at org.junit.runners.ParentRunner.runChildren(ParentRunner.java:288)
	at org.junit.runners.ParentRunner.access$000(ParentRunner.java:58)
	at org.junit.runners.ParentRunner$2.evaluate(ParentRunner.java:268)
	at org.junit.runners.ParentRunner.run(ParentRunner.java:363)
	at io.cucumber.junit.Cucumber.runChild(Cucumber.java:144)
	at io.cucumber.junit.Cucumber.runChild(Cucumber.java:65)
	at org.junit.runners.ParentRunner$3.run(ParentRunner.java:290)
	at org.junit.runners.ParentRunner$1.schedule(ParentRunner.java:71)
	at org.junit.runners.ParentRunner.runChildren(ParentRunner.java:288)
	at org.junit.runners.ParentRunner.access$000(ParentRunner.java:58)
	at org.junit.runners.ParentRunner$2.evaluate(ParentRunner.java:268)
	at io.cucumber.junit.Cucumber$RunCucumber.evaluate(Cucumber.java:174)
	at org.junit.runners.ParentRunner.run(ParentRunner.java:363)
	at org.junit.runner.JUnitCore.run(JUnitCore.java:137)
	at org.junit.runner.JUnitCore.run(JUnitCore.java:115)
	at org.junit.vintage.engine.execution.RunnerExecutor.execute(RunnerExecutor.java:40)
	at java.base/java.util.stream.ForEachOps$ForEachOp$OfRef.accept(ForEachOps.java:183)
	at java.base/java.util.stream.ReferencePipeline$3$1.accept(ReferencePipeline.java:195)
	at java.base/java.util.Iterator.forEachRemaining(Iterator.java:133)
	at java.base/java.util.Spliterators$IteratorSpliterator.forEachRemaining(Spliterators.java:1801)
	at java.base/java.util.stream.AbstractPipeline.copyInto(AbstractPipeline.java:484)
	at java.base/java.util.stream.AbstractPipeline.wrapAndCopyInto(AbstractPipeline.java:474)
	at java.base/java.util.stream.ForEachOps$ForEachOp.evaluateSequential(ForEachOps.java:150)
	at java.base/java.util.stream.ForEachOps$ForEachOp$OfRef.evaluateSequential(ForEachOps.java:173)
	at java.base/java.util.stream.AbstractPipeline.evaluate(AbstractPipeline.java:234)
	at java.base/java.util.stream.ReferencePipeline.forEach(ReferencePipeline.java:497)
	at org.junit.vintage.engine.VintageTestEngine.executeAllChildren(VintageTestEngine.java:80)
	at org.junit.vintage.engine.VintageTestEngine.execute(VintageTestEngine.java:71)
	at org.junit.platform.launcher.core.DefaultLauncher.execute(DefaultLauncher.java:220)
	at org.junit.platform.launcher.core.DefaultLauncher.lambda$execute$6(DefaultLauncher.java:188)
	at org.junit.platform.launcher.core.DefaultLauncher.withInterceptedStreams(DefaultLauncher.java:202)
	at org.junit.platform.launcher.core.DefaultLauncher.execute(DefaultLauncher.java:181)
	at org.junit.platform.launcher.core.DefaultLauncher.execute(DefaultLauncher.java:128)
	at org.gradle.api.internal.tasks.testing.junitplatform.JUnitPlatformTestClassProcessor$CollectAllTestClassesExecutor.processAllTestClasses(JUnitPlatformTestClassProcessor.java:102)
	at org.gradle.api.internal.tasks.testing.junitplatform.JUnitPlatformTestClassProcessor$CollectAllTestClassesExecutor.access$000(JUnitPlatformTestClassProcessor.java:82)
	at org.gradle.api.internal.tasks.testing.junitplatform.JUnitPlatformTestClassProcessor.stop(JUnitPlatformTestClassProcessor.java:78)
	at org.gradle.api.internal.tasks.testing.SuiteTestClassProcessor.stop(SuiteTestClassProcessor.java:61)
	at java.base/jdk.internal.reflect.NativeMethodAccessorImpl.invoke0(Native Method)
	at java.base/jdk.internal.reflect.NativeMethodAccessorImpl.invoke(NativeMethodAccessorImpl.java:62)
	at java.base/jdk.internal.reflect.DelegatingMethodAccessorImpl.invoke(DelegatingMethodAccessorImpl.java:43)
	at java.base/java.lang.reflect.Method.invoke(Method.java:566)
	at org.gradle.internal.dispatch.ReflectionDispatch.dispatch(ReflectionDispatch.java:36)
	at org.gradle.internal.dispatch.ReflectionDispatch.dispatch(ReflectionDispatch.java:24)
	at org.gradle.internal.dispatch.ContextClassLoaderDispatch.dispatch(ContextClassLoaderDispatch.java:33)
	at org.gradle.internal.dispatch.ProxyDispatchAdapter$DispatchingInvocationHandler.invoke(ProxyDispatchAdapter.java:94)
	at com.sun.proxy.$Proxy2.stop(Unknown Source)
	at org.gradle.api.internal.tasks.testing.worker.TestWorker.stop(TestWorker.java:132)
	at java.base/jdk.internal.reflect.NativeMethodAccessorImpl.invoke0(Native Method)
	at java.base/jdk.internal.reflect.NativeMethodAccessorImpl.invoke(NativeMethodAccessorImpl.java:62)
	at java.base/jdk.internal.reflect.DelegatingMethodAccessorImpl.invoke(DelegatingMethodAccessorImpl.java:43)
	at java.base/java.lang.reflect.Method.invoke(Method.java:566)
	at org.gradle.internal.dispatch.ReflectionDispatch.dispatch(ReflectionDispatch.java:36)
	at org.gradle.internal.dispatch.ReflectionDispatch.dispatch(ReflectionDispatch.java:24)
	at org.gradle.internal.remote.internal.hub.MessageHubBackedObjectConnection$DispatchWrapper.dispatch(MessageHubBackedObjectConnection.java:182)
	at org.gradle.internal.remote.internal.hub.MessageHubBackedObjectConnection$DispatchWrapper.dispatch(MessageHubBackedObjectConnection.java:164)
	at org.gradle.internal.remote.internal.hub.MessageHub$Handler.run(MessageHub.java:412)
	at org.gradle.internal.concurrent.ExecutorPolicy$CatchAndRecordFailures.onExecute(ExecutorPolicy.java:64)
	at org.gradle.internal.concurrent.ManagedExecutorImpl$1.run(ManagedExecutorImpl.java:48)
	at java.base/java.util.concurrent.ThreadPoolExecutor.runWorker(ThreadPoolExecutor.java:1128)
	at java.base/java.util.concurrent.ThreadPoolExecutor$Worker.run(ThreadPoolExecutor.java:628)
	at org.gradle.internal.concurrent.ThreadFactoryImpl$ManagedThreadRunnable.run(ThreadFactoryImpl.java:56)
	at java.base/java.lang.Thread.run(Thread.java:834)
</failure>
  </testcase>
  <testcase name="Load position" classname="ca.mcgill.ecse223.quoridor.features.CucumberTestsRunner" time="0.263"/>
  <testcase name="Load invalid position" classname="ca.mcgill.ecse223.quoridor.features.CucumberTestsRunner" time="0.043"/>
  <testcase name="Load invalid position" classname="ca.mcgill.ecse223.quoridor.features.CucumberTestsRunner" time="1.568"/>
  <testcase name="Move one tile" classname="ca.mcgill.ecse223.quoridor.features.CucumberTestsRunner" time="0.041"/>
  <testcase name="Move one tile" classname="ca.mcgill.ecse223.quoridor.features.CucumberTestsRunner" time="0.015"/>
  <testcase name="Move one tile" classname="ca.mcgill.ecse223.quoridor.features.CucumberTestsRunner" time="0.075"/>
  <testcase name="Move one tile" classname="ca.mcgill.ecse223.quoridor.features.CucumberTestsRunner" time="0.008"/>
  <testcase name="Move one tile" classname="ca.mcgill.ecse223.quoridor.features.CucumberTestsRunner" time="0.012"/>
  <testcase name="Move one tile" classname="ca.mcgill.ecse223.quoridor.features.CucumberTestsRunner" time="0.017"/>
  <testcase name="Move one tile" classname="ca.mcgill.ecse223.quoridor.features.CucumberTestsRunner" time="0.019"/>
  <testcase name="Move one tile" classname="ca.mcgill.ecse223.quoridor.features.CucumberTestsRunner" time="0.27"/>
  <testcase name="Move of player blocked by wall" classname="ca.mcgill.ecse223.quoridor.features.CucumberTestsRunner" time="0.063"/>
  <testcase name="Move of player blocked by wall" classname="ca.mcgill.ecse223.quoridor.features.CucumberTestsRunner" time="0.047"/>
  <testcase name="Move of player blocked by wall" classname="ca.mcgill.ecse223.quoridor.features.CucumberTestsRunner" time="0.057"/>
  <testcase name="Move of player blocked by wall" classname="ca.mcgill.ecse223.quoridor.features.CucumberTestsRunner" time="0.069"/>
  <testcase name="Move of player blocked by wall" classname="ca.mcgill.ecse223.quoridor.features.CucumberTestsRunner" time="0.014"/>
  <testcase name="Move of player blocked by wall" classname="ca.mcgill.ecse223.quoridor.features.CucumberTestsRunner" time="0.011"/>
  <testcase name="Move of player blocked by wall" classname="ca.mcgill.ecse223.quoridor.features.CucumberTestsRunner" time="0.03"/>
  <testcase name="Move of player blocked by wall" classname="ca.mcgill.ecse223.quoridor.features.CucumberTestsRunner" time="0.023"/>
  <testcase name="Move wall over the board" classname="ca.mcgill.ecse223.quoridor.features.CucumberTestsRunner" time="0.039"/>
  <testcase name="Move wall over the board" classname="ca.mcgill.ecse223.quoridor.features.CucumberTestsRunner" time="0.023"/>
  <testcase name="Move wall over the board" classname="ca.mcgill.ecse223.quoridor.features.CucumberTestsRunner" time="0.01"/>
  <testcase name="Move wall over the board" classname="ca.mcgill.ecse223.quoridor.features.CucumberTestsRunner" time="0.008"/>
  <testcase name="Move wall at the edge of the board" classname="ca.mcgill.ecse223.quoridor.features.CucumberTestsRunner" time="0.111"/>
  <testcase name="Move wall at the edge of the board" classname="ca.mcgill.ecse223.quoridor.features.CucumberTestsRunner" time="0.019"/>
  <testcase name="Move wall at the edge of the board" classname="ca.mcgill.ecse223.quoridor.features.CucumberTestsRunner" time="0.024"/>
  <testcase name="Move wall at the edge of the board" classname="ca.mcgill.ecse223.quoridor.features.CucumberTestsRunner" time="0.042"/>
  <testcase name="Select existing user name" classname="ca.mcgill.ecse223.quoridor.features.CucumberTestsRunner" time="0.046"/>
  <testcase name="Select existing user name" classname="ca.mcgill.ecse223.quoridor.features.CucumberTestsRunner" time="0.018"/>
  <testcase name="Create new user name" classname="ca.mcgill.ecse223.quoridor.features.CucumberTestsRunner" time="0.011"/>
  <testcase name="Create new user name" classname="ca.mcgill.ecse223.quoridor.features.CucumberTestsRunner" time="0.026"/>
  <testcase name="User name already exists" classname="ca.mcgill.ecse223.quoridor.features.CucumberTestsRunner" time="0.031"/>
  <testcase name="User name already exists" classname="ca.mcgill.ecse223.quoridor.features.CucumberTestsRunner" time="0.028"/>
  <testcase name="EMPTY_NAME" classname="ca.mcgill.ecse223.quoridor.features.CucumberTestsRunner" time="0.024">
    <failure message="org.opentest4j.MultipleFailuresError: Multiple Failures (6 failures)&#13;&#10;&#9;io.cucumber.junit.UndefinedThrowable: The step &quot;The game is no longer running&quot; is undefined&#13;&#10;&#9;io.cucumber.junit.UndefinedThrowable: The step &quot;The final result shall be displayed&quot; is undefined&#13;&#10;&#9;io.cucumber.junit.UndefinedThrowable: The step &quot;White's clock shall not be counting down&quot; is undefined&#13;&#10;&#9;io.cucumber.junit.UndefinedThrowable: The step &quot;Black's clock shall not be counting down&quot; is undefined&#13;&#10;&#9;io.cucumber.junit.UndefinedThrowable: The step &quot;White shall be unable to move&quot; is undefined&#13;&#10;&#9;io.cucumber.junit.UndefinedThrowable: The step &quot;Black shall be unable to move&quot; is undefined" type="org.opentest4j.MultipleFailuresError">org.opentest4j.MultipleFailuresError: Multiple Failures (6 failures)
	io.cucumber.junit.UndefinedThrowable: The step &quot;The game is no longer running&quot; is undefined
	io.cucumber.junit.UndefinedThrowable: The step &quot;The final result shall be displayed&quot; is undefined
	io.cucumber.junit.UndefinedThrowable: The step &quot;White's clock shall not be counting down&quot; is undefined
	io.cucumber.junit.UndefinedThrowable: The step &quot;Black's clock shall not be counting down&quot; is undefined
	io.cucumber.junit.UndefinedThrowable: The step &quot;White shall be unable to move&quot; is undefined
	io.cucumber.junit.UndefinedThrowable: The step &quot;Black shall be unable to move&quot; is undefined
	at org.junit.vintage.engine.execution.TestRun.getStoredResultOrSuccessful(TestRun.java:179)
	at org.junit.vintage.engine.execution.RunListenerAdapter.fireExecutionFinished(RunListenerAdapter.java:211)
	at org.junit.vintage.engine.execution.RunListenerAdapter.testFinished(RunListenerAdapter.java:177)
	at org.junit.vintage.engine.execution.RunListenerAdapter.testFinished(RunListenerAdapter.java:76)
	at org.junit.runner.notification.SynchronizedRunListener.testFinished(SynchronizedRunListener.java:56)
	at org.junit.runner.notification.RunNotifier$7.notifyListener(RunNotifier.java:190)
	at org.junit.runner.notification.RunNotifier$SafeNotifier.run(RunNotifier.java:72)
	at org.junit.runner.notification.RunNotifier.fireTestFinished(RunNotifier.java:187)
	at io.cucumber.junit.JUnitReporter$EachTestNotifier.fireTestFinished(JUnitReporter.java:253)
	at io.cucumber.junit.JUnitReporter.handleTestCaseResult(JUnitReporter.java:178)
	at io.cucumber.junit.JUnitReporter$4.receive(JUnitReporter.java:66)
	at io.cucumber.junit.JUnitReporter$4.receive(JUnitReporter.java:62)
	at cucumber.runner.AbstractEventPublisher.send(AbstractEventPublisher.java:45)
	at cucumber.runner.AbstractEventBus.send(AbstractEventBus.java:9)
	at cucumber.runner.ThreadLocalRunnerSupplier$LocalEventBus.send(ThreadLocalRunnerSupplier.java:60)
	at cucumber.runner.TestCase.run(TestCase.java:55)
	at cucumber.runner.Runner.runPickle(Runner.java:50)
	at io.cucumber.junit.PickleRunners$NoStepDescriptions.run(PickleRunners.java:146)
	at io.cucumber.junit.FeatureRunner.runChild(FeatureRunner.java:68)
	at io.cucumber.junit.FeatureRunner.runChild(FeatureRunner.java:23)
	at org.junit.runners.ParentRunner$3.run(ParentRunner.java:290)
	at org.junit.runners.ParentRunner$1.schedule(ParentRunner.java:71)
	at org.junit.runners.ParentRunner.runChildren(ParentRunner.java:288)
	at org.junit.runners.ParentRunner.access$000(ParentRunner.java:58)
	at org.junit.runners.ParentRunner$2.evaluate(ParentRunner.java:268)
	at org.junit.runners.ParentRunner.run(ParentRunner.java:363)
	at io.cucumber.junit.Cucumber.runChild(Cucumber.java:144)
	at io.cucumber.junit.Cucumber.runChild(Cucumber.java:65)
	at org.junit.runners.ParentRunner$3.run(ParentRunner.java:290)
	at org.junit.runners.ParentRunner$1.schedule(ParentRunner.java:71)
	at org.junit.runners.ParentRunner.runChildren(ParentRunner.java:288)
	at org.junit.runners.ParentRunner.access$000(ParentRunner.java:58)
	at org.junit.runners.ParentRunner$2.evaluate(ParentRunner.java:268)
	at io.cucumber.junit.Cucumber$RunCucumber.evaluate(Cucumber.java:174)
	at org.junit.runners.ParentRunner.run(ParentRunner.java:363)
	at org.junit.runner.JUnitCore.run(JUnitCore.java:137)
	at org.junit.runner.JUnitCore.run(JUnitCore.java:115)
	at org.junit.vintage.engine.execution.RunnerExecutor.execute(RunnerExecutor.java:40)
	at java.base/java.util.stream.ForEachOps$ForEachOp$OfRef.accept(ForEachOps.java:183)
	at java.base/java.util.stream.ReferencePipeline$3$1.accept(ReferencePipeline.java:195)
	at java.base/java.util.Iterator.forEachRemaining(Iterator.java:133)
	at java.base/java.util.Spliterators$IteratorSpliterator.forEachRemaining(Spliterators.java:1801)
	at java.base/java.util.stream.AbstractPipeline.copyInto(AbstractPipeline.java:484)
	at java.base/java.util.stream.AbstractPipeline.wrapAndCopyInto(AbstractPipeline.java:474)
	at java.base/java.util.stream.ForEachOps$ForEachOp.evaluateSequential(ForEachOps.java:150)
	at java.base/java.util.stream.ForEachOps$ForEachOp$OfRef.evaluateSequential(ForEachOps.java:173)
	at java.base/java.util.stream.AbstractPipeline.evaluate(AbstractPipeline.java:234)
	at java.base/java.util.stream.ReferencePipeline.forEach(ReferencePipeline.java:497)
	at org.junit.vintage.engine.VintageTestEngine.executeAllChildren(VintageTestEngine.java:80)
	at org.junit.vintage.engine.VintageTestEngine.execute(VintageTestEngine.java:71)
	at org.junit.platform.launcher.core.DefaultLauncher.execute(DefaultLauncher.java:220)
	at org.junit.platform.launcher.core.DefaultLauncher.lambda$execute$6(DefaultLauncher.java:188)
	at org.junit.platform.launcher.core.DefaultLauncher.withInterceptedStreams(DefaultLauncher.java:202)
	at org.junit.platform.launcher.core.DefaultLauncher.execute(DefaultLauncher.java:181)
	at org.junit.platform.launcher.core.DefaultLauncher.execute(DefaultLauncher.java:128)
	at org.gradle.api.internal.tasks.testing.junitplatform.JUnitPlatformTestClassProcessor$CollectAllTestClassesExecutor.processAllTestClasses(JUnitPlatformTestClassProcessor.java:102)
	at org.gradle.api.internal.tasks.testing.junitplatform.JUnitPlatformTestClassProcessor$CollectAllTestClassesExecutor.access$000(JUnitPlatformTestClassProcessor.java:82)
	at org.gradle.api.internal.tasks.testing.junitplatform.JUnitPlatformTestClassProcessor.stop(JUnitPlatformTestClassProcessor.java:78)
	at org.gradle.api.internal.tasks.testing.SuiteTestClassProcessor.stop(SuiteTestClassProcessor.java:61)
	at java.base/jdk.internal.reflect.NativeMethodAccessorImpl.invoke0(Native Method)
	at java.base/jdk.internal.reflect.NativeMethodAccessorImpl.invoke(NativeMethodAccessorImpl.java:62)
	at java.base/jdk.internal.reflect.DelegatingMethodAccessorImpl.invoke(DelegatingMethodAccessorImpl.java:43)
	at java.base/java.lang.reflect.Method.invoke(Method.java:566)
	at org.gradle.internal.dispatch.ReflectionDispatch.dispatch(ReflectionDispatch.java:36)
	at org.gradle.internal.dispatch.ReflectionDispatch.dispatch(ReflectionDispatch.java:24)
	at org.gradle.internal.dispatch.ContextClassLoaderDispatch.dispatch(ContextClassLoaderDispatch.java:33)
	at org.gradle.internal.dispatch.ProxyDispatchAdapter$DispatchingInvocationHandler.invoke(ProxyDispatchAdapter.java:94)
	at com.sun.proxy.$Proxy2.stop(Unknown Source)
	at org.gradle.api.internal.tasks.testing.worker.TestWorker.stop(TestWorker.java:132)
	at java.base/jdk.internal.reflect.NativeMethodAccessorImpl.invoke0(Native Method)
	at java.base/jdk.internal.reflect.NativeMethodAccessorImpl.invoke(NativeMethodAccessorImpl.java:62)
	at java.base/jdk.internal.reflect.DelegatingMethodAccessorImpl.invoke(DelegatingMethodAccessorImpl.java:43)
	at java.base/java.lang.reflect.Method.invoke(Method.java:566)
	at org.gradle.internal.dispatch.ReflectionDispatch.dispatch(ReflectionDispatch.java:36)
	at org.gradle.internal.dispatch.ReflectionDispatch.dispatch(ReflectionDispatch.java:24)
	at org.gradle.internal.remote.internal.hub.MessageHubBackedObjectConnection$DispatchWrapper.dispatch(MessageHubBackedObjectConnection.java:182)
	at org.gradle.internal.remote.internal.hub.MessageHubBackedObjectConnection$DispatchWrapper.dispatch(MessageHubBackedObjectConnection.java:164)
	at org.gradle.internal.remote.internal.hub.MessageHub$Handler.run(MessageHub.java:412)
	at org.gradle.internal.concurrent.ExecutorPolicy$CatchAndRecordFailures.onExecute(ExecutorPolicy.java:64)
	at org.gradle.internal.concurrent.ManagedExecutorImpl$1.run(ManagedExecutorImpl.java:48)
	at java.base/java.util.concurrent.ThreadPoolExecutor.runWorker(ThreadPoolExecutor.java:1128)
	at java.base/java.util.concurrent.ThreadPoolExecutor$Worker.run(ThreadPoolExecutor.java:628)
	at org.gradle.internal.concurrent.ThreadFactoryImpl$ManagedThreadRunnable.run(ThreadFactoryImpl.java:56)
	at java.base/java.lang.Thread.run(Thread.java:834)
</failure>
  </testcase>
  <testcase name="Player resigns" classname="ca.mcgill.ecse223.quoridor.features.CucumberTestsRunner" time="0.035">
    <failure message="org.opentest4j.MultipleFailuresError: Multiple Failures (3 failures)&#13;&#10;&#9;io.cucumber.junit.UndefinedThrowable: The step &quot;Player initates to resign&quot; is undefined&#13;&#10;&#9;io.cucumber.junit.UndefinedThrowable: The step &quot;Game result shall be &quot;BlackWon&quot;&quot; is undefined&#13;&#10;&#9;io.cucumber.junit.UndefinedThrowable: The step &quot;The game shall no longer be running&quot; is undefined" type="org.opentest4j.MultipleFailuresError">org.opentest4j.MultipleFailuresError: Multiple Failures (3 failures)
	io.cucumber.junit.UndefinedThrowable: The step &quot;Player initates to resign&quot; is undefined
	io.cucumber.junit.UndefinedThrowable: The step &quot;Game result shall be &quot;BlackWon&quot;&quot; is undefined
	io.cucumber.junit.UndefinedThrowable: The step &quot;The game shall no longer be running&quot; is undefined
	at org.junit.vintage.engine.execution.TestRun.getStoredResultOrSuccessful(TestRun.java:179)
	at org.junit.vintage.engine.execution.RunListenerAdapter.fireExecutionFinished(RunListenerAdapter.java:211)
	at org.junit.vintage.engine.execution.RunListenerAdapter.testFinished(RunListenerAdapter.java:177)
	at org.junit.vintage.engine.execution.RunListenerAdapter.testFinished(RunListenerAdapter.java:76)
	at org.junit.runner.notification.SynchronizedRunListener.testFinished(SynchronizedRunListener.java:56)
	at org.junit.runner.notification.RunNotifier$7.notifyListener(RunNotifier.java:190)
	at org.junit.runner.notification.RunNotifier$SafeNotifier.run(RunNotifier.java:72)
	at org.junit.runner.notification.RunNotifier.fireTestFinished(RunNotifier.java:187)
	at io.cucumber.junit.JUnitReporter$EachTestNotifier.fireTestFinished(JUnitReporter.java:253)
	at io.cucumber.junit.JUnitReporter.handleTestCaseResult(JUnitReporter.java:178)
	at io.cucumber.junit.JUnitReporter$4.receive(JUnitReporter.java:66)
	at io.cucumber.junit.JUnitReporter$4.receive(JUnitReporter.java:62)
	at cucumber.runner.AbstractEventPublisher.send(AbstractEventPublisher.java:45)
	at cucumber.runner.AbstractEventBus.send(AbstractEventBus.java:9)
	at cucumber.runner.ThreadLocalRunnerSupplier$LocalEventBus.send(ThreadLocalRunnerSupplier.java:60)
	at cucumber.runner.TestCase.run(TestCase.java:55)
	at cucumber.runner.Runner.runPickle(Runner.java:50)
	at io.cucumber.junit.PickleRunners$NoStepDescriptions.run(PickleRunners.java:146)
	at io.cucumber.junit.FeatureRunner.runChild(FeatureRunner.java:68)
	at io.cucumber.junit.FeatureRunner.runChild(FeatureRunner.java:23)
	at org.junit.runners.ParentRunner$3.run(ParentRunner.java:290)
	at org.junit.runners.ParentRunner$1.schedule(ParentRunner.java:71)
	at org.junit.runners.ParentRunner.runChildren(ParentRunner.java:288)
	at org.junit.runners.ParentRunner.access$000(ParentRunner.java:58)
	at org.junit.runners.ParentRunner$2.evaluate(ParentRunner.java:268)
	at org.junit.runners.ParentRunner.run(ParentRunner.java:363)
	at io.cucumber.junit.Cucumber.runChild(Cucumber.java:144)
	at io.cucumber.junit.Cucumber.runChild(Cucumber.java:65)
	at org.junit.runners.ParentRunner$3.run(ParentRunner.java:290)
	at org.junit.runners.ParentRunner$1.schedule(ParentRunner.java:71)
	at org.junit.runners.ParentRunner.runChildren(ParentRunner.java:288)
	at org.junit.runners.ParentRunner.access$000(ParentRunner.java:58)
	at org.junit.runners.ParentRunner$2.evaluate(ParentRunner.java:268)
	at io.cucumber.junit.Cucumber$RunCucumber.evaluate(Cucumber.java:174)
	at org.junit.runners.ParentRunner.run(ParentRunner.java:363)
	at org.junit.runner.JUnitCore.run(JUnitCore.java:137)
	at org.junit.runner.JUnitCore.run(JUnitCore.java:115)
	at org.junit.vintage.engine.execution.RunnerExecutor.execute(RunnerExecutor.java:40)
	at java.base/java.util.stream.ForEachOps$ForEachOp$OfRef.accept(ForEachOps.java:183)
	at java.base/java.util.stream.ReferencePipeline$3$1.accept(ReferencePipeline.java:195)
	at java.base/java.util.Iterator.forEachRemaining(Iterator.java:133)
	at java.base/java.util.Spliterators$IteratorSpliterator.forEachRemaining(Spliterators.java:1801)
	at java.base/java.util.stream.AbstractPipeline.copyInto(AbstractPipeline.java:484)
	at java.base/java.util.stream.AbstractPipeline.wrapAndCopyInto(AbstractPipeline.java:474)
	at java.base/java.util.stream.ForEachOps$ForEachOp.evaluateSequential(ForEachOps.java:150)
	at java.base/java.util.stream.ForEachOps$ForEachOp$OfRef.evaluateSequential(ForEachOps.java:173)
	at java.base/java.util.stream.AbstractPipeline.evaluate(AbstractPipeline.java:234)
	at java.base/java.util.stream.ReferencePipeline.forEach(ReferencePipeline.java:497)
	at org.junit.vintage.engine.VintageTestEngine.executeAllChildren(VintageTestEngine.java:80)
	at org.junit.vintage.engine.VintageTestEngine.execute(VintageTestEngine.java:71)
	at org.junit.platform.launcher.core.DefaultLauncher.execute(DefaultLauncher.java:220)
	at org.junit.platform.launcher.core.DefaultLauncher.lambda$execute$6(DefaultLauncher.java:188)
	at org.junit.platform.launcher.core.DefaultLauncher.withInterceptedStreams(DefaultLauncher.java:202)
	at org.junit.platform.launcher.core.DefaultLauncher.execute(DefaultLauncher.java:181)
	at org.junit.platform.launcher.core.DefaultLauncher.execute(DefaultLauncher.java:128)
	at org.gradle.api.internal.tasks.testing.junitplatform.JUnitPlatformTestClassProcessor$CollectAllTestClassesExecutor.processAllTestClasses(JUnitPlatformTestClassProcessor.java:102)
	at org.gradle.api.internal.tasks.testing.junitplatform.JUnitPlatformTestClassProcessor$CollectAllTestClassesExecutor.access$000(JUnitPlatformTestClassProcessor.java:82)
	at org.gradle.api.internal.tasks.testing.junitplatform.JUnitPlatformTestClassProcessor.stop(JUnitPlatformTestClassProcessor.java:78)
	at org.gradle.api.internal.tasks.testing.SuiteTestClassProcessor.stop(SuiteTestClassProcessor.java:61)
	at java.base/jdk.internal.reflect.NativeMethodAccessorImpl.invoke0(Native Method)
	at java.base/jdk.internal.reflect.NativeMethodAccessorImpl.invoke(NativeMethodAccessorImpl.java:62)
	at java.base/jdk.internal.reflect.DelegatingMethodAccessorImpl.invoke(DelegatingMethodAccessorImpl.java:43)
	at java.base/java.lang.reflect.Method.invoke(Method.java:566)
	at org.gradle.internal.dispatch.ReflectionDispatch.dispatch(ReflectionDispatch.java:36)
	at org.gradle.internal.dispatch.ReflectionDispatch.dispatch(ReflectionDispatch.java:24)
	at org.gradle.internal.dispatch.ContextClassLoaderDispatch.dispatch(ContextClassLoaderDispatch.java:33)
	at org.gradle.internal.dispatch.ProxyDispatchAdapter$DispatchingInvocationHandler.invoke(ProxyDispatchAdapter.java:94)
	at com.sun.proxy.$Proxy2.stop(Unknown Source)
	at org.gradle.api.internal.tasks.testing.worker.TestWorker.stop(TestWorker.java:132)
	at java.base/jdk.internal.reflect.NativeMethodAccessorImpl.invoke0(Native Method)
	at java.base/jdk.internal.reflect.NativeMethodAccessorImpl.invoke(NativeMethodAccessorImpl.java:62)
	at java.base/jdk.internal.reflect.DelegatingMethodAccessorImpl.invoke(DelegatingMethodAccessorImpl.java:43)
	at java.base/java.lang.reflect.Method.invoke(Method.java:566)
	at org.gradle.internal.dispatch.ReflectionDispatch.dispatch(ReflectionDispatch.java:36)
	at org.gradle.internal.dispatch.ReflectionDispatch.dispatch(ReflectionDispatch.java:24)
	at org.gradle.internal.remote.internal.hub.MessageHubBackedObjectConnection$DispatchWrapper.dispatch(MessageHubBackedObjectConnection.java:182)
	at org.gradle.internal.remote.internal.hub.MessageHubBackedObjectConnection$DispatchWrapper.dispatch(MessageHubBackedObjectConnection.java:164)
	at org.gradle.internal.remote.internal.hub.MessageHub$Handler.run(MessageHub.java:412)
	at org.gradle.internal.concurrent.ExecutorPolicy$CatchAndRecordFailures.onExecute(ExecutorPolicy.java:64)
	at org.gradle.internal.concurrent.ManagedExecutorImpl$1.run(ManagedExecutorImpl.java:48)
	at java.base/java.util.concurrent.ThreadPoolExecutor.runWorker(ThreadPoolExecutor.java:1128)
	at java.base/java.util.concurrent.ThreadPoolExecutor$Worker.run(ThreadPoolExecutor.java:628)
	at org.gradle.internal.concurrent.ThreadFactoryImpl$ManagedThreadRunnable.run(ThreadFactoryImpl.java:56)
	at java.base/java.lang.Thread.run(Thread.java:834)
</failure>
  </testcase>
  <testcase name="Player resigns" classname="ca.mcgill.ecse223.quoridor.features.CucumberTestsRunner" time="0.017">
    <failure message="org.opentest4j.MultipleFailuresError: Multiple Failures (3 failures)&#13;&#10;&#9;io.cucumber.junit.UndefinedThrowable: The step &quot;Player initates to resign&quot; is undefined&#13;&#10;&#9;io.cucumber.junit.UndefinedThrowable: The step &quot;Game result shall be &quot;WhiteWon&quot;&quot; is undefined&#13;&#10;&#9;io.cucumber.junit.UndefinedThrowable: The step &quot;The game shall no longer be running&quot; is undefined" type="org.opentest4j.MultipleFailuresError">org.opentest4j.MultipleFailuresError: Multiple Failures (3 failures)
	io.cucumber.junit.UndefinedThrowable: The step &quot;Player initates to resign&quot; is undefined
	io.cucumber.junit.UndefinedThrowable: The step &quot;Game result shall be &quot;WhiteWon&quot;&quot; is undefined
	io.cucumber.junit.UndefinedThrowable: The step &quot;The game shall no longer be running&quot; is undefined
	at org.junit.vintage.engine.execution.TestRun.getStoredResultOrSuccessful(TestRun.java:179)
	at org.junit.vintage.engine.execution.RunListenerAdapter.fireExecutionFinished(RunListenerAdapter.java:211)
	at org.junit.vintage.engine.execution.RunListenerAdapter.testFinished(RunListenerAdapter.java:177)
	at org.junit.vintage.engine.execution.RunListenerAdapter.testFinished(RunListenerAdapter.java:76)
	at org.junit.runner.notification.SynchronizedRunListener.testFinished(SynchronizedRunListener.java:56)
	at org.junit.runner.notification.RunNotifier$7.notifyListener(RunNotifier.java:190)
	at org.junit.runner.notification.RunNotifier$SafeNotifier.run(RunNotifier.java:72)
	at org.junit.runner.notification.RunNotifier.fireTestFinished(RunNotifier.java:187)
	at io.cucumber.junit.JUnitReporter$EachTestNotifier.fireTestFinished(JUnitReporter.java:253)
	at io.cucumber.junit.JUnitReporter.handleTestCaseResult(JUnitReporter.java:178)
	at io.cucumber.junit.JUnitReporter$4.receive(JUnitReporter.java:66)
	at io.cucumber.junit.JUnitReporter$4.receive(JUnitReporter.java:62)
	at cucumber.runner.AbstractEventPublisher.send(AbstractEventPublisher.java:45)
	at cucumber.runner.AbstractEventBus.send(AbstractEventBus.java:9)
	at cucumber.runner.ThreadLocalRunnerSupplier$LocalEventBus.send(ThreadLocalRunnerSupplier.java:60)
	at cucumber.runner.TestCase.run(TestCase.java:55)
	at cucumber.runner.Runner.runPickle(Runner.java:50)
	at io.cucumber.junit.PickleRunners$NoStepDescriptions.run(PickleRunners.java:146)
	at io.cucumber.junit.FeatureRunner.runChild(FeatureRunner.java:68)
	at io.cucumber.junit.FeatureRunner.runChild(FeatureRunner.java:23)
	at org.junit.runners.ParentRunner$3.run(ParentRunner.java:290)
	at org.junit.runners.ParentRunner$1.schedule(ParentRunner.java:71)
	at org.junit.runners.ParentRunner.runChildren(ParentRunner.java:288)
	at org.junit.runners.ParentRunner.access$000(ParentRunner.java:58)
	at org.junit.runners.ParentRunner$2.evaluate(ParentRunner.java:268)
	at org.junit.runners.ParentRunner.run(ParentRunner.java:363)
	at io.cucumber.junit.Cucumber.runChild(Cucumber.java:144)
	at io.cucumber.junit.Cucumber.runChild(Cucumber.java:65)
	at org.junit.runners.ParentRunner$3.run(ParentRunner.java:290)
	at org.junit.runners.ParentRunner$1.schedule(ParentRunner.java:71)
	at org.junit.runners.ParentRunner.runChildren(ParentRunner.java:288)
	at org.junit.runners.ParentRunner.access$000(ParentRunner.java:58)
	at org.junit.runners.ParentRunner$2.evaluate(ParentRunner.java:268)
	at io.cucumber.junit.Cucumber$RunCucumber.evaluate(Cucumber.java:174)
	at org.junit.runners.ParentRunner.run(ParentRunner.java:363)
	at org.junit.runner.JUnitCore.run(JUnitCore.java:137)
	at org.junit.runner.JUnitCore.run(JUnitCore.java:115)
	at org.junit.vintage.engine.execution.RunnerExecutor.execute(RunnerExecutor.java:40)
	at java.base/java.util.stream.ForEachOps$ForEachOp$OfRef.accept(ForEachOps.java:183)
	at java.base/java.util.stream.ReferencePipeline$3$1.accept(ReferencePipeline.java:195)
	at java.base/java.util.Iterator.forEachRemaining(Iterator.java:133)
	at java.base/java.util.Spliterators$IteratorSpliterator.forEachRemaining(Spliterators.java:1801)
	at java.base/java.util.stream.AbstractPipeline.copyInto(AbstractPipeline.java:484)
	at java.base/java.util.stream.AbstractPipeline.wrapAndCopyInto(AbstractPipeline.java:474)
	at java.base/java.util.stream.ForEachOps$ForEachOp.evaluateSequential(ForEachOps.java:150)
	at java.base/java.util.stream.ForEachOps$ForEachOp$OfRef.evaluateSequential(ForEachOps.java:173)
	at java.base/java.util.stream.AbstractPipeline.evaluate(AbstractPipeline.java:234)
	at java.base/java.util.stream.ReferencePipeline.forEach(ReferencePipeline.java:497)
	at org.junit.vintage.engine.VintageTestEngine.executeAllChildren(VintageTestEngine.java:80)
	at org.junit.vintage.engine.VintageTestEngine.execute(VintageTestEngine.java:71)
	at org.junit.platform.launcher.core.DefaultLauncher.execute(DefaultLauncher.java:220)
	at org.junit.platform.launcher.core.DefaultLauncher.lambda$execute$6(DefaultLauncher.java:188)
	at org.junit.platform.launcher.core.DefaultLauncher.withInterceptedStreams(DefaultLauncher.java:202)
	at org.junit.platform.launcher.core.DefaultLauncher.execute(DefaultLauncher.java:181)
	at org.junit.platform.launcher.core.DefaultLauncher.execute(DefaultLauncher.java:128)
	at org.gradle.api.internal.tasks.testing.junitplatform.JUnitPlatformTestClassProcessor$CollectAllTestClassesExecutor.processAllTestClasses(JUnitPlatformTestClassProcessor.java:102)
	at org.gradle.api.internal.tasks.testing.junitplatform.JUnitPlatformTestClassProcessor$CollectAllTestClassesExecutor.access$000(JUnitPlatformTestClassProcessor.java:82)
	at org.gradle.api.internal.tasks.testing.junitplatform.JUnitPlatformTestClassProcessor.stop(JUnitPlatformTestClassProcessor.java:78)
	at org.gradle.api.internal.tasks.testing.SuiteTestClassProcessor.stop(SuiteTestClassProcessor.java:61)
	at java.base/jdk.internal.reflect.NativeMethodAccessorImpl.invoke0(Native Method)
	at java.base/jdk.internal.reflect.NativeMethodAccessorImpl.invoke(NativeMethodAccessorImpl.java:62)
	at java.base/jdk.internal.reflect.DelegatingMethodAccessorImpl.invoke(DelegatingMethodAccessorImpl.java:43)
	at java.base/java.lang.reflect.Method.invoke(Method.java:566)
	at org.gradle.internal.dispatch.ReflectionDispatch.dispatch(ReflectionDispatch.java:36)
	at org.gradle.internal.dispatch.ReflectionDispatch.dispatch(ReflectionDispatch.java:24)
	at org.gradle.internal.dispatch.ContextClassLoaderDispatch.dispatch(ContextClassLoaderDispatch.java:33)
	at org.gradle.internal.dispatch.ProxyDispatchAdapter$DispatchingInvocationHandler.invoke(ProxyDispatchAdapter.java:94)
	at com.sun.proxy.$Proxy2.stop(Unknown Source)
	at org.gradle.api.internal.tasks.testing.worker.TestWorker.stop(TestWorker.java:132)
	at java.base/jdk.internal.reflect.NativeMethodAccessorImpl.invoke0(Native Method)
	at java.base/jdk.internal.reflect.NativeMethodAccessorImpl.invoke(NativeMethodAccessorImpl.java:62)
	at java.base/jdk.internal.reflect.DelegatingMethodAccessorImpl.invoke(DelegatingMethodAccessorImpl.java:43)
	at java.base/java.lang.reflect.Method.invoke(Method.java:566)
	at org.gradle.internal.dispatch.ReflectionDispatch.dispatch(ReflectionDispatch.java:36)
	at org.gradle.internal.dispatch.ReflectionDispatch.dispatch(ReflectionDispatch.java:24)
	at org.gradle.internal.remote.internal.hub.MessageHubBackedObjectConnection$DispatchWrapper.dispatch(MessageHubBackedObjectConnection.java:182)
	at org.gradle.internal.remote.internal.hub.MessageHubBackedObjectConnection$DispatchWrapper.dispatch(MessageHubBackedObjectConnection.java:164)
	at org.gradle.internal.remote.internal.hub.MessageHub$Handler.run(MessageHub.java:412)
	at org.gradle.internal.concurrent.ExecutorPolicy$CatchAndRecordFailures.onExecute(ExecutorPolicy.java:64)
	at org.gradle.internal.concurrent.ManagedExecutorImpl$1.run(ManagedExecutorImpl.java:48)
	at java.base/java.util.concurrent.ThreadPoolExecutor.runWorker(ThreadPoolExecutor.java:1128)
	at java.base/java.util.concurrent.ThreadPoolExecutor$Worker.run(ThreadPoolExecutor.java:628)
	at org.gradle.internal.concurrent.ThreadFactoryImpl$ManagedThreadRunnable.run(ThreadFactoryImpl.java:56)
	at java.base/java.lang.Thread.run(Thread.java:834)
</failure>
  </testcase>
  <testcase name="Flip wall from horizontal to vertical or vice versa" classname="ca.mcgill.ecse223.quoridor.features.CucumberTestsRunner" time="0.027"/>
  <testcase name="Flip wall from horizontal to vertical or vice versa" classname="ca.mcgill.ecse223.quoridor.features.CucumberTestsRunner" time="0.019"/>
  <testcase name="Save game" classname="ca.mcgill.ecse223.quoridor.features.CucumberTestsRunner" time="0.518"/>
  <testcase name="Save game with existing file name" classname="ca.mcgill.ecse223.quoridor.features.CucumberTestsRunner" time="0.052"/>
  <testcase name="Save game cancelled due to existing file name" classname="ca.mcgill.ecse223.quoridor.features.CucumberTestsRunner" time="0.064"/>
  <testcase name="Save position" classname="ca.mcgill.ecse223.quoridor.features.CucumberTestsRunner" time="0.099"/>
  <testcase name="Save position with existing file name" classname="ca.mcgill.ecse223.quoridor.features.CucumberTestsRunner" time="0.036"/>
  <testcase name="Save position cancelled due to existing file name" classname="ca.mcgill.ecse223.quoridor.features.CucumberTestsRunner" time="0.031"/>
  <testcase name="Set thinking time for players" classname="ca.mcgill.ecse223.quoridor.features.CucumberTestsRunner" time="0.022"/>
  <testcase name="Set thinking time for players" classname="ca.mcgill.ecse223.quoridor.features.CucumberTestsRunner" time="0.015"/>
  <testcase name="Initiate a new game" classname="ca.mcgill.ecse223.quoridor.features.CucumberTestsRunner" time="0.014"/>
  <testcase name="Start clock" classname="ca.mcgill.ecse223.quoridor.features.CucumberTestsRunner" time="0.017"/>
  <testcase name="Step Backward" classname="ca.mcgill.ecse223.quoridor.features.CucumberTestsRunner" time="0.012">
    <failure message="org.opentest4j.MultipleFailuresError: Multiple Failures (9 failures)&#13;&#10;&#9;io.cucumber.junit.UndefinedThrowable: The step &quot;The game is in replay mode&quot; is undefined&#13;&#10;&#9;io.cucumber.junit.UndefinedThrowable: The step &quot;The following moves have been played in game:&quot; is undefined&#13;&#10;&#9;io.cucumber.junit.UndefinedThrowable: The step &quot;The next move is 1.1&quot; is undefined&#13;&#10;&#9;io.cucumber.junit.UndefinedThrowable: The step &quot;Step backward is initiated&quot; is undefined&#13;&#10;&#9;io.cucumber.junit.UndefinedThrowable: The step &quot;The next move shall be 1.1&quot; is undefined&#13;&#10;&#9;io.cucumber.junit.UndefinedThrowable: The step &quot;White player's position shall be (9,5)&quot; is undefined&#13;&#10;&#9;io.cucumber.junit.UndefinedThrowable: The step &quot;Black player's position shall be (1,5)&quot; is undefined&#13;&#10;&#9;io.cucumber.junit.UndefinedThrowable: The step &quot;White has &lt;wwallno&gt; on stock&quot; is undefined&#13;&#10;&#9;io.cucumber.junit.UndefinedThrowable: The step &quot;Black has 10 on stock&quot; is undefined" type="org.opentest4j.MultipleFailuresError">org.opentest4j.MultipleFailuresError: Multiple Failures (9 failures)
	io.cucumber.junit.UndefinedThrowable: The step &quot;The game is in replay mode&quot; is undefined
	io.cucumber.junit.UndefinedThrowable: The step &quot;The following moves have been played in game:&quot; is undefined
	io.cucumber.junit.UndefinedThrowable: The step &quot;The next move is 1.1&quot; is undefined
	io.cucumber.junit.UndefinedThrowable: The step &quot;Step backward is initiated&quot; is undefined
	io.cucumber.junit.UndefinedThrowable: The step &quot;The next move shall be 1.1&quot; is undefined
	io.cucumber.junit.UndefinedThrowable: The step &quot;White player's position shall be (9,5)&quot; is undefined
	io.cucumber.junit.UndefinedThrowable: The step &quot;Black player's position shall be (1,5)&quot; is undefined
	io.cucumber.junit.UndefinedThrowable: The step &quot;White has &lt;wwallno&gt; on stock&quot; is undefined
	io.cucumber.junit.UndefinedThrowable: The step &quot;Black has 10 on stock&quot; is undefined
	at org.junit.vintage.engine.execution.TestRun.getStoredResultOrSuccessful(TestRun.java:179)
	at org.junit.vintage.engine.execution.RunListenerAdapter.fireExecutionFinished(RunListenerAdapter.java:211)
	at org.junit.vintage.engine.execution.RunListenerAdapter.testFinished(RunListenerAdapter.java:177)
	at org.junit.vintage.engine.execution.RunListenerAdapter.testFinished(RunListenerAdapter.java:76)
	at org.junit.runner.notification.SynchronizedRunListener.testFinished(SynchronizedRunListener.java:56)
	at org.junit.runner.notification.RunNotifier$7.notifyListener(RunNotifier.java:190)
	at org.junit.runner.notification.RunNotifier$SafeNotifier.run(RunNotifier.java:72)
	at org.junit.runner.notification.RunNotifier.fireTestFinished(RunNotifier.java:187)
	at io.cucumber.junit.JUnitReporter$EachTestNotifier.fireTestFinished(JUnitReporter.java:253)
	at io.cucumber.junit.JUnitReporter.handleTestCaseResult(JUnitReporter.java:178)
	at io.cucumber.junit.JUnitReporter$4.receive(JUnitReporter.java:66)
	at io.cucumber.junit.JUnitReporter$4.receive(JUnitReporter.java:62)
	at cucumber.runner.AbstractEventPublisher.send(AbstractEventPublisher.java:45)
	at cucumber.runner.AbstractEventBus.send(AbstractEventBus.java:9)
	at cucumber.runner.ThreadLocalRunnerSupplier$LocalEventBus.send(ThreadLocalRunnerSupplier.java:60)
	at cucumber.runner.TestCase.run(TestCase.java:55)
	at cucumber.runner.Runner.runPickle(Runner.java:50)
	at io.cucumber.junit.PickleRunners$NoStepDescriptions.run(PickleRunners.java:146)
	at io.cucumber.junit.FeatureRunner.runChild(FeatureRunner.java:68)
	at io.cucumber.junit.FeatureRunner.runChild(FeatureRunner.java:23)
	at org.junit.runners.ParentRunner$3.run(ParentRunner.java:290)
	at org.junit.runners.ParentRunner$1.schedule(ParentRunner.java:71)
	at org.junit.runners.ParentRunner.runChildren(ParentRunner.java:288)
	at org.junit.runners.ParentRunner.access$000(ParentRunner.java:58)
	at org.junit.runners.ParentRunner$2.evaluate(ParentRunner.java:268)
	at org.junit.runners.ParentRunner.run(ParentRunner.java:363)
	at io.cucumber.junit.Cucumber.runChild(Cucumber.java:144)
	at io.cucumber.junit.Cucumber.runChild(Cucumber.java:65)
	at org.junit.runners.ParentRunner$3.run(ParentRunner.java:290)
	at org.junit.runners.ParentRunner$1.schedule(ParentRunner.java:71)
	at org.junit.runners.ParentRunner.runChildren(ParentRunner.java:288)
	at org.junit.runners.ParentRunner.access$000(ParentRunner.java:58)
	at org.junit.runners.ParentRunner$2.evaluate(ParentRunner.java:268)
	at io.cucumber.junit.Cucumber$RunCucumber.evaluate(Cucumber.java:174)
	at org.junit.runners.ParentRunner.run(ParentRunner.java:363)
	at org.junit.runner.JUnitCore.run(JUnitCore.java:137)
	at org.junit.runner.JUnitCore.run(JUnitCore.java:115)
	at org.junit.vintage.engine.execution.RunnerExecutor.execute(RunnerExecutor.java:40)
	at java.base/java.util.stream.ForEachOps$ForEachOp$OfRef.accept(ForEachOps.java:183)
	at java.base/java.util.stream.ReferencePipeline$3$1.accept(ReferencePipeline.java:195)
	at java.base/java.util.Iterator.forEachRemaining(Iterator.java:133)
	at java.base/java.util.Spliterators$IteratorSpliterator.forEachRemaining(Spliterators.java:1801)
	at java.base/java.util.stream.AbstractPipeline.copyInto(AbstractPipeline.java:484)
	at java.base/java.util.stream.AbstractPipeline.wrapAndCopyInto(AbstractPipeline.java:474)
	at java.base/java.util.stream.ForEachOps$ForEachOp.evaluateSequential(ForEachOps.java:150)
	at java.base/java.util.stream.ForEachOps$ForEachOp$OfRef.evaluateSequential(ForEachOps.java:173)
	at java.base/java.util.stream.AbstractPipeline.evaluate(AbstractPipeline.java:234)
	at java.base/java.util.stream.ReferencePipeline.forEach(ReferencePipeline.java:497)
	at org.junit.vintage.engine.VintageTestEngine.executeAllChildren(VintageTestEngine.java:80)
	at org.junit.vintage.engine.VintageTestEngine.execute(VintageTestEngine.java:71)
	at org.junit.platform.launcher.core.DefaultLauncher.execute(DefaultLauncher.java:220)
	at org.junit.platform.launcher.core.DefaultLauncher.lambda$execute$6(DefaultLauncher.java:188)
	at org.junit.platform.launcher.core.DefaultLauncher.withInterceptedStreams(DefaultLauncher.java:202)
	at org.junit.platform.launcher.core.DefaultLauncher.execute(DefaultLauncher.java:181)
	at org.junit.platform.launcher.core.DefaultLauncher.execute(DefaultLauncher.java:128)
	at org.gradle.api.internal.tasks.testing.junitplatform.JUnitPlatformTestClassProcessor$CollectAllTestClassesExecutor.processAllTestClasses(JUnitPlatformTestClassProcessor.java:102)
	at org.gradle.api.internal.tasks.testing.junitplatform.JUnitPlatformTestClassProcessor$CollectAllTestClassesExecutor.access$000(JUnitPlatformTestClassProcessor.java:82)
	at org.gradle.api.internal.tasks.testing.junitplatform.JUnitPlatformTestClassProcessor.stop(JUnitPlatformTestClassProcessor.java:78)
	at org.gradle.api.internal.tasks.testing.SuiteTestClassProcessor.stop(SuiteTestClassProcessor.java:61)
	at java.base/jdk.internal.reflect.NativeMethodAccessorImpl.invoke0(Native Method)
	at java.base/jdk.internal.reflect.NativeMethodAccessorImpl.invoke(NativeMethodAccessorImpl.java:62)
	at java.base/jdk.internal.reflect.DelegatingMethodAccessorImpl.invoke(DelegatingMethodAccessorImpl.java:43)
	at java.base/java.lang.reflect.Method.invoke(Method.java:566)
	at org.gradle.internal.dispatch.ReflectionDispatch.dispatch(ReflectionDispatch.java:36)
	at org.gradle.internal.dispatch.ReflectionDispatch.dispatch(ReflectionDispatch.java:24)
	at org.gradle.internal.dispatch.ContextClassLoaderDispatch.dispatch(ContextClassLoaderDispatch.java:33)
	at org.gradle.internal.dispatch.ProxyDispatchAdapter$DispatchingInvocationHandler.invoke(ProxyDispatchAdapter.java:94)
	at com.sun.proxy.$Proxy2.stop(Unknown Source)
	at org.gradle.api.internal.tasks.testing.worker.TestWorker.stop(TestWorker.java:132)
	at java.base/jdk.internal.reflect.NativeMethodAccessorImpl.invoke0(Native Method)
	at java.base/jdk.internal.reflect.NativeMethodAccessorImpl.invoke(NativeMethodAccessorImpl.java:62)
	at java.base/jdk.internal.reflect.DelegatingMethodAccessorImpl.invoke(DelegatingMethodAccessorImpl.java:43)
	at java.base/java.lang.reflect.Method.invoke(Method.java:566)
	at org.gradle.internal.dispatch.ReflectionDispatch.dispatch(ReflectionDispatch.java:36)
	at org.gradle.internal.dispatch.ReflectionDispatch.dispatch(ReflectionDispatch.java:24)
	at org.gradle.internal.remote.internal.hub.MessageHubBackedObjectConnection$DispatchWrapper.dispatch(MessageHubBackedObjectConnection.java:182)
	at org.gradle.internal.remote.internal.hub.MessageHubBackedObjectConnection$DispatchWrapper.dispatch(MessageHubBackedObjectConnection.java:164)
	at org.gradle.internal.remote.internal.hub.MessageHub$Handler.run(MessageHub.java:412)
	at org.gradle.internal.concurrent.ExecutorPolicy$CatchAndRecordFailures.onExecute(ExecutorPolicy.java:64)
	at org.gradle.internal.concurrent.ManagedExecutorImpl$1.run(ManagedExecutorImpl.java:48)
	at java.base/java.util.concurrent.ThreadPoolExecutor.runWorker(ThreadPoolExecutor.java:1128)
	at java.base/java.util.concurrent.ThreadPoolExecutor$Worker.run(ThreadPoolExecutor.java:628)
	at org.gradle.internal.concurrent.ThreadFactoryImpl$ManagedThreadRunnable.run(ThreadFactoryImpl.java:56)
	at java.base/java.lang.Thread.run(Thread.java:834)
</failure>
  </testcase>
  <testcase name="Step Backward" classname="ca.mcgill.ecse223.quoridor.features.CucumberTestsRunner" time="0.014">
    <failure message="org.opentest4j.MultipleFailuresError: Multiple Failures (9 failures)&#13;&#10;&#9;io.cucumber.junit.UndefinedThrowable: The step &quot;The game is in replay mode&quot; is undefined&#13;&#10;&#9;io.cucumber.junit.UndefinedThrowable: The step &quot;The following moves have been played in game:&quot; is undefined&#13;&#10;&#9;io.cucumber.junit.UndefinedThrowable: The step &quot;The next move is 1.2&quot; is undefined&#13;&#10;&#9;io.cucumber.junit.UndefinedThrowable: The step &quot;Step backward is initiated&quot; is undefined&#13;&#10;&#9;io.cucumber.junit.UndefinedThrowable: The step &quot;The next move shall be 1.1&quot; is undefined&#13;&#10;&#9;io.cucumber.junit.UndefinedThrowable: The step &quot;White player's position shall be (9,5)&quot; is undefined&#13;&#10;&#9;io.cucumber.junit.UndefinedThrowable: The step &quot;Black player's position shall be (1,5)&quot; is undefined&#13;&#10;&#9;io.cucumber.junit.UndefinedThrowable: The step &quot;White has &lt;wwallno&gt; on stock&quot; is undefined&#13;&#10;&#9;io.cucumber.junit.UndefinedThrowable: The step &quot;Black has 10 on stock&quot; is undefined" type="org.opentest4j.MultipleFailuresError">org.opentest4j.MultipleFailuresError: Multiple Failures (9 failures)
	io.cucumber.junit.UndefinedThrowable: The step &quot;The game is in replay mode&quot; is undefined
	io.cucumber.junit.UndefinedThrowable: The step &quot;The following moves have been played in game:&quot; is undefined
	io.cucumber.junit.UndefinedThrowable: The step &quot;The next move is 1.2&quot; is undefined
	io.cucumber.junit.UndefinedThrowable: The step &quot;Step backward is initiated&quot; is undefined
	io.cucumber.junit.UndefinedThrowable: The step &quot;The next move shall be 1.1&quot; is undefined
	io.cucumber.junit.UndefinedThrowable: The step &quot;White player's position shall be (9,5)&quot; is undefined
	io.cucumber.junit.UndefinedThrowable: The step &quot;Black player's position shall be (1,5)&quot; is undefined
	io.cucumber.junit.UndefinedThrowable: The step &quot;White has &lt;wwallno&gt; on stock&quot; is undefined
	io.cucumber.junit.UndefinedThrowable: The step &quot;Black has 10 on stock&quot; is undefined
	at org.junit.vintage.engine.execution.TestRun.getStoredResultOrSuccessful(TestRun.java:179)
	at org.junit.vintage.engine.execution.RunListenerAdapter.fireExecutionFinished(RunListenerAdapter.java:211)
	at org.junit.vintage.engine.execution.RunListenerAdapter.testFinished(RunListenerAdapter.java:177)
	at org.junit.vintage.engine.execution.RunListenerAdapter.testFinished(RunListenerAdapter.java:76)
	at org.junit.runner.notification.SynchronizedRunListener.testFinished(SynchronizedRunListener.java:56)
	at org.junit.runner.notification.RunNotifier$7.notifyListener(RunNotifier.java:190)
	at org.junit.runner.notification.RunNotifier$SafeNotifier.run(RunNotifier.java:72)
	at org.junit.runner.notification.RunNotifier.fireTestFinished(RunNotifier.java:187)
	at io.cucumber.junit.JUnitReporter$EachTestNotifier.fireTestFinished(JUnitReporter.java:253)
	at io.cucumber.junit.JUnitReporter.handleTestCaseResult(JUnitReporter.java:178)
	at io.cucumber.junit.JUnitReporter$4.receive(JUnitReporter.java:66)
	at io.cucumber.junit.JUnitReporter$4.receive(JUnitReporter.java:62)
	at cucumber.runner.AbstractEventPublisher.send(AbstractEventPublisher.java:45)
	at cucumber.runner.AbstractEventBus.send(AbstractEventBus.java:9)
	at cucumber.runner.ThreadLocalRunnerSupplier$LocalEventBus.send(ThreadLocalRunnerSupplier.java:60)
	at cucumber.runner.TestCase.run(TestCase.java:55)
	at cucumber.runner.Runner.runPickle(Runner.java:50)
	at io.cucumber.junit.PickleRunners$NoStepDescriptions.run(PickleRunners.java:146)
	at io.cucumber.junit.FeatureRunner.runChild(FeatureRunner.java:68)
	at io.cucumber.junit.FeatureRunner.runChild(FeatureRunner.java:23)
	at org.junit.runners.ParentRunner$3.run(ParentRunner.java:290)
	at org.junit.runners.ParentRunner$1.schedule(ParentRunner.java:71)
	at org.junit.runners.ParentRunner.runChildren(ParentRunner.java:288)
	at org.junit.runners.ParentRunner.access$000(ParentRunner.java:58)
	at org.junit.runners.ParentRunner$2.evaluate(ParentRunner.java:268)
	at org.junit.runners.ParentRunner.run(ParentRunner.java:363)
	at io.cucumber.junit.Cucumber.runChild(Cucumber.java:144)
	at io.cucumber.junit.Cucumber.runChild(Cucumber.java:65)
	at org.junit.runners.ParentRunner$3.run(ParentRunner.java:290)
	at org.junit.runners.ParentRunner$1.schedule(ParentRunner.java:71)
	at org.junit.runners.ParentRunner.runChildren(ParentRunner.java:288)
	at org.junit.runners.ParentRunner.access$000(ParentRunner.java:58)
	at org.junit.runners.ParentRunner$2.evaluate(ParentRunner.java:268)
	at io.cucumber.junit.Cucumber$RunCucumber.evaluate(Cucumber.java:174)
	at org.junit.runners.ParentRunner.run(ParentRunner.java:363)
	at org.junit.runner.JUnitCore.run(JUnitCore.java:137)
	at org.junit.runner.JUnitCore.run(JUnitCore.java:115)
	at org.junit.vintage.engine.execution.RunnerExecutor.execute(RunnerExecutor.java:40)
	at java.base/java.util.stream.ForEachOps$ForEachOp$OfRef.accept(ForEachOps.java:183)
	at java.base/java.util.stream.ReferencePipeline$3$1.accept(ReferencePipeline.java:195)
	at java.base/java.util.Iterator.forEachRemaining(Iterator.java:133)
	at java.base/java.util.Spliterators$IteratorSpliterator.forEachRemaining(Spliterators.java:1801)
	at java.base/java.util.stream.AbstractPipeline.copyInto(AbstractPipeline.java:484)
	at java.base/java.util.stream.AbstractPipeline.wrapAndCopyInto(AbstractPipeline.java:474)
	at java.base/java.util.stream.ForEachOps$ForEachOp.evaluateSequential(ForEachOps.java:150)
	at java.base/java.util.stream.ForEachOps$ForEachOp$OfRef.evaluateSequential(ForEachOps.java:173)
	at java.base/java.util.stream.AbstractPipeline.evaluate(AbstractPipeline.java:234)
	at java.base/java.util.stream.ReferencePipeline.forEach(ReferencePipeline.java:497)
	at org.junit.vintage.engine.VintageTestEngine.executeAllChildren(VintageTestEngine.java:80)
	at org.junit.vintage.engine.VintageTestEngine.execute(VintageTestEngine.java:71)
	at org.junit.platform.launcher.core.DefaultLauncher.execute(DefaultLauncher.java:220)
	at org.junit.platform.launcher.core.DefaultLauncher.lambda$execute$6(DefaultLauncher.java:188)
	at org.junit.platform.launcher.core.DefaultLauncher.withInterceptedStreams(DefaultLauncher.java:202)
	at org.junit.platform.launcher.core.DefaultLauncher.execute(DefaultLauncher.java:181)
	at org.junit.platform.launcher.core.DefaultLauncher.execute(DefaultLauncher.java:128)
	at org.gradle.api.internal.tasks.testing.junitplatform.JUnitPlatformTestClassProcessor$CollectAllTestClassesExecutor.processAllTestClasses(JUnitPlatformTestClassProcessor.java:102)
	at org.gradle.api.internal.tasks.testing.junitplatform.JUnitPlatformTestClassProcessor$CollectAllTestClassesExecutor.access$000(JUnitPlatformTestClassProcessor.java:82)
	at org.gradle.api.internal.tasks.testing.junitplatform.JUnitPlatformTestClassProcessor.stop(JUnitPlatformTestClassProcessor.java:78)
	at org.gradle.api.internal.tasks.testing.SuiteTestClassProcessor.stop(SuiteTestClassProcessor.java:61)
	at java.base/jdk.internal.reflect.NativeMethodAccessorImpl.invoke0(Native Method)
	at java.base/jdk.internal.reflect.NativeMethodAccessorImpl.invoke(NativeMethodAccessorImpl.java:62)
	at java.base/jdk.internal.reflect.DelegatingMethodAccessorImpl.invoke(DelegatingMethodAccessorImpl.java:43)
	at java.base/java.lang.reflect.Method.invoke(Method.java:566)
	at org.gradle.internal.dispatch.ReflectionDispatch.dispatch(ReflectionDispatch.java:36)
	at org.gradle.internal.dispatch.ReflectionDispatch.dispatch(ReflectionDispatch.java:24)
	at org.gradle.internal.dispatch.ContextClassLoaderDispatch.dispatch(ContextClassLoaderDispatch.java:33)
	at org.gradle.internal.dispatch.ProxyDispatchAdapter$DispatchingInvocationHandler.invoke(ProxyDispatchAdapter.java:94)
	at com.sun.proxy.$Proxy2.stop(Unknown Source)
	at org.gradle.api.internal.tasks.testing.worker.TestWorker.stop(TestWorker.java:132)
	at java.base/jdk.internal.reflect.NativeMethodAccessorImpl.invoke0(Native Method)
	at java.base/jdk.internal.reflect.NativeMethodAccessorImpl.invoke(NativeMethodAccessorImpl.java:62)
	at java.base/jdk.internal.reflect.DelegatingMethodAccessorImpl.invoke(DelegatingMethodAccessorImpl.java:43)
	at java.base/java.lang.reflect.Method.invoke(Method.java:566)
	at org.gradle.internal.dispatch.ReflectionDispatch.dispatch(ReflectionDispatch.java:36)
	at org.gradle.internal.dispatch.ReflectionDispatch.dispatch(ReflectionDispatch.java:24)
	at org.gradle.internal.remote.internal.hub.MessageHubBackedObjectConnection$DispatchWrapper.dispatch(MessageHubBackedObjectConnection.java:182)
	at org.gradle.internal.remote.internal.hub.MessageHubBackedObjectConnection$DispatchWrapper.dispatch(MessageHubBackedObjectConnection.java:164)
	at org.gradle.internal.remote.internal.hub.MessageHub$Handler.run(MessageHub.java:412)
	at org.gradle.internal.concurrent.ExecutorPolicy$CatchAndRecordFailures.onExecute(ExecutorPolicy.java:64)
	at org.gradle.internal.concurrent.ManagedExecutorImpl$1.run(ManagedExecutorImpl.java:48)
	at java.base/java.util.concurrent.ThreadPoolExecutor.runWorker(ThreadPoolExecutor.java:1128)
	at java.base/java.util.concurrent.ThreadPoolExecutor$Worker.run(ThreadPoolExecutor.java:628)
	at org.gradle.internal.concurrent.ThreadFactoryImpl$ManagedThreadRunnable.run(ThreadFactoryImpl.java:56)
	at java.base/java.lang.Thread.run(Thread.java:834)
</failure>
  </testcase>
  <testcase name="Step Backward" classname="ca.mcgill.ecse223.quoridor.features.CucumberTestsRunner" time="0.081">
    <failure message="org.opentest4j.MultipleFailuresError: Multiple Failures (9 failures)&#13;&#10;&#9;io.cucumber.junit.UndefinedThrowable: The step &quot;The game is in replay mode&quot; is undefined&#13;&#10;&#9;io.cucumber.junit.UndefinedThrowable: The step &quot;The following moves have been played in game:&quot; is undefined&#13;&#10;&#9;io.cucumber.junit.UndefinedThrowable: The step &quot;The next move is 2.1&quot; is undefined&#13;&#10;&#9;io.cucumber.junit.UndefinedThrowable: The step &quot;Step backward is initiated&quot; is undefined&#13;&#10;&#9;io.cucumber.junit.UndefinedThrowable: The step &quot;The next move shall be 1.2&quot; is undefined&#13;&#10;&#9;io.cucumber.junit.UndefinedThrowable: The step &quot;White player's position shall be (8,5)&quot; is undefined&#13;&#10;&#9;io.cucumber.junit.UndefinedThrowable: The step &quot;Black player's position shall be (1,5)&quot; is undefined&#13;&#10;&#9;io.cucumber.junit.UndefinedThrowable: The step &quot;White has &lt;wwallno&gt; on stock&quot; is undefined&#13;&#10;&#9;io.cucumber.junit.UndefinedThrowable: The step &quot;Black has 10 on stock&quot; is undefined" type="org.opentest4j.MultipleFailuresError">org.opentest4j.MultipleFailuresError: Multiple Failures (9 failures)
	io.cucumber.junit.UndefinedThrowable: The step &quot;The game is in replay mode&quot; is undefined
	io.cucumber.junit.UndefinedThrowable: The step &quot;The following moves have been played in game:&quot; is undefined
	io.cucumber.junit.UndefinedThrowable: The step &quot;The next move is 2.1&quot; is undefined
	io.cucumber.junit.UndefinedThrowable: The step &quot;Step backward is initiated&quot; is undefined
	io.cucumber.junit.UndefinedThrowable: The step &quot;The next move shall be 1.2&quot; is undefined
	io.cucumber.junit.UndefinedThrowable: The step &quot;White player's position shall be (8,5)&quot; is undefined
	io.cucumber.junit.UndefinedThrowable: The step &quot;Black player's position shall be (1,5)&quot; is undefined
	io.cucumber.junit.UndefinedThrowable: The step &quot;White has &lt;wwallno&gt; on stock&quot; is undefined
	io.cucumber.junit.UndefinedThrowable: The step &quot;Black has 10 on stock&quot; is undefined
	at org.junit.vintage.engine.execution.TestRun.getStoredResultOrSuccessful(TestRun.java:179)
	at org.junit.vintage.engine.execution.RunListenerAdapter.fireExecutionFinished(RunListenerAdapter.java:211)
	at org.junit.vintage.engine.execution.RunListenerAdapter.testFinished(RunListenerAdapter.java:177)
	at org.junit.vintage.engine.execution.RunListenerAdapter.testFinished(RunListenerAdapter.java:76)
	at org.junit.runner.notification.SynchronizedRunListener.testFinished(SynchronizedRunListener.java:56)
	at org.junit.runner.notification.RunNotifier$7.notifyListener(RunNotifier.java:190)
	at org.junit.runner.notification.RunNotifier$SafeNotifier.run(RunNotifier.java:72)
	at org.junit.runner.notification.RunNotifier.fireTestFinished(RunNotifier.java:187)
	at io.cucumber.junit.JUnitReporter$EachTestNotifier.fireTestFinished(JUnitReporter.java:253)
	at io.cucumber.junit.JUnitReporter.handleTestCaseResult(JUnitReporter.java:178)
	at io.cucumber.junit.JUnitReporter$4.receive(JUnitReporter.java:66)
	at io.cucumber.junit.JUnitReporter$4.receive(JUnitReporter.java:62)
	at cucumber.runner.AbstractEventPublisher.send(AbstractEventPublisher.java:45)
	at cucumber.runner.AbstractEventBus.send(AbstractEventBus.java:9)
	at cucumber.runner.ThreadLocalRunnerSupplier$LocalEventBus.send(ThreadLocalRunnerSupplier.java:60)
	at cucumber.runner.TestCase.run(TestCase.java:55)
	at cucumber.runner.Runner.runPickle(Runner.java:50)
	at io.cucumber.junit.PickleRunners$NoStepDescriptions.run(PickleRunners.java:146)
	at io.cucumber.junit.FeatureRunner.runChild(FeatureRunner.java:68)
	at io.cucumber.junit.FeatureRunner.runChild(FeatureRunner.java:23)
	at org.junit.runners.ParentRunner$3.run(ParentRunner.java:290)
	at org.junit.runners.ParentRunner$1.schedule(ParentRunner.java:71)
	at org.junit.runners.ParentRunner.runChildren(ParentRunner.java:288)
	at org.junit.runners.ParentRunner.access$000(ParentRunner.java:58)
	at org.junit.runners.ParentRunner$2.evaluate(ParentRunner.java:268)
	at org.junit.runners.ParentRunner.run(ParentRunner.java:363)
	at io.cucumber.junit.Cucumber.runChild(Cucumber.java:144)
	at io.cucumber.junit.Cucumber.runChild(Cucumber.java:65)
	at org.junit.runners.ParentRunner$3.run(ParentRunner.java:290)
	at org.junit.runners.ParentRunner$1.schedule(ParentRunner.java:71)
	at org.junit.runners.ParentRunner.runChildren(ParentRunner.java:288)
	at org.junit.runners.ParentRunner.access$000(ParentRunner.java:58)
	at org.junit.runners.ParentRunner$2.evaluate(ParentRunner.java:268)
	at io.cucumber.junit.Cucumber$RunCucumber.evaluate(Cucumber.java:174)
	at org.junit.runners.ParentRunner.run(ParentRunner.java:363)
	at org.junit.runner.JUnitCore.run(JUnitCore.java:137)
	at org.junit.runner.JUnitCore.run(JUnitCore.java:115)
	at org.junit.vintage.engine.execution.RunnerExecutor.execute(RunnerExecutor.java:40)
	at java.base/java.util.stream.ForEachOps$ForEachOp$OfRef.accept(ForEachOps.java:183)
	at java.base/java.util.stream.ReferencePipeline$3$1.accept(ReferencePipeline.java:195)
	at java.base/java.util.Iterator.forEachRemaining(Iterator.java:133)
	at java.base/java.util.Spliterators$IteratorSpliterator.forEachRemaining(Spliterators.java:1801)
	at java.base/java.util.stream.AbstractPipeline.copyInto(AbstractPipeline.java:484)
	at java.base/java.util.stream.AbstractPipeline.wrapAndCopyInto(AbstractPipeline.java:474)
	at java.base/java.util.stream.ForEachOps$ForEachOp.evaluateSequential(ForEachOps.java:150)
	at java.base/java.util.stream.ForEachOps$ForEachOp$OfRef.evaluateSequential(ForEachOps.java:173)
	at java.base/java.util.stream.AbstractPipeline.evaluate(AbstractPipeline.java:234)
	at java.base/java.util.stream.ReferencePipeline.forEach(ReferencePipeline.java:497)
	at org.junit.vintage.engine.VintageTestEngine.executeAllChildren(VintageTestEngine.java:80)
	at org.junit.vintage.engine.VintageTestEngine.execute(VintageTestEngine.java:71)
	at org.junit.platform.launcher.core.DefaultLauncher.execute(DefaultLauncher.java:220)
	at org.junit.platform.launcher.core.DefaultLauncher.lambda$execute$6(DefaultLauncher.java:188)
	at org.junit.platform.launcher.core.DefaultLauncher.withInterceptedStreams(DefaultLauncher.java:202)
	at org.junit.platform.launcher.core.DefaultLauncher.execute(DefaultLauncher.java:181)
	at org.junit.platform.launcher.core.DefaultLauncher.execute(DefaultLauncher.java:128)
	at org.gradle.api.internal.tasks.testing.junitplatform.JUnitPlatformTestClassProcessor$CollectAllTestClassesExecutor.processAllTestClasses(JUnitPlatformTestClassProcessor.java:102)
	at org.gradle.api.internal.tasks.testing.junitplatform.JUnitPlatformTestClassProcessor$CollectAllTestClassesExecutor.access$000(JUnitPlatformTestClassProcessor.java:82)
	at org.gradle.api.internal.tasks.testing.junitplatform.JUnitPlatformTestClassProcessor.stop(JUnitPlatformTestClassProcessor.java:78)
	at org.gradle.api.internal.tasks.testing.SuiteTestClassProcessor.stop(SuiteTestClassProcessor.java:61)
	at java.base/jdk.internal.reflect.NativeMethodAccessorImpl.invoke0(Native Method)
	at java.base/jdk.internal.reflect.NativeMethodAccessorImpl.invoke(NativeMethodAccessorImpl.java:62)
	at java.base/jdk.internal.reflect.DelegatingMethodAccessorImpl.invoke(DelegatingMethodAccessorImpl.java:43)
	at java.base/java.lang.reflect.Method.invoke(Method.java:566)
	at org.gradle.internal.dispatch.ReflectionDispatch.dispatch(ReflectionDispatch.java:36)
	at org.gradle.internal.dispatch.ReflectionDispatch.dispatch(ReflectionDispatch.java:24)
	at org.gradle.internal.dispatch.ContextClassLoaderDispatch.dispatch(ContextClassLoaderDispatch.java:33)
	at org.gradle.internal.dispatch.ProxyDispatchAdapter$DispatchingInvocationHandler.invoke(ProxyDispatchAdapter.java:94)
	at com.sun.proxy.$Proxy2.stop(Unknown Source)
	at org.gradle.api.internal.tasks.testing.worker.TestWorker.stop(TestWorker.java:132)
	at java.base/jdk.internal.reflect.NativeMethodAccessorImpl.invoke0(Native Method)
	at java.base/jdk.internal.reflect.NativeMethodAccessorImpl.invoke(NativeMethodAccessorImpl.java:62)
	at java.base/jdk.internal.reflect.DelegatingMethodAccessorImpl.invoke(DelegatingMethodAccessorImpl.java:43)
	at java.base/java.lang.reflect.Method.invoke(Method.java:566)
	at org.gradle.internal.dispatch.ReflectionDispatch.dispatch(ReflectionDispatch.java:36)
	at org.gradle.internal.dispatch.ReflectionDispatch.dispatch(ReflectionDispatch.java:24)
	at org.gradle.internal.remote.internal.hub.MessageHubBackedObjectConnection$DispatchWrapper.dispatch(MessageHubBackedObjectConnection.java:182)
	at org.gradle.internal.remote.internal.hub.MessageHubBackedObjectConnection$DispatchWrapper.dispatch(MessageHubBackedObjectConnection.java:164)
	at org.gradle.internal.remote.internal.hub.MessageHub$Handler.run(MessageHub.java:412)
	at org.gradle.internal.concurrent.ExecutorPolicy$CatchAndRecordFailures.onExecute(ExecutorPolicy.java:64)
	at org.gradle.internal.concurrent.ManagedExecutorImpl$1.run(ManagedExecutorImpl.java:48)
	at java.base/java.util.concurrent.ThreadPoolExecutor.runWorker(ThreadPoolExecutor.java:1128)
	at java.base/java.util.concurrent.ThreadPoolExecutor$Worker.run(ThreadPoolExecutor.java:628)
	at org.gradle.internal.concurrent.ThreadFactoryImpl$ManagedThreadRunnable.run(ThreadFactoryImpl.java:56)
	at java.base/java.lang.Thread.run(Thread.java:834)
</failure>
  </testcase>
  <testcase name="Step Backward" classname="ca.mcgill.ecse223.quoridor.features.CucumberTestsRunner" time="0.01">
    <failure message="org.opentest4j.MultipleFailuresError: Multiple Failures (9 failures)&#13;&#10;&#9;io.cucumber.junit.UndefinedThrowable: The step &quot;The game is in replay mode&quot; is undefined&#13;&#10;&#9;io.cucumber.junit.UndefinedThrowable: The step &quot;The following moves have been played in game:&quot; is undefined&#13;&#10;&#9;io.cucumber.junit.UndefinedThrowable: The step &quot;The next move is 2.2&quot; is undefined&#13;&#10;&#9;io.cucumber.junit.UndefinedThrowable: The step &quot;Step backward is initiated&quot; is undefined&#13;&#10;&#9;io.cucumber.junit.UndefinedThrowable: The step &quot;The next move shall be 2.1&quot; is undefined&#13;&#10;&#9;io.cucumber.junit.UndefinedThrowable: The step &quot;White player's position shall be (8,5)&quot; is undefined&#13;&#10;&#9;io.cucumber.junit.UndefinedThrowable: The step &quot;Black player's position shall be (2,5)&quot; is undefined&#13;&#10;&#9;io.cucumber.junit.UndefinedThrowable: The step &quot;White has &lt;wwallno&gt; on stock&quot; is undefined&#13;&#10;&#9;io.cucumber.junit.UndefinedThrowable: The step &quot;Black has 10 on stock&quot; is undefined" type="org.opentest4j.MultipleFailuresError">org.opentest4j.MultipleFailuresError: Multiple Failures (9 failures)
	io.cucumber.junit.UndefinedThrowable: The step &quot;The game is in replay mode&quot; is undefined
	io.cucumber.junit.UndefinedThrowable: The step &quot;The following moves have been played in game:&quot; is undefined
	io.cucumber.junit.UndefinedThrowable: The step &quot;The next move is 2.2&quot; is undefined
	io.cucumber.junit.UndefinedThrowable: The step &quot;Step backward is initiated&quot; is undefined
	io.cucumber.junit.UndefinedThrowable: The step &quot;The next move shall be 2.1&quot; is undefined
	io.cucumber.junit.UndefinedThrowable: The step &quot;White player's position shall be (8,5)&quot; is undefined
	io.cucumber.junit.UndefinedThrowable: The step &quot;Black player's position shall be (2,5)&quot; is undefined
	io.cucumber.junit.UndefinedThrowable: The step &quot;White has &lt;wwallno&gt; on stock&quot; is undefined
	io.cucumber.junit.UndefinedThrowable: The step &quot;Black has 10 on stock&quot; is undefined
	at org.junit.vintage.engine.execution.TestRun.getStoredResultOrSuccessful(TestRun.java:179)
	at org.junit.vintage.engine.execution.RunListenerAdapter.fireExecutionFinished(RunListenerAdapter.java:211)
	at org.junit.vintage.engine.execution.RunListenerAdapter.testFinished(RunListenerAdapter.java:177)
	at org.junit.vintage.engine.execution.RunListenerAdapter.testFinished(RunListenerAdapter.java:76)
	at org.junit.runner.notification.SynchronizedRunListener.testFinished(SynchronizedRunListener.java:56)
	at org.junit.runner.notification.RunNotifier$7.notifyListener(RunNotifier.java:190)
	at org.junit.runner.notification.RunNotifier$SafeNotifier.run(RunNotifier.java:72)
	at org.junit.runner.notification.RunNotifier.fireTestFinished(RunNotifier.java:187)
	at io.cucumber.junit.JUnitReporter$EachTestNotifier.fireTestFinished(JUnitReporter.java:253)
	at io.cucumber.junit.JUnitReporter.handleTestCaseResult(JUnitReporter.java:178)
	at io.cucumber.junit.JUnitReporter$4.receive(JUnitReporter.java:66)
	at io.cucumber.junit.JUnitReporter$4.receive(JUnitReporter.java:62)
	at cucumber.runner.AbstractEventPublisher.send(AbstractEventPublisher.java:45)
	at cucumber.runner.AbstractEventBus.send(AbstractEventBus.java:9)
	at cucumber.runner.ThreadLocalRunnerSupplier$LocalEventBus.send(ThreadLocalRunnerSupplier.java:60)
	at cucumber.runner.TestCase.run(TestCase.java:55)
	at cucumber.runner.Runner.runPickle(Runner.java:50)
	at io.cucumber.junit.PickleRunners$NoStepDescriptions.run(PickleRunners.java:146)
	at io.cucumber.junit.FeatureRunner.runChild(FeatureRunner.java:68)
	at io.cucumber.junit.FeatureRunner.runChild(FeatureRunner.java:23)
	at org.junit.runners.ParentRunner$3.run(ParentRunner.java:290)
	at org.junit.runners.ParentRunner$1.schedule(ParentRunner.java:71)
	at org.junit.runners.ParentRunner.runChildren(ParentRunner.java:288)
	at org.junit.runners.ParentRunner.access$000(ParentRunner.java:58)
	at org.junit.runners.ParentRunner$2.evaluate(ParentRunner.java:268)
	at org.junit.runners.ParentRunner.run(ParentRunner.java:363)
	at io.cucumber.junit.Cucumber.runChild(Cucumber.java:144)
	at io.cucumber.junit.Cucumber.runChild(Cucumber.java:65)
	at org.junit.runners.ParentRunner$3.run(ParentRunner.java:290)
	at org.junit.runners.ParentRunner$1.schedule(ParentRunner.java:71)
	at org.junit.runners.ParentRunner.runChildren(ParentRunner.java:288)
	at org.junit.runners.ParentRunner.access$000(ParentRunner.java:58)
	at org.junit.runners.ParentRunner$2.evaluate(ParentRunner.java:268)
	at io.cucumber.junit.Cucumber$RunCucumber.evaluate(Cucumber.java:174)
	at org.junit.runners.ParentRunner.run(ParentRunner.java:363)
	at org.junit.runner.JUnitCore.run(JUnitCore.java:137)
	at org.junit.runner.JUnitCore.run(JUnitCore.java:115)
	at org.junit.vintage.engine.execution.RunnerExecutor.execute(RunnerExecutor.java:40)
	at java.base/java.util.stream.ForEachOps$ForEachOp$OfRef.accept(ForEachOps.java:183)
	at java.base/java.util.stream.ReferencePipeline$3$1.accept(ReferencePipeline.java:195)
	at java.base/java.util.Iterator.forEachRemaining(Iterator.java:133)
	at java.base/java.util.Spliterators$IteratorSpliterator.forEachRemaining(Spliterators.java:1801)
	at java.base/java.util.stream.AbstractPipeline.copyInto(AbstractPipeline.java:484)
	at java.base/java.util.stream.AbstractPipeline.wrapAndCopyInto(AbstractPipeline.java:474)
	at java.base/java.util.stream.ForEachOps$ForEachOp.evaluateSequential(ForEachOps.java:150)
	at java.base/java.util.stream.ForEachOps$ForEachOp$OfRef.evaluateSequential(ForEachOps.java:173)
	at java.base/java.util.stream.AbstractPipeline.evaluate(AbstractPipeline.java:234)
	at java.base/java.util.stream.ReferencePipeline.forEach(ReferencePipeline.java:497)
	at org.junit.vintage.engine.VintageTestEngine.executeAllChildren(VintageTestEngine.java:80)
	at org.junit.vintage.engine.VintageTestEngine.execute(VintageTestEngine.java:71)
	at org.junit.platform.launcher.core.DefaultLauncher.execute(DefaultLauncher.java:220)
	at org.junit.platform.launcher.core.DefaultLauncher.lambda$execute$6(DefaultLauncher.java:188)
	at org.junit.platform.launcher.core.DefaultLauncher.withInterceptedStreams(DefaultLauncher.java:202)
	at org.junit.platform.launcher.core.DefaultLauncher.execute(DefaultLauncher.java:181)
	at org.junit.platform.launcher.core.DefaultLauncher.execute(DefaultLauncher.java:128)
	at org.gradle.api.internal.tasks.testing.junitplatform.JUnitPlatformTestClassProcessor$CollectAllTestClassesExecutor.processAllTestClasses(JUnitPlatformTestClassProcessor.java:102)
	at org.gradle.api.internal.tasks.testing.junitplatform.JUnitPlatformTestClassProcessor$CollectAllTestClassesExecutor.access$000(JUnitPlatformTestClassProcessor.java:82)
	at org.gradle.api.internal.tasks.testing.junitplatform.JUnitPlatformTestClassProcessor.stop(JUnitPlatformTestClassProcessor.java:78)
	at org.gradle.api.internal.tasks.testing.SuiteTestClassProcessor.stop(SuiteTestClassProcessor.java:61)
	at java.base/jdk.internal.reflect.NativeMethodAccessorImpl.invoke0(Native Method)
	at java.base/jdk.internal.reflect.NativeMethodAccessorImpl.invoke(NativeMethodAccessorImpl.java:62)
	at java.base/jdk.internal.reflect.DelegatingMethodAccessorImpl.invoke(DelegatingMethodAccessorImpl.java:43)
	at java.base/java.lang.reflect.Method.invoke(Method.java:566)
	at org.gradle.internal.dispatch.ReflectionDispatch.dispatch(ReflectionDispatch.java:36)
	at org.gradle.internal.dispatch.ReflectionDispatch.dispatch(ReflectionDispatch.java:24)
	at org.gradle.internal.dispatch.ContextClassLoaderDispatch.dispatch(ContextClassLoaderDispatch.java:33)
	at org.gradle.internal.dispatch.ProxyDispatchAdapter$DispatchingInvocationHandler.invoke(ProxyDispatchAdapter.java:94)
	at com.sun.proxy.$Proxy2.stop(Unknown Source)
	at org.gradle.api.internal.tasks.testing.worker.TestWorker.stop(TestWorker.java:132)
	at java.base/jdk.internal.reflect.NativeMethodAccessorImpl.invoke0(Native Method)
	at java.base/jdk.internal.reflect.NativeMethodAccessorImpl.invoke(NativeMethodAccessorImpl.java:62)
	at java.base/jdk.internal.reflect.DelegatingMethodAccessorImpl.invoke(DelegatingMethodAccessorImpl.java:43)
	at java.base/java.lang.reflect.Method.invoke(Method.java:566)
	at org.gradle.internal.dispatch.ReflectionDispatch.dispatch(ReflectionDispatch.java:36)
	at org.gradle.internal.dispatch.ReflectionDispatch.dispatch(ReflectionDispatch.java:24)
	at org.gradle.internal.remote.internal.hub.MessageHubBackedObjectConnection$DispatchWrapper.dispatch(MessageHubBackedObjectConnection.java:182)
	at org.gradle.internal.remote.internal.hub.MessageHubBackedObjectConnection$DispatchWrapper.dispatch(MessageHubBackedObjectConnection.java:164)
	at org.gradle.internal.remote.internal.hub.MessageHub$Handler.run(MessageHub.java:412)
	at org.gradle.internal.concurrent.ExecutorPolicy$CatchAndRecordFailures.onExecute(ExecutorPolicy.java:64)
	at org.gradle.internal.concurrent.ManagedExecutorImpl$1.run(ManagedExecutorImpl.java:48)
	at java.base/java.util.concurrent.ThreadPoolExecutor.runWorker(ThreadPoolExecutor.java:1128)
	at java.base/java.util.concurrent.ThreadPoolExecutor$Worker.run(ThreadPoolExecutor.java:628)
	at org.gradle.internal.concurrent.ThreadFactoryImpl$ManagedThreadRunnable.run(ThreadFactoryImpl.java:56)
	at java.base/java.lang.Thread.run(Thread.java:834)
</failure>
  </testcase>
  <testcase name="Step Backward" classname="ca.mcgill.ecse223.quoridor.features.CucumberTestsRunner" time="0.048">
    <failure message="org.opentest4j.MultipleFailuresError: Multiple Failures (9 failures)&#13;&#10;&#9;io.cucumber.junit.UndefinedThrowable: The step &quot;The game is in replay mode&quot; is undefined&#13;&#10;&#9;io.cucumber.junit.UndefinedThrowable: The step &quot;The following moves have been played in game:&quot; is undefined&#13;&#10;&#9;io.cucumber.junit.UndefinedThrowable: The step &quot;The next move is 3.1&quot; is undefined&#13;&#10;&#9;io.cucumber.junit.UndefinedThrowable: The step &quot;Step backward is initiated&quot; is undefined&#13;&#10;&#9;io.cucumber.junit.UndefinedThrowable: The step &quot;The next move shall be 2.2&quot; is undefined&#13;&#10;&#9;io.cucumber.junit.UndefinedThrowable: The step &quot;White player's position shall be (7,5)&quot; is undefined&#13;&#10;&#9;io.cucumber.junit.UndefinedThrowable: The step &quot;Black player's position shall be (2,5)&quot; is undefined&#13;&#10;&#9;io.cucumber.junit.UndefinedThrowable: The step &quot;White has &lt;wwallno&gt; on stock&quot; is undefined&#13;&#10;&#9;io.cucumber.junit.UndefinedThrowable: The step &quot;Black has 10 on stock&quot; is undefined" type="org.opentest4j.MultipleFailuresError">org.opentest4j.MultipleFailuresError: Multiple Failures (9 failures)
	io.cucumber.junit.UndefinedThrowable: The step &quot;The game is in replay mode&quot; is undefined
	io.cucumber.junit.UndefinedThrowable: The step &quot;The following moves have been played in game:&quot; is undefined
	io.cucumber.junit.UndefinedThrowable: The step &quot;The next move is 3.1&quot; is undefined
	io.cucumber.junit.UndefinedThrowable: The step &quot;Step backward is initiated&quot; is undefined
	io.cucumber.junit.UndefinedThrowable: The step &quot;The next move shall be 2.2&quot; is undefined
	io.cucumber.junit.UndefinedThrowable: The step &quot;White player's position shall be (7,5)&quot; is undefined
	io.cucumber.junit.UndefinedThrowable: The step &quot;Black player's position shall be (2,5)&quot; is undefined
	io.cucumber.junit.UndefinedThrowable: The step &quot;White has &lt;wwallno&gt; on stock&quot; is undefined
	io.cucumber.junit.UndefinedThrowable: The step &quot;Black has 10 on stock&quot; is undefined
	at org.junit.vintage.engine.execution.TestRun.getStoredResultOrSuccessful(TestRun.java:179)
	at org.junit.vintage.engine.execution.RunListenerAdapter.fireExecutionFinished(RunListenerAdapter.java:211)
	at org.junit.vintage.engine.execution.RunListenerAdapter.testFinished(RunListenerAdapter.java:177)
	at org.junit.vintage.engine.execution.RunListenerAdapter.testFinished(RunListenerAdapter.java:76)
	at org.junit.runner.notification.SynchronizedRunListener.testFinished(SynchronizedRunListener.java:56)
	at org.junit.runner.notification.RunNotifier$7.notifyListener(RunNotifier.java:190)
	at org.junit.runner.notification.RunNotifier$SafeNotifier.run(RunNotifier.java:72)
	at org.junit.runner.notification.RunNotifier.fireTestFinished(RunNotifier.java:187)
	at io.cucumber.junit.JUnitReporter$EachTestNotifier.fireTestFinished(JUnitReporter.java:253)
	at io.cucumber.junit.JUnitReporter.handleTestCaseResult(JUnitReporter.java:178)
	at io.cucumber.junit.JUnitReporter$4.receive(JUnitReporter.java:66)
	at io.cucumber.junit.JUnitReporter$4.receive(JUnitReporter.java:62)
	at cucumber.runner.AbstractEventPublisher.send(AbstractEventPublisher.java:45)
	at cucumber.runner.AbstractEventBus.send(AbstractEventBus.java:9)
	at cucumber.runner.ThreadLocalRunnerSupplier$LocalEventBus.send(ThreadLocalRunnerSupplier.java:60)
	at cucumber.runner.TestCase.run(TestCase.java:55)
	at cucumber.runner.Runner.runPickle(Runner.java:50)
	at io.cucumber.junit.PickleRunners$NoStepDescriptions.run(PickleRunners.java:146)
	at io.cucumber.junit.FeatureRunner.runChild(FeatureRunner.java:68)
	at io.cucumber.junit.FeatureRunner.runChild(FeatureRunner.java:23)
	at org.junit.runners.ParentRunner$3.run(ParentRunner.java:290)
	at org.junit.runners.ParentRunner$1.schedule(ParentRunner.java:71)
	at org.junit.runners.ParentRunner.runChildren(ParentRunner.java:288)
	at org.junit.runners.ParentRunner.access$000(ParentRunner.java:58)
	at org.junit.runners.ParentRunner$2.evaluate(ParentRunner.java:268)
	at org.junit.runners.ParentRunner.run(ParentRunner.java:363)
	at io.cucumber.junit.Cucumber.runChild(Cucumber.java:144)
	at io.cucumber.junit.Cucumber.runChild(Cucumber.java:65)
	at org.junit.runners.ParentRunner$3.run(ParentRunner.java:290)
	at org.junit.runners.ParentRunner$1.schedule(ParentRunner.java:71)
	at org.junit.runners.ParentRunner.runChildren(ParentRunner.java:288)
	at org.junit.runners.ParentRunner.access$000(ParentRunner.java:58)
	at org.junit.runners.ParentRunner$2.evaluate(ParentRunner.java:268)
	at io.cucumber.junit.Cucumber$RunCucumber.evaluate(Cucumber.java:174)
	at org.junit.runners.ParentRunner.run(ParentRunner.java:363)
	at org.junit.runner.JUnitCore.run(JUnitCore.java:137)
	at org.junit.runner.JUnitCore.run(JUnitCore.java:115)
	at org.junit.vintage.engine.execution.RunnerExecutor.execute(RunnerExecutor.java:40)
	at java.base/java.util.stream.ForEachOps$ForEachOp$OfRef.accept(ForEachOps.java:183)
	at java.base/java.util.stream.ReferencePipeline$3$1.accept(ReferencePipeline.java:195)
	at java.base/java.util.Iterator.forEachRemaining(Iterator.java:133)
	at java.base/java.util.Spliterators$IteratorSpliterator.forEachRemaining(Spliterators.java:1801)
	at java.base/java.util.stream.AbstractPipeline.copyInto(AbstractPipeline.java:484)
	at java.base/java.util.stream.AbstractPipeline.wrapAndCopyInto(AbstractPipeline.java:474)
	at java.base/java.util.stream.ForEachOps$ForEachOp.evaluateSequential(ForEachOps.java:150)
	at java.base/java.util.stream.ForEachOps$ForEachOp$OfRef.evaluateSequential(ForEachOps.java:173)
	at java.base/java.util.stream.AbstractPipeline.evaluate(AbstractPipeline.java:234)
	at java.base/java.util.stream.ReferencePipeline.forEach(ReferencePipeline.java:497)
	at org.junit.vintage.engine.VintageTestEngine.executeAllChildren(VintageTestEngine.java:80)
	at org.junit.vintage.engine.VintageTestEngine.execute(VintageTestEngine.java:71)
	at org.junit.platform.launcher.core.DefaultLauncher.execute(DefaultLauncher.java:220)
	at org.junit.platform.launcher.core.DefaultLauncher.lambda$execute$6(DefaultLauncher.java:188)
	at org.junit.platform.launcher.core.DefaultLauncher.withInterceptedStreams(DefaultLauncher.java:202)
	at org.junit.platform.launcher.core.DefaultLauncher.execute(DefaultLauncher.java:181)
	at org.junit.platform.launcher.core.DefaultLauncher.execute(DefaultLauncher.java:128)
	at org.gradle.api.internal.tasks.testing.junitplatform.JUnitPlatformTestClassProcessor$CollectAllTestClassesExecutor.processAllTestClasses(JUnitPlatformTestClassProcessor.java:102)
	at org.gradle.api.internal.tasks.testing.junitplatform.JUnitPlatformTestClassProcessor$CollectAllTestClassesExecutor.access$000(JUnitPlatformTestClassProcessor.java:82)
	at org.gradle.api.internal.tasks.testing.junitplatform.JUnitPlatformTestClassProcessor.stop(JUnitPlatformTestClassProcessor.java:78)
	at org.gradle.api.internal.tasks.testing.SuiteTestClassProcessor.stop(SuiteTestClassProcessor.java:61)
	at java.base/jdk.internal.reflect.NativeMethodAccessorImpl.invoke0(Native Method)
	at java.base/jdk.internal.reflect.NativeMethodAccessorImpl.invoke(NativeMethodAccessorImpl.java:62)
	at java.base/jdk.internal.reflect.DelegatingMethodAccessorImpl.invoke(DelegatingMethodAccessorImpl.java:43)
	at java.base/java.lang.reflect.Method.invoke(Method.java:566)
	at org.gradle.internal.dispatch.ReflectionDispatch.dispatch(ReflectionDispatch.java:36)
	at org.gradle.internal.dispatch.ReflectionDispatch.dispatch(ReflectionDispatch.java:24)
	at org.gradle.internal.dispatch.ContextClassLoaderDispatch.dispatch(ContextClassLoaderDispatch.java:33)
	at org.gradle.internal.dispatch.ProxyDispatchAdapter$DispatchingInvocationHandler.invoke(ProxyDispatchAdapter.java:94)
	at com.sun.proxy.$Proxy2.stop(Unknown Source)
	at org.gradle.api.internal.tasks.testing.worker.TestWorker.stop(TestWorker.java:132)
	at java.base/jdk.internal.reflect.NativeMethodAccessorImpl.invoke0(Native Method)
	at java.base/jdk.internal.reflect.NativeMethodAccessorImpl.invoke(NativeMethodAccessorImpl.java:62)
	at java.base/jdk.internal.reflect.DelegatingMethodAccessorImpl.invoke(DelegatingMethodAccessorImpl.java:43)
	at java.base/java.lang.reflect.Method.invoke(Method.java:566)
	at org.gradle.internal.dispatch.ReflectionDispatch.dispatch(ReflectionDispatch.java:36)
	at org.gradle.internal.dispatch.ReflectionDispatch.dispatch(ReflectionDispatch.java:24)
	at org.gradle.internal.remote.internal.hub.MessageHubBackedObjectConnection$DispatchWrapper.dispatch(MessageHubBackedObjectConnection.java:182)
	at org.gradle.internal.remote.internal.hub.MessageHubBackedObjectConnection$DispatchWrapper.dispatch(MessageHubBackedObjectConnection.java:164)
	at org.gradle.internal.remote.internal.hub.MessageHub$Handler.run(MessageHub.java:412)
	at org.gradle.internal.concurrent.ExecutorPolicy$CatchAndRecordFailures.onExecute(ExecutorPolicy.java:64)
	at org.gradle.internal.concurrent.ManagedExecutorImpl$1.run(ManagedExecutorImpl.java:48)
	at java.base/java.util.concurrent.ThreadPoolExecutor.runWorker(ThreadPoolExecutor.java:1128)
	at java.base/java.util.concurrent.ThreadPoolExecutor$Worker.run(ThreadPoolExecutor.java:628)
	at org.gradle.internal.concurrent.ThreadFactoryImpl$ManagedThreadRunnable.run(ThreadFactoryImpl.java:56)
	at java.base/java.lang.Thread.run(Thread.java:834)
</failure>
  </testcase>
  <testcase name="Step Backward" classname="ca.mcgill.ecse223.quoridor.features.CucumberTestsRunner" time="0.024">
    <failure message="org.opentest4j.MultipleFailuresError: Multiple Failures (9 failures)&#13;&#10;&#9;io.cucumber.junit.UndefinedThrowable: The step &quot;The game is in replay mode&quot; is undefined&#13;&#10;&#9;io.cucumber.junit.UndefinedThrowable: The step &quot;The following moves have been played in game:&quot; is undefined&#13;&#10;&#9;io.cucumber.junit.UndefinedThrowable: The step &quot;The next move is 3.2&quot; is undefined&#13;&#10;&#9;io.cucumber.junit.UndefinedThrowable: The step &quot;Step backward is initiated&quot; is undefined&#13;&#10;&#9;io.cucumber.junit.UndefinedThrowable: The step &quot;The next move shall be 3.1&quot; is undefined&#13;&#10;&#9;io.cucumber.junit.UndefinedThrowable: The step &quot;White player's position shall be (7,5)&quot; is undefined&#13;&#10;&#9;io.cucumber.junit.UndefinedThrowable: The step &quot;Black player's position shall be (3,5)&quot; is undefined&#13;&#10;&#9;io.cucumber.junit.UndefinedThrowable: The step &quot;White has &lt;wwallno&gt; on stock&quot; is undefined&#13;&#10;&#9;io.cucumber.junit.UndefinedThrowable: The step &quot;Black has 10 on stock&quot; is undefined" type="org.opentest4j.MultipleFailuresError">org.opentest4j.MultipleFailuresError: Multiple Failures (9 failures)
	io.cucumber.junit.UndefinedThrowable: The step &quot;The game is in replay mode&quot; is undefined
	io.cucumber.junit.UndefinedThrowable: The step &quot;The following moves have been played in game:&quot; is undefined
	io.cucumber.junit.UndefinedThrowable: The step &quot;The next move is 3.2&quot; is undefined
	io.cucumber.junit.UndefinedThrowable: The step &quot;Step backward is initiated&quot; is undefined
	io.cucumber.junit.UndefinedThrowable: The step &quot;The next move shall be 3.1&quot; is undefined
	io.cucumber.junit.UndefinedThrowable: The step &quot;White player's position shall be (7,5)&quot; is undefined
	io.cucumber.junit.UndefinedThrowable: The step &quot;Black player's position shall be (3,5)&quot; is undefined
	io.cucumber.junit.UndefinedThrowable: The step &quot;White has &lt;wwallno&gt; on stock&quot; is undefined
	io.cucumber.junit.UndefinedThrowable: The step &quot;Black has 10 on stock&quot; is undefined
	at org.junit.vintage.engine.execution.TestRun.getStoredResultOrSuccessful(TestRun.java:179)
	at org.junit.vintage.engine.execution.RunListenerAdapter.fireExecutionFinished(RunListenerAdapter.java:211)
	at org.junit.vintage.engine.execution.RunListenerAdapter.testFinished(RunListenerAdapter.java:177)
	at org.junit.vintage.engine.execution.RunListenerAdapter.testFinished(RunListenerAdapter.java:76)
	at org.junit.runner.notification.SynchronizedRunListener.testFinished(SynchronizedRunListener.java:56)
	at org.junit.runner.notification.RunNotifier$7.notifyListener(RunNotifier.java:190)
	at org.junit.runner.notification.RunNotifier$SafeNotifier.run(RunNotifier.java:72)
	at org.junit.runner.notification.RunNotifier.fireTestFinished(RunNotifier.java:187)
	at io.cucumber.junit.JUnitReporter$EachTestNotifier.fireTestFinished(JUnitReporter.java:253)
	at io.cucumber.junit.JUnitReporter.handleTestCaseResult(JUnitReporter.java:178)
	at io.cucumber.junit.JUnitReporter$4.receive(JUnitReporter.java:66)
	at io.cucumber.junit.JUnitReporter$4.receive(JUnitReporter.java:62)
	at cucumber.runner.AbstractEventPublisher.send(AbstractEventPublisher.java:45)
	at cucumber.runner.AbstractEventBus.send(AbstractEventBus.java:9)
	at cucumber.runner.ThreadLocalRunnerSupplier$LocalEventBus.send(ThreadLocalRunnerSupplier.java:60)
	at cucumber.runner.TestCase.run(TestCase.java:55)
	at cucumber.runner.Runner.runPickle(Runner.java:50)
	at io.cucumber.junit.PickleRunners$NoStepDescriptions.run(PickleRunners.java:146)
	at io.cucumber.junit.FeatureRunner.runChild(FeatureRunner.java:68)
	at io.cucumber.junit.FeatureRunner.runChild(FeatureRunner.java:23)
	at org.junit.runners.ParentRunner$3.run(ParentRunner.java:290)
	at org.junit.runners.ParentRunner$1.schedule(ParentRunner.java:71)
	at org.junit.runners.ParentRunner.runChildren(ParentRunner.java:288)
	at org.junit.runners.ParentRunner.access$000(ParentRunner.java:58)
	at org.junit.runners.ParentRunner$2.evaluate(ParentRunner.java:268)
	at org.junit.runners.ParentRunner.run(ParentRunner.java:363)
	at io.cucumber.junit.Cucumber.runChild(Cucumber.java:144)
	at io.cucumber.junit.Cucumber.runChild(Cucumber.java:65)
	at org.junit.runners.ParentRunner$3.run(ParentRunner.java:290)
	at org.junit.runners.ParentRunner$1.schedule(ParentRunner.java:71)
	at org.junit.runners.ParentRunner.runChildren(ParentRunner.java:288)
	at org.junit.runners.ParentRunner.access$000(ParentRunner.java:58)
	at org.junit.runners.ParentRunner$2.evaluate(ParentRunner.java:268)
	at io.cucumber.junit.Cucumber$RunCucumber.evaluate(Cucumber.java:174)
	at org.junit.runners.ParentRunner.run(ParentRunner.java:363)
	at org.junit.runner.JUnitCore.run(JUnitCore.java:137)
	at org.junit.runner.JUnitCore.run(JUnitCore.java:115)
	at org.junit.vintage.engine.execution.RunnerExecutor.execute(RunnerExecutor.java:40)
	at java.base/java.util.stream.ForEachOps$ForEachOp$OfRef.accept(ForEachOps.java:183)
	at java.base/java.util.stream.ReferencePipeline$3$1.accept(ReferencePipeline.java:195)
	at java.base/java.util.Iterator.forEachRemaining(Iterator.java:133)
	at java.base/java.util.Spliterators$IteratorSpliterator.forEachRemaining(Spliterators.java:1801)
	at java.base/java.util.stream.AbstractPipeline.copyInto(AbstractPipeline.java:484)
	at java.base/java.util.stream.AbstractPipeline.wrapAndCopyInto(AbstractPipeline.java:474)
	at java.base/java.util.stream.ForEachOps$ForEachOp.evaluateSequential(ForEachOps.java:150)
	at java.base/java.util.stream.ForEachOps$ForEachOp$OfRef.evaluateSequential(ForEachOps.java:173)
	at java.base/java.util.stream.AbstractPipeline.evaluate(AbstractPipeline.java:234)
	at java.base/java.util.stream.ReferencePipeline.forEach(ReferencePipeline.java:497)
	at org.junit.vintage.engine.VintageTestEngine.executeAllChildren(VintageTestEngine.java:80)
	at org.junit.vintage.engine.VintageTestEngine.execute(VintageTestEngine.java:71)
	at org.junit.platform.launcher.core.DefaultLauncher.execute(DefaultLauncher.java:220)
	at org.junit.platform.launcher.core.DefaultLauncher.lambda$execute$6(DefaultLauncher.java:188)
	at org.junit.platform.launcher.core.DefaultLauncher.withInterceptedStreams(DefaultLauncher.java:202)
	at org.junit.platform.launcher.core.DefaultLauncher.execute(DefaultLauncher.java:181)
	at org.junit.platform.launcher.core.DefaultLauncher.execute(DefaultLauncher.java:128)
	at org.gradle.api.internal.tasks.testing.junitplatform.JUnitPlatformTestClassProcessor$CollectAllTestClassesExecutor.processAllTestClasses(JUnitPlatformTestClassProcessor.java:102)
	at org.gradle.api.internal.tasks.testing.junitplatform.JUnitPlatformTestClassProcessor$CollectAllTestClassesExecutor.access$000(JUnitPlatformTestClassProcessor.java:82)
	at org.gradle.api.internal.tasks.testing.junitplatform.JUnitPlatformTestClassProcessor.stop(JUnitPlatformTestClassProcessor.java:78)
	at org.gradle.api.internal.tasks.testing.SuiteTestClassProcessor.stop(SuiteTestClassProcessor.java:61)
	at java.base/jdk.internal.reflect.NativeMethodAccessorImpl.invoke0(Native Method)
	at java.base/jdk.internal.reflect.NativeMethodAccessorImpl.invoke(NativeMethodAccessorImpl.java:62)
	at java.base/jdk.internal.reflect.DelegatingMethodAccessorImpl.invoke(DelegatingMethodAccessorImpl.java:43)
	at java.base/java.lang.reflect.Method.invoke(Method.java:566)
	at org.gradle.internal.dispatch.ReflectionDispatch.dispatch(ReflectionDispatch.java:36)
	at org.gradle.internal.dispatch.ReflectionDispatch.dispatch(ReflectionDispatch.java:24)
	at org.gradle.internal.dispatch.ContextClassLoaderDispatch.dispatch(ContextClassLoaderDispatch.java:33)
	at org.gradle.internal.dispatch.ProxyDispatchAdapter$DispatchingInvocationHandler.invoke(ProxyDispatchAdapter.java:94)
	at com.sun.proxy.$Proxy2.stop(Unknown Source)
	at org.gradle.api.internal.tasks.testing.worker.TestWorker.stop(TestWorker.java:132)
	at java.base/jdk.internal.reflect.NativeMethodAccessorImpl.invoke0(Native Method)
	at java.base/jdk.internal.reflect.NativeMethodAccessorImpl.invoke(NativeMethodAccessorImpl.java:62)
	at java.base/jdk.internal.reflect.DelegatingMethodAccessorImpl.invoke(DelegatingMethodAccessorImpl.java:43)
	at java.base/java.lang.reflect.Method.invoke(Method.java:566)
	at org.gradle.internal.dispatch.ReflectionDispatch.dispatch(ReflectionDispatch.java:36)
	at org.gradle.internal.dispatch.ReflectionDispatch.dispatch(ReflectionDispatch.java:24)
	at org.gradle.internal.remote.internal.hub.MessageHubBackedObjectConnection$DispatchWrapper.dispatch(MessageHubBackedObjectConnection.java:182)
	at org.gradle.internal.remote.internal.hub.MessageHubBackedObjectConnection$DispatchWrapper.dispatch(MessageHubBackedObjectConnection.java:164)
	at org.gradle.internal.remote.internal.hub.MessageHub$Handler.run(MessageHub.java:412)
	at org.gradle.internal.concurrent.ExecutorPolicy$CatchAndRecordFailures.onExecute(ExecutorPolicy.java:64)
	at org.gradle.internal.concurrent.ManagedExecutorImpl$1.run(ManagedExecutorImpl.java:48)
	at java.base/java.util.concurrent.ThreadPoolExecutor.runWorker(ThreadPoolExecutor.java:1128)
	at java.base/java.util.concurrent.ThreadPoolExecutor$Worker.run(ThreadPoolExecutor.java:628)
	at org.gradle.internal.concurrent.ThreadFactoryImpl$ManagedThreadRunnable.run(ThreadFactoryImpl.java:56)
	at java.base/java.lang.Thread.run(Thread.java:834)
</failure>
  </testcase>
  <testcase name="Step Backward" classname="ca.mcgill.ecse223.quoridor.features.CucumberTestsRunner" time="0.023">
    <failure message="org.opentest4j.MultipleFailuresError: Multiple Failures (9 failures)&#13;&#10;&#9;io.cucumber.junit.UndefinedThrowable: The step &quot;The game is in replay mode&quot; is undefined&#13;&#10;&#9;io.cucumber.junit.UndefinedThrowable: The step &quot;The following moves have been played in game:&quot; is undefined&#13;&#10;&#9;io.cucumber.junit.UndefinedThrowable: The step &quot;The next move is 4.1&quot; is undefined&#13;&#10;&#9;io.cucumber.junit.UndefinedThrowable: The step &quot;Step backward is initiated&quot; is undefined&#13;&#10;&#9;io.cucumber.junit.UndefinedThrowable: The step &quot;The next move shall be 3.2&quot; is undefined&#13;&#10;&#9;io.cucumber.junit.UndefinedThrowable: The step &quot;White player's position shall be (7,5)&quot; is undefined&#13;&#10;&#9;io.cucumber.junit.UndefinedThrowable: The step &quot;Black player's position shall be (3,5)&quot; is undefined&#13;&#10;&#9;io.cucumber.junit.UndefinedThrowable: The step &quot;White has &lt;wwallno&gt; on stock&quot; is undefined&#13;&#10;&#9;io.cucumber.junit.UndefinedThrowable: The step &quot;Black has 10 on stock&quot; is undefined" type="org.opentest4j.MultipleFailuresError">org.opentest4j.MultipleFailuresError: Multiple Failures (9 failures)
	io.cucumber.junit.UndefinedThrowable: The step &quot;The game is in replay mode&quot; is undefined
	io.cucumber.junit.UndefinedThrowable: The step &quot;The following moves have been played in game:&quot; is undefined
	io.cucumber.junit.UndefinedThrowable: The step &quot;The next move is 4.1&quot; is undefined
	io.cucumber.junit.UndefinedThrowable: The step &quot;Step backward is initiated&quot; is undefined
	io.cucumber.junit.UndefinedThrowable: The step &quot;The next move shall be 3.2&quot; is undefined
	io.cucumber.junit.UndefinedThrowable: The step &quot;White player's position shall be (7,5)&quot; is undefined
	io.cucumber.junit.UndefinedThrowable: The step &quot;Black player's position shall be (3,5)&quot; is undefined
	io.cucumber.junit.UndefinedThrowable: The step &quot;White has &lt;wwallno&gt; on stock&quot; is undefined
	io.cucumber.junit.UndefinedThrowable: The step &quot;Black has 10 on stock&quot; is undefined
	at org.junit.vintage.engine.execution.TestRun.getStoredResultOrSuccessful(TestRun.java:179)
	at org.junit.vintage.engine.execution.RunListenerAdapter.fireExecutionFinished(RunListenerAdapter.java:211)
	at org.junit.vintage.engine.execution.RunListenerAdapter.testFinished(RunListenerAdapter.java:177)
	at org.junit.vintage.engine.execution.RunListenerAdapter.testFinished(RunListenerAdapter.java:76)
	at org.junit.runner.notification.SynchronizedRunListener.testFinished(SynchronizedRunListener.java:56)
	at org.junit.runner.notification.RunNotifier$7.notifyListener(RunNotifier.java:190)
	at org.junit.runner.notification.RunNotifier$SafeNotifier.run(RunNotifier.java:72)
	at org.junit.runner.notification.RunNotifier.fireTestFinished(RunNotifier.java:187)
	at io.cucumber.junit.JUnitReporter$EachTestNotifier.fireTestFinished(JUnitReporter.java:253)
	at io.cucumber.junit.JUnitReporter.handleTestCaseResult(JUnitReporter.java:178)
	at io.cucumber.junit.JUnitReporter$4.receive(JUnitReporter.java:66)
	at io.cucumber.junit.JUnitReporter$4.receive(JUnitReporter.java:62)
	at cucumber.runner.AbstractEventPublisher.send(AbstractEventPublisher.java:45)
	at cucumber.runner.AbstractEventBus.send(AbstractEventBus.java:9)
	at cucumber.runner.ThreadLocalRunnerSupplier$LocalEventBus.send(ThreadLocalRunnerSupplier.java:60)
	at cucumber.runner.TestCase.run(TestCase.java:55)
	at cucumber.runner.Runner.runPickle(Runner.java:50)
	at io.cucumber.junit.PickleRunners$NoStepDescriptions.run(PickleRunners.java:146)
	at io.cucumber.junit.FeatureRunner.runChild(FeatureRunner.java:68)
	at io.cucumber.junit.FeatureRunner.runChild(FeatureRunner.java:23)
	at org.junit.runners.ParentRunner$3.run(ParentRunner.java:290)
	at org.junit.runners.ParentRunner$1.schedule(ParentRunner.java:71)
	at org.junit.runners.ParentRunner.runChildren(ParentRunner.java:288)
	at org.junit.runners.ParentRunner.access$000(ParentRunner.java:58)
	at org.junit.runners.ParentRunner$2.evaluate(ParentRunner.java:268)
	at org.junit.runners.ParentRunner.run(ParentRunner.java:363)
	at io.cucumber.junit.Cucumber.runChild(Cucumber.java:144)
	at io.cucumber.junit.Cucumber.runChild(Cucumber.java:65)
	at org.junit.runners.ParentRunner$3.run(ParentRunner.java:290)
	at org.junit.runners.ParentRunner$1.schedule(ParentRunner.java:71)
	at org.junit.runners.ParentRunner.runChildren(ParentRunner.java:288)
	at org.junit.runners.ParentRunner.access$000(ParentRunner.java:58)
	at org.junit.runners.ParentRunner$2.evaluate(ParentRunner.java:268)
	at io.cucumber.junit.Cucumber$RunCucumber.evaluate(Cucumber.java:174)
	at org.junit.runners.ParentRunner.run(ParentRunner.java:363)
	at org.junit.runner.JUnitCore.run(JUnitCore.java:137)
	at org.junit.runner.JUnitCore.run(JUnitCore.java:115)
	at org.junit.vintage.engine.execution.RunnerExecutor.execute(RunnerExecutor.java:40)
	at java.base/java.util.stream.ForEachOps$ForEachOp$OfRef.accept(ForEachOps.java:183)
	at java.base/java.util.stream.ReferencePipeline$3$1.accept(ReferencePipeline.java:195)
	at java.base/java.util.Iterator.forEachRemaining(Iterator.java:133)
	at java.base/java.util.Spliterators$IteratorSpliterator.forEachRemaining(Spliterators.java:1801)
	at java.base/java.util.stream.AbstractPipeline.copyInto(AbstractPipeline.java:484)
	at java.base/java.util.stream.AbstractPipeline.wrapAndCopyInto(AbstractPipeline.java:474)
	at java.base/java.util.stream.ForEachOps$ForEachOp.evaluateSequential(ForEachOps.java:150)
	at java.base/java.util.stream.ForEachOps$ForEachOp$OfRef.evaluateSequential(ForEachOps.java:173)
	at java.base/java.util.stream.AbstractPipeline.evaluate(AbstractPipeline.java:234)
	at java.base/java.util.stream.ReferencePipeline.forEach(ReferencePipeline.java:497)
	at org.junit.vintage.engine.VintageTestEngine.executeAllChildren(VintageTestEngine.java:80)
	at org.junit.vintage.engine.VintageTestEngine.execute(VintageTestEngine.java:71)
	at org.junit.platform.launcher.core.DefaultLauncher.execute(DefaultLauncher.java:220)
	at org.junit.platform.launcher.core.DefaultLauncher.lambda$execute$6(DefaultLauncher.java:188)
	at org.junit.platform.launcher.core.DefaultLauncher.withInterceptedStreams(DefaultLauncher.java:202)
	at org.junit.platform.launcher.core.DefaultLauncher.execute(DefaultLauncher.java:181)
	at org.junit.platform.launcher.core.DefaultLauncher.execute(DefaultLauncher.java:128)
	at org.gradle.api.internal.tasks.testing.junitplatform.JUnitPlatformTestClassProcessor$CollectAllTestClassesExecutor.processAllTestClasses(JUnitPlatformTestClassProcessor.java:102)
	at org.gradle.api.internal.tasks.testing.junitplatform.JUnitPlatformTestClassProcessor$CollectAllTestClassesExecutor.access$000(JUnitPlatformTestClassProcessor.java:82)
	at org.gradle.api.internal.tasks.testing.junitplatform.JUnitPlatformTestClassProcessor.stop(JUnitPlatformTestClassProcessor.java:78)
	at org.gradle.api.internal.tasks.testing.SuiteTestClassProcessor.stop(SuiteTestClassProcessor.java:61)
	at java.base/jdk.internal.reflect.NativeMethodAccessorImpl.invoke0(Native Method)
	at java.base/jdk.internal.reflect.NativeMethodAccessorImpl.invoke(NativeMethodAccessorImpl.java:62)
	at java.base/jdk.internal.reflect.DelegatingMethodAccessorImpl.invoke(DelegatingMethodAccessorImpl.java:43)
	at java.base/java.lang.reflect.Method.invoke(Method.java:566)
	at org.gradle.internal.dispatch.ReflectionDispatch.dispatch(ReflectionDispatch.java:36)
	at org.gradle.internal.dispatch.ReflectionDispatch.dispatch(ReflectionDispatch.java:24)
	at org.gradle.internal.dispatch.ContextClassLoaderDispatch.dispatch(ContextClassLoaderDispatch.java:33)
	at org.gradle.internal.dispatch.ProxyDispatchAdapter$DispatchingInvocationHandler.invoke(ProxyDispatchAdapter.java:94)
	at com.sun.proxy.$Proxy2.stop(Unknown Source)
	at org.gradle.api.internal.tasks.testing.worker.TestWorker.stop(TestWorker.java:132)
	at java.base/jdk.internal.reflect.NativeMethodAccessorImpl.invoke0(Native Method)
	at java.base/jdk.internal.reflect.NativeMethodAccessorImpl.invoke(NativeMethodAccessorImpl.java:62)
	at java.base/jdk.internal.reflect.DelegatingMethodAccessorImpl.invoke(DelegatingMethodAccessorImpl.java:43)
	at java.base/java.lang.reflect.Method.invoke(Method.java:566)
	at org.gradle.internal.dispatch.ReflectionDispatch.dispatch(ReflectionDispatch.java:36)
	at org.gradle.internal.dispatch.ReflectionDispatch.dispatch(ReflectionDispatch.java:24)
	at org.gradle.internal.remote.internal.hub.MessageHubBackedObjectConnection$DispatchWrapper.dispatch(MessageHubBackedObjectConnection.java:182)
	at org.gradle.internal.remote.internal.hub.MessageHubBackedObjectConnection$DispatchWrapper.dispatch(MessageHubBackedObjectConnection.java:164)
	at org.gradle.internal.remote.internal.hub.MessageHub$Handler.run(MessageHub.java:412)
	at org.gradle.internal.concurrent.ExecutorPolicy$CatchAndRecordFailures.onExecute(ExecutorPolicy.java:64)
	at org.gradle.internal.concurrent.ManagedExecutorImpl$1.run(ManagedExecutorImpl.java:48)
	at java.base/java.util.concurrent.ThreadPoolExecutor.runWorker(ThreadPoolExecutor.java:1128)
	at java.base/java.util.concurrent.ThreadPoolExecutor$Worker.run(ThreadPoolExecutor.java:628)
	at org.gradle.internal.concurrent.ThreadFactoryImpl$ManagedThreadRunnable.run(ThreadFactoryImpl.java:56)
	at java.base/java.lang.Thread.run(Thread.java:834)
</failure>
  </testcase>
  <testcase name="Step Backward" classname="ca.mcgill.ecse223.quoridor.features.CucumberTestsRunner" time="0.035">
    <failure message="org.opentest4j.MultipleFailuresError: Multiple Failures (9 failures)&#13;&#10;&#9;io.cucumber.junit.UndefinedThrowable: The step &quot;The game is in replay mode&quot; is undefined&#13;&#10;&#9;io.cucumber.junit.UndefinedThrowable: The step &quot;The following moves have been played in game:&quot; is undefined&#13;&#10;&#9;io.cucumber.junit.UndefinedThrowable: The step &quot;The next move is 4.2&quot; is undefined&#13;&#10;&#9;io.cucumber.junit.UndefinedThrowable: The step &quot;Step backward is initiated&quot; is undefined&#13;&#10;&#9;io.cucumber.junit.UndefinedThrowable: The step &quot;The next move shall be 4.1&quot; is undefined&#13;&#10;&#9;io.cucumber.junit.UndefinedThrowable: The step &quot;White player's position shall be (7,5)&quot; is undefined&#13;&#10;&#9;io.cucumber.junit.UndefinedThrowable: The step &quot;Black player's position shall be (3,5)&quot; is undefined&#13;&#10;&#9;io.cucumber.junit.UndefinedThrowable: The step &quot;White has &lt;wwallno&gt; on stock&quot; is undefined&#13;&#10;&#9;io.cucumber.junit.UndefinedThrowable: The step &quot;Black has 9 on stock&quot; is undefined" type="org.opentest4j.MultipleFailuresError">org.opentest4j.MultipleFailuresError: Multiple Failures (9 failures)
	io.cucumber.junit.UndefinedThrowable: The step &quot;The game is in replay mode&quot; is undefined
	io.cucumber.junit.UndefinedThrowable: The step &quot;The following moves have been played in game:&quot; is undefined
	io.cucumber.junit.UndefinedThrowable: The step &quot;The next move is 4.2&quot; is undefined
	io.cucumber.junit.UndefinedThrowable: The step &quot;Step backward is initiated&quot; is undefined
	io.cucumber.junit.UndefinedThrowable: The step &quot;The next move shall be 4.1&quot; is undefined
	io.cucumber.junit.UndefinedThrowable: The step &quot;White player's position shall be (7,5)&quot; is undefined
	io.cucumber.junit.UndefinedThrowable: The step &quot;Black player's position shall be (3,5)&quot; is undefined
	io.cucumber.junit.UndefinedThrowable: The step &quot;White has &lt;wwallno&gt; on stock&quot; is undefined
	io.cucumber.junit.UndefinedThrowable: The step &quot;Black has 9 on stock&quot; is undefined
	at org.junit.vintage.engine.execution.TestRun.getStoredResultOrSuccessful(TestRun.java:179)
	at org.junit.vintage.engine.execution.RunListenerAdapter.fireExecutionFinished(RunListenerAdapter.java:211)
	at org.junit.vintage.engine.execution.RunListenerAdapter.testFinished(RunListenerAdapter.java:177)
	at org.junit.vintage.engine.execution.RunListenerAdapter.testFinished(RunListenerAdapter.java:76)
	at org.junit.runner.notification.SynchronizedRunListener.testFinished(SynchronizedRunListener.java:56)
	at org.junit.runner.notification.RunNotifier$7.notifyListener(RunNotifier.java:190)
	at org.junit.runner.notification.RunNotifier$SafeNotifier.run(RunNotifier.java:72)
	at org.junit.runner.notification.RunNotifier.fireTestFinished(RunNotifier.java:187)
	at io.cucumber.junit.JUnitReporter$EachTestNotifier.fireTestFinished(JUnitReporter.java:253)
	at io.cucumber.junit.JUnitReporter.handleTestCaseResult(JUnitReporter.java:178)
	at io.cucumber.junit.JUnitReporter$4.receive(JUnitReporter.java:66)
	at io.cucumber.junit.JUnitReporter$4.receive(JUnitReporter.java:62)
	at cucumber.runner.AbstractEventPublisher.send(AbstractEventPublisher.java:45)
	at cucumber.runner.AbstractEventBus.send(AbstractEventBus.java:9)
	at cucumber.runner.ThreadLocalRunnerSupplier$LocalEventBus.send(ThreadLocalRunnerSupplier.java:60)
	at cucumber.runner.TestCase.run(TestCase.java:55)
	at cucumber.runner.Runner.runPickle(Runner.java:50)
	at io.cucumber.junit.PickleRunners$NoStepDescriptions.run(PickleRunners.java:146)
	at io.cucumber.junit.FeatureRunner.runChild(FeatureRunner.java:68)
	at io.cucumber.junit.FeatureRunner.runChild(FeatureRunner.java:23)
	at org.junit.runners.ParentRunner$3.run(ParentRunner.java:290)
	at org.junit.runners.ParentRunner$1.schedule(ParentRunner.java:71)
	at org.junit.runners.ParentRunner.runChildren(ParentRunner.java:288)
	at org.junit.runners.ParentRunner.access$000(ParentRunner.java:58)
	at org.junit.runners.ParentRunner$2.evaluate(ParentRunner.java:268)
	at org.junit.runners.ParentRunner.run(ParentRunner.java:363)
	at io.cucumber.junit.Cucumber.runChild(Cucumber.java:144)
	at io.cucumber.junit.Cucumber.runChild(Cucumber.java:65)
	at org.junit.runners.ParentRunner$3.run(ParentRunner.java:290)
	at org.junit.runners.ParentRunner$1.schedule(ParentRunner.java:71)
	at org.junit.runners.ParentRunner.runChildren(ParentRunner.java:288)
	at org.junit.runners.ParentRunner.access$000(ParentRunner.java:58)
	at org.junit.runners.ParentRunner$2.evaluate(ParentRunner.java:268)
	at io.cucumber.junit.Cucumber$RunCucumber.evaluate(Cucumber.java:174)
	at org.junit.runners.ParentRunner.run(ParentRunner.java:363)
	at org.junit.runner.JUnitCore.run(JUnitCore.java:137)
	at org.junit.runner.JUnitCore.run(JUnitCore.java:115)
	at org.junit.vintage.engine.execution.RunnerExecutor.execute(RunnerExecutor.java:40)
	at java.base/java.util.stream.ForEachOps$ForEachOp$OfRef.accept(ForEachOps.java:183)
	at java.base/java.util.stream.ReferencePipeline$3$1.accept(ReferencePipeline.java:195)
	at java.base/java.util.Iterator.forEachRemaining(Iterator.java:133)
	at java.base/java.util.Spliterators$IteratorSpliterator.forEachRemaining(Spliterators.java:1801)
	at java.base/java.util.stream.AbstractPipeline.copyInto(AbstractPipeline.java:484)
	at java.base/java.util.stream.AbstractPipeline.wrapAndCopyInto(AbstractPipeline.java:474)
	at java.base/java.util.stream.ForEachOps$ForEachOp.evaluateSequential(ForEachOps.java:150)
	at java.base/java.util.stream.ForEachOps$ForEachOp$OfRef.evaluateSequential(ForEachOps.java:173)
	at java.base/java.util.stream.AbstractPipeline.evaluate(AbstractPipeline.java:234)
	at java.base/java.util.stream.ReferencePipeline.forEach(ReferencePipeline.java:497)
	at org.junit.vintage.engine.VintageTestEngine.executeAllChildren(VintageTestEngine.java:80)
	at org.junit.vintage.engine.VintageTestEngine.execute(VintageTestEngine.java:71)
	at org.junit.platform.launcher.core.DefaultLauncher.execute(DefaultLauncher.java:220)
	at org.junit.platform.launcher.core.DefaultLauncher.lambda$execute$6(DefaultLauncher.java:188)
	at org.junit.platform.launcher.core.DefaultLauncher.withInterceptedStreams(DefaultLauncher.java:202)
	at org.junit.platform.launcher.core.DefaultLauncher.execute(DefaultLauncher.java:181)
	at org.junit.platform.launcher.core.DefaultLauncher.execute(DefaultLauncher.java:128)
	at org.gradle.api.internal.tasks.testing.junitplatform.JUnitPlatformTestClassProcessor$CollectAllTestClassesExecutor.processAllTestClasses(JUnitPlatformTestClassProcessor.java:102)
	at org.gradle.api.internal.tasks.testing.junitplatform.JUnitPlatformTestClassProcessor$CollectAllTestClassesExecutor.access$000(JUnitPlatformTestClassProcessor.java:82)
	at org.gradle.api.internal.tasks.testing.junitplatform.JUnitPlatformTestClassProcessor.stop(JUnitPlatformTestClassProcessor.java:78)
	at org.gradle.api.internal.tasks.testing.SuiteTestClassProcessor.stop(SuiteTestClassProcessor.java:61)
	at java.base/jdk.internal.reflect.NativeMethodAccessorImpl.invoke0(Native Method)
	at java.base/jdk.internal.reflect.NativeMethodAccessorImpl.invoke(NativeMethodAccessorImpl.java:62)
	at java.base/jdk.internal.reflect.DelegatingMethodAccessorImpl.invoke(DelegatingMethodAccessorImpl.java:43)
	at java.base/java.lang.reflect.Method.invoke(Method.java:566)
	at org.gradle.internal.dispatch.ReflectionDispatch.dispatch(ReflectionDispatch.java:36)
	at org.gradle.internal.dispatch.ReflectionDispatch.dispatch(ReflectionDispatch.java:24)
	at org.gradle.internal.dispatch.ContextClassLoaderDispatch.dispatch(ContextClassLoaderDispatch.java:33)
	at org.gradle.internal.dispatch.ProxyDispatchAdapter$DispatchingInvocationHandler.invoke(ProxyDispatchAdapter.java:94)
	at com.sun.proxy.$Proxy2.stop(Unknown Source)
	at org.gradle.api.internal.tasks.testing.worker.TestWorker.stop(TestWorker.java:132)
	at java.base/jdk.internal.reflect.NativeMethodAccessorImpl.invoke0(Native Method)
	at java.base/jdk.internal.reflect.NativeMethodAccessorImpl.invoke(NativeMethodAccessorImpl.java:62)
	at java.base/jdk.internal.reflect.DelegatingMethodAccessorImpl.invoke(DelegatingMethodAccessorImpl.java:43)
	at java.base/java.lang.reflect.Method.invoke(Method.java:566)
	at org.gradle.internal.dispatch.ReflectionDispatch.dispatch(ReflectionDispatch.java:36)
	at org.gradle.internal.dispatch.ReflectionDispatch.dispatch(ReflectionDispatch.java:24)
	at org.gradle.internal.remote.internal.hub.MessageHubBackedObjectConnection$DispatchWrapper.dispatch(MessageHubBackedObjectConnection.java:182)
	at org.gradle.internal.remote.internal.hub.MessageHubBackedObjectConnection$DispatchWrapper.dispatch(MessageHubBackedObjectConnection.java:164)
	at org.gradle.internal.remote.internal.hub.MessageHub$Handler.run(MessageHub.java:412)
	at org.gradle.internal.concurrent.ExecutorPolicy$CatchAndRecordFailures.onExecute(ExecutorPolicy.java:64)
	at org.gradle.internal.concurrent.ManagedExecutorImpl$1.run(ManagedExecutorImpl.java:48)
	at java.base/java.util.concurrent.ThreadPoolExecutor.runWorker(ThreadPoolExecutor.java:1128)
	at java.base/java.util.concurrent.ThreadPoolExecutor$Worker.run(ThreadPoolExecutor.java:628)
	at org.gradle.internal.concurrent.ThreadFactoryImpl$ManagedThreadRunnable.run(ThreadFactoryImpl.java:56)
	at java.base/java.lang.Thread.run(Thread.java:834)
</failure>
  </testcase>
  <testcase name="Step Forward" classname="ca.mcgill.ecse223.quoridor.features.CucumberTestsRunner" time="0.038">
    <failure message="org.opentest4j.MultipleFailuresError: Multiple Failures (9 failures)&#13;&#10;&#9;io.cucumber.junit.UndefinedThrowable: The step &quot;The game is in replay mode&quot; is undefined&#13;&#10;&#9;io.cucumber.junit.UndefinedThrowable: The step &quot;The following moves have been played in game:&quot; is undefined&#13;&#10;&#9;io.cucumber.junit.UndefinedThrowable: The step &quot;The next move is 1.1&quot; is undefined&#13;&#10;&#9;io.cucumber.junit.UndefinedThrowable: The step &quot;Step backward is initiated&quot; is undefined&#13;&#10;&#9;io.cucumber.junit.UndefinedThrowable: The step &quot;The next move shall be 1.2&quot; is undefined&#13;&#10;&#9;io.cucumber.junit.UndefinedThrowable: The step &quot;White player's position shall be (8,5)&quot; is undefined&#13;&#10;&#9;io.cucumber.junit.UndefinedThrowable: The step &quot;Black player's position shall be (1,5)&quot; is undefined&#13;&#10;&#9;io.cucumber.junit.UndefinedThrowable: The step &quot;White has &lt;wwallno&gt; on stock&quot; is undefined&#13;&#10;&#9;io.cucumber.junit.UndefinedThrowable: The step &quot;Black has 10 on stock&quot; is undefined" type="org.opentest4j.MultipleFailuresError">org.opentest4j.MultipleFailuresError: Multiple Failures (9 failures)
	io.cucumber.junit.UndefinedThrowable: The step &quot;The game is in replay mode&quot; is undefined
	io.cucumber.junit.UndefinedThrowable: The step &quot;The following moves have been played in game:&quot; is undefined
	io.cucumber.junit.UndefinedThrowable: The step &quot;The next move is 1.1&quot; is undefined
	io.cucumber.junit.UndefinedThrowable: The step &quot;Step backward is initiated&quot; is undefined
	io.cucumber.junit.UndefinedThrowable: The step &quot;The next move shall be 1.2&quot; is undefined
	io.cucumber.junit.UndefinedThrowable: The step &quot;White player's position shall be (8,5)&quot; is undefined
	io.cucumber.junit.UndefinedThrowable: The step &quot;Black player's position shall be (1,5)&quot; is undefined
	io.cucumber.junit.UndefinedThrowable: The step &quot;White has &lt;wwallno&gt; on stock&quot; is undefined
	io.cucumber.junit.UndefinedThrowable: The step &quot;Black has 10 on stock&quot; is undefined
	at org.junit.vintage.engine.execution.TestRun.getStoredResultOrSuccessful(TestRun.java:179)
	at org.junit.vintage.engine.execution.RunListenerAdapter.fireExecutionFinished(RunListenerAdapter.java:211)
	at org.junit.vintage.engine.execution.RunListenerAdapter.testFinished(RunListenerAdapter.java:177)
	at org.junit.vintage.engine.execution.RunListenerAdapter.testFinished(RunListenerAdapter.java:76)
	at org.junit.runner.notification.SynchronizedRunListener.testFinished(SynchronizedRunListener.java:56)
	at org.junit.runner.notification.RunNotifier$7.notifyListener(RunNotifier.java:190)
	at org.junit.runner.notification.RunNotifier$SafeNotifier.run(RunNotifier.java:72)
	at org.junit.runner.notification.RunNotifier.fireTestFinished(RunNotifier.java:187)
	at io.cucumber.junit.JUnitReporter$EachTestNotifier.fireTestFinished(JUnitReporter.java:253)
	at io.cucumber.junit.JUnitReporter.handleTestCaseResult(JUnitReporter.java:178)
	at io.cucumber.junit.JUnitReporter$4.receive(JUnitReporter.java:66)
	at io.cucumber.junit.JUnitReporter$4.receive(JUnitReporter.java:62)
	at cucumber.runner.AbstractEventPublisher.send(AbstractEventPublisher.java:45)
	at cucumber.runner.AbstractEventBus.send(AbstractEventBus.java:9)
	at cucumber.runner.ThreadLocalRunnerSupplier$LocalEventBus.send(ThreadLocalRunnerSupplier.java:60)
	at cucumber.runner.TestCase.run(TestCase.java:55)
	at cucumber.runner.Runner.runPickle(Runner.java:50)
	at io.cucumber.junit.PickleRunners$NoStepDescriptions.run(PickleRunners.java:146)
	at io.cucumber.junit.FeatureRunner.runChild(FeatureRunner.java:68)
	at io.cucumber.junit.FeatureRunner.runChild(FeatureRunner.java:23)
	at org.junit.runners.ParentRunner$3.run(ParentRunner.java:290)
	at org.junit.runners.ParentRunner$1.schedule(ParentRunner.java:71)
	at org.junit.runners.ParentRunner.runChildren(ParentRunner.java:288)
	at org.junit.runners.ParentRunner.access$000(ParentRunner.java:58)
	at org.junit.runners.ParentRunner$2.evaluate(ParentRunner.java:268)
	at org.junit.runners.ParentRunner.run(ParentRunner.java:363)
	at io.cucumber.junit.Cucumber.runChild(Cucumber.java:144)
	at io.cucumber.junit.Cucumber.runChild(Cucumber.java:65)
	at org.junit.runners.ParentRunner$3.run(ParentRunner.java:290)
	at org.junit.runners.ParentRunner$1.schedule(ParentRunner.java:71)
	at org.junit.runners.ParentRunner.runChildren(ParentRunner.java:288)
	at org.junit.runners.ParentRunner.access$000(ParentRunner.java:58)
	at org.junit.runners.ParentRunner$2.evaluate(ParentRunner.java:268)
	at io.cucumber.junit.Cucumber$RunCucumber.evaluate(Cucumber.java:174)
	at org.junit.runners.ParentRunner.run(ParentRunner.java:363)
	at org.junit.runner.JUnitCore.run(JUnitCore.java:137)
	at org.junit.runner.JUnitCore.run(JUnitCore.java:115)
	at org.junit.vintage.engine.execution.RunnerExecutor.execute(RunnerExecutor.java:40)
	at java.base/java.util.stream.ForEachOps$ForEachOp$OfRef.accept(ForEachOps.java:183)
	at java.base/java.util.stream.ReferencePipeline$3$1.accept(ReferencePipeline.java:195)
	at java.base/java.util.Iterator.forEachRemaining(Iterator.java:133)
	at java.base/java.util.Spliterators$IteratorSpliterator.forEachRemaining(Spliterators.java:1801)
	at java.base/java.util.stream.AbstractPipeline.copyInto(AbstractPipeline.java:484)
	at java.base/java.util.stream.AbstractPipeline.wrapAndCopyInto(AbstractPipeline.java:474)
	at java.base/java.util.stream.ForEachOps$ForEachOp.evaluateSequential(ForEachOps.java:150)
	at java.base/java.util.stream.ForEachOps$ForEachOp$OfRef.evaluateSequential(ForEachOps.java:173)
	at java.base/java.util.stream.AbstractPipeline.evaluate(AbstractPipeline.java:234)
	at java.base/java.util.stream.ReferencePipeline.forEach(ReferencePipeline.java:497)
	at org.junit.vintage.engine.VintageTestEngine.executeAllChildren(VintageTestEngine.java:80)
	at org.junit.vintage.engine.VintageTestEngine.execute(VintageTestEngine.java:71)
	at org.junit.platform.launcher.core.DefaultLauncher.execute(DefaultLauncher.java:220)
	at org.junit.platform.launcher.core.DefaultLauncher.lambda$execute$6(DefaultLauncher.java:188)
	at org.junit.platform.launcher.core.DefaultLauncher.withInterceptedStreams(DefaultLauncher.java:202)
	at org.junit.platform.launcher.core.DefaultLauncher.execute(DefaultLauncher.java:181)
	at org.junit.platform.launcher.core.DefaultLauncher.execute(DefaultLauncher.java:128)
	at org.gradle.api.internal.tasks.testing.junitplatform.JUnitPlatformTestClassProcessor$CollectAllTestClassesExecutor.processAllTestClasses(JUnitPlatformTestClassProcessor.java:102)
	at org.gradle.api.internal.tasks.testing.junitplatform.JUnitPlatformTestClassProcessor$CollectAllTestClassesExecutor.access$000(JUnitPlatformTestClassProcessor.java:82)
	at org.gradle.api.internal.tasks.testing.junitplatform.JUnitPlatformTestClassProcessor.stop(JUnitPlatformTestClassProcessor.java:78)
	at org.gradle.api.internal.tasks.testing.SuiteTestClassProcessor.stop(SuiteTestClassProcessor.java:61)
	at java.base/jdk.internal.reflect.NativeMethodAccessorImpl.invoke0(Native Method)
	at java.base/jdk.internal.reflect.NativeMethodAccessorImpl.invoke(NativeMethodAccessorImpl.java:62)
	at java.base/jdk.internal.reflect.DelegatingMethodAccessorImpl.invoke(DelegatingMethodAccessorImpl.java:43)
	at java.base/java.lang.reflect.Method.invoke(Method.java:566)
	at org.gradle.internal.dispatch.ReflectionDispatch.dispatch(ReflectionDispatch.java:36)
	at org.gradle.internal.dispatch.ReflectionDispatch.dispatch(ReflectionDispatch.java:24)
	at org.gradle.internal.dispatch.ContextClassLoaderDispatch.dispatch(ContextClassLoaderDispatch.java:33)
	at org.gradle.internal.dispatch.ProxyDispatchAdapter$DispatchingInvocationHandler.invoke(ProxyDispatchAdapter.java:94)
	at com.sun.proxy.$Proxy2.stop(Unknown Source)
	at org.gradle.api.internal.tasks.testing.worker.TestWorker.stop(TestWorker.java:132)
	at java.base/jdk.internal.reflect.NativeMethodAccessorImpl.invoke0(Native Method)
	at java.base/jdk.internal.reflect.NativeMethodAccessorImpl.invoke(NativeMethodAccessorImpl.java:62)
	at java.base/jdk.internal.reflect.DelegatingMethodAccessorImpl.invoke(DelegatingMethodAccessorImpl.java:43)
	at java.base/java.lang.reflect.Method.invoke(Method.java:566)
	at org.gradle.internal.dispatch.ReflectionDispatch.dispatch(ReflectionDispatch.java:36)
	at org.gradle.internal.dispatch.ReflectionDispatch.dispatch(ReflectionDispatch.java:24)
	at org.gradle.internal.remote.internal.hub.MessageHubBackedObjectConnection$DispatchWrapper.dispatch(MessageHubBackedObjectConnection.java:182)
	at org.gradle.internal.remote.internal.hub.MessageHubBackedObjectConnection$DispatchWrapper.dispatch(MessageHubBackedObjectConnection.java:164)
	at org.gradle.internal.remote.internal.hub.MessageHub$Handler.run(MessageHub.java:412)
	at org.gradle.internal.concurrent.ExecutorPolicy$CatchAndRecordFailures.onExecute(ExecutorPolicy.java:64)
	at org.gradle.internal.concurrent.ManagedExecutorImpl$1.run(ManagedExecutorImpl.java:48)
	at java.base/java.util.concurrent.ThreadPoolExecutor.runWorker(ThreadPoolExecutor.java:1128)
	at java.base/java.util.concurrent.ThreadPoolExecutor$Worker.run(ThreadPoolExecutor.java:628)
	at org.gradle.internal.concurrent.ThreadFactoryImpl$ManagedThreadRunnable.run(ThreadFactoryImpl.java:56)
	at java.base/java.lang.Thread.run(Thread.java:834)
</failure>
  </testcase>
  <testcase name="Step Forward" classname="ca.mcgill.ecse223.quoridor.features.CucumberTestsRunner" time="0.015">
    <failure message="org.opentest4j.MultipleFailuresError: Multiple Failures (9 failures)&#13;&#10;&#9;io.cucumber.junit.UndefinedThrowable: The step &quot;The game is in replay mode&quot; is undefined&#13;&#10;&#9;io.cucumber.junit.UndefinedThrowable: The step &quot;The following moves have been played in game:&quot; is undefined&#13;&#10;&#9;io.cucumber.junit.UndefinedThrowable: The step &quot;The next move is 1.2&quot; is undefined&#13;&#10;&#9;io.cucumber.junit.UndefinedThrowable: The step &quot;Step backward is initiated&quot; is undefined&#13;&#10;&#9;io.cucumber.junit.UndefinedThrowable: The step &quot;The next move shall be 2.1&quot; is undefined&#13;&#10;&#9;io.cucumber.junit.UndefinedThrowable: The step &quot;White player's position shall be (8,5)&quot; is undefined&#13;&#10;&#9;io.cucumber.junit.UndefinedThrowable: The step &quot;Black player's position shall be (2,5)&quot; is undefined&#13;&#10;&#9;io.cucumber.junit.UndefinedThrowable: The step &quot;White has &lt;wwallno&gt; on stock&quot; is undefined&#13;&#10;&#9;io.cucumber.junit.UndefinedThrowable: The step &quot;Black has 10 on stock&quot; is undefined" type="org.opentest4j.MultipleFailuresError">org.opentest4j.MultipleFailuresError: Multiple Failures (9 failures)
	io.cucumber.junit.UndefinedThrowable: The step &quot;The game is in replay mode&quot; is undefined
	io.cucumber.junit.UndefinedThrowable: The step &quot;The following moves have been played in game:&quot; is undefined
	io.cucumber.junit.UndefinedThrowable: The step &quot;The next move is 1.2&quot; is undefined
	io.cucumber.junit.UndefinedThrowable: The step &quot;Step backward is initiated&quot; is undefined
	io.cucumber.junit.UndefinedThrowable: The step &quot;The next move shall be 2.1&quot; is undefined
	io.cucumber.junit.UndefinedThrowable: The step &quot;White player's position shall be (8,5)&quot; is undefined
	io.cucumber.junit.UndefinedThrowable: The step &quot;Black player's position shall be (2,5)&quot; is undefined
	io.cucumber.junit.UndefinedThrowable: The step &quot;White has &lt;wwallno&gt; on stock&quot; is undefined
	io.cucumber.junit.UndefinedThrowable: The step &quot;Black has 10 on stock&quot; is undefined
	at org.junit.vintage.engine.execution.TestRun.getStoredResultOrSuccessful(TestRun.java:179)
	at org.junit.vintage.engine.execution.RunListenerAdapter.fireExecutionFinished(RunListenerAdapter.java:211)
	at org.junit.vintage.engine.execution.RunListenerAdapter.testFinished(RunListenerAdapter.java:177)
	at org.junit.vintage.engine.execution.RunListenerAdapter.testFinished(RunListenerAdapter.java:76)
	at org.junit.runner.notification.SynchronizedRunListener.testFinished(SynchronizedRunListener.java:56)
	at org.junit.runner.notification.RunNotifier$7.notifyListener(RunNotifier.java:190)
	at org.junit.runner.notification.RunNotifier$SafeNotifier.run(RunNotifier.java:72)
	at org.junit.runner.notification.RunNotifier.fireTestFinished(RunNotifier.java:187)
	at io.cucumber.junit.JUnitReporter$EachTestNotifier.fireTestFinished(JUnitReporter.java:253)
	at io.cucumber.junit.JUnitReporter.handleTestCaseResult(JUnitReporter.java:178)
	at io.cucumber.junit.JUnitReporter$4.receive(JUnitReporter.java:66)
	at io.cucumber.junit.JUnitReporter$4.receive(JUnitReporter.java:62)
	at cucumber.runner.AbstractEventPublisher.send(AbstractEventPublisher.java:45)
	at cucumber.runner.AbstractEventBus.send(AbstractEventBus.java:9)
	at cucumber.runner.ThreadLocalRunnerSupplier$LocalEventBus.send(ThreadLocalRunnerSupplier.java:60)
	at cucumber.runner.TestCase.run(TestCase.java:55)
	at cucumber.runner.Runner.runPickle(Runner.java:50)
	at io.cucumber.junit.PickleRunners$NoStepDescriptions.run(PickleRunners.java:146)
	at io.cucumber.junit.FeatureRunner.runChild(FeatureRunner.java:68)
	at io.cucumber.junit.FeatureRunner.runChild(FeatureRunner.java:23)
	at org.junit.runners.ParentRunner$3.run(ParentRunner.java:290)
	at org.junit.runners.ParentRunner$1.schedule(ParentRunner.java:71)
	at org.junit.runners.ParentRunner.runChildren(ParentRunner.java:288)
	at org.junit.runners.ParentRunner.access$000(ParentRunner.java:58)
	at org.junit.runners.ParentRunner$2.evaluate(ParentRunner.java:268)
	at org.junit.runners.ParentRunner.run(ParentRunner.java:363)
	at io.cucumber.junit.Cucumber.runChild(Cucumber.java:144)
	at io.cucumber.junit.Cucumber.runChild(Cucumber.java:65)
	at org.junit.runners.ParentRunner$3.run(ParentRunner.java:290)
	at org.junit.runners.ParentRunner$1.schedule(ParentRunner.java:71)
	at org.junit.runners.ParentRunner.runChildren(ParentRunner.java:288)
	at org.junit.runners.ParentRunner.access$000(ParentRunner.java:58)
	at org.junit.runners.ParentRunner$2.evaluate(ParentRunner.java:268)
	at io.cucumber.junit.Cucumber$RunCucumber.evaluate(Cucumber.java:174)
	at org.junit.runners.ParentRunner.run(ParentRunner.java:363)
	at org.junit.runner.JUnitCore.run(JUnitCore.java:137)
	at org.junit.runner.JUnitCore.run(JUnitCore.java:115)
	at org.junit.vintage.engine.execution.RunnerExecutor.execute(RunnerExecutor.java:40)
	at java.base/java.util.stream.ForEachOps$ForEachOp$OfRef.accept(ForEachOps.java:183)
	at java.base/java.util.stream.ReferencePipeline$3$1.accept(ReferencePipeline.java:195)
	at java.base/java.util.Iterator.forEachRemaining(Iterator.java:133)
	at java.base/java.util.Spliterators$IteratorSpliterator.forEachRemaining(Spliterators.java:1801)
	at java.base/java.util.stream.AbstractPipeline.copyInto(AbstractPipeline.java:484)
	at java.base/java.util.stream.AbstractPipeline.wrapAndCopyInto(AbstractPipeline.java:474)
	at java.base/java.util.stream.ForEachOps$ForEachOp.evaluateSequential(ForEachOps.java:150)
	at java.base/java.util.stream.ForEachOps$ForEachOp$OfRef.evaluateSequential(ForEachOps.java:173)
	at java.base/java.util.stream.AbstractPipeline.evaluate(AbstractPipeline.java:234)
	at java.base/java.util.stream.ReferencePipeline.forEach(ReferencePipeline.java:497)
	at org.junit.vintage.engine.VintageTestEngine.executeAllChildren(VintageTestEngine.java:80)
	at org.junit.vintage.engine.VintageTestEngine.execute(VintageTestEngine.java:71)
	at org.junit.platform.launcher.core.DefaultLauncher.execute(DefaultLauncher.java:220)
	at org.junit.platform.launcher.core.DefaultLauncher.lambda$execute$6(DefaultLauncher.java:188)
	at org.junit.platform.launcher.core.DefaultLauncher.withInterceptedStreams(DefaultLauncher.java:202)
	at org.junit.platform.launcher.core.DefaultLauncher.execute(DefaultLauncher.java:181)
	at org.junit.platform.launcher.core.DefaultLauncher.execute(DefaultLauncher.java:128)
	at org.gradle.api.internal.tasks.testing.junitplatform.JUnitPlatformTestClassProcessor$CollectAllTestClassesExecutor.processAllTestClasses(JUnitPlatformTestClassProcessor.java:102)
	at org.gradle.api.internal.tasks.testing.junitplatform.JUnitPlatformTestClassProcessor$CollectAllTestClassesExecutor.access$000(JUnitPlatformTestClassProcessor.java:82)
	at org.gradle.api.internal.tasks.testing.junitplatform.JUnitPlatformTestClassProcessor.stop(JUnitPlatformTestClassProcessor.java:78)
	at org.gradle.api.internal.tasks.testing.SuiteTestClassProcessor.stop(SuiteTestClassProcessor.java:61)
	at java.base/jdk.internal.reflect.NativeMethodAccessorImpl.invoke0(Native Method)
	at java.base/jdk.internal.reflect.NativeMethodAccessorImpl.invoke(NativeMethodAccessorImpl.java:62)
	at java.base/jdk.internal.reflect.DelegatingMethodAccessorImpl.invoke(DelegatingMethodAccessorImpl.java:43)
	at java.base/java.lang.reflect.Method.invoke(Method.java:566)
	at org.gradle.internal.dispatch.ReflectionDispatch.dispatch(ReflectionDispatch.java:36)
	at org.gradle.internal.dispatch.ReflectionDispatch.dispatch(ReflectionDispatch.java:24)
	at org.gradle.internal.dispatch.ContextClassLoaderDispatch.dispatch(ContextClassLoaderDispatch.java:33)
	at org.gradle.internal.dispatch.ProxyDispatchAdapter$DispatchingInvocationHandler.invoke(ProxyDispatchAdapter.java:94)
	at com.sun.proxy.$Proxy2.stop(Unknown Source)
	at org.gradle.api.internal.tasks.testing.worker.TestWorker.stop(TestWorker.java:132)
	at java.base/jdk.internal.reflect.NativeMethodAccessorImpl.invoke0(Native Method)
	at java.base/jdk.internal.reflect.NativeMethodAccessorImpl.invoke(NativeMethodAccessorImpl.java:62)
	at java.base/jdk.internal.reflect.DelegatingMethodAccessorImpl.invoke(DelegatingMethodAccessorImpl.java:43)
	at java.base/java.lang.reflect.Method.invoke(Method.java:566)
	at org.gradle.internal.dispatch.ReflectionDispatch.dispatch(ReflectionDispatch.java:36)
	at org.gradle.internal.dispatch.ReflectionDispatch.dispatch(ReflectionDispatch.java:24)
	at org.gradle.internal.remote.internal.hub.MessageHubBackedObjectConnection$DispatchWrapper.dispatch(MessageHubBackedObjectConnection.java:182)
	at org.gradle.internal.remote.internal.hub.MessageHubBackedObjectConnection$DispatchWrapper.dispatch(MessageHubBackedObjectConnection.java:164)
	at org.gradle.internal.remote.internal.hub.MessageHub$Handler.run(MessageHub.java:412)
	at org.gradle.internal.concurrent.ExecutorPolicy$CatchAndRecordFailures.onExecute(ExecutorPolicy.java:64)
	at org.gradle.internal.concurrent.ManagedExecutorImpl$1.run(ManagedExecutorImpl.java:48)
	at java.base/java.util.concurrent.ThreadPoolExecutor.runWorker(ThreadPoolExecutor.java:1128)
	at java.base/java.util.concurrent.ThreadPoolExecutor$Worker.run(ThreadPoolExecutor.java:628)
	at org.gradle.internal.concurrent.ThreadFactoryImpl$ManagedThreadRunnable.run(ThreadFactoryImpl.java:56)
	at java.base/java.lang.Thread.run(Thread.java:834)
</failure>
  </testcase>
  <testcase name="Step Forward" classname="ca.mcgill.ecse223.quoridor.features.CucumberTestsRunner" time="0.038">
    <failure message="org.opentest4j.MultipleFailuresError: Multiple Failures (9 failures)&#13;&#10;&#9;io.cucumber.junit.UndefinedThrowable: The step &quot;The game is in replay mode&quot; is undefined&#13;&#10;&#9;io.cucumber.junit.UndefinedThrowable: The step &quot;The following moves have been played in game:&quot; is undefined&#13;&#10;&#9;io.cucumber.junit.UndefinedThrowable: The step &quot;The next move is 2.1&quot; is undefined&#13;&#10;&#9;io.cucumber.junit.UndefinedThrowable: The step &quot;Step backward is initiated&quot; is undefined&#13;&#10;&#9;io.cucumber.junit.UndefinedThrowable: The step &quot;The next move shall be 2.2&quot; is undefined&#13;&#10;&#9;io.cucumber.junit.UndefinedThrowable: The step &quot;White player's position shall be (7,5)&quot; is undefined&#13;&#10;&#9;io.cucumber.junit.UndefinedThrowable: The step &quot;Black player's position shall be (2,5)&quot; is undefined&#13;&#10;&#9;io.cucumber.junit.UndefinedThrowable: The step &quot;White has &lt;wwallno&gt; on stock&quot; is undefined&#13;&#10;&#9;io.cucumber.junit.UndefinedThrowable: The step &quot;Black has 10 on stock&quot; is undefined" type="org.opentest4j.MultipleFailuresError">org.opentest4j.MultipleFailuresError: Multiple Failures (9 failures)
	io.cucumber.junit.UndefinedThrowable: The step &quot;The game is in replay mode&quot; is undefined
	io.cucumber.junit.UndefinedThrowable: The step &quot;The following moves have been played in game:&quot; is undefined
	io.cucumber.junit.UndefinedThrowable: The step &quot;The next move is 2.1&quot; is undefined
	io.cucumber.junit.UndefinedThrowable: The step &quot;Step backward is initiated&quot; is undefined
	io.cucumber.junit.UndefinedThrowable: The step &quot;The next move shall be 2.2&quot; is undefined
	io.cucumber.junit.UndefinedThrowable: The step &quot;White player's position shall be (7,5)&quot; is undefined
	io.cucumber.junit.UndefinedThrowable: The step &quot;Black player's position shall be (2,5)&quot; is undefined
	io.cucumber.junit.UndefinedThrowable: The step &quot;White has &lt;wwallno&gt; on stock&quot; is undefined
	io.cucumber.junit.UndefinedThrowable: The step &quot;Black has 10 on stock&quot; is undefined
	at org.junit.vintage.engine.execution.TestRun.getStoredResultOrSuccessful(TestRun.java:179)
	at org.junit.vintage.engine.execution.RunListenerAdapter.fireExecutionFinished(RunListenerAdapter.java:211)
	at org.junit.vintage.engine.execution.RunListenerAdapter.testFinished(RunListenerAdapter.java:177)
	at org.junit.vintage.engine.execution.RunListenerAdapter.testFinished(RunListenerAdapter.java:76)
	at org.junit.runner.notification.SynchronizedRunListener.testFinished(SynchronizedRunListener.java:56)
	at org.junit.runner.notification.RunNotifier$7.notifyListener(RunNotifier.java:190)
	at org.junit.runner.notification.RunNotifier$SafeNotifier.run(RunNotifier.java:72)
	at org.junit.runner.notification.RunNotifier.fireTestFinished(RunNotifier.java:187)
	at io.cucumber.junit.JUnitReporter$EachTestNotifier.fireTestFinished(JUnitReporter.java:253)
	at io.cucumber.junit.JUnitReporter.handleTestCaseResult(JUnitReporter.java:178)
	at io.cucumber.junit.JUnitReporter$4.receive(JUnitReporter.java:66)
	at io.cucumber.junit.JUnitReporter$4.receive(JUnitReporter.java:62)
	at cucumber.runner.AbstractEventPublisher.send(AbstractEventPublisher.java:45)
	at cucumber.runner.AbstractEventBus.send(AbstractEventBus.java:9)
	at cucumber.runner.ThreadLocalRunnerSupplier$LocalEventBus.send(ThreadLocalRunnerSupplier.java:60)
	at cucumber.runner.TestCase.run(TestCase.java:55)
	at cucumber.runner.Runner.runPickle(Runner.java:50)
	at io.cucumber.junit.PickleRunners$NoStepDescriptions.run(PickleRunners.java:146)
	at io.cucumber.junit.FeatureRunner.runChild(FeatureRunner.java:68)
	at io.cucumber.junit.FeatureRunner.runChild(FeatureRunner.java:23)
	at org.junit.runners.ParentRunner$3.run(ParentRunner.java:290)
	at org.junit.runners.ParentRunner$1.schedule(ParentRunner.java:71)
	at org.junit.runners.ParentRunner.runChildren(ParentRunner.java:288)
	at org.junit.runners.ParentRunner.access$000(ParentRunner.java:58)
	at org.junit.runners.ParentRunner$2.evaluate(ParentRunner.java:268)
	at org.junit.runners.ParentRunner.run(ParentRunner.java:363)
	at io.cucumber.junit.Cucumber.runChild(Cucumber.java:144)
	at io.cucumber.junit.Cucumber.runChild(Cucumber.java:65)
	at org.junit.runners.ParentRunner$3.run(ParentRunner.java:290)
	at org.junit.runners.ParentRunner$1.schedule(ParentRunner.java:71)
	at org.junit.runners.ParentRunner.runChildren(ParentRunner.java:288)
	at org.junit.runners.ParentRunner.access$000(ParentRunner.java:58)
	at org.junit.runners.ParentRunner$2.evaluate(ParentRunner.java:268)
	at io.cucumber.junit.Cucumber$RunCucumber.evaluate(Cucumber.java:174)
	at org.junit.runners.ParentRunner.run(ParentRunner.java:363)
	at org.junit.runner.JUnitCore.run(JUnitCore.java:137)
	at org.junit.runner.JUnitCore.run(JUnitCore.java:115)
	at org.junit.vintage.engine.execution.RunnerExecutor.execute(RunnerExecutor.java:40)
	at java.base/java.util.stream.ForEachOps$ForEachOp$OfRef.accept(ForEachOps.java:183)
	at java.base/java.util.stream.ReferencePipeline$3$1.accept(ReferencePipeline.java:195)
	at java.base/java.util.Iterator.forEachRemaining(Iterator.java:133)
	at java.base/java.util.Spliterators$IteratorSpliterator.forEachRemaining(Spliterators.java:1801)
	at java.base/java.util.stream.AbstractPipeline.copyInto(AbstractPipeline.java:484)
	at java.base/java.util.stream.AbstractPipeline.wrapAndCopyInto(AbstractPipeline.java:474)
	at java.base/java.util.stream.ForEachOps$ForEachOp.evaluateSequential(ForEachOps.java:150)
	at java.base/java.util.stream.ForEachOps$ForEachOp$OfRef.evaluateSequential(ForEachOps.java:173)
	at java.base/java.util.stream.AbstractPipeline.evaluate(AbstractPipeline.java:234)
	at java.base/java.util.stream.ReferencePipeline.forEach(ReferencePipeline.java:497)
	at org.junit.vintage.engine.VintageTestEngine.executeAllChildren(VintageTestEngine.java:80)
	at org.junit.vintage.engine.VintageTestEngine.execute(VintageTestEngine.java:71)
	at org.junit.platform.launcher.core.DefaultLauncher.execute(DefaultLauncher.java:220)
	at org.junit.platform.launcher.core.DefaultLauncher.lambda$execute$6(DefaultLauncher.java:188)
	at org.junit.platform.launcher.core.DefaultLauncher.withInterceptedStreams(DefaultLauncher.java:202)
	at org.junit.platform.launcher.core.DefaultLauncher.execute(DefaultLauncher.java:181)
	at org.junit.platform.launcher.core.DefaultLauncher.execute(DefaultLauncher.java:128)
	at org.gradle.api.internal.tasks.testing.junitplatform.JUnitPlatformTestClassProcessor$CollectAllTestClassesExecutor.processAllTestClasses(JUnitPlatformTestClassProcessor.java:102)
	at org.gradle.api.internal.tasks.testing.junitplatform.JUnitPlatformTestClassProcessor$CollectAllTestClassesExecutor.access$000(JUnitPlatformTestClassProcessor.java:82)
	at org.gradle.api.internal.tasks.testing.junitplatform.JUnitPlatformTestClassProcessor.stop(JUnitPlatformTestClassProcessor.java:78)
	at org.gradle.api.internal.tasks.testing.SuiteTestClassProcessor.stop(SuiteTestClassProcessor.java:61)
	at java.base/jdk.internal.reflect.NativeMethodAccessorImpl.invoke0(Native Method)
	at java.base/jdk.internal.reflect.NativeMethodAccessorImpl.invoke(NativeMethodAccessorImpl.java:62)
	at java.base/jdk.internal.reflect.DelegatingMethodAccessorImpl.invoke(DelegatingMethodAccessorImpl.java:43)
	at java.base/java.lang.reflect.Method.invoke(Method.java:566)
	at org.gradle.internal.dispatch.ReflectionDispatch.dispatch(ReflectionDispatch.java:36)
	at org.gradle.internal.dispatch.ReflectionDispatch.dispatch(ReflectionDispatch.java:24)
	at org.gradle.internal.dispatch.ContextClassLoaderDispatch.dispatch(ContextClassLoaderDispatch.java:33)
	at org.gradle.internal.dispatch.ProxyDispatchAdapter$DispatchingInvocationHandler.invoke(ProxyDispatchAdapter.java:94)
	at com.sun.proxy.$Proxy2.stop(Unknown Source)
	at org.gradle.api.internal.tasks.testing.worker.TestWorker.stop(TestWorker.java:132)
	at java.base/jdk.internal.reflect.NativeMethodAccessorImpl.invoke0(Native Method)
	at java.base/jdk.internal.reflect.NativeMethodAccessorImpl.invoke(NativeMethodAccessorImpl.java:62)
	at java.base/jdk.internal.reflect.DelegatingMethodAccessorImpl.invoke(DelegatingMethodAccessorImpl.java:43)
	at java.base/java.lang.reflect.Method.invoke(Method.java:566)
	at org.gradle.internal.dispatch.ReflectionDispatch.dispatch(ReflectionDispatch.java:36)
	at org.gradle.internal.dispatch.ReflectionDispatch.dispatch(ReflectionDispatch.java:24)
	at org.gradle.internal.remote.internal.hub.MessageHubBackedObjectConnection$DispatchWrapper.dispatch(MessageHubBackedObjectConnection.java:182)
	at org.gradle.internal.remote.internal.hub.MessageHubBackedObjectConnection$DispatchWrapper.dispatch(MessageHubBackedObjectConnection.java:164)
	at org.gradle.internal.remote.internal.hub.MessageHub$Handler.run(MessageHub.java:412)
	at org.gradle.internal.concurrent.ExecutorPolicy$CatchAndRecordFailures.onExecute(ExecutorPolicy.java:64)
	at org.gradle.internal.concurrent.ManagedExecutorImpl$1.run(ManagedExecutorImpl.java:48)
	at java.base/java.util.concurrent.ThreadPoolExecutor.runWorker(ThreadPoolExecutor.java:1128)
	at java.base/java.util.concurrent.ThreadPoolExecutor$Worker.run(ThreadPoolExecutor.java:628)
	at org.gradle.internal.concurrent.ThreadFactoryImpl$ManagedThreadRunnable.run(ThreadFactoryImpl.java:56)
	at java.base/java.lang.Thread.run(Thread.java:834)
</failure>
  </testcase>
  <testcase name="Step Forward" classname="ca.mcgill.ecse223.quoridor.features.CucumberTestsRunner" time="0.046">
    <failure message="org.opentest4j.MultipleFailuresError: Multiple Failures (9 failures)&#13;&#10;&#9;io.cucumber.junit.UndefinedThrowable: The step &quot;The game is in replay mode&quot; is undefined&#13;&#10;&#9;io.cucumber.junit.UndefinedThrowable: The step &quot;The following moves have been played in game:&quot; is undefined&#13;&#10;&#9;io.cucumber.junit.UndefinedThrowable: The step &quot;The next move is 2.2&quot; is undefined&#13;&#10;&#9;io.cucumber.junit.UndefinedThrowable: The step &quot;Step backward is initiated&quot; is undefined&#13;&#10;&#9;io.cucumber.junit.UndefinedThrowable: The step &quot;The next move shall be 3.1&quot; is undefined&#13;&#10;&#9;io.cucumber.junit.UndefinedThrowable: The step &quot;White player's position shall be (7,5)&quot; is undefined&#13;&#10;&#9;io.cucumber.junit.UndefinedThrowable: The step &quot;Black player's position shall be (3,5)&quot; is undefined&#13;&#10;&#9;io.cucumber.junit.UndefinedThrowable: The step &quot;White has &lt;wwallno&gt; on stock&quot; is undefined&#13;&#10;&#9;io.cucumber.junit.UndefinedThrowable: The step &quot;Black has 10 on stock&quot; is undefined" type="org.opentest4j.MultipleFailuresError">org.opentest4j.MultipleFailuresError: Multiple Failures (9 failures)
	io.cucumber.junit.UndefinedThrowable: The step &quot;The game is in replay mode&quot; is undefined
	io.cucumber.junit.UndefinedThrowable: The step &quot;The following moves have been played in game:&quot; is undefined
	io.cucumber.junit.UndefinedThrowable: The step &quot;The next move is 2.2&quot; is undefined
	io.cucumber.junit.UndefinedThrowable: The step &quot;Step backward is initiated&quot; is undefined
	io.cucumber.junit.UndefinedThrowable: The step &quot;The next move shall be 3.1&quot; is undefined
	io.cucumber.junit.UndefinedThrowable: The step &quot;White player's position shall be (7,5)&quot; is undefined
	io.cucumber.junit.UndefinedThrowable: The step &quot;Black player's position shall be (3,5)&quot; is undefined
	io.cucumber.junit.UndefinedThrowable: The step &quot;White has &lt;wwallno&gt; on stock&quot; is undefined
	io.cucumber.junit.UndefinedThrowable: The step &quot;Black has 10 on stock&quot; is undefined
	at org.junit.vintage.engine.execution.TestRun.getStoredResultOrSuccessful(TestRun.java:179)
	at org.junit.vintage.engine.execution.RunListenerAdapter.fireExecutionFinished(RunListenerAdapter.java:211)
	at org.junit.vintage.engine.execution.RunListenerAdapter.testFinished(RunListenerAdapter.java:177)
	at org.junit.vintage.engine.execution.RunListenerAdapter.testFinished(RunListenerAdapter.java:76)
	at org.junit.runner.notification.SynchronizedRunListener.testFinished(SynchronizedRunListener.java:56)
	at org.junit.runner.notification.RunNotifier$7.notifyListener(RunNotifier.java:190)
	at org.junit.runner.notification.RunNotifier$SafeNotifier.run(RunNotifier.java:72)
	at org.junit.runner.notification.RunNotifier.fireTestFinished(RunNotifier.java:187)
	at io.cucumber.junit.JUnitReporter$EachTestNotifier.fireTestFinished(JUnitReporter.java:253)
	at io.cucumber.junit.JUnitReporter.handleTestCaseResult(JUnitReporter.java:178)
	at io.cucumber.junit.JUnitReporter$4.receive(JUnitReporter.java:66)
	at io.cucumber.junit.JUnitReporter$4.receive(JUnitReporter.java:62)
	at cucumber.runner.AbstractEventPublisher.send(AbstractEventPublisher.java:45)
	at cucumber.runner.AbstractEventBus.send(AbstractEventBus.java:9)
	at cucumber.runner.ThreadLocalRunnerSupplier$LocalEventBus.send(ThreadLocalRunnerSupplier.java:60)
	at cucumber.runner.TestCase.run(TestCase.java:55)
	at cucumber.runner.Runner.runPickle(Runner.java:50)
	at io.cucumber.junit.PickleRunners$NoStepDescriptions.run(PickleRunners.java:146)
	at io.cucumber.junit.FeatureRunner.runChild(FeatureRunner.java:68)
	at io.cucumber.junit.FeatureRunner.runChild(FeatureRunner.java:23)
	at org.junit.runners.ParentRunner$3.run(ParentRunner.java:290)
	at org.junit.runners.ParentRunner$1.schedule(ParentRunner.java:71)
	at org.junit.runners.ParentRunner.runChildren(ParentRunner.java:288)
	at org.junit.runners.ParentRunner.access$000(ParentRunner.java:58)
	at org.junit.runners.ParentRunner$2.evaluate(ParentRunner.java:268)
	at org.junit.runners.ParentRunner.run(ParentRunner.java:363)
	at io.cucumber.junit.Cucumber.runChild(Cucumber.java:144)
	at io.cucumber.junit.Cucumber.runChild(Cucumber.java:65)
	at org.junit.runners.ParentRunner$3.run(ParentRunner.java:290)
	at org.junit.runners.ParentRunner$1.schedule(ParentRunner.java:71)
	at org.junit.runners.ParentRunner.runChildren(ParentRunner.java:288)
	at org.junit.runners.ParentRunner.access$000(ParentRunner.java:58)
	at org.junit.runners.ParentRunner$2.evaluate(ParentRunner.java:268)
	at io.cucumber.junit.Cucumber$RunCucumber.evaluate(Cucumber.java:174)
	at org.junit.runners.ParentRunner.run(ParentRunner.java:363)
	at org.junit.runner.JUnitCore.run(JUnitCore.java:137)
	at org.junit.runner.JUnitCore.run(JUnitCore.java:115)
	at org.junit.vintage.engine.execution.RunnerExecutor.execute(RunnerExecutor.java:40)
	at java.base/java.util.stream.ForEachOps$ForEachOp$OfRef.accept(ForEachOps.java:183)
	at java.base/java.util.stream.ReferencePipeline$3$1.accept(ReferencePipeline.java:195)
	at java.base/java.util.Iterator.forEachRemaining(Iterator.java:133)
	at java.base/java.util.Spliterators$IteratorSpliterator.forEachRemaining(Spliterators.java:1801)
	at java.base/java.util.stream.AbstractPipeline.copyInto(AbstractPipeline.java:484)
	at java.base/java.util.stream.AbstractPipeline.wrapAndCopyInto(AbstractPipeline.java:474)
	at java.base/java.util.stream.ForEachOps$ForEachOp.evaluateSequential(ForEachOps.java:150)
	at java.base/java.util.stream.ForEachOps$ForEachOp$OfRef.evaluateSequential(ForEachOps.java:173)
	at java.base/java.util.stream.AbstractPipeline.evaluate(AbstractPipeline.java:234)
	at java.base/java.util.stream.ReferencePipeline.forEach(ReferencePipeline.java:497)
	at org.junit.vintage.engine.VintageTestEngine.executeAllChildren(VintageTestEngine.java:80)
	at org.junit.vintage.engine.VintageTestEngine.execute(VintageTestEngine.java:71)
	at org.junit.platform.launcher.core.DefaultLauncher.execute(DefaultLauncher.java:220)
	at org.junit.platform.launcher.core.DefaultLauncher.lambda$execute$6(DefaultLauncher.java:188)
	at org.junit.platform.launcher.core.DefaultLauncher.withInterceptedStreams(DefaultLauncher.java:202)
	at org.junit.platform.launcher.core.DefaultLauncher.execute(DefaultLauncher.java:181)
	at org.junit.platform.launcher.core.DefaultLauncher.execute(DefaultLauncher.java:128)
	at org.gradle.api.internal.tasks.testing.junitplatform.JUnitPlatformTestClassProcessor$CollectAllTestClassesExecutor.processAllTestClasses(JUnitPlatformTestClassProcessor.java:102)
	at org.gradle.api.internal.tasks.testing.junitplatform.JUnitPlatformTestClassProcessor$CollectAllTestClassesExecutor.access$000(JUnitPlatformTestClassProcessor.java:82)
	at org.gradle.api.internal.tasks.testing.junitplatform.JUnitPlatformTestClassProcessor.stop(JUnitPlatformTestClassProcessor.java:78)
	at org.gradle.api.internal.tasks.testing.SuiteTestClassProcessor.stop(SuiteTestClassProcessor.java:61)
	at java.base/jdk.internal.reflect.NativeMethodAccessorImpl.invoke0(Native Method)
	at java.base/jdk.internal.reflect.NativeMethodAccessorImpl.invoke(NativeMethodAccessorImpl.java:62)
	at java.base/jdk.internal.reflect.DelegatingMethodAccessorImpl.invoke(DelegatingMethodAccessorImpl.java:43)
	at java.base/java.lang.reflect.Method.invoke(Method.java:566)
	at org.gradle.internal.dispatch.ReflectionDispatch.dispatch(ReflectionDispatch.java:36)
	at org.gradle.internal.dispatch.ReflectionDispatch.dispatch(ReflectionDispatch.java:24)
	at org.gradle.internal.dispatch.ContextClassLoaderDispatch.dispatch(ContextClassLoaderDispatch.java:33)
	at org.gradle.internal.dispatch.ProxyDispatchAdapter$DispatchingInvocationHandler.invoke(ProxyDispatchAdapter.java:94)
	at com.sun.proxy.$Proxy2.stop(Unknown Source)
	at org.gradle.api.internal.tasks.testing.worker.TestWorker.stop(TestWorker.java:132)
	at java.base/jdk.internal.reflect.NativeMethodAccessorImpl.invoke0(Native Method)
	at java.base/jdk.internal.reflect.NativeMethodAccessorImpl.invoke(NativeMethodAccessorImpl.java:62)
	at java.base/jdk.internal.reflect.DelegatingMethodAccessorImpl.invoke(DelegatingMethodAccessorImpl.java:43)
	at java.base/java.lang.reflect.Method.invoke(Method.java:566)
	at org.gradle.internal.dispatch.ReflectionDispatch.dispatch(ReflectionDispatch.java:36)
	at org.gradle.internal.dispatch.ReflectionDispatch.dispatch(ReflectionDispatch.java:24)
	at org.gradle.internal.remote.internal.hub.MessageHubBackedObjectConnection$DispatchWrapper.dispatch(MessageHubBackedObjectConnection.java:182)
	at org.gradle.internal.remote.internal.hub.MessageHubBackedObjectConnection$DispatchWrapper.dispatch(MessageHubBackedObjectConnection.java:164)
	at org.gradle.internal.remote.internal.hub.MessageHub$Handler.run(MessageHub.java:412)
	at org.gradle.internal.concurrent.ExecutorPolicy$CatchAndRecordFailures.onExecute(ExecutorPolicy.java:64)
	at org.gradle.internal.concurrent.ManagedExecutorImpl$1.run(ManagedExecutorImpl.java:48)
	at java.base/java.util.concurrent.ThreadPoolExecutor.runWorker(ThreadPoolExecutor.java:1128)
	at java.base/java.util.concurrent.ThreadPoolExecutor$Worker.run(ThreadPoolExecutor.java:628)
	at org.gradle.internal.concurrent.ThreadFactoryImpl$ManagedThreadRunnable.run(ThreadFactoryImpl.java:56)
	at java.base/java.lang.Thread.run(Thread.java:834)
</failure>
  </testcase>
  <testcase name="Step Forward" classname="ca.mcgill.ecse223.quoridor.features.CucumberTestsRunner" time="0.051">
    <failure message="org.opentest4j.MultipleFailuresError: Multiple Failures (9 failures)&#13;&#10;&#9;io.cucumber.junit.UndefinedThrowable: The step &quot;The game is in replay mode&quot; is undefined&#13;&#10;&#9;io.cucumber.junit.UndefinedThrowable: The step &quot;The following moves have been played in game:&quot; is undefined&#13;&#10;&#9;io.cucumber.junit.UndefinedThrowable: The step &quot;The next move is 3.1&quot; is undefined&#13;&#10;&#9;io.cucumber.junit.UndefinedThrowable: The step &quot;Step backward is initiated&quot; is undefined&#13;&#10;&#9;io.cucumber.junit.UndefinedThrowable: The step &quot;The next move shall be 3.2&quot; is undefined&#13;&#10;&#9;io.cucumber.junit.UndefinedThrowable: The step &quot;White player's position shall be (7,5)&quot; is undefined&#13;&#10;&#9;io.cucumber.junit.UndefinedThrowable: The step &quot;Black player's position shall be (3,5)&quot; is undefined&#13;&#10;&#9;io.cucumber.junit.UndefinedThrowable: The step &quot;White has &lt;wwallno&gt; on stock&quot; is undefined&#13;&#10;&#9;io.cucumber.junit.UndefinedThrowable: The step &quot;Black has 10 on stock&quot; is undefined" type="org.opentest4j.MultipleFailuresError">org.opentest4j.MultipleFailuresError: Multiple Failures (9 failures)
	io.cucumber.junit.UndefinedThrowable: The step &quot;The game is in replay mode&quot; is undefined
	io.cucumber.junit.UndefinedThrowable: The step &quot;The following moves have been played in game:&quot; is undefined
	io.cucumber.junit.UndefinedThrowable: The step &quot;The next move is 3.1&quot; is undefined
	io.cucumber.junit.UndefinedThrowable: The step &quot;Step backward is initiated&quot; is undefined
	io.cucumber.junit.UndefinedThrowable: The step &quot;The next move shall be 3.2&quot; is undefined
	io.cucumber.junit.UndefinedThrowable: The step &quot;White player's position shall be (7,5)&quot; is undefined
	io.cucumber.junit.UndefinedThrowable: The step &quot;Black player's position shall be (3,5)&quot; is undefined
	io.cucumber.junit.UndefinedThrowable: The step &quot;White has &lt;wwallno&gt; on stock&quot; is undefined
	io.cucumber.junit.UndefinedThrowable: The step &quot;Black has 10 on stock&quot; is undefined
	at org.junit.vintage.engine.execution.TestRun.getStoredResultOrSuccessful(TestRun.java:179)
	at org.junit.vintage.engine.execution.RunListenerAdapter.fireExecutionFinished(RunListenerAdapter.java:211)
	at org.junit.vintage.engine.execution.RunListenerAdapter.testFinished(RunListenerAdapter.java:177)
	at org.junit.vintage.engine.execution.RunListenerAdapter.testFinished(RunListenerAdapter.java:76)
	at org.junit.runner.notification.SynchronizedRunListener.testFinished(SynchronizedRunListener.java:56)
	at org.junit.runner.notification.RunNotifier$7.notifyListener(RunNotifier.java:190)
	at org.junit.runner.notification.RunNotifier$SafeNotifier.run(RunNotifier.java:72)
	at org.junit.runner.notification.RunNotifier.fireTestFinished(RunNotifier.java:187)
	at io.cucumber.junit.JUnitReporter$EachTestNotifier.fireTestFinished(JUnitReporter.java:253)
	at io.cucumber.junit.JUnitReporter.handleTestCaseResult(JUnitReporter.java:178)
	at io.cucumber.junit.JUnitReporter$4.receive(JUnitReporter.java:66)
	at io.cucumber.junit.JUnitReporter$4.receive(JUnitReporter.java:62)
	at cucumber.runner.AbstractEventPublisher.send(AbstractEventPublisher.java:45)
	at cucumber.runner.AbstractEventBus.send(AbstractEventBus.java:9)
	at cucumber.runner.ThreadLocalRunnerSupplier$LocalEventBus.send(ThreadLocalRunnerSupplier.java:60)
	at cucumber.runner.TestCase.run(TestCase.java:55)
	at cucumber.runner.Runner.runPickle(Runner.java:50)
	at io.cucumber.junit.PickleRunners$NoStepDescriptions.run(PickleRunners.java:146)
	at io.cucumber.junit.FeatureRunner.runChild(FeatureRunner.java:68)
	at io.cucumber.junit.FeatureRunner.runChild(FeatureRunner.java:23)
	at org.junit.runners.ParentRunner$3.run(ParentRunner.java:290)
	at org.junit.runners.ParentRunner$1.schedule(ParentRunner.java:71)
	at org.junit.runners.ParentRunner.runChildren(ParentRunner.java:288)
	at org.junit.runners.ParentRunner.access$000(ParentRunner.java:58)
	at org.junit.runners.ParentRunner$2.evaluate(ParentRunner.java:268)
	at org.junit.runners.ParentRunner.run(ParentRunner.java:363)
	at io.cucumber.junit.Cucumber.runChild(Cucumber.java:144)
	at io.cucumber.junit.Cucumber.runChild(Cucumber.java:65)
	at org.junit.runners.ParentRunner$3.run(ParentRunner.java:290)
	at org.junit.runners.ParentRunner$1.schedule(ParentRunner.java:71)
	at org.junit.runners.ParentRunner.runChildren(ParentRunner.java:288)
	at org.junit.runners.ParentRunner.access$000(ParentRunner.java:58)
	at org.junit.runners.ParentRunner$2.evaluate(ParentRunner.java:268)
	at io.cucumber.junit.Cucumber$RunCucumber.evaluate(Cucumber.java:174)
	at org.junit.runners.ParentRunner.run(ParentRunner.java:363)
	at org.junit.runner.JUnitCore.run(JUnitCore.java:137)
	at org.junit.runner.JUnitCore.run(JUnitCore.java:115)
	at org.junit.vintage.engine.execution.RunnerExecutor.execute(RunnerExecutor.java:40)
	at java.base/java.util.stream.ForEachOps$ForEachOp$OfRef.accept(ForEachOps.java:183)
	at java.base/java.util.stream.ReferencePipeline$3$1.accept(ReferencePipeline.java:195)
	at java.base/java.util.Iterator.forEachRemaining(Iterator.java:133)
	at java.base/java.util.Spliterators$IteratorSpliterator.forEachRemaining(Spliterators.java:1801)
	at java.base/java.util.stream.AbstractPipeline.copyInto(AbstractPipeline.java:484)
	at java.base/java.util.stream.AbstractPipeline.wrapAndCopyInto(AbstractPipeline.java:474)
	at java.base/java.util.stream.ForEachOps$ForEachOp.evaluateSequential(ForEachOps.java:150)
	at java.base/java.util.stream.ForEachOps$ForEachOp$OfRef.evaluateSequential(ForEachOps.java:173)
	at java.base/java.util.stream.AbstractPipeline.evaluate(AbstractPipeline.java:234)
	at java.base/java.util.stream.ReferencePipeline.forEach(ReferencePipeline.java:497)
	at org.junit.vintage.engine.VintageTestEngine.executeAllChildren(VintageTestEngine.java:80)
	at org.junit.vintage.engine.VintageTestEngine.execute(VintageTestEngine.java:71)
	at org.junit.platform.launcher.core.DefaultLauncher.execute(DefaultLauncher.java:220)
	at org.junit.platform.launcher.core.DefaultLauncher.lambda$execute$6(DefaultLauncher.java:188)
	at org.junit.platform.launcher.core.DefaultLauncher.withInterceptedStreams(DefaultLauncher.java:202)
	at org.junit.platform.launcher.core.DefaultLauncher.execute(DefaultLauncher.java:181)
	at org.junit.platform.launcher.core.DefaultLauncher.execute(DefaultLauncher.java:128)
	at org.gradle.api.internal.tasks.testing.junitplatform.JUnitPlatformTestClassProcessor$CollectAllTestClassesExecutor.processAllTestClasses(JUnitPlatformTestClassProcessor.java:102)
	at org.gradle.api.internal.tasks.testing.junitplatform.JUnitPlatformTestClassProcessor$CollectAllTestClassesExecutor.access$000(JUnitPlatformTestClassProcessor.java:82)
	at org.gradle.api.internal.tasks.testing.junitplatform.JUnitPlatformTestClassProcessor.stop(JUnitPlatformTestClassProcessor.java:78)
	at org.gradle.api.internal.tasks.testing.SuiteTestClassProcessor.stop(SuiteTestClassProcessor.java:61)
	at java.base/jdk.internal.reflect.NativeMethodAccessorImpl.invoke0(Native Method)
	at java.base/jdk.internal.reflect.NativeMethodAccessorImpl.invoke(NativeMethodAccessorImpl.java:62)
	at java.base/jdk.internal.reflect.DelegatingMethodAccessorImpl.invoke(DelegatingMethodAccessorImpl.java:43)
	at java.base/java.lang.reflect.Method.invoke(Method.java:566)
	at org.gradle.internal.dispatch.ReflectionDispatch.dispatch(ReflectionDispatch.java:36)
	at org.gradle.internal.dispatch.ReflectionDispatch.dispatch(ReflectionDispatch.java:24)
	at org.gradle.internal.dispatch.ContextClassLoaderDispatch.dispatch(ContextClassLoaderDispatch.java:33)
	at org.gradle.internal.dispatch.ProxyDispatchAdapter$DispatchingInvocationHandler.invoke(ProxyDispatchAdapter.java:94)
	at com.sun.proxy.$Proxy2.stop(Unknown Source)
	at org.gradle.api.internal.tasks.testing.worker.TestWorker.stop(TestWorker.java:132)
	at java.base/jdk.internal.reflect.NativeMethodAccessorImpl.invoke0(Native Method)
	at java.base/jdk.internal.reflect.NativeMethodAccessorImpl.invoke(NativeMethodAccessorImpl.java:62)
	at java.base/jdk.internal.reflect.DelegatingMethodAccessorImpl.invoke(DelegatingMethodAccessorImpl.java:43)
	at java.base/java.lang.reflect.Method.invoke(Method.java:566)
	at org.gradle.internal.dispatch.ReflectionDispatch.dispatch(ReflectionDispatch.java:36)
	at org.gradle.internal.dispatch.ReflectionDispatch.dispatch(ReflectionDispatch.java:24)
	at org.gradle.internal.remote.internal.hub.MessageHubBackedObjectConnection$DispatchWrapper.dispatch(MessageHubBackedObjectConnection.java:182)
	at org.gradle.internal.remote.internal.hub.MessageHubBackedObjectConnection$DispatchWrapper.dispatch(MessageHubBackedObjectConnection.java:164)
	at org.gradle.internal.remote.internal.hub.MessageHub$Handler.run(MessageHub.java:412)
	at org.gradle.internal.concurrent.ExecutorPolicy$CatchAndRecordFailures.onExecute(ExecutorPolicy.java:64)
	at org.gradle.internal.concurrent.ManagedExecutorImpl$1.run(ManagedExecutorImpl.java:48)
	at java.base/java.util.concurrent.ThreadPoolExecutor.runWorker(ThreadPoolExecutor.java:1128)
	at java.base/java.util.concurrent.ThreadPoolExecutor$Worker.run(ThreadPoolExecutor.java:628)
	at org.gradle.internal.concurrent.ThreadFactoryImpl$ManagedThreadRunnable.run(ThreadFactoryImpl.java:56)
	at java.base/java.lang.Thread.run(Thread.java:834)
</failure>
  </testcase>
  <testcase name="Step Forward" classname="ca.mcgill.ecse223.quoridor.features.CucumberTestsRunner" time="0.017">
    <failure message="org.opentest4j.MultipleFailuresError: Multiple Failures (9 failures)&#13;&#10;&#9;io.cucumber.junit.UndefinedThrowable: The step &quot;The game is in replay mode&quot; is undefined&#13;&#10;&#9;io.cucumber.junit.UndefinedThrowable: The step &quot;The following moves have been played in game:&quot; is undefined&#13;&#10;&#9;io.cucumber.junit.UndefinedThrowable: The step &quot;The next move is 3.2&quot; is undefined&#13;&#10;&#9;io.cucumber.junit.UndefinedThrowable: The step &quot;Step backward is initiated&quot; is undefined&#13;&#10;&#9;io.cucumber.junit.UndefinedThrowable: The step &quot;The next move shall be 4.1&quot; is undefined&#13;&#10;&#9;io.cucumber.junit.UndefinedThrowable: The step &quot;White player's position shall be (7,5)&quot; is undefined&#13;&#10;&#9;io.cucumber.junit.UndefinedThrowable: The step &quot;Black player's position shall be (3,5)&quot; is undefined&#13;&#10;&#9;io.cucumber.junit.UndefinedThrowable: The step &quot;White has &lt;wwallno&gt; on stock&quot; is undefined&#13;&#10;&#9;io.cucumber.junit.UndefinedThrowable: The step &quot;Black has 9 on stock&quot; is undefined" type="org.opentest4j.MultipleFailuresError">org.opentest4j.MultipleFailuresError: Multiple Failures (9 failures)
	io.cucumber.junit.UndefinedThrowable: The step &quot;The game is in replay mode&quot; is undefined
	io.cucumber.junit.UndefinedThrowable: The step &quot;The following moves have been played in game:&quot; is undefined
	io.cucumber.junit.UndefinedThrowable: The step &quot;The next move is 3.2&quot; is undefined
	io.cucumber.junit.UndefinedThrowable: The step &quot;Step backward is initiated&quot; is undefined
	io.cucumber.junit.UndefinedThrowable: The step &quot;The next move shall be 4.1&quot; is undefined
	io.cucumber.junit.UndefinedThrowable: The step &quot;White player's position shall be (7,5)&quot; is undefined
	io.cucumber.junit.UndefinedThrowable: The step &quot;Black player's position shall be (3,5)&quot; is undefined
	io.cucumber.junit.UndefinedThrowable: The step &quot;White has &lt;wwallno&gt; on stock&quot; is undefined
	io.cucumber.junit.UndefinedThrowable: The step &quot;Black has 9 on stock&quot; is undefined
	at org.junit.vintage.engine.execution.TestRun.getStoredResultOrSuccessful(TestRun.java:179)
	at org.junit.vintage.engine.execution.RunListenerAdapter.fireExecutionFinished(RunListenerAdapter.java:211)
	at org.junit.vintage.engine.execution.RunListenerAdapter.testFinished(RunListenerAdapter.java:177)
	at org.junit.vintage.engine.execution.RunListenerAdapter.testFinished(RunListenerAdapter.java:76)
	at org.junit.runner.notification.SynchronizedRunListener.testFinished(SynchronizedRunListener.java:56)
	at org.junit.runner.notification.RunNotifier$7.notifyListener(RunNotifier.java:190)
	at org.junit.runner.notification.RunNotifier$SafeNotifier.run(RunNotifier.java:72)
	at org.junit.runner.notification.RunNotifier.fireTestFinished(RunNotifier.java:187)
	at io.cucumber.junit.JUnitReporter$EachTestNotifier.fireTestFinished(JUnitReporter.java:253)
	at io.cucumber.junit.JUnitReporter.handleTestCaseResult(JUnitReporter.java:178)
	at io.cucumber.junit.JUnitReporter$4.receive(JUnitReporter.java:66)
	at io.cucumber.junit.JUnitReporter$4.receive(JUnitReporter.java:62)
	at cucumber.runner.AbstractEventPublisher.send(AbstractEventPublisher.java:45)
	at cucumber.runner.AbstractEventBus.send(AbstractEventBus.java:9)
	at cucumber.runner.ThreadLocalRunnerSupplier$LocalEventBus.send(ThreadLocalRunnerSupplier.java:60)
	at cucumber.runner.TestCase.run(TestCase.java:55)
	at cucumber.runner.Runner.runPickle(Runner.java:50)
	at io.cucumber.junit.PickleRunners$NoStepDescriptions.run(PickleRunners.java:146)
	at io.cucumber.junit.FeatureRunner.runChild(FeatureRunner.java:68)
	at io.cucumber.junit.FeatureRunner.runChild(FeatureRunner.java:23)
	at org.junit.runners.ParentRunner$3.run(ParentRunner.java:290)
	at org.junit.runners.ParentRunner$1.schedule(ParentRunner.java:71)
	at org.junit.runners.ParentRunner.runChildren(ParentRunner.java:288)
	at org.junit.runners.ParentRunner.access$000(ParentRunner.java:58)
	at org.junit.runners.ParentRunner$2.evaluate(ParentRunner.java:268)
	at org.junit.runners.ParentRunner.run(ParentRunner.java:363)
	at io.cucumber.junit.Cucumber.runChild(Cucumber.java:144)
	at io.cucumber.junit.Cucumber.runChild(Cucumber.java:65)
	at org.junit.runners.ParentRunner$3.run(ParentRunner.java:290)
	at org.junit.runners.ParentRunner$1.schedule(ParentRunner.java:71)
	at org.junit.runners.ParentRunner.runChildren(ParentRunner.java:288)
	at org.junit.runners.ParentRunner.access$000(ParentRunner.java:58)
	at org.junit.runners.ParentRunner$2.evaluate(ParentRunner.java:268)
	at io.cucumber.junit.Cucumber$RunCucumber.evaluate(Cucumber.java:174)
	at org.junit.runners.ParentRunner.run(ParentRunner.java:363)
	at org.junit.runner.JUnitCore.run(JUnitCore.java:137)
	at org.junit.runner.JUnitCore.run(JUnitCore.java:115)
	at org.junit.vintage.engine.execution.RunnerExecutor.execute(RunnerExecutor.java:40)
	at java.base/java.util.stream.ForEachOps$ForEachOp$OfRef.accept(ForEachOps.java:183)
	at java.base/java.util.stream.ReferencePipeline$3$1.accept(ReferencePipeline.java:195)
	at java.base/java.util.Iterator.forEachRemaining(Iterator.java:133)
	at java.base/java.util.Spliterators$IteratorSpliterator.forEachRemaining(Spliterators.java:1801)
	at java.base/java.util.stream.AbstractPipeline.copyInto(AbstractPipeline.java:484)
	at java.base/java.util.stream.AbstractPipeline.wrapAndCopyInto(AbstractPipeline.java:474)
	at java.base/java.util.stream.ForEachOps$ForEachOp.evaluateSequential(ForEachOps.java:150)
	at java.base/java.util.stream.ForEachOps$ForEachOp$OfRef.evaluateSequential(ForEachOps.java:173)
	at java.base/java.util.stream.AbstractPipeline.evaluate(AbstractPipeline.java:234)
	at java.base/java.util.stream.ReferencePipeline.forEach(ReferencePipeline.java:497)
	at org.junit.vintage.engine.VintageTestEngine.executeAllChildren(VintageTestEngine.java:80)
	at org.junit.vintage.engine.VintageTestEngine.execute(VintageTestEngine.java:71)
	at org.junit.platform.launcher.core.DefaultLauncher.execute(DefaultLauncher.java:220)
	at org.junit.platform.launcher.core.DefaultLauncher.lambda$execute$6(DefaultLauncher.java:188)
	at org.junit.platform.launcher.core.DefaultLauncher.withInterceptedStreams(DefaultLauncher.java:202)
	at org.junit.platform.launcher.core.DefaultLauncher.execute(DefaultLauncher.java:181)
	at org.junit.platform.launcher.core.DefaultLauncher.execute(DefaultLauncher.java:128)
	at org.gradle.api.internal.tasks.testing.junitplatform.JUnitPlatformTestClassProcessor$CollectAllTestClassesExecutor.processAllTestClasses(JUnitPlatformTestClassProcessor.java:102)
	at org.gradle.api.internal.tasks.testing.junitplatform.JUnitPlatformTestClassProcessor$CollectAllTestClassesExecutor.access$000(JUnitPlatformTestClassProcessor.java:82)
	at org.gradle.api.internal.tasks.testing.junitplatform.JUnitPlatformTestClassProcessor.stop(JUnitPlatformTestClassProcessor.java:78)
	at org.gradle.api.internal.tasks.testing.SuiteTestClassProcessor.stop(SuiteTestClassProcessor.java:61)
	at java.base/jdk.internal.reflect.NativeMethodAccessorImpl.invoke0(Native Method)
	at java.base/jdk.internal.reflect.NativeMethodAccessorImpl.invoke(NativeMethodAccessorImpl.java:62)
	at java.base/jdk.internal.reflect.DelegatingMethodAccessorImpl.invoke(DelegatingMethodAccessorImpl.java:43)
	at java.base/java.lang.reflect.Method.invoke(Method.java:566)
	at org.gradle.internal.dispatch.ReflectionDispatch.dispatch(ReflectionDispatch.java:36)
	at org.gradle.internal.dispatch.ReflectionDispatch.dispatch(ReflectionDispatch.java:24)
	at org.gradle.internal.dispatch.ContextClassLoaderDispatch.dispatch(ContextClassLoaderDispatch.java:33)
	at org.gradle.internal.dispatch.ProxyDispatchAdapter$DispatchingInvocationHandler.invoke(ProxyDispatchAdapter.java:94)
	at com.sun.proxy.$Proxy2.stop(Unknown Source)
	at org.gradle.api.internal.tasks.testing.worker.TestWorker.stop(TestWorker.java:132)
	at java.base/jdk.internal.reflect.NativeMethodAccessorImpl.invoke0(Native Method)
	at java.base/jdk.internal.reflect.NativeMethodAccessorImpl.invoke(NativeMethodAccessorImpl.java:62)
	at java.base/jdk.internal.reflect.DelegatingMethodAccessorImpl.invoke(DelegatingMethodAccessorImpl.java:43)
	at java.base/java.lang.reflect.Method.invoke(Method.java:566)
	at org.gradle.internal.dispatch.ReflectionDispatch.dispatch(ReflectionDispatch.java:36)
	at org.gradle.internal.dispatch.ReflectionDispatch.dispatch(ReflectionDispatch.java:24)
	at org.gradle.internal.remote.internal.hub.MessageHubBackedObjectConnection$DispatchWrapper.dispatch(MessageHubBackedObjectConnection.java:182)
	at org.gradle.internal.remote.internal.hub.MessageHubBackedObjectConnection$DispatchWrapper.dispatch(MessageHubBackedObjectConnection.java:164)
	at org.gradle.internal.remote.internal.hub.MessageHub$Handler.run(MessageHub.java:412)
	at org.gradle.internal.concurrent.ExecutorPolicy$CatchAndRecordFailures.onExecute(ExecutorPolicy.java:64)
	at org.gradle.internal.concurrent.ManagedExecutorImpl$1.run(ManagedExecutorImpl.java:48)
	at java.base/java.util.concurrent.ThreadPoolExecutor.runWorker(ThreadPoolExecutor.java:1128)
	at java.base/java.util.concurrent.ThreadPoolExecutor$Worker.run(ThreadPoolExecutor.java:628)
	at org.gradle.internal.concurrent.ThreadFactoryImpl$ManagedThreadRunnable.run(ThreadFactoryImpl.java:56)
	at java.base/java.lang.Thread.run(Thread.java:834)
</failure>
  </testcase>
  <testcase name="Step Forward" classname="ca.mcgill.ecse223.quoridor.features.CucumberTestsRunner" time="0.052">
    <failure message="org.opentest4j.MultipleFailuresError: Multiple Failures (9 failures)&#13;&#10;&#9;io.cucumber.junit.UndefinedThrowable: The step &quot;The game is in replay mode&quot; is undefined&#13;&#10;&#9;io.cucumber.junit.UndefinedThrowable: The step &quot;The following moves have been played in game:&quot; is undefined&#13;&#10;&#9;io.cucumber.junit.UndefinedThrowable: The step &quot;The next move is 4.1&quot; is undefined&#13;&#10;&#9;io.cucumber.junit.UndefinedThrowable: The step &quot;Step backward is initiated&quot; is undefined&#13;&#10;&#9;io.cucumber.junit.UndefinedThrowable: The step &quot;The next move shall be 4.2&quot; is undefined&#13;&#10;&#9;io.cucumber.junit.UndefinedThrowable: The step &quot;White player's position shall be (7,5)&quot; is undefined&#13;&#10;&#9;io.cucumber.junit.UndefinedThrowable: The step &quot;Black player's position shall be (3,5)&quot; is undefined&#13;&#10;&#9;io.cucumber.junit.UndefinedThrowable: The step &quot;White has &lt;wwallno&gt; on stock&quot; is undefined&#13;&#10;&#9;io.cucumber.junit.UndefinedThrowable: The step &quot;Black has 9 on stock&quot; is undefined" type="org.opentest4j.MultipleFailuresError">org.opentest4j.MultipleFailuresError: Multiple Failures (9 failures)
	io.cucumber.junit.UndefinedThrowable: The step &quot;The game is in replay mode&quot; is undefined
	io.cucumber.junit.UndefinedThrowable: The step &quot;The following moves have been played in game:&quot; is undefined
	io.cucumber.junit.UndefinedThrowable: The step &quot;The next move is 4.1&quot; is undefined
	io.cucumber.junit.UndefinedThrowable: The step &quot;Step backward is initiated&quot; is undefined
	io.cucumber.junit.UndefinedThrowable: The step &quot;The next move shall be 4.2&quot; is undefined
	io.cucumber.junit.UndefinedThrowable: The step &quot;White player's position shall be (7,5)&quot; is undefined
	io.cucumber.junit.UndefinedThrowable: The step &quot;Black player's position shall be (3,5)&quot; is undefined
	io.cucumber.junit.UndefinedThrowable: The step &quot;White has &lt;wwallno&gt; on stock&quot; is undefined
	io.cucumber.junit.UndefinedThrowable: The step &quot;Black has 9 on stock&quot; is undefined
	at org.junit.vintage.engine.execution.TestRun.getStoredResultOrSuccessful(TestRun.java:179)
	at org.junit.vintage.engine.execution.RunListenerAdapter.fireExecutionFinished(RunListenerAdapter.java:211)
	at org.junit.vintage.engine.execution.RunListenerAdapter.testFinished(RunListenerAdapter.java:177)
	at org.junit.vintage.engine.execution.RunListenerAdapter.testFinished(RunListenerAdapter.java:76)
	at org.junit.runner.notification.SynchronizedRunListener.testFinished(SynchronizedRunListener.java:56)
	at org.junit.runner.notification.RunNotifier$7.notifyListener(RunNotifier.java:190)
	at org.junit.runner.notification.RunNotifier$SafeNotifier.run(RunNotifier.java:72)
	at org.junit.runner.notification.RunNotifier.fireTestFinished(RunNotifier.java:187)
	at io.cucumber.junit.JUnitReporter$EachTestNotifier.fireTestFinished(JUnitReporter.java:253)
	at io.cucumber.junit.JUnitReporter.handleTestCaseResult(JUnitReporter.java:178)
	at io.cucumber.junit.JUnitReporter$4.receive(JUnitReporter.java:66)
	at io.cucumber.junit.JUnitReporter$4.receive(JUnitReporter.java:62)
	at cucumber.runner.AbstractEventPublisher.send(AbstractEventPublisher.java:45)
	at cucumber.runner.AbstractEventBus.send(AbstractEventBus.java:9)
	at cucumber.runner.ThreadLocalRunnerSupplier$LocalEventBus.send(ThreadLocalRunnerSupplier.java:60)
	at cucumber.runner.TestCase.run(TestCase.java:55)
	at cucumber.runner.Runner.runPickle(Runner.java:50)
	at io.cucumber.junit.PickleRunners$NoStepDescriptions.run(PickleRunners.java:146)
	at io.cucumber.junit.FeatureRunner.runChild(FeatureRunner.java:68)
	at io.cucumber.junit.FeatureRunner.runChild(FeatureRunner.java:23)
	at org.junit.runners.ParentRunner$3.run(ParentRunner.java:290)
	at org.junit.runners.ParentRunner$1.schedule(ParentRunner.java:71)
	at org.junit.runners.ParentRunner.runChildren(ParentRunner.java:288)
	at org.junit.runners.ParentRunner.access$000(ParentRunner.java:58)
	at org.junit.runners.ParentRunner$2.evaluate(ParentRunner.java:268)
	at org.junit.runners.ParentRunner.run(ParentRunner.java:363)
	at io.cucumber.junit.Cucumber.runChild(Cucumber.java:144)
	at io.cucumber.junit.Cucumber.runChild(Cucumber.java:65)
	at org.junit.runners.ParentRunner$3.run(ParentRunner.java:290)
	at org.junit.runners.ParentRunner$1.schedule(ParentRunner.java:71)
	at org.junit.runners.ParentRunner.runChildren(ParentRunner.java:288)
	at org.junit.runners.ParentRunner.access$000(ParentRunner.java:58)
	at org.junit.runners.ParentRunner$2.evaluate(ParentRunner.java:268)
	at io.cucumber.junit.Cucumber$RunCucumber.evaluate(Cucumber.java:174)
	at org.junit.runners.ParentRunner.run(ParentRunner.java:363)
	at org.junit.runner.JUnitCore.run(JUnitCore.java:137)
	at org.junit.runner.JUnitCore.run(JUnitCore.java:115)
	at org.junit.vintage.engine.execution.RunnerExecutor.execute(RunnerExecutor.java:40)
	at java.base/java.util.stream.ForEachOps$ForEachOp$OfRef.accept(ForEachOps.java:183)
	at java.base/java.util.stream.ReferencePipeline$3$1.accept(ReferencePipeline.java:195)
	at java.base/java.util.Iterator.forEachRemaining(Iterator.java:133)
	at java.base/java.util.Spliterators$IteratorSpliterator.forEachRemaining(Spliterators.java:1801)
	at java.base/java.util.stream.AbstractPipeline.copyInto(AbstractPipeline.java:484)
	at java.base/java.util.stream.AbstractPipeline.wrapAndCopyInto(AbstractPipeline.java:474)
	at java.base/java.util.stream.ForEachOps$ForEachOp.evaluateSequential(ForEachOps.java:150)
	at java.base/java.util.stream.ForEachOps$ForEachOp$OfRef.evaluateSequential(ForEachOps.java:173)
	at java.base/java.util.stream.AbstractPipeline.evaluate(AbstractPipeline.java:234)
	at java.base/java.util.stream.ReferencePipeline.forEach(ReferencePipeline.java:497)
	at org.junit.vintage.engine.VintageTestEngine.executeAllChildren(VintageTestEngine.java:80)
	at org.junit.vintage.engine.VintageTestEngine.execute(VintageTestEngine.java:71)
	at org.junit.platform.launcher.core.DefaultLauncher.execute(DefaultLauncher.java:220)
	at org.junit.platform.launcher.core.DefaultLauncher.lambda$execute$6(DefaultLauncher.java:188)
	at org.junit.platform.launcher.core.DefaultLauncher.withInterceptedStreams(DefaultLauncher.java:202)
	at org.junit.platform.launcher.core.DefaultLauncher.execute(DefaultLauncher.java:181)
	at org.junit.platform.launcher.core.DefaultLauncher.execute(DefaultLauncher.java:128)
	at org.gradle.api.internal.tasks.testing.junitplatform.JUnitPlatformTestClassProcessor$CollectAllTestClassesExecutor.processAllTestClasses(JUnitPlatformTestClassProcessor.java:102)
	at org.gradle.api.internal.tasks.testing.junitplatform.JUnitPlatformTestClassProcessor$CollectAllTestClassesExecutor.access$000(JUnitPlatformTestClassProcessor.java:82)
	at org.gradle.api.internal.tasks.testing.junitplatform.JUnitPlatformTestClassProcessor.stop(JUnitPlatformTestClassProcessor.java:78)
	at org.gradle.api.internal.tasks.testing.SuiteTestClassProcessor.stop(SuiteTestClassProcessor.java:61)
	at java.base/jdk.internal.reflect.NativeMethodAccessorImpl.invoke0(Native Method)
	at java.base/jdk.internal.reflect.NativeMethodAccessorImpl.invoke(NativeMethodAccessorImpl.java:62)
	at java.base/jdk.internal.reflect.DelegatingMethodAccessorImpl.invoke(DelegatingMethodAccessorImpl.java:43)
	at java.base/java.lang.reflect.Method.invoke(Method.java:566)
	at org.gradle.internal.dispatch.ReflectionDispatch.dispatch(ReflectionDispatch.java:36)
	at org.gradle.internal.dispatch.ReflectionDispatch.dispatch(ReflectionDispatch.java:24)
	at org.gradle.internal.dispatch.ContextClassLoaderDispatch.dispatch(ContextClassLoaderDispatch.java:33)
	at org.gradle.internal.dispatch.ProxyDispatchAdapter$DispatchingInvocationHandler.invoke(ProxyDispatchAdapter.java:94)
	at com.sun.proxy.$Proxy2.stop(Unknown Source)
	at org.gradle.api.internal.tasks.testing.worker.TestWorker.stop(TestWorker.java:132)
	at java.base/jdk.internal.reflect.NativeMethodAccessorImpl.invoke0(Native Method)
	at java.base/jdk.internal.reflect.NativeMethodAccessorImpl.invoke(NativeMethodAccessorImpl.java:62)
	at java.base/jdk.internal.reflect.DelegatingMethodAccessorImpl.invoke(DelegatingMethodAccessorImpl.java:43)
	at java.base/java.lang.reflect.Method.invoke(Method.java:566)
	at org.gradle.internal.dispatch.ReflectionDispatch.dispatch(ReflectionDispatch.java:36)
	at org.gradle.internal.dispatch.ReflectionDispatch.dispatch(ReflectionDispatch.java:24)
	at org.gradle.internal.remote.internal.hub.MessageHubBackedObjectConnection$DispatchWrapper.dispatch(MessageHubBackedObjectConnection.java:182)
	at org.gradle.internal.remote.internal.hub.MessageHubBackedObjectConnection$DispatchWrapper.dispatch(MessageHubBackedObjectConnection.java:164)
	at org.gradle.internal.remote.internal.hub.MessageHub$Handler.run(MessageHub.java:412)
	at org.gradle.internal.concurrent.ExecutorPolicy$CatchAndRecordFailures.onExecute(ExecutorPolicy.java:64)
	at org.gradle.internal.concurrent.ManagedExecutorImpl$1.run(ManagedExecutorImpl.java:48)
	at java.base/java.util.concurrent.ThreadPoolExecutor.runWorker(ThreadPoolExecutor.java:1128)
	at java.base/java.util.concurrent.ThreadPoolExecutor$Worker.run(ThreadPoolExecutor.java:628)
	at org.gradle.internal.concurrent.ThreadFactoryImpl$ManagedThreadRunnable.run(ThreadFactoryImpl.java:56)
	at java.base/java.lang.Thread.run(Thread.java:834)
</failure>
  </testcase>
  <testcase name="Step Forward" classname="ca.mcgill.ecse223.quoridor.features.CucumberTestsRunner" time="0.022">
    <failure message="org.opentest4j.MultipleFailuresError: Multiple Failures (9 failures)&#13;&#10;&#9;io.cucumber.junit.UndefinedThrowable: The step &quot;The game is in replay mode&quot; is undefined&#13;&#10;&#9;io.cucumber.junit.UndefinedThrowable: The step &quot;The following moves have been played in game:&quot; is undefined&#13;&#10;&#9;io.cucumber.junit.UndefinedThrowable: The step &quot;The next move is 4.2&quot; is undefined&#13;&#10;&#9;io.cucumber.junit.UndefinedThrowable: The step &quot;Step backward is initiated&quot; is undefined&#13;&#10;&#9;io.cucumber.junit.UndefinedThrowable: The step &quot;The next move shall be 5.1&quot; is undefined&#13;&#10;&#9;io.cucumber.junit.UndefinedThrowable: The step &quot;White player's position shall be (7,5)&quot; is undefined&#13;&#10;&#9;io.cucumber.junit.UndefinedThrowable: The step &quot;Black player's position shall be (3,6)&quot; is undefined&#13;&#10;&#9;io.cucumber.junit.UndefinedThrowable: The step &quot;White has &lt;wwallno&gt; on stock&quot; is undefined&#13;&#10;&#9;io.cucumber.junit.UndefinedThrowable: The step &quot;Black has 9 on stock&quot; is undefined" type="org.opentest4j.MultipleFailuresError">org.opentest4j.MultipleFailuresError: Multiple Failures (9 failures)
	io.cucumber.junit.UndefinedThrowable: The step &quot;The game is in replay mode&quot; is undefined
	io.cucumber.junit.UndefinedThrowable: The step &quot;The following moves have been played in game:&quot; is undefined
	io.cucumber.junit.UndefinedThrowable: The step &quot;The next move is 4.2&quot; is undefined
	io.cucumber.junit.UndefinedThrowable: The step &quot;Step backward is initiated&quot; is undefined
	io.cucumber.junit.UndefinedThrowable: The step &quot;The next move shall be 5.1&quot; is undefined
	io.cucumber.junit.UndefinedThrowable: The step &quot;White player's position shall be (7,5)&quot; is undefined
	io.cucumber.junit.UndefinedThrowable: The step &quot;Black player's position shall be (3,6)&quot; is undefined
	io.cucumber.junit.UndefinedThrowable: The step &quot;White has &lt;wwallno&gt; on stock&quot; is undefined
	io.cucumber.junit.UndefinedThrowable: The step &quot;Black has 9 on stock&quot; is undefined
	at org.junit.vintage.engine.execution.TestRun.getStoredResultOrSuccessful(TestRun.java:179)
	at org.junit.vintage.engine.execution.RunListenerAdapter.fireExecutionFinished(RunListenerAdapter.java:211)
	at org.junit.vintage.engine.execution.RunListenerAdapter.testFinished(RunListenerAdapter.java:177)
	at org.junit.vintage.engine.execution.RunListenerAdapter.testFinished(RunListenerAdapter.java:76)
	at org.junit.runner.notification.SynchronizedRunListener.testFinished(SynchronizedRunListener.java:56)
	at org.junit.runner.notification.RunNotifier$7.notifyListener(RunNotifier.java:190)
	at org.junit.runner.notification.RunNotifier$SafeNotifier.run(RunNotifier.java:72)
	at org.junit.runner.notification.RunNotifier.fireTestFinished(RunNotifier.java:187)
	at io.cucumber.junit.JUnitReporter$EachTestNotifier.fireTestFinished(JUnitReporter.java:253)
	at io.cucumber.junit.JUnitReporter.handleTestCaseResult(JUnitReporter.java:178)
	at io.cucumber.junit.JUnitReporter$4.receive(JUnitReporter.java:66)
	at io.cucumber.junit.JUnitReporter$4.receive(JUnitReporter.java:62)
	at cucumber.runner.AbstractEventPublisher.send(AbstractEventPublisher.java:45)
	at cucumber.runner.AbstractEventBus.send(AbstractEventBus.java:9)
	at cucumber.runner.ThreadLocalRunnerSupplier$LocalEventBus.send(ThreadLocalRunnerSupplier.java:60)
	at cucumber.runner.TestCase.run(TestCase.java:55)
	at cucumber.runner.Runner.runPickle(Runner.java:50)
	at io.cucumber.junit.PickleRunners$NoStepDescriptions.run(PickleRunners.java:146)
	at io.cucumber.junit.FeatureRunner.runChild(FeatureRunner.java:68)
	at io.cucumber.junit.FeatureRunner.runChild(FeatureRunner.java:23)
	at org.junit.runners.ParentRunner$3.run(ParentRunner.java:290)
	at org.junit.runners.ParentRunner$1.schedule(ParentRunner.java:71)
	at org.junit.runners.ParentRunner.runChildren(ParentRunner.java:288)
	at org.junit.runners.ParentRunner.access$000(ParentRunner.java:58)
	at org.junit.runners.ParentRunner$2.evaluate(ParentRunner.java:268)
	at org.junit.runners.ParentRunner.run(ParentRunner.java:363)
	at io.cucumber.junit.Cucumber.runChild(Cucumber.java:144)
	at io.cucumber.junit.Cucumber.runChild(Cucumber.java:65)
	at org.junit.runners.ParentRunner$3.run(ParentRunner.java:290)
	at org.junit.runners.ParentRunner$1.schedule(ParentRunner.java:71)
	at org.junit.runners.ParentRunner.runChildren(ParentRunner.java:288)
	at org.junit.runners.ParentRunner.access$000(ParentRunner.java:58)
	at org.junit.runners.ParentRunner$2.evaluate(ParentRunner.java:268)
	at io.cucumber.junit.Cucumber$RunCucumber.evaluate(Cucumber.java:174)
	at org.junit.runners.ParentRunner.run(ParentRunner.java:363)
	at org.junit.runner.JUnitCore.run(JUnitCore.java:137)
	at org.junit.runner.JUnitCore.run(JUnitCore.java:115)
	at org.junit.vintage.engine.execution.RunnerExecutor.execute(RunnerExecutor.java:40)
	at java.base/java.util.stream.ForEachOps$ForEachOp$OfRef.accept(ForEachOps.java:183)
	at java.base/java.util.stream.ReferencePipeline$3$1.accept(ReferencePipeline.java:195)
	at java.base/java.util.Iterator.forEachRemaining(Iterator.java:133)
	at java.base/java.util.Spliterators$IteratorSpliterator.forEachRemaining(Spliterators.java:1801)
	at java.base/java.util.stream.AbstractPipeline.copyInto(AbstractPipeline.java:484)
	at java.base/java.util.stream.AbstractPipeline.wrapAndCopyInto(AbstractPipeline.java:474)
	at java.base/java.util.stream.ForEachOps$ForEachOp.evaluateSequential(ForEachOps.java:150)
	at java.base/java.util.stream.ForEachOps$ForEachOp$OfRef.evaluateSequential(ForEachOps.java:173)
	at java.base/java.util.stream.AbstractPipeline.evaluate(AbstractPipeline.java:234)
	at java.base/java.util.stream.ReferencePipeline.forEach(ReferencePipeline.java:497)
	at org.junit.vintage.engine.VintageTestEngine.executeAllChildren(VintageTestEngine.java:80)
	at org.junit.vintage.engine.VintageTestEngine.execute(VintageTestEngine.java:71)
	at org.junit.platform.launcher.core.DefaultLauncher.execute(DefaultLauncher.java:220)
	at org.junit.platform.launcher.core.DefaultLauncher.lambda$execute$6(DefaultLauncher.java:188)
	at org.junit.platform.launcher.core.DefaultLauncher.withInterceptedStreams(DefaultLauncher.java:202)
	at org.junit.platform.launcher.core.DefaultLauncher.execute(DefaultLauncher.java:181)
	at org.junit.platform.launcher.core.DefaultLauncher.execute(DefaultLauncher.java:128)
	at org.gradle.api.internal.tasks.testing.junitplatform.JUnitPlatformTestClassProcessor$CollectAllTestClassesExecutor.processAllTestClasses(JUnitPlatformTestClassProcessor.java:102)
	at org.gradle.api.internal.tasks.testing.junitplatform.JUnitPlatformTestClassProcessor$CollectAllTestClassesExecutor.access$000(JUnitPlatformTestClassProcessor.java:82)
	at org.gradle.api.internal.tasks.testing.junitplatform.JUnitPlatformTestClassProcessor.stop(JUnitPlatformTestClassProcessor.java:78)
	at org.gradle.api.internal.tasks.testing.SuiteTestClassProcessor.stop(SuiteTestClassProcessor.java:61)
	at java.base/jdk.internal.reflect.NativeMethodAccessorImpl.invoke0(Native Method)
	at java.base/jdk.internal.reflect.NativeMethodAccessorImpl.invoke(NativeMethodAccessorImpl.java:62)
	at java.base/jdk.internal.reflect.DelegatingMethodAccessorImpl.invoke(DelegatingMethodAccessorImpl.java:43)
	at java.base/java.lang.reflect.Method.invoke(Method.java:566)
	at org.gradle.internal.dispatch.ReflectionDispatch.dispatch(ReflectionDispatch.java:36)
	at org.gradle.internal.dispatch.ReflectionDispatch.dispatch(ReflectionDispatch.java:24)
	at org.gradle.internal.dispatch.ContextClassLoaderDispatch.dispatch(ContextClassLoaderDispatch.java:33)
	at org.gradle.internal.dispatch.ProxyDispatchAdapter$DispatchingInvocationHandler.invoke(ProxyDispatchAdapter.java:94)
	at com.sun.proxy.$Proxy2.stop(Unknown Source)
	at org.gradle.api.internal.tasks.testing.worker.TestWorker.stop(TestWorker.java:132)
	at java.base/jdk.internal.reflect.NativeMethodAccessorImpl.invoke0(Native Method)
	at java.base/jdk.internal.reflect.NativeMethodAccessorImpl.invoke(NativeMethodAccessorImpl.java:62)
	at java.base/jdk.internal.reflect.DelegatingMethodAccessorImpl.invoke(DelegatingMethodAccessorImpl.java:43)
	at java.base/java.lang.reflect.Method.invoke(Method.java:566)
	at org.gradle.internal.dispatch.ReflectionDispatch.dispatch(ReflectionDispatch.java:36)
	at org.gradle.internal.dispatch.ReflectionDispatch.dispatch(ReflectionDispatch.java:24)
	at org.gradle.internal.remote.internal.hub.MessageHubBackedObjectConnection$DispatchWrapper.dispatch(MessageHubBackedObjectConnection.java:182)
	at org.gradle.internal.remote.internal.hub.MessageHubBackedObjectConnection$DispatchWrapper.dispatch(MessageHubBackedObjectConnection.java:164)
	at org.gradle.internal.remote.internal.hub.MessageHub$Handler.run(MessageHub.java:412)
	at org.gradle.internal.concurrent.ExecutorPolicy$CatchAndRecordFailures.onExecute(ExecutorPolicy.java:64)
	at org.gradle.internal.concurrent.ManagedExecutorImpl$1.run(ManagedExecutorImpl.java:48)
	at java.base/java.util.concurrent.ThreadPoolExecutor.runWorker(ThreadPoolExecutor.java:1128)
	at java.base/java.util.concurrent.ThreadPoolExecutor$Worker.run(ThreadPoolExecutor.java:628)
	at org.gradle.internal.concurrent.ThreadFactoryImpl$ManagedThreadRunnable.run(ThreadFactoryImpl.java:56)
	at java.base/java.lang.Thread.run(Thread.java:834)
</failure>
  </testcase>
  <testcase name="Switch current player" classname="ca.mcgill.ecse223.quoridor.features.CucumberTestsRunner" time="0.041"/>
  <testcase name="Switch current player" classname="ca.mcgill.ecse223.quoridor.features.CucumberTestsRunner" time="0.057"/>
  <testcase name="Validate pawn position" classname="ca.mcgill.ecse223.quoridor.features.CucumberTestsRunner" time="0.058"/>
  <testcase name="Validate pawn position" classname="ca.mcgill.ecse223.quoridor.features.CucumberTestsRunner" time="0.017"/>
  <testcase name="Validate pawn position" classname="ca.mcgill.ecse223.quoridor.features.CucumberTestsRunner" time="0.09"/>
  <testcase name="Validate wall position" classname="ca.mcgill.ecse223.quoridor.features.CucumberTestsRunner" time="0.046"/>
  <testcase name="Validate wall position" classname="ca.mcgill.ecse223.quoridor.features.CucumberTestsRunner" time="0.022"/>
  <testcase name="Validate wall position" classname="ca.mcgill.ecse223.quoridor.features.CucumberTestsRunner" time="0.019"/>
  <testcase name="Validate overlapping walls (all valid)" classname="ca.mcgill.ecse223.quoridor.features.CucumberTestsRunner" time="0.019"/>
  <testcase name="Validate overlapping walls (invalid-1)" classname="ca.mcgill.ecse223.quoridor.features.CucumberTestsRunner" time="0.018"/>
  <testcase name="Validate overlapping walls (invalid-2)" classname="ca.mcgill.ecse223.quoridor.features.CucumberTestsRunner" time="0.02"/>
  <testcase name="Validate overlapping walls (invalid-3)" classname="ca.mcgill.ecse223.quoridor.features.CucumberTestsRunner" time="0.306"/>
  <system-out><![CDATA[Feature: Check if path exists
  As a player, I want the app to verify current wall placement that 
  at least one path is still available that leads to my target area (i.e. the first row of my opponent).

  Scenario Outline: Path to target area is not blocked ?[90m# src/test/resources/ca/mcgill/ecse223/quoridor/features/CheckIfPathExists.feature:23?[0m
    ?[36mGiven A "<dir>" wall move candidate exists at position <frow>:<fcol>?[0m
    ?[36mAnd The black player is located at <brow>:<bcol>?[0m
    ?[36mAnd The white player is located at <wrow>:<wcol>?[0m
    ?[36mWhen Check path existence is initiated?[0m
    ?[36mThen Path is available for "<result>" player(s)?[0m

    Examples: 

  Background:                        ?[90m# src/test/resources/ca/mcgill/ecse223/quoridor/features/CheckIfPathExists.feature:6?[0m
    ?[32mGiven ?[0m?[32mThe game is running?[0m        ?[90m# CucumberStepDefinitions.theGameIsRunning()?[0m

    ?[32mGiven ?[0m?[32mThe following walls exist:?[0m ?[90m# CucumberStepDefinitions.theFollowingWallsExist(DataTable)?[0m

  Scenario Outline: Path to target area is not blocked              ?[90m# src/test/resources/ca/mcgill/ecse223/quoridor/features/CheckIfPathExists.feature:33?[0m
    ?[33mGiven ?[0m?[33mA "horizontal" wall move candidate exists at position 3:7?[0m ?[90m# null?[0m
    ?[33mAnd ?[0m?[33mThe black player is located at 2:5?[0m                          ?[90m# null?[0m
    ?[33mAnd ?[0m?[33mThe white player is located at 6:5?[0m                          ?[90m# null?[0m
    ?[33mWhen ?[0m?[33mCheck path existence is initiated?[0m                          ?[90m# null?[0m
    ?[33mThen ?[0m?[33mPath is available for "both" player(s)?[0m                     ?[90m# null?[0m

  Background:                        ?[90m# src/test/resources/ca/mcgill/ecse223/quoridor/features/CheckIfPathExists.feature:6?[0m
    ?[32mGiven ?[0m?[32mThe game is running?[0m        ?[90m# CucumberStepDefinitions.theGameIsRunning()?[0m

    ?[32mGiven ?[0m?[32mThe following walls exist:?[0m ?[90m# CucumberStepDefinitions.theFollowingWallsExist(DataTable)?[0m

  Scenario Outline: Path to target area is not blocked              ?[90m# src/test/resources/ca/mcgill/ecse223/quoridor/features/CheckIfPathExists.feature:34?[0m
    ?[33mGiven ?[0m?[33mA "horizontal" wall move candidate exists at position 4:2?[0m ?[90m# null?[0m
    ?[33mAnd ?[0m?[33mThe black player is located at 2:5?[0m                          ?[90m# null?[0m
    ?[33mAnd ?[0m?[33mThe white player is located at 6:5?[0m                          ?[90m# null?[0m
    ?[33mWhen ?[0m?[33mCheck path existence is initiated?[0m                          ?[90m# null?[0m
    ?[33mThen ?[0m?[33mPath is available for "both" player(s)?[0m                     ?[90m# null?[0m

  Background:                        ?[90m# src/test/resources/ca/mcgill/ecse223/quoridor/features/CheckIfPathExists.feature:6?[0m
    ?[32mGiven ?[0m?[32mThe game is running?[0m        ?[90m# CucumberStepDefinitions.theGameIsRunning()?[0m

    ?[32mGiven ?[0m?[32mThe following walls exist:?[0m ?[90m# CucumberStepDefinitions.theFollowingWallsExist(DataTable)?[0m

  Scenario Outline: Path to target area is not blocked              ?[90m# src/test/resources/ca/mcgill/ecse223/quoridor/features/CheckIfPathExists.feature:35?[0m
    ?[33mGiven ?[0m?[33mA "horizontal" wall move candidate exists at position 3:5?[0m ?[90m# null?[0m
    ?[33mAnd ?[0m?[33mThe black player is located at 2:5?[0m                          ?[90m# null?[0m
    ?[33mAnd ?[0m?[33mThe white player is located at 6:5?[0m                          ?[90m# null?[0m
    ?[33mWhen ?[0m?[33mCheck path existence is initiated?[0m                          ?[90m# null?[0m
    ?[33mThen ?[0m?[33mPath is available for "none" player(s)?[0m                     ?[90m# null?[0m

  Background:                        ?[90m# src/test/resources/ca/mcgill/ecse223/quoridor/features/CheckIfPathExists.feature:6?[0m
    ?[32mGiven ?[0m?[32mThe game is running?[0m        ?[90m# CucumberStepDefinitions.theGameIsRunning()?[0m

    ?[32mGiven ?[0m?[32mThe following walls exist:?[0m ?[90m# CucumberStepDefinitions.theFollowingWallsExist(DataTable)?[0m

  Scenario Outline: Path to target area is not blocked              ?[90m# src/test/resources/ca/mcgill/ecse223/quoridor/features/CheckIfPathExists.feature:36?[0m
    ?[33mGiven ?[0m?[33mA "horizontal" wall move candidate exists at position 3:5?[0m ?[90m# null?[0m
    ?[33mAnd ?[0m?[33mThe black player is located at 6:5?[0m                          ?[90m# null?[0m
    ?[33mAnd ?[0m?[33mThe white player is located at 2:5?[0m                          ?[90m# null?[0m
    ?[33mWhen ?[0m?[33mCheck path existence is initiated?[0m                          ?[90m# null?[0m
    ?[33mThen ?[0m?[33mPath is available for "both" player(s)?[0m                     ?[90m# null?[0m

  Background:                        ?[90m# src/test/resources/ca/mcgill/ecse223/quoridor/features/CheckIfPathExists.feature:6?[0m
    ?[32mGiven ?[0m?[32mThe game is running?[0m        ?[90m# CucumberStepDefinitions.theGameIsRunning()?[0m

    ?[32mGiven ?[0m?[32mThe following walls exist:?[0m ?[90m# CucumberStepDefinitions.theFollowingWallsExist(DataTable)?[0m

  Scenario Outline: Path to target area is not blocked              ?[90m# src/test/resources/ca/mcgill/ecse223/quoridor/features/CheckIfPathExists.feature:37?[0m
    ?[33mGiven ?[0m?[33mA "horizontal" wall move candidate exists at position 3:5?[0m ?[90m# null?[0m
    ?[33mAnd ?[0m?[33mThe black player is located at 2:5?[0m                          ?[90m# null?[0m
    ?[33mAnd ?[0m?[33mThe white player is located at 3:5?[0m                          ?[90m# null?[0m
    ?[33mWhen ?[0m?[33mCheck path existence is initiated?[0m                          ?[90m# null?[0m
    ?[33mThen ?[0m?[33mPath is available for "white" player(s)?[0m                    ?[90m# null?[0m

  Background:                        ?[90m# src/test/resources/ca/mcgill/ecse223/quoridor/features/CheckIfPathExists.feature:6?[0m
    ?[32mGiven ?[0m?[32mThe game is running?[0m        ?[90m# CucumberStepDefinitions.theGameIsRunning()?[0m

    ?[32mGiven ?[0m?[32mThe following walls exist:?[0m ?[90m# CucumberStepDefinitions.theFollowingWallsExist(DataTable)?[0m

  Scenario Outline: Path to target area is not blocked              ?[90m# src/test/resources/ca/mcgill/ecse223/quoridor/features/CheckIfPathExists.feature:38?[0m
    ?[33mGiven ?[0m?[33mA "horizontal" wall move candidate exists at position 3:5?[0m ?[90m# null?[0m
    ?[33mAnd ?[0m?[33mThe black player is located at 5:5?[0m                          ?[90m# null?[0m
    ?[33mAnd ?[0m?[33mThe white player is located at 6:5?[0m                          ?[90m# null?[0m
    ?[33mWhen ?[0m?[33mCheck path existence is initiated?[0m                          ?[90m# null?[0m
    ?[33mThen ?[0m?[33mPath is available for "black" player(s)?[0m                    ?[90m# null?[0m

  Background:                        ?[90m# src/test/resources/ca/mcgill/ecse223/quoridor/features/CheckIfPathExists.feature:6?[0m
    ?[32mGiven ?[0m?[32mThe game is running?[0m        ?[90m# CucumberStepDefinitions.theGameIsRunning()?[0m

    ?[32mGiven ?[0m?[32mThe following walls exist:?[0m ?[90m# CucumberStepDefinitions.theFollowingWallsExist(DataTable)?[0m

  Scenario Outline: Path to target area is not blocked            ?[90m# src/test/resources/ca/mcgill/ecse223/quoridor/features/CheckIfPathExists.feature:39?[0m
    ?[33mGiven ?[0m?[33mA "vertical" wall move candidate exists at position 2:4?[0m ?[90m# null?[0m
    ?[33mAnd ?[0m?[33mThe black player is located at 2:5?[0m                        ?[90m# null?[0m
    ?[33mAnd ?[0m?[33mThe white player is located at 6:5?[0m                        ?[90m# null?[0m
    ?[33mWhen ?[0m?[33mCheck path existence is initiated?[0m                        ?[90m# null?[0m
    ?[33mThen ?[0m?[33mPath is available for "both" player(s)?[0m                   ?[90m# null?[0m

  Background:                        ?[90m# src/test/resources/ca/mcgill/ecse223/quoridor/features/CheckIfPathExists.feature:6?[0m
    ?[32mGiven ?[0m?[32mThe game is running?[0m        ?[90m# CucumberStepDefinitions.theGameIsRunning()?[0m

    ?[32mGiven ?[0m?[32mThe following walls exist:?[0m ?[90m# CucumberStepDefinitions.theFollowingWallsExist(DataTable)?[0m

  Scenario Outline: Path to target area is not blocked            ?[90m# src/test/resources/ca/mcgill/ecse223/quoridor/features/CheckIfPathExists.feature:40?[0m
    ?[33mGiven ?[0m?[33mA "vertical" wall move candidate exists at position 3:4?[0m ?[90m# null?[0m
    ?[33mAnd ?[0m?[33mThe black player is located at 2:5?[0m                        ?[90m# null?[0m
    ?[33mAnd ?[0m?[33mThe white player is located at 6:5?[0m                        ?[90m# null?[0m
    ?[33mWhen ?[0m?[33mCheck path existence is initiated?[0m                        ?[90m# null?[0m
    ?[33mThen ?[0m?[33mPath is available for "none" player(s)?[0m                   ?[90m# null?[0m

  Background:                        ?[90m# src/test/resources/ca/mcgill/ecse223/quoridor/features/CheckIfPathExists.feature:6?[0m
    ?[32mGiven ?[0m?[32mThe game is running?[0m        ?[90m# CucumberStepDefinitions.theGameIsRunning()?[0m

    ?[32mGiven ?[0m?[32mThe following walls exist:?[0m ?[90m# CucumberStepDefinitions.theFollowingWallsExist(DataTable)?[0m

  Scenario Outline: Path to target area is not blocked            ?[90m# src/test/resources/ca/mcgill/ecse223/quoridor/features/CheckIfPathExists.feature:41?[0m
    ?[33mGiven ?[0m?[33mA "vertical" wall move candidate exists at position 3:4?[0m ?[90m# null?[0m
    ?[33mAnd ?[0m?[33mThe black player is located at 6:5?[0m                        ?[90m# null?[0m
    ?[33mAnd ?[0m?[33mThe white player is located at 2:5?[0m                        ?[90m# null?[0m
    ?[33mWhen ?[0m?[33mCheck path existence is initiated?[0m                        ?[90m# null?[0m
    ?[33mThen ?[0m?[33mPath is available for "both" player(s)?[0m                   ?[90m# null?[0m

  Background:                        ?[90m# src/test/resources/ca/mcgill/ecse223/quoridor/features/CheckIfPathExists.feature:6?[0m
    ?[32mGiven ?[0m?[32mThe game is running?[0m        ?[90m# CucumberStepDefinitions.theGameIsRunning()?[0m

    ?[32mGiven ?[0m?[32mThe following walls exist:?[0m ?[90m# CucumberStepDefinitions.theFollowingWallsExist(DataTable)?[0m

  Scenario Outline: Path to target area is not blocked            ?[90m# src/test/resources/ca/mcgill/ecse223/quoridor/features/CheckIfPathExists.feature:42?[0m
    ?[33mGiven ?[0m?[33mA "vertical" wall move candidate exists at position 3:4?[0m ?[90m# null?[0m
    ?[33mAnd ?[0m?[33mThe black player is located at 5:5?[0m                        ?[90m# null?[0m
    ?[33mAnd ?[0m?[33mThe white player is located at 6:5?[0m                        ?[90m# null?[0m
    ?[33mWhen ?[0m?[33mCheck path existence is initiated?[0m                        ?[90m# null?[0m
    ?[33mThen ?[0m?[33mPath is available for "black" player(s)?[0m                  ?[90m# null?[0m

  Background:                        ?[90m# src/test/resources/ca/mcgill/ecse223/quoridor/features/CheckIfPathExists.feature:6?[0m
    ?[32mGiven ?[0m?[32mThe game is running?[0m        ?[90m# CucumberStepDefinitions.theGameIsRunning()?[0m

    ?[32mGiven ?[0m?[32mThe following walls exist:?[0m ?[90m# CucumberStepDefinitions.theFollowingWallsExist(DataTable)?[0m

  Scenario Outline: Path to target area is not blocked            ?[90m# src/test/resources/ca/mcgill/ecse223/quoridor/features/CheckIfPathExists.feature:43?[0m
    ?[33mGiven ?[0m?[33mA "vertical" wall move candidate exists at position 1:6?[0m ?[90m# null?[0m
    ?[33mAnd ?[0m?[33mThe black player is located at 2:5?[0m                        ?[90m# null?[0m
    ?[33mAnd ?[0m?[33mThe white player is located at 6:5?[0m                        ?[90m# null?[0m
    ?[33mWhen ?[0m?[33mCheck path existence is initiated?[0m                        ?[90m# null?[0m
    ?[33mThen ?[0m?[33mPath is available for "both" player(s)?[0m                   ?[90m# null?[0m

  Background:                        ?[90m# src/test/resources/ca/mcgill/ecse223/quoridor/features/CheckIfPathExists.feature:6?[0m
    ?[32mGiven ?[0m?[32mThe game is running?[0m        ?[90m# CucumberStepDefinitions.theGameIsRunning()?[0m

    ?[32mGiven ?[0m?[32mThe following walls exist:?[0m ?[90m# CucumberStepDefinitions.theFollowingWallsExist(DataTable)?[0m

  Scenario Outline: Path to target area is not blocked            ?[90m# src/test/resources/ca/mcgill/ecse223/quoridor/features/CheckIfPathExists.feature:44?[0m
    ?[33mGiven ?[0m?[33mA "vertical" wall move candidate exists at position 1:6?[0m ?[90m# null?[0m
    ?[33mAnd ?[0m?[33mThe black player is located at 2:7?[0m                        ?[90m# null?[0m
    ?[33mAnd ?[0m?[33mThe white player is located at 6:5?[0m                        ?[90m# null?[0m
    ?[33mWhen ?[0m?[33mCheck path existence is initiated?[0m                        ?[90m# null?[0m
    ?[33mThen ?[0m?[33mPath is available for "white" player(s)?[0m                  ?[90m# null?[0m

  Background:                        ?[90m# src/test/resources/ca/mcgill/ecse223/quoridor/features/CheckIfPathExists.feature:6?[0m
    ?[32mGiven ?[0m?[32mThe game is running?[0m        ?[90m# CucumberStepDefinitions.theGameIsRunning()?[0m

    ?[32mGiven ?[0m?[32mThe following walls exist:?[0m ?[90m# CucumberStepDefinitions.theFollowingWallsExist(DataTable)?[0m

  Scenario Outline: Path to target area is not blocked            ?[90m# src/test/resources/ca/mcgill/ecse223/quoridor/features/CheckIfPathExists.feature:45?[0m
    ?[33mGiven ?[0m?[33mA "vertical" wall move candidate exists at position 1:6?[0m ?[90m# null?[0m
    ?[33mAnd ?[0m?[33mThe black player is located at 6:5?[0m                        ?[90m# null?[0m
    ?[33mAnd ?[0m?[33mThe white player is located at 2:7?[0m                        ?[90m# null?[0m
    ?[33mWhen ?[0m?[33mCheck path existence is initiated?[0m                        ?[90m# null?[0m
    ?[33mThen ?[0m?[33mPath is available for "both" player(s)?[0m                   ?[90m# null?[0m

Feature: Drop Wall
  As a player, I wish to drop a wall after I navigated it to a designated 
  (valid) target position in order to register my wall placement as my move.

  Scenario Outline: Valid wall placement ?[90m# src/test/resources/ca/mcgill/ecse223/quoridor/features/DropWall.feature:14?[0m
    ?[36mGiven The wall move candidate with "<dir>" at position (<row>, <col>) is valid?[0m
    ?[36mWhen I release the wall in my hand?[0m
    ?[36mThen A wall move shall be registered with "<dir>" at position (<row>, <col>)?[0m
    ?[36mAnd I shall not have a wall in my hand?[0m
    ?[36mAnd My move shall be completed?[0m
    ?[36mAnd It shall not be my turn to move?[0m

    Examples: 

  Background:                                   ?[90m# src/test/resources/ca/mcgill/ecse223/quoridor/features/DropWall.feature:5?[0m
    ?[32mGiven ?[0m?[32mThe game is running?[0m                   ?[90m# CucumberStepDefinitions.theGameIsRunning()?[0m

    ?[32mGiven ?[0m?[32mThe following walls exist:?[0m            ?[90m# CucumberStepDefinitions.theFollowingWallsExist(DataTable)?[0m
    ?[32mAnd ?[0m?[32mIt is my turn to move?[0m                   ?[90m# CucumberStepDefinitions.itIsMyTurnToMove()?[0m
    ?[32mAnd ?[0m?[32mI have a wall in my hand over the board?[0m ?[90m# CucumberStepDefinitions.iHaveAWallInMyHandOverTheBoard()?[0m

  Scenario Outline: Valid wall placement                                        ?[90m# src/test/resources/ca/mcgill/ecse223/quoridor/features/DropWall.feature:24?[0m
    ?[32mGiven ?[0m?[32mThe wall move candidate with ?[0m?[32m?[1m"horizontal"?[0m?[32m at position (?[0m?[32m?[1m3?[0m?[32m, ?[0m?[32m?[1m2?[0m?[32m) is valid?[0m ?[90m# CucumberStepDefinitions.theWallMoveCandidateWithAtPositionIsValid(String,Integer,Integer)?[0m
    ?[32mWhen ?[0m?[32mI release the wall in my hand?[0m                                          ?[90m# CucumberStepDefinitions.iReleaseTheWallInMyHand()?[0m
    ?[32mThen ?[0m?[32mA wall move shall be registered with ?[0m?[32m?[1m"horizontal"?[0m?[32m at position (?[0m?[32m?[1m3?[0m?[32m, ?[0m?[32m?[1m2?[0m?[32m)?[0m   ?[90m# CucumberStepDefinitions.aWallMoveShallBeRegisteredWithAtPosition(String,Integer,Integer)?[0m
    ?[32mAnd ?[0m?[32mI shall not have a wall in my hand?[0m                                      ?[90m# CucumberStepDefinitions.iShallNotHaveAWallInMyHand()?[0m
    ?[32mAnd ?[0m?[32mMy move shall be completed?[0m                                              ?[90m# CucumberStepDefinitions.myMoveShallBeCompleted()?[0m
    ?[32mAnd ?[0m?[32mIt shall not be my turn to move?[0m                                         ?[90m# CucumberStepDefinitions.iTShallNotBeMyTurnToMove()?[0m

  Background:                                   ?[90m# src/test/resources/ca/mcgill/ecse223/quoridor/features/DropWall.feature:5?[0m
    ?[32mGiven ?[0m?[32mThe game is running?[0m                   ?[90m# CucumberStepDefinitions.theGameIsRunning()?[0m

    ?[32mGiven ?[0m?[32mThe following walls exist:?[0m            ?[90m# CucumberStepDefinitions.theFollowingWallsExist(DataTable)?[0m
    ?[32mAnd ?[0m?[32mIt is my turn to move?[0m                   ?[90m# CucumberStepDefinitions.itIsMyTurnToMove()?[0m
    ?[32mAnd ?[0m?[32mI have a wall in my hand over the board?[0m ?[90m# CucumberStepDefinitions.iHaveAWallInMyHandOverTheBoard()?[0m

  Scenario Outline: Valid wall placement                                      ?[90m# src/test/resources/ca/mcgill/ecse223/quoridor/features/DropWall.feature:25?[0m
    ?[32mGiven ?[0m?[32mThe wall move candidate with ?[0m?[32m?[1m"vertical"?[0m?[32m at position (?[0m?[32m?[1m5?[0m?[32m, ?[0m?[32m?[1m6?[0m?[32m) is valid?[0m ?[90m# CucumberStepDefinitions.theWallMoveCandidateWithAtPositionIsValid(String,Integer,Integer)?[0m
    ?[32mWhen ?[0m?[32mI release the wall in my hand?[0m                                        ?[90m# CucumberStepDefinitions.iReleaseTheWallInMyHand()?[0m
    ?[32mThen ?[0m?[32mA wall move shall be registered with ?[0m?[32m?[1m"vertical"?[0m?[32m at position (?[0m?[32m?[1m5?[0m?[32m, ?[0m?[32m?[1m6?[0m?[32m)?[0m   ?[90m# CucumberStepDefinitions.aWallMoveShallBeRegisteredWithAtPosition(String,Integer,Integer)?[0m
    ?[32mAnd ?[0m?[32mI shall not have a wall in my hand?[0m                                    ?[90m# CucumberStepDefinitions.iShallNotHaveAWallInMyHand()?[0m
    ?[32mAnd ?[0m?[32mMy move shall be completed?[0m                                            ?[90m# CucumberStepDefinitions.myMoveShallBeCompleted()?[0m
    ?[32mAnd ?[0m?[32mIt shall not be my turn to move?[0m                                       ?[90m# CucumberStepDefinitions.iTShallNotBeMyTurnToMove()?[0m

  Scenario Outline: Invalid wall placement ?[90m# src/test/resources/ca/mcgill/ecse223/quoridor/features/DropWall.feature:27?[0m
    ?[36mGiven The wall move candidate with "<dir>" at position (<row>, <col>) is invalid?[0m
    ?[36mWhen I release the wall in my hand?[0m
    ?[36mThen I shall be notified that my wall move is invalid?[0m
    ?[36mAnd I shall have a wall in my hand over the board?[0m
    ?[36mAnd It shall be my turn to move?[0m
    ?[36mBut No wall move shall be registered with "<dir>" at position (<row>, <col>)?[0m

    Examples: 

  Background:                                   ?[90m# src/test/resources/ca/mcgill/ecse223/quoridor/features/DropWall.feature:5?[0m
    ?[32mGiven ?[0m?[32mThe game is running?[0m                   ?[90m# CucumberStepDefinitions.theGameIsRunning()?[0m

    ?[32mGiven ?[0m?[32mThe following walls exist:?[0m            ?[90m# CucumberStepDefinitions.theFollowingWallsExist(DataTable)?[0m
    ?[32mAnd ?[0m?[32mIt is my turn to move?[0m                   ?[90m# CucumberStepDefinitions.itIsMyTurnToMove()?[0m
    ?[32mAnd ?[0m?[32mI have a wall in my hand over the board?[0m ?[90m# CucumberStepDefinitions.iHaveAWallInMyHandOverTheBoard()?[0m

  Scenario Outline: Invalid wall placement                                      ?[90m# src/test/resources/ca/mcgill/ecse223/quoridor/features/DropWall.feature:37?[0m
    ?[32mGiven ?[0m?[32mThe wall move candidate with ?[0m?[32m?[1m"vertical"?[0m?[32m at position (?[0m?[32m?[1m1?[0m?[32m, ?[0m?[32m?[1m1?[0m?[32m) is invalid?[0m ?[90m# CucumberStepDefinitions.theWallMoveCandidateWithAtPositionIsInvalid(String,Integer,Integer)?[0m
    ?[32mWhen ?[0m?[32mI release the wall in my hand?[0m                                          ?[90m# CucumberStepDefinitions.iReleaseTheWallInMyHand()?[0m
    ?[32mThen ?[0m?[32mI shall be notified that my wall move is invalid?[0m                       ?[90m# CucumberStepDefinitions.iShallBeNotifiedThatMyWallMoveIsInvalid()?[0m
    ?[32mAnd ?[0m?[32mI shall have a wall in my hand over the board?[0m                           ?[90m# CucumberStepDefinitions.iShallHaveAWallInMyHandOverTheBoard()?[0m
    ?[32mAnd ?[0m?[32mIt shall be my turn to move?[0m                                             ?[90m# CucumberStepDefinitions.itShallBeMyTurnToMove()?[0m
    ?[32mBut ?[0m?[32mNo wall move shall be registered with ?[0m?[32m?[1m"vertical"?[0m?[32m at position (?[0m?[32m?[1m1?[0m?[32m, ?[0m?[32m?[1m1?[0m?[32m)?[0m     ?[90m# CucumberStepDefinitions.noWallMoveShallBeRegisteredWithAtPosition(String,Integer,Integer)?[0m

  Background:                                   ?[90m# src/test/resources/ca/mcgill/ecse223/quoridor/features/DropWall.feature:5?[0m
    ?[32mGiven ?[0m?[32mThe game is running?[0m                   ?[90m# CucumberStepDefinitions.theGameIsRunning()?[0m

    ?[32mGiven ?[0m?[32mThe following walls exist:?[0m            ?[90m# CucumberStepDefinitions.theFollowingWallsExist(DataTable)?[0m
    ?[32mAnd ?[0m?[32mIt is my turn to move?[0m                   ?[90m# CucumberStepDefinitions.itIsMyTurnToMove()?[0m
    ?[32mAnd ?[0m?[32mI have a wall in my hand over the board?[0m ?[90m# CucumberStepDefinitions.iHaveAWallInMyHandOverTheBoard()?[0m

  Scenario Outline: Invalid wall placement                                        ?[90m# src/test/resources/ca/mcgill/ecse223/quoridor/features/DropWall.feature:38?[0m
    ?[32mGiven ?[0m?[32mThe wall move candidate with ?[0m?[32m?[1m"horizontal"?[0m?[32m at position (?[0m?[32m?[1m1?[0m?[32m, ?[0m?[32m?[1m2?[0m?[32m) is invalid?[0m ?[90m# CucumberStepDefinitions.theWallMoveCandidateWithAtPositionIsInvalid(String,Integer,Integer)?[0m
    ?[32mWhen ?[0m?[32mI release the wall in my hand?[0m                                            ?[90m# CucumberStepDefinitions.iReleaseTheWallInMyHand()?[0m
    ?[32mThen ?[0m?[32mI shall be notified that my wall move is invalid?[0m                         ?[90m# CucumberStepDefinitions.iShallBeNotifiedThatMyWallMoveIsInvalid()?[0m
    ?[32mAnd ?[0m?[32mI shall have a wall in my hand over the board?[0m                             ?[90m# CucumberStepDefinitions.iShallHaveAWallInMyHandOverTheBoard()?[0m
    ?[32mAnd ?[0m?[32mIt shall be my turn to move?[0m                                               ?[90m# CucumberStepDefinitions.itShallBeMyTurnToMove()?[0m
    ?[32mBut ?[0m?[32mNo wall move shall be registered with ?[0m?[32m?[1m"horizontal"?[0m?[32m at position (?[0m?[32m?[1m1?[0m?[32m, ?[0m?[32m?[1m2?[0m?[32m)?[0m     ?[90m# CucumberStepDefinitions.noWallMoveShallBeRegisteredWithAtPosition(String,Integer,Integer)?[0m

  Background:                                   ?[90m# src/test/resources/ca/mcgill/ecse223/quoridor/features/DropWall.feature:5?[0m
    ?[32mGiven ?[0m?[32mThe game is running?[0m                   ?[90m# CucumberStepDefinitions.theGameIsRunning()?[0m

    ?[32mGiven ?[0m?[32mThe following walls exist:?[0m            ?[90m# CucumberStepDefinitions.theFollowingWallsExist(DataTable)?[0m
    ?[32mAnd ?[0m?[32mIt is my turn to move?[0m                   ?[90m# CucumberStepDefinitions.itIsMyTurnToMove()?[0m
    ?[32mAnd ?[0m?[32mI have a wall in my hand over the board?[0m ?[90m# CucumberStepDefinitions.iHaveAWallInMyHandOverTheBoard()?[0m

  Scenario Outline: Invalid wall placement                                        ?[90m# src/test/resources/ca/mcgill/ecse223/quoridor/features/DropWall.feature:39?[0m
    ?[32mGiven ?[0m?[32mThe wall move candidate with ?[0m?[32m?[1m"horizontal"?[0m?[32m at position (?[0m?[32m?[1m7?[0m?[32m, ?[0m?[32m?[1m4?[0m?[32m) is invalid?[0m ?[90m# CucumberStepDefinitions.theWallMoveCandidateWithAtPositionIsInvalid(String,Integer,Integer)?[0m
    ?[32mWhen ?[0m?[32mI release the wall in my hand?[0m                                            ?[90m# CucumberStepDefinitions.iReleaseTheWallInMyHand()?[0m
    ?[32mThen ?[0m?[32mI shall be notified that my wall move is invalid?[0m                         ?[90m# CucumberStepDefinitions.iShallBeNotifiedThatMyWallMoveIsInvalid()?[0m
    ?[32mAnd ?[0m?[32mI shall have a wall in my hand over the board?[0m                             ?[90m# CucumberStepDefinitions.iShallHaveAWallInMyHandOverTheBoard()?[0m
    ?[32mAnd ?[0m?[32mIt shall be my turn to move?[0m                                               ?[90m# CucumberStepDefinitions.itShallBeMyTurnToMove()?[0m
    ?[32mBut ?[0m?[32mNo wall move shall be registered with ?[0m?[32m?[1m"horizontal"?[0m?[32m at position (?[0m?[32m?[1m7?[0m?[32m, ?[0m?[32m?[1m4?[0m?[32m)?[0m     ?[90m# CucumberStepDefinitions.noWallMoveShallBeRegisteredWithAtPosition(String,Integer,Integer)?[0m

  Background:                                   ?[90m# src/test/resources/ca/mcgill/ecse223/quoridor/features/DropWall.feature:5?[0m
    ?[32mGiven ?[0m?[32mThe game is running?[0m                   ?[90m# CucumberStepDefinitions.theGameIsRunning()?[0m

    ?[32mGiven ?[0m?[32mThe following walls exist:?[0m            ?[90m# CucumberStepDefinitions.theFollowingWallsExist(DataTable)?[0m
    ?[32mAnd ?[0m?[32mIt is my turn to move?[0m                   ?[90m# CucumberStepDefinitions.itIsMyTurnToMove()?[0m
    ?[32mAnd ?[0m?[32mI have a wall in my hand over the board?[0m ?[90m# CucumberStepDefinitions.iHaveAWallInMyHandOverTheBoard()?[0m

  Scenario Outline: Invalid wall placement                                      ?[90m# src/test/resources/ca/mcgill/ecse223/quoridor/features/DropWall.feature:40?[0m
    ?[32mGiven ?[0m?[32mThe wall move candidate with ?[0m?[32m?[1m"vertical"?[0m?[32m at position (?[0m?[32m?[1m6?[0m?[32m, ?[0m?[32m?[1m4?[0m?[32m) is invalid?[0m ?[90m# CucumberStepDefinitions.theWallMoveCandidateWithAtPositionIsInvalid(String,Integer,Integer)?[0m
    ?[32mWhen ?[0m?[32mI release the wall in my hand?[0m                                          ?[90m# CucumberStepDefinitions.iReleaseTheWallInMyHand()?[0m
    ?[32mThen ?[0m?[32mI shall be notified that my wall move is invalid?[0m                       ?[90m# CucumberStepDefinitions.iShallBeNotifiedThatMyWallMoveIsInvalid()?[0m
    ?[32mAnd ?[0m?[32mI shall have a wall in my hand over the board?[0m                           ?[90m# CucumberStepDefinitions.iShallHaveAWallInMyHandOverTheBoard()?[0m
    ?[32mAnd ?[0m?[32mIt shall be my turn to move?[0m                                             ?[90m# CucumberStepDefinitions.itShallBeMyTurnToMove()?[0m
    ?[32mBut ?[0m?[32mNo wall move shall be registered with ?[0m?[32m?[1m"vertical"?[0m?[32m at position (?[0m?[32m?[1m6?[0m?[32m, ?[0m?[32m?[1m4?[0m?[32m)?[0m     ?[90m# CucumberStepDefinitions.noWallMoveShallBeRegisteredWithAtPosition(String,Integer,Integer)?[0m

Feature: Enter Replay Mode
As a player, I wish to review a past game in replay mode to walk through the moves.

  Scenario: Entering replay mode          ?[90m# src/test/resources/ca/mcgill/ecse223/quoridor/features/EnterReplayMode.feature:4?[0m
    ?[32mGiven ?[0m?[32mThe game is not running?[0m         ?[90m# CucumberStepDefinitions.theGameIsNotRunning()?[0m
    ?[33mWhen ?[0m?[33mI initiate replay mode?[0m           ?[90m# null?[0m
    ?[33mThen ?[0m?[33mThe game shall be in replay mode?[0m ?[90m# null?[0m

  Scenario Outline: Continue an unfinished game ?[90m# src/test/resources/ca/mcgill/ecse223/quoridor/features/EnterReplayMode.feature:9?[0m
    ?[36mGiven The game is replay mode?[0m
    ?[36mGiven The following moves have been played in game:?[0m
    ?[36mAnd The game does not have a final result?[0m
    ?[36mAnd The next move is <movno>.<rndno>?[0m
    ?[36mWhen I initiate to continue game?[0m
    ?[36mThen The game shall be running?[0m
    ?[36mAnd The remaining moves of the game shall be removed?[0m
    ?[36mAnd The next player to move shall be "<player>"?[0m

    Examples: 

  Scenario Outline: Continue an unfinished game          ?[90m# src/test/resources/ca/mcgill/ecse223/quoridor/features/EnterReplayMode.feature:28?[0m
    ?[33mGiven ?[0m?[33mThe game is replay mode?[0m                        ?[90m# null?[0m
    ?[33mGiven ?[0m?[33mThe following moves have been played in game:?[0m  ?[90m# null?[0m
    ?[33mAnd ?[0m?[33mThe game does not have a final result?[0m            ?[90m# null?[0m
    ?[33mAnd ?[0m?[33mThe next move is 1.2?[0m                             ?[90m# null?[0m
    ?[33mWhen ?[0m?[33mI initiate to continue game?[0m                     ?[90m# null?[0m
    ?[36mThen ?[0m?[36mThe game shall be running?[0m                       ?[90m# CucumberStepDefinitions.theGameShallBeRunning()?[0m
    ?[33mAnd ?[0m?[33mThe remaining moves of the game shall be removed?[0m ?[90m# null?[0m
    ?[36mAnd ?[0m?[36mThe next player to move shall be ?[0m?[36m?[1m"black"?[0m         ?[90m# CucumberStepDefinitions.theNextPlayerToMoveShallBeOther(String)?[0m

  Scenario Outline: Continue an unfinished game          ?[90m# src/test/resources/ca/mcgill/ecse223/quoridor/features/EnterReplayMode.feature:29?[0m
    ?[33mGiven ?[0m?[33mThe game is replay mode?[0m                        ?[90m# null?[0m
    ?[33mGiven ?[0m?[33mThe following moves have been played in game:?[0m  ?[90m# null?[0m
    ?[33mAnd ?[0m?[33mThe game does not have a final result?[0m            ?[90m# null?[0m
    ?[33mAnd ?[0m?[33mThe next move is 2.1?[0m                             ?[90m# null?[0m
    ?[33mWhen ?[0m?[33mI initiate to continue game?[0m                     ?[90m# null?[0m
    ?[36mThen ?[0m?[36mThe game shall be running?[0m                       ?[90m# CucumberStepDefinitions.theGameShallBeRunning()?[0m
    ?[33mAnd ?[0m?[33mThe remaining moves of the game shall be removed?[0m ?[90m# null?[0m
    ?[36mAnd ?[0m?[36mThe next player to move shall be ?[0m?[36m?[1m"white"?[0m         ?[90m# CucumberStepDefinitions.theNextPlayerToMoveShallBeOther(String)?[0m

  Scenario Outline: Continue an unfinished game          ?[90m# src/test/resources/ca/mcgill/ecse223/quoridor/features/EnterReplayMode.feature:30?[0m
    ?[33mGiven ?[0m?[33mThe game is replay mode?[0m                        ?[90m# null?[0m
    ?[33mGiven ?[0m?[33mThe following moves have been played in game:?[0m  ?[90m# null?[0m
    ?[33mAnd ?[0m?[33mThe game does not have a final result?[0m            ?[90m# null?[0m
    ?[33mAnd ?[0m?[33mThe next move is 2.2?[0m                             ?[90m# null?[0m
    ?[33mWhen ?[0m?[33mI initiate to continue game?[0m                     ?[90m# null?[0m
    ?[36mThen ?[0m?[36mThe game shall be running?[0m                       ?[90m# CucumberStepDefinitions.theGameShallBeRunning()?[0m
    ?[33mAnd ?[0m?[33mThe remaining moves of the game shall be removed?[0m ?[90m# null?[0m
    ?[36mAnd ?[0m?[36mThe next player to move shall be ?[0m?[36m?[1m"black"?[0m         ?[90m# CucumberStepDefinitions.theNextPlayerToMoveShallBeOther(String)?[0m

  Scenario Outline: Continue an unfinished game          ?[90m# src/test/resources/ca/mcgill/ecse223/quoridor/features/EnterReplayMode.feature:31?[0m
    ?[33mGiven ?[0m?[33mThe game is replay mode?[0m                        ?[90m# null?[0m
    ?[33mGiven ?[0m?[33mThe following moves have been played in game:?[0m  ?[90m# null?[0m
    ?[33mAnd ?[0m?[33mThe game does not have a final result?[0m            ?[90m# null?[0m
    ?[33mAnd ?[0m?[33mThe next move is 3.1?[0m                             ?[90m# null?[0m
    ?[33mWhen ?[0m?[33mI initiate to continue game?[0m                     ?[90m# null?[0m
    ?[36mThen ?[0m?[36mThe game shall be running?[0m                       ?[90m# CucumberStepDefinitions.theGameShallBeRunning()?[0m
    ?[33mAnd ?[0m?[33mThe remaining moves of the game shall be removed?[0m ?[90m# null?[0m
    ?[36mAnd ?[0m?[36mThe next player to move shall be ?[0m?[36m?[1m"white"?[0m         ?[90m# CucumberStepDefinitions.theNextPlayerToMoveShallBeOther(String)?[0m

  Scenario Outline: Continue a finished game ?[90m# src/test/resources/ca/mcgill/ecse223/quoridor/features/EnterReplayMode.feature:33?[0m
    ?[36mGiven The game is replay mode?[0m
    ?[36mGiven The following moves have been played in game:?[0m
    ?[36mAnd The game has a final result?[0m
    ?[36mAnd The next move is <movno>.<rndno>?[0m
    ?[36mWhen I initiate to continue game?[0m
    ?[36mThen The game shall be in replay mode?[0m
    ?[36mAnd I shall be notified that finished games cannot be continued?[0m

    Examples: 

  Scenario Outline: Continue a finished game                        ?[90m# src/test/resources/ca/mcgill/ecse223/quoridor/features/EnterReplayMode.feature:52?[0m
    ?[33mGiven ?[0m?[33mThe game is replay mode?[0m                                   ?[90m# null?[0m
    ?[33mGiven ?[0m?[33mThe following moves have been played in game:?[0m             ?[90m# null?[0m
    ?[33mAnd ?[0m?[33mThe game has a final result?[0m                                 ?[90m# null?[0m
    ?[33mAnd ?[0m?[33mThe next move is 1.2?[0m                                        ?[90m# null?[0m
    ?[33mWhen ?[0m?[33mI initiate to continue game?[0m                                ?[90m# null?[0m
    ?[33mThen ?[0m?[33mThe game shall be in replay mode?[0m                           ?[90m# null?[0m
    ?[33mAnd ?[0m?[33mI shall be notified that finished games cannot be continued?[0m ?[90m# null?[0m

  Scenario Outline: Continue a finished game                        ?[90m# src/test/resources/ca/mcgill/ecse223/quoridor/features/EnterReplayMode.feature:53?[0m
    ?[33mGiven ?[0m?[33mThe game is replay mode?[0m                                   ?[90m# null?[0m
    ?[33mGiven ?[0m?[33mThe following moves have been played in game:?[0m             ?[90m# null?[0m
    ?[33mAnd ?[0m?[33mThe game has a final result?[0m                                 ?[90m# null?[0m
    ?[33mAnd ?[0m?[33mThe next move is 2.1?[0m                                        ?[90m# null?[0m
    ?[33mWhen ?[0m?[33mI initiate to continue game?[0m                                ?[90m# null?[0m
    ?[33mThen ?[0m?[33mThe game shall be in replay mode?[0m                           ?[90m# null?[0m
    ?[33mAnd ?[0m?[33mI shall be notified that finished games cannot be continued?[0m ?[90m# null?[0m

  Scenario Outline: Continue a finished game                        ?[90m# src/test/resources/ca/mcgill/ecse223/quoridor/features/EnterReplayMode.feature:54?[0m
    ?[33mGiven ?[0m?[33mThe game is replay mode?[0m                                   ?[90m# null?[0m
    ?[33mGiven ?[0m?[33mThe following moves have been played in game:?[0m             ?[90m# null?[0m
    ?[33mAnd ?[0m?[33mThe game has a final result?[0m                                 ?[90m# null?[0m
    ?[33mAnd ?[0m?[33mThe next move is 2.2?[0m                                        ?[90m# null?[0m
    ?[33mWhen ?[0m?[33mI initiate to continue game?[0m                                ?[90m# null?[0m
    ?[33mThen ?[0m?[33mThe game shall be in replay mode?[0m                           ?[90m# null?[0m
    ?[33mAnd ?[0m?[33mI shall be notified that finished games cannot be continued?[0m ?[90m# null?[0m

  Scenario Outline: Continue a finished game                        ?[90m# src/test/resources/ca/mcgill/ecse223/quoridor/features/EnterReplayMode.feature:55?[0m
    ?[33mGiven ?[0m?[33mThe game is replay mode?[0m                                   ?[90m# null?[0m
    ?[33mGiven ?[0m?[33mThe following moves have been played in game:?[0m             ?[90m# null?[0m
    ?[33mAnd ?[0m?[33mThe game has a final result?[0m                                 ?[90m# null?[0m
    ?[33mAnd ?[0m?[33mThe next move is 4.1?[0m                                        ?[90m# null?[0m
    ?[33mWhen ?[0m?[33mI initiate to continue game?[0m                                ?[90m# null?[0m
    ?[33mThen ?[0m?[33mThe game shall be in replay mode?[0m                           ?[90m# null?[0m
    ?[33mAnd ?[0m?[33mI shall be notified that finished games cannot be continued?[0m ?[90m# null?[0m

Feature: Grab Wall
  As a player, I want to grab one of my walls in my stock 
  to initiate wall placement as a move.

  Background:                           ?[90m# src/test/resources/ca/mcgill/ecse223/quoridor/features/GrabWall.feature:5?[0m
    ?[32mGiven ?[0m?[32mThe game is running?[0m           ?[90m# CucumberStepDefinitions.theGameIsRunning()?[0m
    ?[32mAnd ?[0m?[32mIt is my turn to move?[0m           ?[90m# CucumberStepDefinitions.itIsMyTurnToMove()?[0m
    ?[32mAnd ?[0m?[32mI do not have a wall in my hand?[0m ?[90m# CucumberStepDefinitions.iDoNotHaveAWallInMyHand()?[0m

  Scenario: Start wall placement                                    ?[90m# src/test/resources/ca/mcgill/ecse223/quoridor/features/GrabWall.feature:10?[0m
    ?[32mGiven ?[0m?[32mI have more walls on stock?[0m                                ?[90m# CucumberStepDefinitions.iHaveMoreWallsOnStock()?[0m
    ?[32mWhen ?[0m?[32mI try to grab a wall from my stock?[0m                         ?[90m# CucumberStepDefinitions.iTryToGrabAWallFromMyStock()?[0m
    ?[32mThen ?[0m?[32mA wall move candidate shall be created at initial position?[0m ?[90m# CucumberStepDefinitions.aWallMoveCandidateShallBeCreatedAtInitialPosition()?[0m
    ?[32mAnd ?[0m?[32mI shall have a wall in my hand over the board?[0m               ?[90m# CucumberStepDefinitions.iShallHaveAWallInMyHandOverTheBoard()?[0m
    ?[32mAnd ?[0m?[32mThe wall in my hand shall disappear from my stock?[0m           ?[90m# CucumberStepDefinitions.theWallInMyHandShallDisappearFromMyStock()?[0m

  Background:                           ?[90m# src/test/resources/ca/mcgill/ecse223/quoridor/features/GrabWall.feature:5?[0m
    ?[32mGiven ?[0m?[32mThe game is running?[0m           ?[90m# CucumberStepDefinitions.theGameIsRunning()?[0m
    ?[32mAnd ?[0m?[32mIt is my turn to move?[0m           ?[90m# CucumberStepDefinitions.itIsMyTurnToMove()?[0m
    ?[32mAnd ?[0m?[32mI do not have a wall in my hand?[0m ?[90m# CucumberStepDefinitions.iDoNotHaveAWallInMyHand()?[0m

  Scenario: No more walls in stock                     ?[90m# src/test/resources/ca/mcgill/ecse223/quoridor/features/GrabWall.feature:17?[0m
    ?[32mGiven ?[0m?[32mI have no more walls on stock?[0m                ?[90m# CucumberStepDefinitions.iHaveNoMoreWallsOnStock()?[0m
    ?[32mWhen ?[0m?[32mI try to grab a wall from my stock?[0m            ?[90m# CucumberStepDefinitions.iTryToGrabAWallFromMyStock()?[0m
    ?[32mThen ?[0m?[32mI shall be notified that I have no more walls?[0m ?[90m# CucumberStepDefinitions.iShouldBeNotifiedThatIHaveNoMoreWalls()?[0m
    ?[32mAnd ?[0m?[32mI shall have no walls in my hand?[0m               ?[90m# CucumberStepDefinitions.iShallHaveNoWallsInMyHand()?[0m

Feature: Identify if game drawn
  As a player, I want the Quoridor app to identify 
  if a game has a threefold repetition of moves (when the game is drawn) 
  and stop the game immediately.

  Scenario Outline: Player repeats for the third time ?[90m# src/test/resources/ca/mcgill/ecse223/quoridor/features/IdentifyGameDrawn.feature:25?[0m
    ?[36mGiven Player "<player>" has just completed his move?[0m
    ?[36mAnd The last move of "<player>" is pawn move to <row>:<col>?[0m
    ?[36mWhen Checking of game result is initated?[0m
    ?[36mThen Game result shall be "<result>"?[0m
    ?[36mAnd The game shall no longer be running?[0m

    Examples: 

  Background:                                ?[90m# src/test/resources/ca/mcgill/ecse223/quoridor/features/IdentifyGameDrawn.feature:12?[0m
    ?[32mGiven ?[0m?[32mThe game is running?[0m                ?[90m# CucumberStepDefinitions.theGameIsRunning()?[0m
    ?[33mGiven ?[0m?[33mThe following moves were executed:?[0m ?[90m# null?[0m

  Scenario Outline: Player repeats for the third time ?[90m# src/test/resources/ca/mcgill/ecse223/quoridor/features/IdentifyGameDrawn.feature:34?[0m
    ?[33mGiven ?[0m?[33mPlayer "white" has just completed his move?[0m  ?[90m# null?[0m
    ?[33mAnd ?[0m?[33mThe last move of "white" is pawn move to 8:5?[0m  ?[90m# null?[0m
    ?[33mWhen ?[0m?[33mChecking of game result is initated?[0m          ?[90m# null?[0m
    ?[33mThen ?[0m?[33mGame result shall be "Drawn"?[0m                 ?[90m# null?[0m
    ?[33mAnd ?[0m?[33mThe game shall no longer be running?[0m           ?[90m# null?[0m

  Scenario Outline: Player deviates for the third time ?[90m# src/test/resources/ca/mcgill/ecse223/quoridor/features/IdentifyGameDrawn.feature:36?[0m
    ?[36mGiven Player "<player>" has just completed his move?[0m
    ?[36mAnd The last move of "<player>" is pawn move to <row>:<col>?[0m
    ?[36mWhen Checking of game result is initated?[0m
    ?[36mThen Game result shall be "<result>"?[0m

    Examples: 

  Background:                                ?[90m# src/test/resources/ca/mcgill/ecse223/quoridor/features/IdentifyGameDrawn.feature:12?[0m
    ?[32mGiven ?[0m?[32mThe game is running?[0m                ?[90m# CucumberStepDefinitions.theGameIsRunning()?[0m
    ?[33mGiven ?[0m?[33mThe following moves were executed:?[0m ?[90m# null?[0m

  Scenario Outline: Player deviates for the third time ?[90m# src/test/resources/ca/mcgill/ecse223/quoridor/features/IdentifyGameDrawn.feature:44?[0m
    ?[33mGiven ?[0m?[33mPlayer "white" has just completed his move?[0m   ?[90m# null?[0m
    ?[33mAnd ?[0m?[33mThe last move of "white" is pawn move to 8:4?[0m   ?[90m# null?[0m
    ?[33mWhen ?[0m?[33mChecking of game result is initated?[0m           ?[90m# null?[0m
    ?[33mThen ?[0m?[33mGame result shall be "Pending"?[0m                ?[90m# null?[0m

  Background:                                ?[90m# src/test/resources/ca/mcgill/ecse223/quoridor/features/IdentifyGameDrawn.feature:12?[0m
    ?[32mGiven ?[0m?[32mThe game is running?[0m                ?[90m# CucumberStepDefinitions.theGameIsRunning()?[0m
    ?[33mGiven ?[0m?[33mThe following moves were executed:?[0m ?[90m# null?[0m

  Scenario Outline: Player deviates for the third time ?[90m# src/test/resources/ca/mcgill/ecse223/quoridor/features/IdentifyGameDrawn.feature:45?[0m
    ?[33mGiven ?[0m?[33mPlayer "white" has just completed his move?[0m   ?[90m# null?[0m
    ?[33mAnd ?[0m?[33mThe last move of "white" is pawn move to 8:6?[0m   ?[90m# null?[0m
    ?[33mWhen ?[0m?[33mChecking of game result is initated?[0m           ?[90m# null?[0m
    ?[33mThen ?[0m?[33mGame result shall be "Pending"?[0m                ?[90m# null?[0m

Feature: Identify if game won
  As a player, I want the Quoridor app to identify when a game is won by one of the players 
  (e.g. I reached target area or opponent?s time is up), and the game should be stopped immediately.

  Scenario Outline: Player is on the middle of the board ?[90m# src/test/resources/ca/mcgill/ecse223/quoridor/features/IdentifyGameWon.feature:8?[0m
    ?[36mGiven Player "<player>" has just completed his move?[0m
    ?[36mAnd The new position of "<player>" is <row>:<col>?[0m
    ?[36mAnd The clock of "<player>" is more than zero?[0m
    ?[36mWhen Checking of game result is initated?[0m
    ?[36mThen Game result shall be "<result>"?[0m

    Examples: 

  Background:                 ?[90m# src/test/resources/ca/mcgill/ecse223/quoridor/features/IdentifyGameWon.feature:5?[0m
    ?[32mGiven ?[0m?[32mThe game is running?[0m ?[90m# CucumberStepDefinitions.theGameIsRunning()?[0m

  Scenario Outline: Player is on the middle of the board ?[90m# src/test/resources/ca/mcgill/ecse223/quoridor/features/IdentifyGameWon.feature:17?[0m
    ?[33mGiven ?[0m?[33mPlayer "white" has just completed his move?[0m     ?[90m# null?[0m
    ?[33mAnd ?[0m?[33mThe new position of "white" is 1:5?[0m               ?[90m# null?[0m
    ?[33mAnd ?[0m?[33mThe clock of "white" is more than zero?[0m           ?[90m# null?[0m
    ?[33mWhen ?[0m?[33mChecking of game result is initated?[0m             ?[90m# null?[0m
    ?[33mThen ?[0m?[33mGame result shall be "pending"?[0m                  ?[90m# null?[0m

  Background:                 ?[90m# src/test/resources/ca/mcgill/ecse223/quoridor/features/IdentifyGameWon.feature:5?[0m
    ?[32mGiven ?[0m?[32mThe game is running?[0m ?[90m# CucumberStepDefinitions.theGameIsRunning()?[0m

  Scenario Outline: Player is on the middle of the board ?[90m# src/test/resources/ca/mcgill/ecse223/quoridor/features/IdentifyGameWon.feature:18?[0m
    ?[33mGiven ?[0m?[33mPlayer "white" has just completed his move?[0m     ?[90m# null?[0m
    ?[33mAnd ?[0m?[33mThe new position of "white" is 8:5?[0m               ?[90m# null?[0m
    ?[33mAnd ?[0m?[33mThe clock of "white" is more than zero?[0m           ?[90m# null?[0m
    ?[33mWhen ?[0m?[33mChecking of game result is initated?[0m             ?[90m# null?[0m
    ?[33mThen ?[0m?[33mGame result shall be "pending"?[0m                  ?[90m# null?[0m

  Background:                 ?[90m# src/test/resources/ca/mcgill/ecse223/quoridor/features/IdentifyGameWon.feature:5?[0m
    ?[32mGiven ?[0m?[32mThe game is running?[0m ?[90m# CucumberStepDefinitions.theGameIsRunning()?[0m

  Scenario Outline: Player is on the middle of the board ?[90m# src/test/resources/ca/mcgill/ecse223/quoridor/features/IdentifyGameWon.feature:19?[0m
    ?[33mGiven ?[0m?[33mPlayer "black" has just completed his move?[0m     ?[90m# null?[0m
    ?[33mAnd ?[0m?[33mThe new position of "black" is 2:4?[0m               ?[90m# null?[0m
    ?[33mAnd ?[0m?[33mThe clock of "black" is more than zero?[0m           ?[90m# null?[0m
    ?[33mWhen ?[0m?[33mChecking of game result is initated?[0m             ?[90m# null?[0m
    ?[33mThen ?[0m?[33mGame result shall be "pending"?[0m                  ?[90m# null?[0m

  Background:                 ?[90m# src/test/resources/ca/mcgill/ecse223/quoridor/features/IdentifyGameWon.feature:5?[0m
    ?[32mGiven ?[0m?[32mThe game is running?[0m ?[90m# CucumberStepDefinitions.theGameIsRunning()?[0m

  Scenario Outline: Player is on the middle of the board ?[90m# src/test/resources/ca/mcgill/ecse223/quoridor/features/IdentifyGameWon.feature:20?[0m
    ?[33mGiven ?[0m?[33mPlayer "black" has just completed his move?[0m     ?[90m# null?[0m
    ?[33mAnd ?[0m?[33mThe new position of "black" is 9:4?[0m               ?[90m# null?[0m
    ?[33mAnd ?[0m?[33mThe clock of "black" is more than zero?[0m           ?[90m# null?[0m
    ?[33mWhen ?[0m?[33mChecking of game result is initated?[0m             ?[90m# null?[0m
    ?[33mThen ?[0m?[33mGame result shall be "pending"?[0m                  ?[90m# null?[0m

  Scenario Outline: Player reaches target area ?[90m# src/test/resources/ca/mcgill/ecse223/quoridor/features/IdentifyGameWon.feature:22?[0m
    ?[36mGiven Player "<player>" has just completed his move?[0m
    ?[36mAnd The new position of "<player>" is <row>:<col>?[0m
    ?[36mAnd The clock of "<player>" is more than zero?[0m
    ?[36mWhen Checking of game result is initated?[0m
    ?[36mThen Game result shall be "<result>"?[0m
    ?[36mAnd The game shall no longer be running?[0m

    Examples: 

  Background:                 ?[90m# src/test/resources/ca/mcgill/ecse223/quoridor/features/IdentifyGameWon.feature:5?[0m
    ?[32mGiven ?[0m?[32mThe game is running?[0m ?[90m# CucumberStepDefinitions.theGameIsRunning()?[0m

  Scenario Outline: Player reaches target area       ?[90m# src/test/resources/ca/mcgill/ecse223/quoridor/features/IdentifyGameWon.feature:32?[0m
    ?[33mGiven ?[0m?[33mPlayer "white" has just completed his move?[0m ?[90m# null?[0m
    ?[33mAnd ?[0m?[33mThe new position of "white" is 9:4?[0m           ?[90m# null?[0m
    ?[33mAnd ?[0m?[33mThe clock of "white" is more than zero?[0m       ?[90m# null?[0m
    ?[33mWhen ?[0m?[33mChecking of game result is initated?[0m         ?[90m# null?[0m
    ?[33mThen ?[0m?[33mGame result shall be "whiteWon"?[0m             ?[90m# null?[0m
    ?[33mAnd ?[0m?[33mThe game shall no longer be running?[0m          ?[90m# null?[0m

  Background:                 ?[90m# src/test/resources/ca/mcgill/ecse223/quoridor/features/IdentifyGameWon.feature:5?[0m
    ?[32mGiven ?[0m?[32mThe game is running?[0m ?[90m# CucumberStepDefinitions.theGameIsRunning()?[0m

  Scenario Outline: Player reaches target area       ?[90m# src/test/resources/ca/mcgill/ecse223/quoridor/features/IdentifyGameWon.feature:33?[0m
    ?[33mGiven ?[0m?[33mPlayer "black" has just completed his move?[0m ?[90m# null?[0m
    ?[33mAnd ?[0m?[33mThe new position of "black" is 1:3?[0m           ?[90m# null?[0m
    ?[33mAnd ?[0m?[33mThe clock of "black" is more than zero?[0m       ?[90m# null?[0m
    ?[33mWhen ?[0m?[33mChecking of game result is initated?[0m         ?[90m# null?[0m
    ?[33mThen ?[0m?[33mGame result shall be "blackWon"?[0m             ?[90m# null?[0m
    ?[33mAnd ?[0m?[33mThe game shall no longer be running?[0m          ?[90m# null?[0m

  Scenario Outline: Player's time is exceeded ?[90m# src/test/resources/ca/mcgill/ecse223/quoridor/features/IdentifyGameWon.feature:35?[0m
    ?[36mGiven The player to move is "<player>"?[0m
    ?[36mWhen The clock of "<player>" counts down to zero?[0m
    ?[36mThen Game result shall be "<result>"?[0m
    ?[36mAnd The game shall no longer be running?[0m

    Examples: 

  Background:                 ?[90m# src/test/resources/ca/mcgill/ecse223/quoridor/features/IdentifyGameWon.feature:5?[0m
    ?[32mGiven ?[0m?[32mThe game is running?[0m ?[90m# CucumberStepDefinitions.theGameIsRunning()?[0m

  Scenario Outline: Player's time is exceeded     ?[90m# src/test/resources/ca/mcgill/ecse223/quoridor/features/IdentifyGameWon.feature:43?[0m
    ?[32mGiven ?[0m?[32mThe player to move is ?[0m?[32m?[1m"white"?[0m           ?[90m# CucumberStepDefinitions.thePlayerToMoveIsPlayer(String)?[0m
    ?[33mWhen ?[0m?[33mThe clock of "white" counts down to zero?[0m ?[90m# null?[0m
    ?[33mThen ?[0m?[33mGame result shall be "blackWon"?[0m          ?[90m# null?[0m
    ?[33mAnd ?[0m?[33mThe game shall no longer be running?[0m       ?[90m# null?[0m

  Background:                 ?[90m# src/test/resources/ca/mcgill/ecse223/quoridor/features/IdentifyGameWon.feature:5?[0m
    ?[32mGiven ?[0m?[32mThe game is running?[0m ?[90m# CucumberStepDefinitions.theGameIsRunning()?[0m

  Scenario Outline: Player's time is exceeded     ?[90m# src/test/resources/ca/mcgill/ecse223/quoridor/features/IdentifyGameWon.feature:44?[0m
    ?[32mGiven ?[0m?[32mThe player to move is ?[0m?[32m?[1m"black"?[0m           ?[90m# CucumberStepDefinitions.thePlayerToMoveIsPlayer(String)?[0m
    ?[33mWhen ?[0m?[33mThe clock of "black" counts down to zero?[0m ?[90m# null?[0m
    ?[33mThen ?[0m?[33mGame result shall be "whiteWon"?[0m          ?[90m# null?[0m
    ?[33mAnd ?[0m?[33mThe game shall no longer be running?[0m       ?[90m# null?[0m

Feature: Initialize Board
  As a player, I want to see the Quoridor board in its initial position and 
  my stock of walls and my clock is counting down 
  so that I can start playing the game.

  Scenario: Initialize board                          ?[90m# src/test/resources/ca/mcgill/ecse223/quoridor/features/InitializeBoard.feature:6?[0m
    ?[32mGiven ?[0m?[32mThe game is ready to start?[0m                  ?[90m# CucumberStepDefinitions.theGameIsReadyToStart()?[0m
    ?[32mWhen ?[0m?[32mThe initialization of the board is initiated?[0m ?[90m# CucumberStepDefinitions.initializationOfBoardInitiated()?[0m
    ?[32mThen ?[0m?[32mIt shall be white player to move?[0m             ?[90m# CucumberStepDefinitions.itShallBeWhitePlayerToMove()?[0m
    ?[31mAnd ?[0m?[31mWhite's pawn shall be in its initial position?[0m ?[90m# CucumberStepDefinitions.whitesPawnShallBeInItsInitialPosition()?[0m
      ?[31morg.opentest4j.AssertionFailedError: expected: <ca.mcgill.ecse223.quoridor.model.Tile@1f1a7931[row:1,column:5]
  board = 7b365962> but was: <ca.mcgill.ecse223.quoridor.model.Tile@a9dcfaa[row:9,column:5]
  board = 7b365962>
	at org.junit.jupiter.api.AssertionUtils.fail(AssertionUtils.java:55)
	at org.junit.jupiter.api.AssertionUtils.failNotEqual(AssertionUtils.java:62)
	at org.junit.jupiter.api.AssertEquals.assertEquals(AssertEquals.java:182)
	at org.junit.jupiter.api.AssertEquals.assertEquals(AssertEquals.java:177)
	at org.junit.jupiter.api.Assertions.assertEquals(Assertions.java:1124)
	at ca.mcgill.ecse223.quoridor.features.CucumberStepDefinitions.whitesPawnShallBeInItsInitialPosition(CucumberStepDefinitions.java:294)
	at ?.White's pawn shall be in its initial position(file:src/test/resources/ca/mcgill/ecse223/quoridor/features/InitializeBoard.feature:10)
?[0m
    ?[36mAnd ?[0m?[36mBlack's pawn shall be in its initial position?[0m ?[90m# CucumberStepDefinitions.blacksPawnShallBeInItsInitialPosition()?[0m
    ?[36mAnd ?[0m?[36mAll of White's walls shall be in stock?[0m        ?[90m# CucumberStepDefinitions.allOfWhitesWallsShallBeInStock()?[0m
    ?[36mAnd ?[0m?[36mAll of Black's walls shall be in stock?[0m        ?[90m# CucumberStepDefinitions.allOfBlacksWallsShallBeInStock()?[0m
    ?[36mAnd ?[0m?[36mWhite's clock shall be counting down?[0m          ?[90m# CucumberStepDefinitions.whitesClockShallBeCountingDown()?[0m
    ?[36mAnd ?[0m?[36mIt shall be shown that this is White's turn?[0m   ?[90m# CucumberStepDefinitions.itShallBeShownThatThisIsWhitesTurn()?[0m

Feature: Jump Pawn
  As a player
  I want to jump over my opponent when situated next to me 
  assuming there are no blocking walls

  Scenario Outline: Jump over opponent ?[90m# src/test/resources/ca/mcgill/ecse223/quoridor/features/JumpPawn.feature:9?[0m
    ?[36mGiven The player to move is "<player>"?[0m
    ?[36mAnd The player is located at <prow>:<pcol>?[0m
    ?[36mAnd The opponent is located at <orow>:<ocol>?[0m
    ?[36mAnd There are no "<dir>" walls "<side>" from the player nearby?[0m
    ?[36mWhen Player "<player>" initiates to move "<side>"?[0m
    ?[36mThen The move "<side>" shall be "<status>"?[0m
    ?[36mAnd Player's new position shall be <nrow>:<ncol>?[0m
    ?[36mAnd The next player to move shall become "<nplayer>"?[0m

    Examples: 

  Background:                 ?[90m# src/test/resources/ca/mcgill/ecse223/quoridor/features/JumpPawn.feature:6?[0m
    ?[32mGiven ?[0m?[32mThe game is running?[0m ?[90m# CucumberStepDefinitions.theGameIsRunning()?[0m

  Scenario Outline: Jump over opponent                              ?[90m# src/test/resources/ca/mcgill/ecse223/quoridor/features/JumpPawn.feature:21?[0m
    ?[32mGiven ?[0m?[32mThe player to move is ?[0m?[32m?[1m"white"?[0m                             ?[90m# CucumberStepDefinitions.thePlayerToMoveIsPlayer(String)?[0m
    ?[32mAnd ?[0m?[32mThe player is located at ?[0m?[32m?[1m3?[0m?[32m:?[0m?[32m?[1m3?[0m                                ?[90m# CucumberStepDefinitions.thePlayerIsLocatedAt(int,int)?[0m
    ?[32mAnd ?[0m?[32mThe opponent is located at ?[0m?[32m?[1m3?[0m?[32m:?[0m?[32m?[1m2?[0m                              ?[90m# CucumberStepDefinitions.the_opponent_is_located_at(Integer,Integer)?[0m
    ?[32mAnd ?[0m?[32mThere are no ?[0m?[32m?[1m"vertical"?[0m?[32m walls ?[0m?[32m?[1m"left"?[0m?[32m from the player nearby?[0m ?[90m# CucumberStepDefinitions.there_are_no_walls_from_the_player_nearby(String,String)?[0m
    ?[32mWhen ?[0m?[32mPlayer ?[0m?[32m?[1m"white"?[0m?[32m initiates to move ?[0m?[32m?[1m"left"?[0m                    ?[90m# CucumberStepDefinitions.playerInitiatesToMove(String,String)?[0m
    ?[32mThen ?[0m?[32mThe move ?[0m?[32m?[1m"left"?[0m?[32m shall be ?[0m?[32m?[1m"success"?[0m                         ?[90m# CucumberStepDefinitions.the_move_shall_be(String,String)?[0m
    ?[32mAnd ?[0m?[32mPlayer's new position shall be ?[0m?[32m?[1m3?[0m?[32m:?[0m?[32m?[1m1?[0m                          ?[90m# CucumberStepDefinitions.player_s_new_position_shall_be(int,int)?[0m
    ?[32mAnd ?[0m?[32mThe next player to move shall become ?[0m?[32m?[1m"black"?[0m                ?[90m# CucumberStepDefinitions.the_next_player_to_move_shall_become(String)?[0m

  Background:                 ?[90m# src/test/resources/ca/mcgill/ecse223/quoridor/features/JumpPawn.feature:6?[0m
    ?[32mGiven ?[0m?[32mThe game is running?[0m ?[90m# CucumberStepDefinitions.theGameIsRunning()?[0m

  Scenario Outline: Jump over opponent                              ?[90m# src/test/resources/ca/mcgill/ecse223/quoridor/features/JumpPawn.feature:22?[0m
    ?[32mGiven ?[0m?[32mThe player to move is ?[0m?[32m?[1m"black"?[0m                             ?[90m# CucumberStepDefinitions.thePlayerToMoveIsPlayer(String)?[0m
    ?[32mAnd ?[0m?[32mThe player is located at ?[0m?[32m?[1m3?[0m?[32m:?[0m?[32m?[1m2?[0m                                ?[90m# CucumberStepDefinitions.thePlayerIsLocatedAt(int,int)?[0m
    ?[32mAnd ?[0m?[32mThe opponent is located at ?[0m?[32m?[1m3?[0m?[32m:?[0m?[32m?[1m1?[0m                              ?[90m# CucumberStepDefinitions.the_opponent_is_located_at(Integer,Integer)?[0m
    ?[32mAnd ?[0m?[32mThere are no ?[0m?[32m?[1m"vertical"?[0m?[32m walls ?[0m?[32m?[1m"left"?[0m?[32m from the player nearby?[0m ?[90m# CucumberStepDefinitions.there_are_no_walls_from_the_player_nearby(String,String)?[0m
    ?[32mWhen ?[0m?[32mPlayer ?[0m?[32m?[1m"black"?[0m?[32m initiates to move ?[0m?[32m?[1m"left"?[0m                    ?[90m# CucumberStepDefinitions.playerInitiatesToMove(String,String)?[0m
    ?[32mThen ?[0m?[32mThe move ?[0m?[32m?[1m"left"?[0m?[32m shall be ?[0m?[32m?[1m"illegal"?[0m                         ?[90m# CucumberStepDefinitions.the_move_shall_be(String,String)?[0m
    ?[32mAnd ?[0m?[32mPlayer's new position shall be ?[0m?[32m?[1m3?[0m?[32m:?[0m?[32m?[1m2?[0m                          ?[90m# CucumberStepDefinitions.player_s_new_position_shall_be(int,int)?[0m
    ?[32mAnd ?[0m?[32mThe next player to move shall become ?[0m?[32m?[1m"black"?[0m                ?[90m# CucumberStepDefinitions.the_next_player_to_move_shall_become(String)?[0m

  Background:                 ?[90m# src/test/resources/ca/mcgill/ecse223/quoridor/features/JumpPawn.feature:6?[0m
    ?[32mGiven ?[0m?[32mThe game is running?[0m ?[90m# CucumberStepDefinitions.theGameIsRunning()?[0m

  Scenario Outline: Jump over opponent                               ?[90m# src/test/resources/ca/mcgill/ecse223/quoridor/features/JumpPawn.feature:23?[0m
    ?[32mGiven ?[0m?[32mThe player to move is ?[0m?[32m?[1m"black"?[0m                              ?[90m# CucumberStepDefinitions.thePlayerToMoveIsPlayer(String)?[0m
    ?[32mAnd ?[0m?[32mThe player is located at ?[0m?[32m?[1m6?[0m?[32m:?[0m?[32m?[1m6?[0m                                 ?[90m# CucumberStepDefinitions.thePlayerIsLocatedAt(int,int)?[0m
    ?[32mAnd ?[0m?[32mThe opponent is located at ?[0m?[32m?[1m6?[0m?[32m:?[0m?[32m?[1m7?[0m                               ?[90m# CucumberStepDefinitions.the_opponent_is_located_at(Integer,Integer)?[0m
    ?[32mAnd ?[0m?[32mThere are no ?[0m?[32m?[1m"vertical"?[0m?[32m walls ?[0m?[32m?[1m"right"?[0m?[32m from the player nearby?[0m ?[90m# CucumberStepDefinitions.there_are_no_walls_from_the_player_nearby(String,String)?[0m
    ?[32mWhen ?[0m?[32mPlayer ?[0m?[32m?[1m"black"?[0m?[32m initiates to move ?[0m?[32m?[1m"right"?[0m                    ?[90m# CucumberStepDefinitions.playerInitiatesToMove(String,String)?[0m
    ?[32mThen ?[0m?[32mThe move ?[0m?[32m?[1m"right"?[0m?[32m shall be ?[0m?[32m?[1m"success"?[0m                         ?[90m# CucumberStepDefinitions.the_move_shall_be(String,String)?[0m
    ?[32mAnd ?[0m?[32mPlayer's new position shall be ?[0m?[32m?[1m6?[0m?[32m:?[0m?[32m?[1m8?[0m                           ?[90m# CucumberStepDefinitions.player_s_new_position_shall_be(int,int)?[0m
    ?[32mAnd ?[0m?[32mThe next player to move shall become ?[0m?[32m?[1m"white"?[0m                 ?[90m# CucumberStepDefinitions.the_next_player_to_move_shall_become(String)?[0m

  Background:                 ?[90m# src/test/resources/ca/mcgill/ecse223/quoridor/features/JumpPawn.feature:6?[0m
    ?[32mGiven ?[0m?[32mThe game is running?[0m ?[90m# CucumberStepDefinitions.theGameIsRunning()?[0m

  Scenario Outline: Jump over opponent                               ?[90m# src/test/resources/ca/mcgill/ecse223/quoridor/features/JumpPawn.feature:24?[0m
    ?[32mGiven ?[0m?[32mThe player to move is ?[0m?[32m?[1m"white"?[0m                              ?[90m# CucumberStepDefinitions.thePlayerToMoveIsPlayer(String)?[0m
    ?[32mAnd ?[0m?[32mThe player is located at ?[0m?[32m?[1m6?[0m?[32m:?[0m?[32m?[1m8?[0m                                 ?[90m# CucumberStepDefinitions.thePlayerIsLocatedAt(int,int)?[0m
    ?[32mAnd ?[0m?[32mThe opponent is located at ?[0m?[32m?[1m6?[0m?[32m:?[0m?[32m?[1m9?[0m                               ?[90m# CucumberStepDefinitions.the_opponent_is_located_at(Integer,Integer)?[0m
    ?[32mAnd ?[0m?[32mThere are no ?[0m?[32m?[1m"vertical"?[0m?[32m walls ?[0m?[32m?[1m"right"?[0m?[32m from the player nearby?[0m ?[90m# CucumberStepDefinitions.there_are_no_walls_from_the_player_nearby(String,String)?[0m
    ?[32mWhen ?[0m?[32mPlayer ?[0m?[32m?[1m"white"?[0m?[32m initiates to move ?[0m?[32m?[1m"right"?[0m                    ?[90m# CucumberStepDefinitions.playerInitiatesToMove(String,String)?[0m
    ?[32mThen ?[0m?[32mThe move ?[0m?[32m?[1m"right"?[0m?[32m shall be ?[0m?[32m?[1m"illegal"?[0m                         ?[90m# CucumberStepDefinitions.the_move_shall_be(String,String)?[0m
    ?[32mAnd ?[0m?[32mPlayer's new position shall be ?[0m?[32m?[1m6?[0m?[32m:?[0m?[32m?[1m8?[0m                           ?[90m# CucumberStepDefinitions.player_s_new_position_shall_be(int,int)?[0m
    ?[32mAnd ?[0m?[32mThe next player to move shall become ?[0m?[32m?[1m"white"?[0m                 ?[90m# CucumberStepDefinitions.the_next_player_to_move_shall_become(String)?[0m

  Background:                 ?[90m# src/test/resources/ca/mcgill/ecse223/quoridor/features/JumpPawn.feature:6?[0m
    ?[32mGiven ?[0m?[32mThe game is running?[0m ?[90m# CucumberStepDefinitions.theGameIsRunning()?[0m

  Scenario Outline: Jump over opponent                              ?[90m# src/test/resources/ca/mcgill/ecse223/quoridor/features/JumpPawn.feature:25?[0m
    ?[32mGiven ?[0m?[32mThe player to move is ?[0m?[32m?[1m"black"?[0m                             ?[90m# CucumberStepDefinitions.thePlayerToMoveIsPlayer(String)?[0m
    ?[32mAnd ?[0m?[32mThe player is located at ?[0m?[32m?[1m3?[0m?[32m:?[0m?[32m?[1m3?[0m                                ?[90m# CucumberStepDefinitions.thePlayerIsLocatedAt(int,int)?[0m
    ?[32mAnd ?[0m?[32mThe opponent is located at ?[0m?[32m?[1m2?[0m?[32m:?[0m?[32m?[1m3?[0m                              ?[90m# CucumberStepDefinitions.the_opponent_is_located_at(Integer,Integer)?[0m
    ?[32mAnd ?[0m?[32mThere are no ?[0m?[32m?[1m"horizontal"?[0m?[32m walls ?[0m?[32m?[1m"up"?[0m?[32m from the player nearby?[0m ?[90m# CucumberStepDefinitions.there_are_no_walls_from_the_player_nearby(String,String)?[0m
    ?[32mWhen ?[0m?[32mPlayer ?[0m?[32m?[1m"black"?[0m?[32m initiates to move ?[0m?[32m?[1m"up"?[0m                      ?[90m# CucumberStepDefinitions.playerInitiatesToMove(String,String)?[0m
    ?[32mThen ?[0m?[32mThe move ?[0m?[32m?[1m"up"?[0m?[32m shall be ?[0m?[32m?[1m"success"?[0m                           ?[90m# CucumberStepDefinitions.the_move_shall_be(String,String)?[0m
    ?[32mAnd ?[0m?[32mPlayer's new position shall be ?[0m?[32m?[1m1?[0m?[32m:?[0m?[32m?[1m3?[0m                          ?[90m# CucumberStepDefinitions.player_s_new_position_shall_be(int,int)?[0m
    ?[32mAnd ?[0m?[32mThe next player to move shall become ?[0m?[32m?[1m"white"?[0m                ?[90m# CucumberStepDefinitions.the_next_player_to_move_shall_become(String)?[0m

  Background:                 ?[90m# src/test/resources/ca/mcgill/ecse223/quoridor/features/JumpPawn.feature:6?[0m
    ?[32mGiven ?[0m?[32mThe game is running?[0m ?[90m# CucumberStepDefinitions.theGameIsRunning()?[0m

  Scenario Outline: Jump over opponent                              ?[90m# src/test/resources/ca/mcgill/ecse223/quoridor/features/JumpPawn.feature:26?[0m
    ?[32mGiven ?[0m?[32mThe player to move is ?[0m?[32m?[1m"white"?[0m                             ?[90m# CucumberStepDefinitions.thePlayerToMoveIsPlayer(String)?[0m
    ?[32mAnd ?[0m?[32mThe player is located at ?[0m?[32m?[1m2?[0m?[32m:?[0m?[32m?[1m3?[0m                                ?[90m# CucumberStepDefinitions.thePlayerIsLocatedAt(int,int)?[0m
    ?[32mAnd ?[0m?[32mThe opponent is located at ?[0m?[32m?[1m1?[0m?[32m:?[0m?[32m?[1m3?[0m                              ?[90m# CucumberStepDefinitions.the_opponent_is_located_at(Integer,Integer)?[0m
    ?[32mAnd ?[0m?[32mThere are no ?[0m?[32m?[1m"horizontal"?[0m?[32m walls ?[0m?[32m?[1m"up"?[0m?[32m from the player nearby?[0m ?[90m# CucumberStepDefinitions.there_are_no_walls_from_the_player_nearby(String,String)?[0m
    ?[32mWhen ?[0m?[32mPlayer ?[0m?[32m?[1m"white"?[0m?[32m initiates to move ?[0m?[32m?[1m"up"?[0m                      ?[90m# CucumberStepDefinitions.playerInitiatesToMove(String,String)?[0m
    ?[32mThen ?[0m?[32mThe move ?[0m?[32m?[1m"up"?[0m?[32m shall be ?[0m?[32m?[1m"illegal"?[0m                           ?[90m# CucumberStepDefinitions.the_move_shall_be(String,String)?[0m
    ?[32mAnd ?[0m?[32mPlayer's new position shall be ?[0m?[32m?[1m2?[0m?[32m:?[0m?[32m?[1m3?[0m                          ?[90m# CucumberStepDefinitions.player_s_new_position_shall_be(int,int)?[0m
    ?[32mAnd ?[0m?[32mThe next player to move shall become ?[0m?[32m?[1m"white"?[0m                ?[90m# CucumberStepDefinitions.the_next_player_to_move_shall_become(String)?[0m

  Background:                 ?[90m# src/test/resources/ca/mcgill/ecse223/quoridor/features/JumpPawn.feature:6?[0m
    ?[32mGiven ?[0m?[32mThe game is running?[0m ?[90m# CucumberStepDefinitions.theGameIsRunning()?[0m

  Scenario Outline: Jump over opponent                                ?[90m# src/test/resources/ca/mcgill/ecse223/quoridor/features/JumpPawn.feature:27?[0m
    ?[32mGiven ?[0m?[32mThe player to move is ?[0m?[32m?[1m"white"?[0m                               ?[90m# CucumberStepDefinitions.thePlayerToMoveIsPlayer(String)?[0m
    ?[32mAnd ?[0m?[32mThe player is located at ?[0m?[32m?[1m6?[0m?[32m:?[0m?[32m?[1m6?[0m                                  ?[90m# CucumberStepDefinitions.thePlayerIsLocatedAt(int,int)?[0m
    ?[32mAnd ?[0m?[32mThe opponent is located at ?[0m?[32m?[1m7?[0m?[32m:?[0m?[32m?[1m6?[0m                                ?[90m# CucumberStepDefinitions.the_opponent_is_located_at(Integer,Integer)?[0m
    ?[32mAnd ?[0m?[32mThere are no ?[0m?[32m?[1m"horizontal"?[0m?[32m walls ?[0m?[32m?[1m"down"?[0m?[32m from the player nearby?[0m ?[90m# CucumberStepDefinitions.there_are_no_walls_from_the_player_nearby(String,String)?[0m
    ?[32mWhen ?[0m?[32mPlayer ?[0m?[32m?[1m"white"?[0m?[32m initiates to move ?[0m?[32m?[1m"down"?[0m                      ?[90m# CucumberStepDefinitions.playerInitiatesToMove(String,String)?[0m
    ?[32mThen ?[0m?[32mThe move ?[0m?[32m?[1m"down"?[0m?[32m shall be ?[0m?[32m?[1m"success"?[0m                           ?[90m# CucumberStepDefinitions.the_move_shall_be(String,String)?[0m
    ?[32mAnd ?[0m?[32mPlayer's new position shall be ?[0m?[32m?[1m8?[0m?[32m:?[0m?[32m?[1m6?[0m                            ?[90m# CucumberStepDefinitions.player_s_new_position_shall_be(int,int)?[0m
    ?[32mAnd ?[0m?[32mThe next player to move shall become ?[0m?[32m?[1m"black"?[0m                  ?[90m# CucumberStepDefinitions.the_next_player_to_move_shall_become(String)?[0m

  Background:                 ?[90m# src/test/resources/ca/mcgill/ecse223/quoridor/features/JumpPawn.feature:6?[0m
    ?[32mGiven ?[0m?[32mThe game is running?[0m ?[90m# CucumberStepDefinitions.theGameIsRunning()?[0m

  Scenario Outline: Jump over opponent                                ?[90m# src/test/resources/ca/mcgill/ecse223/quoridor/features/JumpPawn.feature:28?[0m
    ?[32mGiven ?[0m?[32mThe player to move is ?[0m?[32m?[1m"black"?[0m                               ?[90m# CucumberStepDefinitions.thePlayerToMoveIsPlayer(String)?[0m
    ?[32mAnd ?[0m?[32mThe player is located at ?[0m?[32m?[1m8?[0m?[32m:?[0m?[32m?[1m6?[0m                                  ?[90m# CucumberStepDefinitions.thePlayerIsLocatedAt(int,int)?[0m
    ?[32mAnd ?[0m?[32mThe opponent is located at ?[0m?[32m?[1m9?[0m?[32m:?[0m?[32m?[1m6?[0m                                ?[90m# CucumberStepDefinitions.the_opponent_is_located_at(Integer,Integer)?[0m
    ?[32mAnd ?[0m?[32mThere are no ?[0m?[32m?[1m"horizontal"?[0m?[32m walls ?[0m?[32m?[1m"down"?[0m?[32m from the player nearby?[0m ?[90m# CucumberStepDefinitions.there_are_no_walls_from_the_player_nearby(String,String)?[0m
    ?[32mWhen ?[0m?[32mPlayer ?[0m?[32m?[1m"black"?[0m?[32m initiates to move ?[0m?[32m?[1m"down"?[0m                      ?[90m# CucumberStepDefinitions.playerInitiatesToMove(String,String)?[0m
    ?[32mThen ?[0m?[32mThe move ?[0m?[32m?[1m"down"?[0m?[32m shall be ?[0m?[32m?[1m"illegal"?[0m                           ?[90m# CucumberStepDefinitions.the_move_shall_be(String,String)?[0m
    ?[32mAnd ?[0m?[32mPlayer's new position shall be ?[0m?[32m?[1m8?[0m?[32m:?[0m?[32m?[1m6?[0m                            ?[90m# CucumberStepDefinitions.player_s_new_position_shall_be(int,int)?[0m
    ?[32mAnd ?[0m?[32mThe next player to move shall become ?[0m?[32m?[1m"black"?[0m                  ?[90m# CucumberStepDefinitions.the_next_player_to_move_shall_become(String)?[0m

  Scenario Outline: Jump of player blocked by wall ?[90m# src/test/resources/ca/mcgill/ecse223/quoridor/features/JumpPawn.feature:30?[0m
    ?[36mGiven The player to move is "<player>"?[0m
    ?[36mAnd The player is located at <row>:<col>?[0m
    ?[36mAnd The opponent is located at <orow>:<ocol>?[0m
    ?[36mAnd There is a "<dir>" wall at <wrow>:<wcol>?[0m
    ?[36mWhen Player "<player>" initiates to move "<side>"?[0m
    ?[36mThen The move "<side>" shall be "<status>"?[0m
    ?[36mAnd Player's new position shall be <nrow>:<ncol>?[0m
    ?[36mAnd The next player to move shall become "<nplayer>"?[0m

    Examples: 

  Background:                 ?[90m# src/test/resources/ca/mcgill/ecse223/quoridor/features/JumpPawn.feature:6?[0m
    ?[32mGiven ?[0m?[32mThe game is running?[0m ?[90m# CucumberStepDefinitions.theGameIsRunning()?[0m

  Scenario Outline: Jump of player blocked by wall   ?[90m# src/test/resources/ca/mcgill/ecse223/quoridor/features/JumpPawn.feature:42?[0m
    ?[32mGiven ?[0m?[32mThe player to move is ?[0m?[32m?[1m"white"?[0m              ?[90m# CucumberStepDefinitions.thePlayerToMoveIsPlayer(String)?[0m
    ?[32mAnd ?[0m?[32mThe player is located at ?[0m?[32m?[1m3?[0m?[32m:?[0m?[32m?[1m3?[0m                 ?[90m# CucumberStepDefinitions.thePlayerIsLocatedAt(int,int)?[0m
    ?[32mAnd ?[0m?[32mThe opponent is located at ?[0m?[32m?[1m3?[0m?[32m:?[0m?[32m?[1m2?[0m               ?[90m# CucumberStepDefinitions.the_opponent_is_located_at(Integer,Integer)?[0m
    ?[32mAnd ?[0m?[32mThere is a ?[0m?[32m?[1m"vertical"?[0m?[32m wall at ?[0m?[32m?[1m2?[0m?[32m:?[0m?[32m?[1m2?[0m            ?[90m# CucumberStepDefinitions.there_is_a_wall_at(String,Integer,Integer)?[0m
    ?[32mWhen ?[0m?[32mPlayer ?[0m?[32m?[1m"white"?[0m?[32m initiates to move ?[0m?[32m?[1m"left"?[0m     ?[90m# CucumberStepDefinitions.playerInitiatesToMove(String,String)?[0m
    ?[32mThen ?[0m?[32mThe move ?[0m?[32m?[1m"left"?[0m?[32m shall be ?[0m?[32m?[1m"illegal"?[0m          ?[90m# CucumberStepDefinitions.the_move_shall_be(String,String)?[0m
    ?[32mAnd ?[0m?[32mPlayer's new position shall be ?[0m?[32m?[1m3?[0m?[32m:?[0m?[32m?[1m3?[0m           ?[90m# CucumberStepDefinitions.player_s_new_position_shall_be(int,int)?[0m
    ?[32mAnd ?[0m?[32mThe next player to move shall become ?[0m?[32m?[1m"white"?[0m ?[90m# CucumberStepDefinitions.the_next_player_to_move_shall_become(String)?[0m

  Background:                 ?[90m# src/test/resources/ca/mcgill/ecse223/quoridor/features/JumpPawn.feature:6?[0m
    ?[32mGiven ?[0m?[32mThe game is running?[0m ?[90m# CucumberStepDefinitions.theGameIsRunning()?[0m

  Scenario Outline: Jump of player blocked by wall   ?[90m# src/test/resources/ca/mcgill/ecse223/quoridor/features/JumpPawn.feature:43?[0m
    ?[32mGiven ?[0m?[32mThe player to move is ?[0m?[32m?[1m"black"?[0m              ?[90m# CucumberStepDefinitions.thePlayerToMoveIsPlayer(String)?[0m
    ?[32mAnd ?[0m?[32mThe player is located at ?[0m?[32m?[1m3?[0m?[32m:?[0m?[32m?[1m3?[0m                 ?[90m# CucumberStepDefinitions.thePlayerIsLocatedAt(int,int)?[0m
    ?[32mAnd ?[0m?[32mThe opponent is located at ?[0m?[32m?[1m3?[0m?[32m:?[0m?[32m?[1m2?[0m               ?[90m# CucumberStepDefinitions.the_opponent_is_located_at(Integer,Integer)?[0m
    ?[32mAnd ?[0m?[32mThere is a ?[0m?[32m?[1m"vertical"?[0m?[32m wall at ?[0m?[32m?[1m3?[0m?[32m:?[0m?[32m?[1m1?[0m            ?[90m# CucumberStepDefinitions.there_is_a_wall_at(String,Integer,Integer)?[0m
    ?[32mWhen ?[0m?[32mPlayer ?[0m?[32m?[1m"black"?[0m?[32m initiates to move ?[0m?[32m?[1m"left"?[0m     ?[90m# CucumberStepDefinitions.playerInitiatesToMove(String,String)?[0m
    ?[32mThen ?[0m?[32mThe move ?[0m?[32m?[1m"left"?[0m?[32m shall be ?[0m?[32m?[1m"illegal"?[0m          ?[90m# CucumberStepDefinitions.the_move_shall_be(String,String)?[0m
    ?[32mAnd ?[0m?[32mPlayer's new position shall be ?[0m?[32m?[1m3?[0m?[32m:?[0m?[32m?[1m3?[0m           ?[90m# CucumberStepDefinitions.player_s_new_position_shall_be(int,int)?[0m
    ?[32mAnd ?[0m?[32mThe next player to move shall become ?[0m?[32m?[1m"black"?[0m ?[90m# CucumberStepDefinitions.the_next_player_to_move_shall_become(String)?[0m

  Background:                 ?[90m# src/test/resources/ca/mcgill/ecse223/quoridor/features/JumpPawn.feature:6?[0m
    ?[32mGiven ?[0m?[32mThe game is running?[0m ?[90m# CucumberStepDefinitions.theGameIsRunning()?[0m

  Scenario Outline: Jump of player blocked by wall   ?[90m# src/test/resources/ca/mcgill/ecse223/quoridor/features/JumpPawn.feature:44?[0m
    ?[32mGiven ?[0m?[32mThe player to move is ?[0m?[32m?[1m"white"?[0m              ?[90m# CucumberStepDefinitions.thePlayerToMoveIsPlayer(String)?[0m
    ?[32mAnd ?[0m?[32mThe player is located at ?[0m?[32m?[1m3?[0m?[32m:?[0m?[32m?[1m3?[0m                 ?[90m# CucumberStepDefinitions.thePlayerIsLocatedAt(int,int)?[0m
    ?[32mAnd ?[0m?[32mThe opponent is located at ?[0m?[32m?[1m3?[0m?[32m:?[0m?[32m?[1m4?[0m               ?[90m# CucumberStepDefinitions.the_opponent_is_located_at(Integer,Integer)?[0m
    ?[32mAnd ?[0m?[32mThere is a ?[0m?[32m?[1m"vertical"?[0m?[32m wall at ?[0m?[32m?[1m2?[0m?[32m:?[0m?[32m?[1m3?[0m            ?[90m# CucumberStepDefinitions.there_is_a_wall_at(String,Integer,Integer)?[0m
    ?[32mWhen ?[0m?[32mPlayer ?[0m?[32m?[1m"white"?[0m?[32m initiates to move ?[0m?[32m?[1m"right"?[0m    ?[90m# CucumberStepDefinitions.playerInitiatesToMove(String,String)?[0m
    ?[32mThen ?[0m?[32mThe move ?[0m?[32m?[1m"right"?[0m?[32m shall be ?[0m?[32m?[1m"illegal"?[0m         ?[90m# CucumberStepDefinitions.the_move_shall_be(String,String)?[0m
    ?[32mAnd ?[0m?[32mPlayer's new position shall be ?[0m?[32m?[1m3?[0m?[32m:?[0m?[32m?[1m3?[0m           ?[90m# CucumberStepDefinitions.player_s_new_position_shall_be(int,int)?[0m
    ?[32mAnd ?[0m?[32mThe next player to move shall become ?[0m?[32m?[1m"white"?[0m ?[90m# CucumberStepDefinitions.the_next_player_to_move_shall_become(String)?[0m

  Background:                 ?[90m# src/test/resources/ca/mcgill/ecse223/quoridor/features/JumpPawn.feature:6?[0m
    ?[32mGiven ?[0m?[32mThe game is running?[0m ?[90m# CucumberStepDefinitions.theGameIsRunning()?[0m

  Scenario Outline: Jump of player blocked by wall   ?[90m# src/test/resources/ca/mcgill/ecse223/quoridor/features/JumpPawn.feature:45?[0m
    ?[32mGiven ?[0m?[32mThe player to move is ?[0m?[32m?[1m"black"?[0m              ?[90m# CucumberStepDefinitions.thePlayerToMoveIsPlayer(String)?[0m
    ?[32mAnd ?[0m?[32mThe player is located at ?[0m?[32m?[1m3?[0m?[32m:?[0m?[32m?[1m3?[0m                 ?[90m# CucumberStepDefinitions.thePlayerIsLocatedAt(int,int)?[0m
    ?[32mAnd ?[0m?[32mThe opponent is located at ?[0m?[32m?[1m3?[0m?[32m:?[0m?[32m?[1m4?[0m               ?[90m# CucumberStepDefinitions.the_opponent_is_located_at(Integer,Integer)?[0m
    ?[32mAnd ?[0m?[32mThere is a ?[0m?[32m?[1m"vertical"?[0m?[32m wall at ?[0m?[32m?[1m3?[0m?[32m:?[0m?[32m?[1m4?[0m            ?[90m# CucumberStepDefinitions.there_is_a_wall_at(String,Integer,Integer)?[0m
    ?[32mWhen ?[0m?[32mPlayer ?[0m?[32m?[1m"black"?[0m?[32m initiates to move ?[0m?[32m?[1m"right"?[0m    ?[90m# CucumberStepDefinitions.playerInitiatesToMove(String,String)?[0m
    ?[32mThen ?[0m?[32mThe move ?[0m?[32m?[1m"right"?[0m?[32m shall be ?[0m?[32m?[1m"illegal"?[0m         ?[90m# CucumberStepDefinitions.the_move_shall_be(String,String)?[0m
    ?[32mAnd ?[0m?[32mPlayer's new position shall be ?[0m?[32m?[1m3?[0m?[32m:?[0m?[32m?[1m3?[0m           ?[90m# CucumberStepDefinitions.player_s_new_position_shall_be(int,int)?[0m
    ?[32mAnd ?[0m?[32mThe next player to move shall become ?[0m?[32m?[1m"black"?[0m ?[90m# CucumberStepDefinitions.the_next_player_to_move_shall_become(String)?[0m

  Background:                 ?[90m# src/test/resources/ca/mcgill/ecse223/quoridor/features/JumpPawn.feature:6?[0m
    ?[32mGiven ?[0m?[32mThe game is running?[0m ?[90m# CucumberStepDefinitions.theGameIsRunning()?[0m

  Scenario Outline: Jump of player blocked by wall   ?[90m# src/test/resources/ca/mcgill/ecse223/quoridor/features/JumpPawn.feature:46?[0m
    ?[32mGiven ?[0m?[32mThe player to move is ?[0m?[32m?[1m"white"?[0m              ?[90m# CucumberStepDefinitions.thePlayerToMoveIsPlayer(String)?[0m
    ?[32mAnd ?[0m?[32mThe player is located at ?[0m?[32m?[1m3?[0m?[32m:?[0m?[32m?[1m3?[0m                 ?[90m# CucumberStepDefinitions.thePlayerIsLocatedAt(int,int)?[0m
    ?[32mAnd ?[0m?[32mThe opponent is located at ?[0m?[32m?[1m2?[0m?[32m:?[0m?[32m?[1m3?[0m               ?[90m# CucumberStepDefinitions.the_opponent_is_located_at(Integer,Integer)?[0m
    ?[32mAnd ?[0m?[32mThere is a ?[0m?[32m?[1m"horizontal"?[0m?[32m wall at ?[0m?[32m?[1m2?[0m?[32m:?[0m?[32m?[1m2?[0m          ?[90m# CucumberStepDefinitions.there_is_a_wall_at(String,Integer,Integer)?[0m
    ?[32mWhen ?[0m?[32mPlayer ?[0m?[32m?[1m"white"?[0m?[32m initiates to move ?[0m?[32m?[1m"up"?[0m       ?[90m# CucumberStepDefinitions.playerInitiatesToMove(String,String)?[0m
    ?[32mThen ?[0m?[32mThe move ?[0m?[32m?[1m"up"?[0m?[32m shall be ?[0m?[32m?[1m"illegal"?[0m            ?[90m# CucumberStepDefinitions.the_move_shall_be(String,String)?[0m
    ?[32mAnd ?[0m?[32mPlayer's new position shall be ?[0m?[32m?[1m3?[0m?[32m:?[0m?[32m?[1m3?[0m           ?[90m# CucumberStepDefinitions.player_s_new_position_shall_be(int,int)?[0m
    ?[32mAnd ?[0m?[32mThe next player to move shall become ?[0m?[32m?[1m"white"?[0m ?[90m# CucumberStepDefinitions.the_next_player_to_move_shall_become(String)?[0m

  Background:                 ?[90m# src/test/resources/ca/mcgill/ecse223/quoridor/features/JumpPawn.feature:6?[0m
    ?[32mGiven ?[0m?[32mThe game is running?[0m ?[90m# CucumberStepDefinitions.theGameIsRunning()?[0m

  Scenario Outline: Jump of player blocked by wall   ?[90m# src/test/resources/ca/mcgill/ecse223/quoridor/features/JumpPawn.feature:47?[0m
    ?[32mGiven ?[0m?[32mThe player to move is ?[0m?[32m?[1m"black"?[0m              ?[90m# CucumberStepDefinitions.thePlayerToMoveIsPlayer(String)?[0m
    ?[32mAnd ?[0m?[32mThe player is located at ?[0m?[32m?[1m3?[0m?[32m:?[0m?[32m?[1m3?[0m                 ?[90m# CucumberStepDefinitions.thePlayerIsLocatedAt(int,int)?[0m
    ?[32mAnd ?[0m?[32mThe opponent is located at ?[0m?[32m?[1m2?[0m?[32m:?[0m?[32m?[1m3?[0m               ?[90m# CucumberStepDefinitions.the_opponent_is_located_at(Integer,Integer)?[0m
    ?[32mAnd ?[0m?[32mThere is a ?[0m?[32m?[1m"horizontal"?[0m?[32m wall at ?[0m?[32m?[1m1?[0m?[32m:?[0m?[32m?[1m3?[0m          ?[90m# CucumberStepDefinitions.there_is_a_wall_at(String,Integer,Integer)?[0m
    ?[32mWhen ?[0m?[32mPlayer ?[0m?[32m?[1m"black"?[0m?[32m initiates to move ?[0m?[32m?[1m"up"?[0m       ?[90m# CucumberStepDefinitions.playerInitiatesToMove(String,String)?[0m
    ?[32mThen ?[0m?[32mThe move ?[0m?[32m?[1m"up"?[0m?[32m shall be ?[0m?[32m?[1m"illegal"?[0m            ?[90m# CucumberStepDefinitions.the_move_shall_be(String,String)?[0m
    ?[32mAnd ?[0m?[32mPlayer's new position shall be ?[0m?[32m?[1m3?[0m?[32m:?[0m?[32m?[1m3?[0m           ?[90m# CucumberStepDefinitions.player_s_new_position_shall_be(int,int)?[0m
    ?[32mAnd ?[0m?[32mThe next player to move shall become ?[0m?[32m?[1m"black"?[0m ?[90m# CucumberStepDefinitions.the_next_player_to_move_shall_become(String)?[0m

  Background:                 ?[90m# src/test/resources/ca/mcgill/ecse223/quoridor/features/JumpPawn.feature:6?[0m
    ?[32mGiven ?[0m?[32mThe game is running?[0m ?[90m# CucumberStepDefinitions.theGameIsRunning()?[0m

  Scenario Outline: Jump of player blocked by wall   ?[90m# src/test/resources/ca/mcgill/ecse223/quoridor/features/JumpPawn.feature:48?[0m
    ?[32mGiven ?[0m?[32mThe player to move is ?[0m?[32m?[1m"white"?[0m              ?[90m# CucumberStepDefinitions.thePlayerToMoveIsPlayer(String)?[0m
    ?[32mAnd ?[0m?[32mThe player is located at ?[0m?[32m?[1m3?[0m?[32m:?[0m?[32m?[1m3?[0m                 ?[90m# CucumberStepDefinitions.thePlayerIsLocatedAt(int,int)?[0m
    ?[32mAnd ?[0m?[32mThe opponent is located at ?[0m?[32m?[1m4?[0m?[32m:?[0m?[32m?[1m3?[0m               ?[90m# CucumberStepDefinitions.the_opponent_is_located_at(Integer,Integer)?[0m
    ?[32mAnd ?[0m?[32mThere is a ?[0m?[32m?[1m"horizontal"?[0m?[32m wall at ?[0m?[32m?[1m4?[0m?[32m:?[0m?[32m?[1m2?[0m          ?[90m# CucumberStepDefinitions.there_is_a_wall_at(String,Integer,Integer)?[0m
    ?[32mWhen ?[0m?[32mPlayer ?[0m?[32m?[1m"white"?[0m?[32m initiates to move ?[0m?[32m?[1m"down"?[0m     ?[90m# CucumberStepDefinitions.playerInitiatesToMove(String,String)?[0m
    ?[32mThen ?[0m?[32mThe move ?[0m?[32m?[1m"down"?[0m?[32m shall be ?[0m?[32m?[1m"illegal"?[0m          ?[90m# CucumberStepDefinitions.the_move_shall_be(String,String)?[0m
    ?[32mAnd ?[0m?[32mPlayer's new position shall be ?[0m?[32m?[1m3?[0m?[32m:?[0m?[32m?[1m3?[0m           ?[90m# CucumberStepDefinitions.player_s_new_position_shall_be(int,int)?[0m
    ?[32mAnd ?[0m?[32mThe next player to move shall become ?[0m?[32m?[1m"white"?[0m ?[90m# CucumberStepDefinitions.the_next_player_to_move_shall_become(String)?[0m

  Background:                 ?[90m# src/test/resources/ca/mcgill/ecse223/quoridor/features/JumpPawn.feature:6?[0m
    ?[32mGiven ?[0m?[32mThe game is running?[0m ?[90m# CucumberStepDefinitions.theGameIsRunning()?[0m

  Scenario Outline: Jump of player blocked by wall   ?[90m# src/test/resources/ca/mcgill/ecse223/quoridor/features/JumpPawn.feature:49?[0m
    ?[32mGiven ?[0m?[32mThe player to move is ?[0m?[32m?[1m"black"?[0m              ?[90m# CucumberStepDefinitions.thePlayerToMoveIsPlayer(String)?[0m
    ?[32mAnd ?[0m?[32mThe player is located at ?[0m?[32m?[1m3?[0m?[32m:?[0m?[32m?[1m3?[0m                 ?[90m# CucumberStepDefinitions.thePlayerIsLocatedAt(int,int)?[0m
    ?[32mAnd ?[0m?[32mThe opponent is located at ?[0m?[32m?[1m4?[0m?[32m:?[0m?[32m?[1m3?[0m               ?[90m# CucumberStepDefinitions.the_opponent_is_located_at(Integer,Integer)?[0m
    ?[32mAnd ?[0m?[32mThere is a ?[0m?[32m?[1m"horizontal"?[0m?[32m wall at ?[0m?[32m?[1m3?[0m?[32m:?[0m?[32m?[1m3?[0m          ?[90m# CucumberStepDefinitions.there_is_a_wall_at(String,Integer,Integer)?[0m
    ?[32mWhen ?[0m?[32mPlayer ?[0m?[32m?[1m"black"?[0m?[32m initiates to move ?[0m?[32m?[1m"down"?[0m     ?[90m# CucumberStepDefinitions.playerInitiatesToMove(String,String)?[0m
    ?[32mThen ?[0m?[32mThe move ?[0m?[32m?[1m"down"?[0m?[32m shall be ?[0m?[32m?[1m"illegal"?[0m          ?[90m# CucumberStepDefinitions.the_move_shall_be(String,String)?[0m
    ?[32mAnd ?[0m?[32mPlayer's new position shall be ?[0m?[32m?[1m3?[0m?[32m:?[0m?[32m?[1m3?[0m           ?[90m# CucumberStepDefinitions.player_s_new_position_shall_be(int,int)?[0m
    ?[32mAnd ?[0m?[32mThe next player to move shall become ?[0m?[32m?[1m"black"?[0m ?[90m# CucumberStepDefinitions.the_next_player_to_move_shall_become(String)?[0m

  Scenario Outline: Diagonal jumps of a player near wall ?[90m# src/test/resources/ca/mcgill/ecse223/quoridor/features/JumpPawn.feature:51?[0m
    ?[36mGiven The player to move is "<player>"?[0m
    ?[36mAnd The player is located at <row>:<col>?[0m
    ?[36mAnd The opponent is located at <orow>:<ocol>?[0m
    ?[36mAnd There is a "<dir>" wall at <wrow>:<wcol>?[0m
    ?[36mWhen Player "<player>" initiates to move "<side>"?[0m
    ?[36mThen The move "<side>" shall be "<status>"?[0m
    ?[36mAnd Player's new position shall be <nrow>:<ncol>?[0m
    ?[36mAnd The next player to move shall become "<nplayer>"?[0m

    Examples: 

  Background:                 ?[90m# src/test/resources/ca/mcgill/ecse223/quoridor/features/JumpPawn.feature:6?[0m
    ?[32mGiven ?[0m?[32mThe game is running?[0m ?[90m# CucumberStepDefinitions.theGameIsRunning()?[0m

  Scenario Outline: Diagonal jumps of a player near wall ?[90m# src/test/resources/ca/mcgill/ecse223/quoridor/features/JumpPawn.feature:63?[0m
    ?[32mGiven ?[0m?[32mThe player to move is ?[0m?[32m?[1m"black"?[0m                  ?[90m# CucumberStepDefinitions.thePlayerToMoveIsPlayer(String)?[0m
    ?[32mAnd ?[0m?[32mThe player is located at ?[0m?[32m?[1m3?[0m?[32m:?[0m?[32m?[1m3?[0m                     ?[90m# CucumberStepDefinitions.thePlayerIsLocatedAt(int,int)?[0m
    ?[32mAnd ?[0m?[32mThe opponent is located at ?[0m?[32m?[1m3?[0m?[32m:?[0m?[32m?[1m2?[0m                   ?[90m# CucumberStepDefinitions.the_opponent_is_located_at(Integer,Integer)?[0m
    ?[32mAnd ?[0m?[32mThere is a ?[0m?[32m?[1m"vertical"?[0m?[32m wall at ?[0m?[32m?[1m3?[0m?[32m:?[0m?[32m?[1m1?[0m                ?[90m# CucumberStepDefinitions.there_is_a_wall_at(String,Integer,Integer)?[0m
    ?[32mWhen ?[0m?[32mPlayer ?[0m?[32m?[1m"black"?[0m?[32m initiates to move ?[0m?[32m?[1m"upleft"?[0m       ?[90m# CucumberStepDefinitions.playerInitiatesToMove(String,String)?[0m
    ?[32mThen ?[0m?[32mThe move ?[0m?[32m?[1m"upleft"?[0m?[32m shall be ?[0m?[32m?[1m"success"?[0m            ?[90m# CucumberStepDefinitions.the_move_shall_be(String,String)?[0m
    ?[32mAnd ?[0m?[32mPlayer's new position shall be ?[0m?[32m?[1m2?[0m?[32m:?[0m?[32m?[1m2?[0m               ?[90m# CucumberStepDefinitions.player_s_new_position_shall_be(int,int)?[0m
    ?[32mAnd ?[0m?[32mThe next player to move shall become ?[0m?[32m?[1m"white"?[0m     ?[90m# CucumberStepDefinitions.the_next_player_to_move_shall_become(String)?[0m

  Background:                 ?[90m# src/test/resources/ca/mcgill/ecse223/quoridor/features/JumpPawn.feature:6?[0m
    ?[32mGiven ?[0m?[32mThe game is running?[0m ?[90m# CucumberStepDefinitions.theGameIsRunning()?[0m

  Scenario Outline: Diagonal jumps of a player near wall ?[90m# src/test/resources/ca/mcgill/ecse223/quoridor/features/JumpPawn.feature:64?[0m
    ?[32mGiven ?[0m?[32mThe player to move is ?[0m?[32m?[1m"white"?[0m                  ?[90m# CucumberStepDefinitions.thePlayerToMoveIsPlayer(String)?[0m
    ?[32mAnd ?[0m?[32mThe player is located at ?[0m?[32m?[1m3?[0m?[32m:?[0m?[32m?[1m3?[0m                     ?[90m# CucumberStepDefinitions.thePlayerIsLocatedAt(int,int)?[0m
    ?[32mAnd ?[0m?[32mThe opponent is located at ?[0m?[32m?[1m3?[0m?[32m:?[0m?[32m?[1m2?[0m                   ?[90m# CucumberStepDefinitions.the_opponent_is_located_at(Integer,Integer)?[0m
    ?[32mAnd ?[0m?[32mThere is a ?[0m?[32m?[1m"vertical"?[0m?[32m wall at ?[0m?[32m?[1m3?[0m?[32m:?[0m?[32m?[1m1?[0m                ?[90m# CucumberStepDefinitions.there_is_a_wall_at(String,Integer,Integer)?[0m
    ?[32mWhen ?[0m?[32mPlayer ?[0m?[32m?[1m"white"?[0m?[32m initiates to move ?[0m?[32m?[1m"downleft"?[0m     ?[90m# CucumberStepDefinitions.playerInitiatesToMove(String,String)?[0m
    ?[32mThen ?[0m?[32mThe move ?[0m?[32m?[1m"downleft"?[0m?[32m shall be ?[0m?[32m?[1m"success"?[0m          ?[90m# CucumberStepDefinitions.the_move_shall_be(String,String)?[0m
    ?[32mAnd ?[0m?[32mPlayer's new position shall be ?[0m?[32m?[1m4?[0m?[32m:?[0m?[32m?[1m2?[0m               ?[90m# CucumberStepDefinitions.player_s_new_position_shall_be(int,int)?[0m
    ?[32mAnd ?[0m?[32mThe next player to move shall become ?[0m?[32m?[1m"black"?[0m     ?[90m# CucumberStepDefinitions.the_next_player_to_move_shall_become(String)?[0m

  Background:                 ?[90m# src/test/resources/ca/mcgill/ecse223/quoridor/features/JumpPawn.feature:6?[0m
    ?[32mGiven ?[0m?[32mThe game is running?[0m ?[90m# CucumberStepDefinitions.theGameIsRunning()?[0m

  Scenario Outline: Diagonal jumps of a player near wall ?[90m# src/test/resources/ca/mcgill/ecse223/quoridor/features/JumpPawn.feature:65?[0m
    ?[32mGiven ?[0m?[32mThe player to move is ?[0m?[32m?[1m"black"?[0m                  ?[90m# CucumberStepDefinitions.thePlayerToMoveIsPlayer(String)?[0m
    ?[32mAnd ?[0m?[32mThe player is located at ?[0m?[32m?[1m3?[0m?[32m:?[0m?[32m?[1m3?[0m                     ?[90m# CucumberStepDefinitions.thePlayerIsLocatedAt(int,int)?[0m
    ?[32mAnd ?[0m?[32mThe opponent is located at ?[0m?[32m?[1m3?[0m?[32m:?[0m?[32m?[1m2?[0m                   ?[90m# CucumberStepDefinitions.the_opponent_is_located_at(Integer,Integer)?[0m
    ?[32mAnd ?[0m?[32mThere is a ?[0m?[32m?[1m"vertical"?[0m?[32m wall at ?[0m?[32m?[1m2?[0m?[32m:?[0m?[32m?[1m2?[0m                ?[90m# CucumberStepDefinitions.there_is_a_wall_at(String,Integer,Integer)?[0m
    ?[32mWhen ?[0m?[32mPlayer ?[0m?[32m?[1m"black"?[0m?[32m initiates to move ?[0m?[32m?[1m"upleft"?[0m       ?[90m# CucumberStepDefinitions.playerInitiatesToMove(String,String)?[0m
    ?[32mThen ?[0m?[32mThe move ?[0m?[32m?[1m"upleft"?[0m?[32m shall be ?[0m?[32m?[1m"illegal"?[0m            ?[90m# CucumberStepDefinitions.the_move_shall_be(String,String)?[0m
    ?[32mAnd ?[0m?[32mPlayer's new position shall be ?[0m?[32m?[1m3?[0m?[32m:?[0m?[32m?[1m3?[0m               ?[90m# CucumberStepDefinitions.player_s_new_position_shall_be(int,int)?[0m
    ?[32mAnd ?[0m?[32mThe next player to move shall become ?[0m?[32m?[1m"black"?[0m     ?[90m# CucumberStepDefinitions.the_next_player_to_move_shall_become(String)?[0m

  Background:                 ?[90m# src/test/resources/ca/mcgill/ecse223/quoridor/features/JumpPawn.feature:6?[0m
    ?[32mGiven ?[0m?[32mThe game is running?[0m ?[90m# CucumberStepDefinitions.theGameIsRunning()?[0m

  Scenario Outline: Diagonal jumps of a player near wall ?[90m# src/test/resources/ca/mcgill/ecse223/quoridor/features/JumpPawn.feature:66?[0m
    ?[32mGiven ?[0m?[32mThe player to move is ?[0m?[32m?[1m"white"?[0m                  ?[90m# CucumberStepDefinitions.thePlayerToMoveIsPlayer(String)?[0m
    ?[32mAnd ?[0m?[32mThe player is located at ?[0m?[32m?[1m3?[0m?[32m:?[0m?[32m?[1m3?[0m                     ?[90m# CucumberStepDefinitions.thePlayerIsLocatedAt(int,int)?[0m
    ?[32mAnd ?[0m?[32mThe opponent is located at ?[0m?[32m?[1m3?[0m?[32m:?[0m?[32m?[1m2?[0m                   ?[90m# CucumberStepDefinitions.the_opponent_is_located_at(Integer,Integer)?[0m
    ?[32mAnd ?[0m?[32mThere is a ?[0m?[32m?[1m"vertical"?[0m?[32m wall at ?[0m?[32m?[1m2?[0m?[32m:?[0m?[32m?[1m2?[0m                ?[90m# CucumberStepDefinitions.there_is_a_wall_at(String,Integer,Integer)?[0m
    ?[32mWhen ?[0m?[32mPlayer ?[0m?[32m?[1m"white"?[0m?[32m initiates to move ?[0m?[32m?[1m"downleft"?[0m     ?[90m# CucumberStepDefinitions.playerInitiatesToMove(String,String)?[0m
    ?[32mThen ?[0m?[32mThe move ?[0m?[32m?[1m"downleft"?[0m?[32m shall be ?[0m?[32m?[1m"illegal"?[0m          ?[90m# CucumberStepDefinitions.the_move_shall_be(String,String)?[0m
    ?[32mAnd ?[0m?[32mPlayer's new position shall be ?[0m?[32m?[1m3?[0m?[32m:?[0m?[32m?[1m3?[0m               ?[90m# CucumberStepDefinitions.player_s_new_position_shall_be(int,int)?[0m
    ?[32mAnd ?[0m?[32mThe next player to move shall become ?[0m?[32m?[1m"white"?[0m     ?[90m# CucumberStepDefinitions.the_next_player_to_move_shall_become(String)?[0m

  Background:                 ?[90m# src/test/resources/ca/mcgill/ecse223/quoridor/features/JumpPawn.feature:6?[0m
    ?[32mGiven ?[0m?[32mThe game is running?[0m ?[90m# CucumberStepDefinitions.theGameIsRunning()?[0m

  Scenario Outline: Diagonal jumps of a player near wall ?[90m# src/test/resources/ca/mcgill/ecse223/quoridor/features/JumpPawn.feature:67?[0m
    ?[32mGiven ?[0m?[32mThe player to move is ?[0m?[32m?[1m"black"?[0m                  ?[90m# CucumberStepDefinitions.thePlayerToMoveIsPlayer(String)?[0m
    ?[32mAnd ?[0m?[32mThe player is located at ?[0m?[32m?[1m3?[0m?[32m:?[0m?[32m?[1m3?[0m                     ?[90m# CucumberStepDefinitions.thePlayerIsLocatedAt(int,int)?[0m
    ?[32mAnd ?[0m?[32mThe opponent is located at ?[0m?[32m?[1m3?[0m?[32m:?[0m?[32m?[1m4?[0m                   ?[90m# CucumberStepDefinitions.the_opponent_is_located_at(Integer,Integer)?[0m
    ?[32mAnd ?[0m?[32mThere is a ?[0m?[32m?[1m"vertical"?[0m?[32m wall at ?[0m?[32m?[1m3?[0m?[32m:?[0m?[32m?[1m4?[0m                ?[90m# CucumberStepDefinitions.there_is_a_wall_at(String,Integer,Integer)?[0m
    ?[32mWhen ?[0m?[32mPlayer ?[0m?[32m?[1m"black"?[0m?[32m initiates to move ?[0m?[32m?[1m"upright"?[0m      ?[90m# CucumberStepDefinitions.playerInitiatesToMove(String,String)?[0m
    ?[32mThen ?[0m?[32mThe move ?[0m?[32m?[1m"upright"?[0m?[32m shall be ?[0m?[32m?[1m"success"?[0m           ?[90m# CucumberStepDefinitions.the_move_shall_be(String,String)?[0m
    ?[32mAnd ?[0m?[32mPlayer's new position shall be ?[0m?[32m?[1m2?[0m?[32m:?[0m?[32m?[1m4?[0m               ?[90m# CucumberStepDefinitions.player_s_new_position_shall_be(int,int)?[0m
    ?[32mAnd ?[0m?[32mThe next player to move shall become ?[0m?[32m?[1m"white"?[0m     ?[90m# CucumberStepDefinitions.the_next_player_to_move_shall_become(String)?[0m

  Background:                 ?[90m# src/test/resources/ca/mcgill/ecse223/quoridor/features/JumpPawn.feature:6?[0m
    ?[32mGiven ?[0m?[32mThe game is running?[0m ?[90m# CucumberStepDefinitions.theGameIsRunning()?[0m

  Scenario Outline: Diagonal jumps of a player near wall ?[90m# src/test/resources/ca/mcgill/ecse223/quoridor/features/JumpPawn.feature:68?[0m
    ?[32mGiven ?[0m?[32mThe player to move is ?[0m?[32m?[1m"white"?[0m                  ?[90m# CucumberStepDefinitions.thePlayerToMoveIsPlayer(String)?[0m
    ?[32mAnd ?[0m?[32mThe player is located at ?[0m?[32m?[1m3?[0m?[32m:?[0m?[32m?[1m3?[0m                     ?[90m# CucumberStepDefinitions.thePlayerIsLocatedAt(int,int)?[0m
    ?[32mAnd ?[0m?[32mThe opponent is located at ?[0m?[32m?[1m3?[0m?[32m:?[0m?[32m?[1m4?[0m                   ?[90m# CucumberStepDefinitions.the_opponent_is_located_at(Integer,Integer)?[0m
    ?[32mAnd ?[0m?[32mThere is a ?[0m?[32m?[1m"vertical"?[0m?[32m wall at ?[0m?[32m?[1m3?[0m?[32m:?[0m?[32m?[1m4?[0m                ?[90m# CucumberStepDefinitions.there_is_a_wall_at(String,Integer,Integer)?[0m
    ?[32mWhen ?[0m?[32mPlayer ?[0m?[32m?[1m"white"?[0m?[32m initiates to move ?[0m?[32m?[1m"downright"?[0m    ?[90m# CucumberStepDefinitions.playerInitiatesToMove(String,String)?[0m
    ?[32mThen ?[0m?[32mThe move ?[0m?[32m?[1m"downright"?[0m?[32m shall be ?[0m?[32m?[1m"success"?[0m         ?[90m# CucumberStepDefinitions.the_move_shall_be(String,String)?[0m
    ?[32mAnd ?[0m?[32mPlayer's new position shall be ?[0m?[32m?[1m4?[0m?[32m:?[0m?[32m?[1m4?[0m               ?[90m# CucumberStepDefinitions.player_s_new_position_shall_be(int,int)?[0m
    ?[32mAnd ?[0m?[32mThe next player to move shall become ?[0m?[32m?[1m"black"?[0m     ?[90m# CucumberStepDefinitions.the_next_player_to_move_shall_become(String)?[0m

  Background:                 ?[90m# src/test/resources/ca/mcgill/ecse223/quoridor/features/JumpPawn.feature:6?[0m
    ?[32mGiven ?[0m?[32mThe game is running?[0m ?[90m# CucumberStepDefinitions.theGameIsRunning()?[0m

  Scenario Outline: Diagonal jumps of a player near wall ?[90m# src/test/resources/ca/mcgill/ecse223/quoridor/features/JumpPawn.feature:69?[0m
    ?[32mGiven ?[0m?[32mThe player to move is ?[0m?[32m?[1m"black"?[0m                  ?[90m# CucumberStepDefinitions.thePlayerToMoveIsPlayer(String)?[0m
    ?[32mAnd ?[0m?[32mThe player is located at ?[0m?[32m?[1m3?[0m?[32m:?[0m?[32m?[1m3?[0m                     ?[90m# CucumberStepDefinitions.thePlayerIsLocatedAt(int,int)?[0m
    ?[32mAnd ?[0m?[32mThe opponent is located at ?[0m?[32m?[1m3?[0m?[32m:?[0m?[32m?[1m4?[0m                   ?[90m# CucumberStepDefinitions.the_opponent_is_located_at(Integer,Integer)?[0m
    ?[32mAnd ?[0m?[32mThere is a ?[0m?[32m?[1m"vertical"?[0m?[32m wall at ?[0m?[32m?[1m2?[0m?[32m:?[0m?[32m?[1m3?[0m                ?[90m# CucumberStepDefinitions.there_is_a_wall_at(String,Integer,Integer)?[0m
    ?[32mWhen ?[0m?[32mPlayer ?[0m?[32m?[1m"black"?[0m?[32m initiates to move ?[0m?[32m?[1m"upright"?[0m      ?[90m# CucumberStepDefinitions.playerInitiatesToMove(String,String)?[0m
    ?[32mThen ?[0m?[32mThe move ?[0m?[32m?[1m"upright"?[0m?[32m shall be ?[0m?[32m?[1m"illegal"?[0m           ?[90m# CucumberStepDefinitions.the_move_shall_be(String,String)?[0m
    ?[32mAnd ?[0m?[32mPlayer's new position shall be ?[0m?[32m?[1m3?[0m?[32m:?[0m?[32m?[1m3?[0m               ?[90m# CucumberStepDefinitions.player_s_new_position_shall_be(int,int)?[0m
    ?[32mAnd ?[0m?[32mThe next player to move shall become ?[0m?[32m?[1m"black"?[0m     ?[90m# CucumberStepDefinitions.the_next_player_to_move_shall_become(String)?[0m

  Background:                 ?[90m# src/test/resources/ca/mcgill/ecse223/quoridor/features/JumpPawn.feature:6?[0m
    ?[32mGiven ?[0m?[32mThe game is running?[0m ?[90m# CucumberStepDefinitions.theGameIsRunning()?[0m

  Scenario Outline: Diagonal jumps of a player near wall ?[90m# src/test/resources/ca/mcgill/ecse223/quoridor/features/JumpPawn.feature:70?[0m
    ?[32mGiven ?[0m?[32mThe player to move is ?[0m?[32m?[1m"white"?[0m                  ?[90m# CucumberStepDefinitions.thePlayerToMoveIsPlayer(String)?[0m
    ?[32mAnd ?[0m?[32mThe player is located at ?[0m?[32m?[1m3?[0m?[32m:?[0m?[32m?[1m3?[0m                     ?[90m# CucumberStepDefinitions.thePlayerIsLocatedAt(int,int)?[0m
    ?[32mAnd ?[0m?[32mThe opponent is located at ?[0m?[32m?[1m3?[0m?[32m:?[0m?[32m?[1m4?[0m                   ?[90m# CucumberStepDefinitions.the_opponent_is_located_at(Integer,Integer)?[0m
    ?[32mAnd ?[0m?[32mThere is a ?[0m?[32m?[1m"vertical"?[0m?[32m wall at ?[0m?[32m?[1m2?[0m?[32m:?[0m?[32m?[1m3?[0m                ?[90m# CucumberStepDefinitions.there_is_a_wall_at(String,Integer,Integer)?[0m
    ?[32mWhen ?[0m?[32mPlayer ?[0m?[32m?[1m"white"?[0m?[32m initiates to move ?[0m?[32m?[1m"downright"?[0m    ?[90m# CucumberStepDefinitions.playerInitiatesToMove(String,String)?[0m
    ?[32mThen ?[0m?[32mThe move ?[0m?[32m?[1m"downright"?[0m?[32m shall be ?[0m?[32m?[1m"illegal"?[0m         ?[90m# CucumberStepDefinitions.the_move_shall_be(String,String)?[0m
    ?[32mAnd ?[0m?[32mPlayer's new position shall be ?[0m?[32m?[1m3?[0m?[32m:?[0m?[32m?[1m3?[0m               ?[90m# CucumberStepDefinitions.player_s_new_position_shall_be(int,int)?[0m
    ?[32mAnd ?[0m?[32mThe next player to move shall become ?[0m?[32m?[1m"white"?[0m     ?[90m# CucumberStepDefinitions.the_next_player_to_move_shall_become(String)?[0m

  Background:                 ?[90m# src/test/resources/ca/mcgill/ecse223/quoridor/features/JumpPawn.feature:6?[0m
    ?[32mGiven ?[0m?[32mThe game is running?[0m ?[90m# CucumberStepDefinitions.theGameIsRunning()?[0m

  Scenario Outline: Diagonal jumps of a player near wall ?[90m# src/test/resources/ca/mcgill/ecse223/quoridor/features/JumpPawn.feature:71?[0m
    ?[32mGiven ?[0m?[32mThe player to move is ?[0m?[32m?[1m"black"?[0m                  ?[90m# CucumberStepDefinitions.thePlayerToMoveIsPlayer(String)?[0m
    ?[32mAnd ?[0m?[32mThe player is located at ?[0m?[32m?[1m3?[0m?[32m:?[0m?[32m?[1m3?[0m                     ?[90m# CucumberStepDefinitions.thePlayerIsLocatedAt(int,int)?[0m
    ?[32mAnd ?[0m?[32mThe opponent is located at ?[0m?[32m?[1m2?[0m?[32m:?[0m?[32m?[1m3?[0m                   ?[90m# CucumberStepDefinitions.the_opponent_is_located_at(Integer,Integer)?[0m
    ?[32mAnd ?[0m?[32mThere is a ?[0m?[32m?[1m"horizontal"?[0m?[32m wall at ?[0m?[32m?[1m1?[0m?[32m:?[0m?[32m?[1m3?[0m              ?[90m# CucumberStepDefinitions.there_is_a_wall_at(String,Integer,Integer)?[0m
    ?[32mWhen ?[0m?[32mPlayer ?[0m?[32m?[1m"black"?[0m?[32m initiates to move ?[0m?[32m?[1m"upleft"?[0m       ?[90m# CucumberStepDefinitions.playerInitiatesToMove(String,String)?[0m
    ?[32mThen ?[0m?[32mThe move ?[0m?[32m?[1m"upleft"?[0m?[32m shall be ?[0m?[32m?[1m"success"?[0m            ?[90m# CucumberStepDefinitions.the_move_shall_be(String,String)?[0m
    ?[32mAnd ?[0m?[32mPlayer's new position shall be ?[0m?[32m?[1m2?[0m?[32m:?[0m?[32m?[1m2?[0m               ?[90m# CucumberStepDefinitions.player_s_new_position_shall_be(int,int)?[0m
    ?[32mAnd ?[0m?[32mThe next player to move shall become ?[0m?[32m?[1m"white"?[0m     ?[90m# CucumberStepDefinitions.the_next_player_to_move_shall_become(String)?[0m

  Background:                 ?[90m# src/test/resources/ca/mcgill/ecse223/quoridor/features/JumpPawn.feature:6?[0m
    ?[32mGiven ?[0m?[32mThe game is running?[0m ?[90m# CucumberStepDefinitions.theGameIsRunning()?[0m

  Scenario Outline: Diagonal jumps of a player near wall ?[90m# src/test/resources/ca/mcgill/ecse223/quoridor/features/JumpPawn.feature:72?[0m
    ?[32mGiven ?[0m?[32mThe player to move is ?[0m?[32m?[1m"white"?[0m                  ?[90m# CucumberStepDefinitions.thePlayerToMoveIsPlayer(String)?[0m
    ?[32mAnd ?[0m?[32mThe player is located at ?[0m?[32m?[1m3?[0m?[32m:?[0m?[32m?[1m3?[0m                     ?[90m# CucumberStepDefinitions.thePlayerIsLocatedAt(int,int)?[0m
    ?[32mAnd ?[0m?[32mThe opponent is located at ?[0m?[32m?[1m2?[0m?[32m:?[0m?[32m?[1m3?[0m                   ?[90m# CucumberStepDefinitions.the_opponent_is_located_at(Integer,Integer)?[0m
    ?[32mAnd ?[0m?[32mThere is a ?[0m?[32m?[1m"horizontal"?[0m?[32m wall at ?[0m?[32m?[1m1?[0m?[32m:?[0m?[32m?[1m3?[0m              ?[90m# CucumberStepDefinitions.there_is_a_wall_at(String,Integer,Integer)?[0m
    ?[32mWhen ?[0m?[32mPlayer ?[0m?[32m?[1m"white"?[0m?[32m initiates to move ?[0m?[32m?[1m"upright"?[0m      ?[90m# CucumberStepDefinitions.playerInitiatesToMove(String,String)?[0m
    ?[32mThen ?[0m?[32mThe move ?[0m?[32m?[1m"upright"?[0m?[32m shall be ?[0m?[32m?[1m"success"?[0m           ?[90m# CucumberStepDefinitions.the_move_shall_be(String,String)?[0m
    ?[32mAnd ?[0m?[32mPlayer's new position shall be ?[0m?[32m?[1m2?[0m?[32m:?[0m?[32m?[1m4?[0m               ?[90m# CucumberStepDefinitions.player_s_new_position_shall_be(int,int)?[0m
    ?[32mAnd ?[0m?[32mThe next player to move shall become ?[0m?[32m?[1m"black"?[0m     ?[90m# CucumberStepDefinitions.the_next_player_to_move_shall_become(String)?[0m

  Background:                 ?[90m# src/test/resources/ca/mcgill/ecse223/quoridor/features/JumpPawn.feature:6?[0m
    ?[32mGiven ?[0m?[32mThe game is running?[0m ?[90m# CucumberStepDefinitions.theGameIsRunning()?[0m

  Scenario Outline: Diagonal jumps of a player near wall ?[90m# src/test/resources/ca/mcgill/ecse223/quoridor/features/JumpPawn.feature:73?[0m
    ?[32mGiven ?[0m?[32mThe player to move is ?[0m?[32m?[1m"black"?[0m                  ?[90m# CucumberStepDefinitions.thePlayerToMoveIsPlayer(String)?[0m
    ?[32mAnd ?[0m?[32mThe player is located at ?[0m?[32m?[1m3?[0m?[32m:?[0m?[32m?[1m3?[0m                     ?[90m# CucumberStepDefinitions.thePlayerIsLocatedAt(int,int)?[0m
    ?[32mAnd ?[0m?[32mThe opponent is located at ?[0m?[32m?[1m2?[0m?[32m:?[0m?[32m?[1m3?[0m                   ?[90m# CucumberStepDefinitions.the_opponent_is_located_at(Integer,Integer)?[0m
    ?[32mAnd ?[0m?[32mThere is a ?[0m?[32m?[1m"horizontal"?[0m?[32m wall at ?[0m?[32m?[1m2?[0m?[32m:?[0m?[32m?[1m2?[0m              ?[90m# CucumberStepDefinitions.there_is_a_wall_at(String,Integer,Integer)?[0m
    ?[32mWhen ?[0m?[32mPlayer ?[0m?[32m?[1m"black"?[0m?[32m initiates to move ?[0m?[32m?[1m"upleft"?[0m       ?[90m# CucumberStepDefinitions.playerInitiatesToMove(String,String)?[0m
    ?[32mThen ?[0m?[32mThe move ?[0m?[32m?[1m"upleft"?[0m?[32m shall be ?[0m?[32m?[1m"illegal"?[0m            ?[90m# CucumberStepDefinitions.the_move_shall_be(String,String)?[0m
    ?[32mAnd ?[0m?[32mPlayer's new position shall be ?[0m?[32m?[1m3?[0m?[32m:?[0m?[32m?[1m3?[0m               ?[90m# CucumberStepDefinitions.player_s_new_position_shall_be(int,int)?[0m
    ?[32mAnd ?[0m?[32mThe next player to move shall become ?[0m?[32m?[1m"black"?[0m     ?[90m# CucumberStepDefinitions.the_next_player_to_move_shall_become(String)?[0m

  Background:                 ?[90m# src/test/resources/ca/mcgill/ecse223/quoridor/features/JumpPawn.feature:6?[0m
    ?[32mGiven ?[0m?[32mThe game is running?[0m ?[90m# CucumberStepDefinitions.theGameIsRunning()?[0m

  Scenario Outline: Diagonal jumps of a player near wall ?[90m# src/test/resources/ca/mcgill/ecse223/quoridor/features/JumpPawn.feature:74?[0m
    ?[32mGiven ?[0m?[32mThe player to move is ?[0m?[32m?[1m"white"?[0m                  ?[90m# CucumberStepDefinitions.thePlayerToMoveIsPlayer(String)?[0m
    ?[32mAnd ?[0m?[32mThe player is located at ?[0m?[32m?[1m3?[0m?[32m:?[0m?[32m?[1m3?[0m                     ?[90m# CucumberStepDefinitions.thePlayerIsLocatedAt(int,int)?[0m
    ?[32mAnd ?[0m?[32mThe opponent is located at ?[0m?[32m?[1m2?[0m?[32m:?[0m?[32m?[1m3?[0m                   ?[90m# CucumberStepDefinitions.the_opponent_is_located_at(Integer,Integer)?[0m
    ?[32mAnd ?[0m?[32mThere is a ?[0m?[32m?[1m"horizontal"?[0m?[32m wall at ?[0m?[32m?[1m2?[0m?[32m:?[0m?[32m?[1m2?[0m              ?[90m# CucumberStepDefinitions.there_is_a_wall_at(String,Integer,Integer)?[0m
    ?[32mWhen ?[0m?[32mPlayer ?[0m?[32m?[1m"white"?[0m?[32m initiates to move ?[0m?[32m?[1m"upright"?[0m      ?[90m# CucumberStepDefinitions.playerInitiatesToMove(String,String)?[0m
    ?[32mThen ?[0m?[32mThe move ?[0m?[32m?[1m"upright"?[0m?[32m shall be ?[0m?[32m?[1m"illegal"?[0m           ?[90m# CucumberStepDefinitions.the_move_shall_be(String,String)?[0m
    ?[32mAnd ?[0m?[32mPlayer's new position shall be ?[0m?[32m?[1m3?[0m?[32m:?[0m?[32m?[1m3?[0m               ?[90m# CucumberStepDefinitions.player_s_new_position_shall_be(int,int)?[0m
    ?[32mAnd ?[0m?[32mThe next player to move shall become ?[0m?[32m?[1m"white"?[0m     ?[90m# CucumberStepDefinitions.the_next_player_to_move_shall_become(String)?[0m

  Background:                 ?[90m# src/test/resources/ca/mcgill/ecse223/quoridor/features/JumpPawn.feature:6?[0m
    ?[32mGiven ?[0m?[32mThe game is running?[0m ?[90m# CucumberStepDefinitions.theGameIsRunning()?[0m

  Scenario Outline: Diagonal jumps of a player near wall ?[90m# src/test/resources/ca/mcgill/ecse223/quoridor/features/JumpPawn.feature:75?[0m
    ?[32mGiven ?[0m?[32mThe player to move is ?[0m?[32m?[1m"black"?[0m                  ?[90m# CucumberStepDefinitions.thePlayerToMoveIsPlayer(String)?[0m
    ?[32mAnd ?[0m?[32mThe player is located at ?[0m?[32m?[1m3?[0m?[32m:?[0m?[32m?[1m3?[0m                     ?[90m# CucumberStepDefinitions.thePlayerIsLocatedAt(int,int)?[0m
    ?[32mAnd ?[0m?[32mThe opponent is located at ?[0m?[32m?[1m4?[0m?[32m:?[0m?[32m?[1m3?[0m                   ?[90m# CucumberStepDefinitions.the_opponent_is_located_at(Integer,Integer)?[0m
    ?[32mAnd ?[0m?[32mThere is a ?[0m?[32m?[1m"horizontal"?[0m?[32m wall at ?[0m?[32m?[1m4?[0m?[32m:?[0m?[32m?[1m2?[0m              ?[90m# CucumberStepDefinitions.there_is_a_wall_at(String,Integer,Integer)?[0m
    ?[32mWhen ?[0m?[32mPlayer ?[0m?[32m?[1m"black"?[0m?[32m initiates to move ?[0m?[32m?[1m"downleft"?[0m     ?[90m# CucumberStepDefinitions.playerInitiatesToMove(String,String)?[0m
    ?[32mThen ?[0m?[32mThe move ?[0m?[32m?[1m"downleft"?[0m?[32m shall be ?[0m?[32m?[1m"success"?[0m          ?[90m# CucumberStepDefinitions.the_move_shall_be(String,String)?[0m
    ?[32mAnd ?[0m?[32mPlayer's new position shall be ?[0m?[32m?[1m4?[0m?[32m:?[0m?[32m?[1m2?[0m               ?[90m# CucumberStepDefinitions.player_s_new_position_shall_be(int,int)?[0m
    ?[32mAnd ?[0m?[32mThe next player to move shall become ?[0m?[32m?[1m"white"?[0m     ?[90m# CucumberStepDefinitions.the_next_player_to_move_shall_become(String)?[0m

  Background:                 ?[90m# src/test/resources/ca/mcgill/ecse223/quoridor/features/JumpPawn.feature:6?[0m
    ?[32mGiven ?[0m?[32mThe game is running?[0m ?[90m# CucumberStepDefinitions.theGameIsRunning()?[0m

  Scenario Outline: Diagonal jumps of a player near wall ?[90m# src/test/resources/ca/mcgill/ecse223/quoridor/features/JumpPawn.feature:76?[0m
    ?[32mGiven ?[0m?[32mThe player to move is ?[0m?[32m?[1m"white"?[0m                  ?[90m# CucumberStepDefinitions.thePlayerToMoveIsPlayer(String)?[0m
    ?[32mAnd ?[0m?[32mThe player is located at ?[0m?[32m?[1m3?[0m?[32m:?[0m?[32m?[1m3?[0m                     ?[90m# CucumberStepDefinitions.thePlayerIsLocatedAt(int,int)?[0m
    ?[32mAnd ?[0m?[32mThe opponent is located at ?[0m?[32m?[1m4?[0m?[32m:?[0m?[32m?[1m3?[0m                   ?[90m# CucumberStepDefinitions.the_opponent_is_located_at(Integer,Integer)?[0m
    ?[32mAnd ?[0m?[32mThere is a ?[0m?[32m?[1m"horizontal"?[0m?[32m wall at ?[0m?[32m?[1m4?[0m?[32m:?[0m?[32m?[1m2?[0m              ?[90m# CucumberStepDefinitions.there_is_a_wall_at(String,Integer,Integer)?[0m
    ?[32mWhen ?[0m?[32mPlayer ?[0m?[32m?[1m"white"?[0m?[32m initiates to move ?[0m?[32m?[1m"downright"?[0m    ?[90m# CucumberStepDefinitions.playerInitiatesToMove(String,String)?[0m
    ?[32mThen ?[0m?[32mThe move ?[0m?[32m?[1m"downright"?[0m?[32m shall be ?[0m?[32m?[1m"success"?[0m         ?[90m# CucumberStepDefinitions.the_move_shall_be(String,String)?[0m
    ?[32mAnd ?[0m?[32mPlayer's new position shall be ?[0m?[32m?[1m4?[0m?[32m:?[0m?[32m?[1m4?[0m               ?[90m# CucumberStepDefinitions.player_s_new_position_shall_be(int,int)?[0m
    ?[32mAnd ?[0m?[32mThe next player to move shall become ?[0m?[32m?[1m"black"?[0m     ?[90m# CucumberStepDefinitions.the_next_player_to_move_shall_become(String)?[0m

  Background:                 ?[90m# src/test/resources/ca/mcgill/ecse223/quoridor/features/JumpPawn.feature:6?[0m
    ?[32mGiven ?[0m?[32mThe game is running?[0m ?[90m# CucumberStepDefinitions.theGameIsRunning()?[0m

  Scenario Outline: Diagonal jumps of a player near wall ?[90m# src/test/resources/ca/mcgill/ecse223/quoridor/features/JumpPawn.feature:77?[0m
    ?[32mGiven ?[0m?[32mThe player to move is ?[0m?[32m?[1m"black"?[0m                  ?[90m# CucumberStepDefinitions.thePlayerToMoveIsPlayer(String)?[0m
    ?[32mAnd ?[0m?[32mThe player is located at ?[0m?[32m?[1m3?[0m?[32m:?[0m?[32m?[1m3?[0m                     ?[90m# CucumberStepDefinitions.thePlayerIsLocatedAt(int,int)?[0m
    ?[32mAnd ?[0m?[32mThe opponent is located at ?[0m?[32m?[1m4?[0m?[32m:?[0m?[32m?[1m3?[0m                   ?[90m# CucumberStepDefinitions.the_opponent_is_located_at(Integer,Integer)?[0m
    ?[32mAnd ?[0m?[32mThere is a ?[0m?[32m?[1m"horizontal"?[0m?[32m wall at ?[0m?[32m?[1m3?[0m?[32m:?[0m?[32m?[1m3?[0m              ?[90m# CucumberStepDefinitions.there_is_a_wall_at(String,Integer,Integer)?[0m
    ?[32mWhen ?[0m?[32mPlayer ?[0m?[32m?[1m"black"?[0m?[32m initiates to move ?[0m?[32m?[1m"downleft"?[0m     ?[90m# CucumberStepDefinitions.playerInitiatesToMove(String,String)?[0m
    ?[32mThen ?[0m?[32mThe move ?[0m?[32m?[1m"downleft"?[0m?[32m shall be ?[0m?[32m?[1m"illegal"?[0m          ?[90m# CucumberStepDefinitions.the_move_shall_be(String,String)?[0m
    ?[32mAnd ?[0m?[32mPlayer's new position shall be ?[0m?[32m?[1m3?[0m?[32m:?[0m?[32m?[1m3?[0m               ?[90m# CucumberStepDefinitions.player_s_new_position_shall_be(int,int)?[0m
    ?[32mAnd ?[0m?[32mThe next player to move shall become ?[0m?[32m?[1m"black"?[0m     ?[90m# CucumberStepDefinitions.the_next_player_to_move_shall_become(String)?[0m

  Background:                 ?[90m# src/test/resources/ca/mcgill/ecse223/quoridor/features/JumpPawn.feature:6?[0m
    ?[32mGiven ?[0m?[32mThe game is running?[0m ?[90m# CucumberStepDefinitions.theGameIsRunning()?[0m

  Scenario Outline: Diagonal jumps of a player near wall ?[90m# src/test/resources/ca/mcgill/ecse223/quoridor/features/JumpPawn.feature:78?[0m
    ?[32mGiven ?[0m?[32mThe player to move is ?[0m?[32m?[1m"white"?[0m                  ?[90m# CucumberStepDefinitions.thePlayerToMoveIsPlayer(String)?[0m
    ?[32mAnd ?[0m?[32mThe player is located at ?[0m?[32m?[1m3?[0m?[32m:?[0m?[32m?[1m3?[0m                     ?[90m# CucumberStepDefinitions.thePlayerIsLocatedAt(int,int)?[0m
    ?[32mAnd ?[0m?[32mThe opponent is located at ?[0m?[32m?[1m4?[0m?[32m:?[0m?[32m?[1m3?[0m                   ?[90m# CucumberStepDefinitions.the_opponent_is_located_at(Integer,Integer)?[0m
    ?[32mAnd ?[0m?[32mThere is a ?[0m?[32m?[1m"horizontal"?[0m?[32m wall at ?[0m?[32m?[1m3?[0m?[32m:?[0m?[32m?[1m3?[0m              ?[90m# CucumberStepDefinitions.there_is_a_wall_at(String,Integer,Integer)?[0m
    ?[32mWhen ?[0m?[32mPlayer ?[0m?[32m?[1m"white"?[0m?[32m initiates to move ?[0m?[32m?[1m"downright"?[0m    ?[90m# CucumberStepDefinitions.playerInitiatesToMove(String,String)?[0m
    ?[32mThen ?[0m?[32mThe move ?[0m?[32m?[1m"downright"?[0m?[32m shall be ?[0m?[32m?[1m"illegal"?[0m         ?[90m# CucumberStepDefinitions.the_move_shall_be(String,String)?[0m
    ?[32mAnd ?[0m?[32mPlayer's new position shall be ?[0m?[32m?[1m3?[0m?[32m:?[0m?[32m?[1m3?[0m               ?[90m# CucumberStepDefinitions.player_s_new_position_shall_be(int,int)?[0m
    ?[32mAnd ?[0m?[32mThe next player to move shall become ?[0m?[32m?[1m"white"?[0m     ?[90m# CucumberStepDefinitions.the_next_player_to_move_shall_become(String)?[0m

  Scenario Outline: Diagonal jump over opponent at edge of the board ?[90m# src/test/resources/ca/mcgill/ecse223/quoridor/features/JumpPawn.feature:80?[0m
    ?[36mGiven The player to move is "<player>"?[0m
    ?[36mAnd The player is located at <prow>:<pcol>?[0m
    ?[36mAnd The opponent is located at <orow>:<ocol>?[0m
    ?[36mAnd There are no "<dir>" walls "<side>" from the player nearby?[0m
    ?[36mWhen Player "<player>" initiates to move "<side>"?[0m
    ?[36mThen The move "<side>" shall be "<status>"?[0m
    ?[36mAnd Player's new position shall be <nrow>:<ncol>?[0m
    ?[36mAnd The next player to move shall become "<nplayer>"?[0m

    Examples: 

  Background:                 ?[90m# src/test/resources/ca/mcgill/ecse223/quoridor/features/JumpPawn.feature:6?[0m
    ?[32mGiven ?[0m?[32mThe game is running?[0m ?[90m# CucumberStepDefinitions.theGameIsRunning()?[0m

  Scenario Outline: Diagonal jump over opponent at edge of the board  ?[90m# src/test/resources/ca/mcgill/ecse223/quoridor/features/JumpPawn.feature:92?[0m
    ?[32mGiven ?[0m?[32mThe player to move is ?[0m?[32m?[1m"white"?[0m                               ?[90m# CucumberStepDefinitions.thePlayerToMoveIsPlayer(String)?[0m
    ?[32mAnd ?[0m?[32mThe player is located at ?[0m?[32m?[1m3?[0m?[32m:?[0m?[32m?[1m2?[0m                                  ?[90m# CucumberStepDefinitions.thePlayerIsLocatedAt(int,int)?[0m
    ?[32mAnd ?[0m?[32mThe opponent is located at ?[0m?[32m?[1m3?[0m?[32m:?[0m?[32m?[1m1?[0m                                ?[90m# CucumberStepDefinitions.the_opponent_is_located_at(Integer,Integer)?[0m
    ?[32mAnd ?[0m?[32mThere are no ?[0m?[32m?[1m"vertical"?[0m?[32m walls ?[0m?[32m?[1m"upleft"?[0m?[32m from the player nearby?[0m ?[90m# CucumberStepDefinitions.there_are_no_walls_from_the_player_nearby(String,String)?[0m
    ?[32mWhen ?[0m?[32mPlayer ?[0m?[32m?[1m"white"?[0m?[32m initiates to move ?[0m?[32m?[1m"upleft"?[0m                    ?[90m# CucumberStepDefinitions.playerInitiatesToMove(String,String)?[0m
    ?[32mThen ?[0m?[32mThe move ?[0m?[32m?[1m"upleft"?[0m?[32m shall be ?[0m?[32m?[1m"success"?[0m                         ?[90m# CucumberStepDefinitions.the_move_shall_be(String,String)?[0m
    ?[32mAnd ?[0m?[32mPlayer's new position shall be ?[0m?[32m?[1m2?[0m?[32m:?[0m?[32m?[1m1?[0m                            ?[90m# CucumberStepDefinitions.player_s_new_position_shall_be(int,int)?[0m
    ?[32mAnd ?[0m?[32mThe next player to move shall become ?[0m?[32m?[1m"black"?[0m                  ?[90m# CucumberStepDefinitions.the_next_player_to_move_shall_become(String)?[0m

  Background:                 ?[90m# src/test/resources/ca/mcgill/ecse223/quoridor/features/JumpPawn.feature:6?[0m
    ?[32mGiven ?[0m?[32mThe game is running?[0m ?[90m# CucumberStepDefinitions.theGameIsRunning()?[0m

  Scenario Outline: Diagonal jump over opponent at edge of the board    ?[90m# src/test/resources/ca/mcgill/ecse223/quoridor/features/JumpPawn.feature:93?[0m
    ?[32mGiven ?[0m?[32mThe player to move is ?[0m?[32m?[1m"white"?[0m                                 ?[90m# CucumberStepDefinitions.thePlayerToMoveIsPlayer(String)?[0m
    ?[32mAnd ?[0m?[32mThe player is located at ?[0m?[32m?[1m3?[0m?[32m:?[0m?[32m?[1m2?[0m                                    ?[90m# CucumberStepDefinitions.thePlayerIsLocatedAt(int,int)?[0m
    ?[32mAnd ?[0m?[32mThe opponent is located at ?[0m?[32m?[1m3?[0m?[32m:?[0m?[32m?[1m1?[0m                                  ?[90m# CucumberStepDefinitions.the_opponent_is_located_at(Integer,Integer)?[0m
    ?[32mAnd ?[0m?[32mThere are no ?[0m?[32m?[1m"vertical"?[0m?[32m walls ?[0m?[32m?[1m"downleft"?[0m?[32m from the player nearby?[0m ?[90m# CucumberStepDefinitions.there_are_no_walls_from_the_player_nearby(String,String)?[0m
    ?[32mWhen ?[0m?[32mPlayer ?[0m?[32m?[1m"white"?[0m?[32m initiates to move ?[0m?[32m?[1m"downleft"?[0m                    ?[90m# CucumberStepDefinitions.playerInitiatesToMove(String,String)?[0m
    ?[32mThen ?[0m?[32mThe move ?[0m?[32m?[1m"downleft"?[0m?[32m shall be ?[0m?[32m?[1m"success"?[0m                         ?[90m# CucumberStepDefinitions.the_move_shall_be(String,String)?[0m
    ?[32mAnd ?[0m?[32mPlayer's new position shall be ?[0m?[32m?[1m4?[0m?[32m:?[0m?[32m?[1m1?[0m                              ?[90m# CucumberStepDefinitions.player_s_new_position_shall_be(int,int)?[0m
    ?[32mAnd ?[0m?[32mThe next player to move shall become ?[0m?[32m?[1m"black"?[0m                    ?[90m# CucumberStepDefinitions.the_next_player_to_move_shall_become(String)?[0m

  Background:                 ?[90m# src/test/resources/ca/mcgill/ecse223/quoridor/features/JumpPawn.feature:6?[0m
    ?[32mGiven ?[0m?[32mThe game is running?[0m ?[90m# CucumberStepDefinitions.theGameIsRunning()?[0m

  Scenario Outline: Diagonal jump over opponent at edge of the board   ?[90m# src/test/resources/ca/mcgill/ecse223/quoridor/features/JumpPawn.feature:94?[0m
    ?[32mGiven ?[0m?[32mThe player to move is ?[0m?[32m?[1m"black"?[0m                                ?[90m# CucumberStepDefinitions.thePlayerToMoveIsPlayer(String)?[0m
    ?[32mAnd ?[0m?[32mThe player is located at ?[0m?[32m?[1m6?[0m?[32m:?[0m?[32m?[1m8?[0m                                   ?[90m# CucumberStepDefinitions.thePlayerIsLocatedAt(int,int)?[0m
    ?[32mAnd ?[0m?[32mThe opponent is located at ?[0m?[32m?[1m6?[0m?[32m:?[0m?[32m?[1m9?[0m                                 ?[90m# CucumberStepDefinitions.the_opponent_is_located_at(Integer,Integer)?[0m
    ?[32mAnd ?[0m?[32mThere are no ?[0m?[32m?[1m"vertical"?[0m?[32m walls ?[0m?[32m?[1m"upright"?[0m?[32m from the player nearby?[0m ?[90m# CucumberStepDefinitions.there_are_no_walls_from_the_player_nearby(String,String)?[0m
    ?[32mWhen ?[0m?[32mPlayer ?[0m?[32m?[1m"black"?[0m?[32m initiates to move ?[0m?[32m?[1m"upright"?[0m                    ?[90m# CucumberStepDefinitions.playerInitiatesToMove(String,String)?[0m
    ?[32mThen ?[0m?[32mThe move ?[0m?[32m?[1m"upright"?[0m?[32m shall be ?[0m?[32m?[1m"success"?[0m                         ?[90m# CucumberStepDefinitions.the_move_shall_be(String,String)?[0m
    ?[32mAnd ?[0m?[32mPlayer's new position shall be ?[0m?[32m?[1m5?[0m?[32m:?[0m?[32m?[1m9?[0m                             ?[90m# CucumberStepDefinitions.player_s_new_position_shall_be(int,int)?[0m
    ?[32mAnd ?[0m?[32mThe next player to move shall become ?[0m?[32m?[1m"white"?[0m                   ?[90m# CucumberStepDefinitions.the_next_player_to_move_shall_become(String)?[0m

  Background:                 ?[90m# src/test/resources/ca/mcgill/ecse223/quoridor/features/JumpPawn.feature:6?[0m
    ?[32mGiven ?[0m?[32mThe game is running?[0m ?[90m# CucumberStepDefinitions.theGameIsRunning()?[0m

  Scenario Outline: Diagonal jump over opponent at edge of the board     ?[90m# src/test/resources/ca/mcgill/ecse223/quoridor/features/JumpPawn.feature:95?[0m
    ?[32mGiven ?[0m?[32mThe player to move is ?[0m?[32m?[1m"black"?[0m                                  ?[90m# CucumberStepDefinitions.thePlayerToMoveIsPlayer(String)?[0m
    ?[32mAnd ?[0m?[32mThe player is located at ?[0m?[32m?[1m6?[0m?[32m:?[0m?[32m?[1m8?[0m                                     ?[90m# CucumberStepDefinitions.thePlayerIsLocatedAt(int,int)?[0m
    ?[32mAnd ?[0m?[32mThe opponent is located at ?[0m?[32m?[1m6?[0m?[32m:?[0m?[32m?[1m9?[0m                                   ?[90m# CucumberStepDefinitions.the_opponent_is_located_at(Integer,Integer)?[0m
    ?[32mAnd ?[0m?[32mThere are no ?[0m?[32m?[1m"vertical"?[0m?[32m walls ?[0m?[32m?[1m"downright"?[0m?[32m from the player nearby?[0m ?[90m# CucumberStepDefinitions.there_are_no_walls_from_the_player_nearby(String,String)?[0m
    ?[32mWhen ?[0m?[32mPlayer ?[0m?[32m?[1m"black"?[0m?[32m initiates to move ?[0m?[32m?[1m"downright"?[0m                    ?[90m# CucumberStepDefinitions.playerInitiatesToMove(String,String)?[0m
    ?[32mThen ?[0m?[32mThe move ?[0m?[32m?[1m"downright"?[0m?[32m shall be ?[0m?[32m?[1m"success"?[0m                         ?[90m# CucumberStepDefinitions.the_move_shall_be(String,String)?[0m
    ?[32mAnd ?[0m?[32mPlayer's new position shall be ?[0m?[32m?[1m7?[0m?[32m:?[0m?[32m?[1m9?[0m                               ?[90m# CucumberStepDefinitions.player_s_new_position_shall_be(int,int)?[0m
    ?[32mAnd ?[0m?[32mThe next player to move shall become ?[0m?[32m?[1m"white"?[0m                     ?[90m# CucumberStepDefinitions.the_next_player_to_move_shall_become(String)?[0m

  Background:                 ?[90m# src/test/resources/ca/mcgill/ecse223/quoridor/features/JumpPawn.feature:6?[0m
    ?[32mGiven ?[0m?[32mThe game is running?[0m ?[90m# CucumberStepDefinitions.theGameIsRunning()?[0m

  Scenario Outline: Diagonal jump over opponent at edge of the board    ?[90m# src/test/resources/ca/mcgill/ecse223/quoridor/features/JumpPawn.feature:96?[0m
    ?[32mGiven ?[0m?[32mThe player to move is ?[0m?[32m?[1m"white"?[0m                                 ?[90m# CucumberStepDefinitions.thePlayerToMoveIsPlayer(String)?[0m
    ?[32mAnd ?[0m?[32mThe player is located at ?[0m?[32m?[1m2?[0m?[32m:?[0m?[32m?[1m3?[0m                                    ?[90m# CucumberStepDefinitions.thePlayerIsLocatedAt(int,int)?[0m
    ?[32mAnd ?[0m?[32mThe opponent is located at ?[0m?[32m?[1m1?[0m?[32m:?[0m?[32m?[1m3?[0m                                  ?[90m# CucumberStepDefinitions.the_opponent_is_located_at(Integer,Integer)?[0m
    ?[32mAnd ?[0m?[32mThere are no ?[0m?[32m?[1m"horizontal"?[0m?[32m walls ?[0m?[32m?[1m"upleft"?[0m?[32m from the player nearby?[0m ?[90m# CucumberStepDefinitions.there_are_no_walls_from_the_player_nearby(String,String)?[0m
    ?[32mWhen ?[0m?[32mPlayer ?[0m?[32m?[1m"white"?[0m?[32m initiates to move ?[0m?[32m?[1m"upleft"?[0m                      ?[90m# CucumberStepDefinitions.playerInitiatesToMove(String,String)?[0m
    ?[32mThen ?[0m?[32mThe move ?[0m?[32m?[1m"upleft"?[0m?[32m shall be ?[0m?[32m?[1m"success"?[0m                           ?[90m# CucumberStepDefinitions.the_move_shall_be(String,String)?[0m
    ?[32mAnd ?[0m?[32mPlayer's new position shall be ?[0m?[32m?[1m1?[0m?[32m:?[0m?[32m?[1m2?[0m                              ?[90m# CucumberStepDefinitions.player_s_new_position_shall_be(int,int)?[0m
    ?[32mAnd ?[0m?[32mThe next player to move shall become ?[0m?[32m?[1m"black"?[0m                    ?[90m# CucumberStepDefinitions.the_next_player_to_move_shall_become(String)?[0m

  Background:                 ?[90m# src/test/resources/ca/mcgill/ecse223/quoridor/features/JumpPawn.feature:6?[0m
    ?[32mGiven ?[0m?[32mThe game is running?[0m ?[90m# CucumberStepDefinitions.theGameIsRunning()?[0m

  Scenario Outline: Diagonal jump over opponent at edge of the board     ?[90m# src/test/resources/ca/mcgill/ecse223/quoridor/features/JumpPawn.feature:97?[0m
    ?[32mGiven ?[0m?[32mThe player to move is ?[0m?[32m?[1m"white"?[0m                                  ?[90m# CucumberStepDefinitions.thePlayerToMoveIsPlayer(String)?[0m
    ?[32mAnd ?[0m?[32mThe player is located at ?[0m?[32m?[1m2?[0m?[32m:?[0m?[32m?[1m3?[0m                                     ?[90m# CucumberStepDefinitions.thePlayerIsLocatedAt(int,int)?[0m
    ?[32mAnd ?[0m?[32mThe opponent is located at ?[0m?[32m?[1m1?[0m?[32m:?[0m?[32m?[1m3?[0m                                   ?[90m# CucumberStepDefinitions.the_opponent_is_located_at(Integer,Integer)?[0m
    ?[32mAnd ?[0m?[32mThere are no ?[0m?[32m?[1m"horizontal"?[0m?[32m walls ?[0m?[32m?[1m"upright"?[0m?[32m from the player nearby?[0m ?[90m# CucumberStepDefinitions.there_are_no_walls_from_the_player_nearby(String,String)?[0m
    ?[32mWhen ?[0m?[32mPlayer ?[0m?[32m?[1m"white"?[0m?[32m initiates to move ?[0m?[32m?[1m"upright"?[0m                      ?[90m# CucumberStepDefinitions.playerInitiatesToMove(String,String)?[0m
    ?[32mThen ?[0m?[32mThe move ?[0m?[32m?[1m"upright"?[0m?[32m shall be ?[0m?[32m?[1m"success"?[0m                           ?[90m# CucumberStepDefinitions.the_move_shall_be(String,String)?[0m
    ?[32mAnd ?[0m?[32mPlayer's new position shall be ?[0m?[32m?[1m1?[0m?[32m:?[0m?[32m?[1m4?[0m                               ?[90m# CucumberStepDefinitions.player_s_new_position_shall_be(int,int)?[0m
    ?[32mAnd ?[0m?[32mThe next player to move shall become ?[0m?[32m?[1m"black"?[0m                     ?[90m# CucumberStepDefinitions.the_next_player_to_move_shall_become(String)?[0m

  Background:                 ?[90m# src/test/resources/ca/mcgill/ecse223/quoridor/features/JumpPawn.feature:6?[0m
    ?[32mGiven ?[0m?[32mThe game is running?[0m ?[90m# CucumberStepDefinitions.theGameIsRunning()?[0m

  Scenario Outline: Diagonal jump over opponent at edge of the board      ?[90m# src/test/resources/ca/mcgill/ecse223/quoridor/features/JumpPawn.feature:98?[0m
    ?[32mGiven ?[0m?[32mThe player to move is ?[0m?[32m?[1m"black"?[0m                                   ?[90m# CucumberStepDefinitions.thePlayerToMoveIsPlayer(String)?[0m
    ?[32mAnd ?[0m?[32mThe player is located at ?[0m?[32m?[1m8?[0m?[32m:?[0m?[32m?[1m6?[0m                                      ?[90m# CucumberStepDefinitions.thePlayerIsLocatedAt(int,int)?[0m
    ?[32mAnd ?[0m?[32mThe opponent is located at ?[0m?[32m?[1m9?[0m?[32m:?[0m?[32m?[1m6?[0m                                    ?[90m# CucumberStepDefinitions.the_opponent_is_located_at(Integer,Integer)?[0m
    ?[32mAnd ?[0m?[32mThere are no ?[0m?[32m?[1m"horizontal"?[0m?[32m walls ?[0m?[32m?[1m"downleft"?[0m?[32m from the player nearby?[0m ?[90m# CucumberStepDefinitions.there_are_no_walls_from_the_player_nearby(String,String)?[0m
    ?[32mWhen ?[0m?[32mPlayer ?[0m?[32m?[1m"black"?[0m?[32m initiates to move ?[0m?[32m?[1m"downleft"?[0m                      ?[90m# CucumberStepDefinitions.playerInitiatesToMove(String,String)?[0m
    ?[32mThen ?[0m?[32mThe move ?[0m?[32m?[1m"downleft"?[0m?[32m shall be ?[0m?[32m?[1m"success"?[0m                           ?[90m# CucumberStepDefinitions.the_move_shall_be(String,String)?[0m
    ?[32mAnd ?[0m?[32mPlayer's new position shall be ?[0m?[32m?[1m9?[0m?[32m:?[0m?[32m?[1m5?[0m                                ?[90m# CucumberStepDefinitions.player_s_new_position_shall_be(int,int)?[0m
    ?[32mAnd ?[0m?[32mThe next player to move shall become ?[0m?[32m?[1m"white"?[0m                      ?[90m# CucumberStepDefinitions.the_next_player_to_move_shall_become(String)?[0m

  Background:                 ?[90m# src/test/resources/ca/mcgill/ecse223/quoridor/features/JumpPawn.feature:6?[0m
    ?[32mGiven ?[0m?[32mThe game is running?[0m ?[90m# CucumberStepDefinitions.theGameIsRunning()?[0m

  Scenario Outline: Diagonal jump over opponent at edge of the board       ?[90m# src/test/resources/ca/mcgill/ecse223/quoridor/features/JumpPawn.feature:99?[0m
    ?[32mGiven ?[0m?[32mThe player to move is ?[0m?[32m?[1m"black"?[0m                                    ?[90m# CucumberStepDefinitions.thePlayerToMoveIsPlayer(String)?[0m
    ?[32mAnd ?[0m?[32mThe player is located at ?[0m?[32m?[1m8?[0m?[32m:?[0m?[32m?[1m6?[0m                                       ?[90m# CucumberStepDefinitions.thePlayerIsLocatedAt(int,int)?[0m
    ?[32mAnd ?[0m?[32mThe opponent is located at ?[0m?[32m?[1m9?[0m?[32m:?[0m?[32m?[1m6?[0m                                     ?[90m# CucumberStepDefinitions.the_opponent_is_located_at(Integer,Integer)?[0m
    ?[32mAnd ?[0m?[32mThere are no ?[0m?[32m?[1m"horizontal"?[0m?[32m walls ?[0m?[32m?[1m"downright"?[0m?[32m from the player nearby?[0m ?[90m# CucumberStepDefinitions.there_are_no_walls_from_the_player_nearby(String,String)?[0m
    ?[32mWhen ?[0m?[32mPlayer ?[0m?[32m?[1m"black"?[0m?[32m initiates to move ?[0m?[32m?[1m"downright"?[0m                      ?[90m# CucumberStepDefinitions.playerInitiatesToMove(String,String)?[0m
    ?[32mThen ?[0m?[32mThe move ?[0m?[32m?[1m"downright"?[0m?[32m shall be ?[0m?[32m?[1m"success"?[0m                           ?[90m# CucumberStepDefinitions.the_move_shall_be(String,String)?[0m
    ?[32mAnd ?[0m?[32mPlayer's new position shall be ?[0m?[32m?[1m9?[0m?[32m:?[0m?[32m?[1m7?[0m                                 ?[90m# CucumberStepDefinitions.player_s_new_position_shall_be(int,int)?[0m
    ?[32mAnd ?[0m?[32mThe next player to move shall become ?[0m?[32m?[1m"white"?[0m                       ?[90m# CucumberStepDefinitions.the_next_player_to_move_shall_become(String)?[0m

Feature: Jump to final position
As a player using replay mode, I wish to scroll fast to the very beginning of the game.

  Scenario Outline: Jump to final ?[90m# src/test/resources/ca/mcgill/ecse223/quoridor/features/JumpToFinal.feature:7?[0m
    ?[36mGiven The following moves have been played in game:?[0m
    ?[36mAnd The next move is <movno>.<rndno>?[0m
    ?[36mWhen Jump to start position is initiated?[0m
    ?[36mThen The next move shall be <nmov>.<nrnd>?[0m
    ?[36mAnd White player's position shall be (<wrow>,<wcol>)?[0m
    ?[36mAnd Black player's position shall be (<brow>,<bcol>)?[0m
    ?[36mAnd White has <wwallno> on stock?[0m
    ?[36mAnd Black has <bwallno> on stock?[0m

    Examples: 

  Background:                        ?[90m# src/test/resources/ca/mcgill/ecse223/quoridor/features/JumpToFinal.feature:4?[0m
    ?[33mGiven ?[0m?[33mThe game is in replay mode?[0m ?[90m# null?[0m

  Scenario Outline: Jump to final                       ?[90m# src/test/resources/ca/mcgill/ecse223/quoridor/features/JumpToFinal.feature:28?[0m
    ?[33mGiven ?[0m?[33mThe following moves have been played in game:?[0m ?[90m# null?[0m
    ?[33mAnd ?[0m?[33mThe next move is 1.1?[0m                            ?[90m# null?[0m
    ?[33mWhen ?[0m?[33mJump to start position is initiated?[0m            ?[90m# null?[0m
    ?[33mThen ?[0m?[33mThe next move shall be 5.1?[0m                     ?[90m# null?[0m
    ?[33mAnd ?[0m?[33mWhite player's position shall be (7,5)?[0m          ?[90m# null?[0m
    ?[33mAnd ?[0m?[33mBlack player's position shall be (3,6)?[0m          ?[90m# null?[0m
    ?[33mAnd ?[0m?[33mWhite has <wwallno> on stock?[0m                    ?[90m# null?[0m
    ?[33mAnd ?[0m?[33mBlack has 9 on stock?[0m                            ?[90m# null?[0m

  Background:                        ?[90m# src/test/resources/ca/mcgill/ecse223/quoridor/features/JumpToFinal.feature:4?[0m
    ?[33mGiven ?[0m?[33mThe game is in replay mode?[0m ?[90m# null?[0m

  Scenario Outline: Jump to final                       ?[90m# src/test/resources/ca/mcgill/ecse223/quoridor/features/JumpToFinal.feature:29?[0m
    ?[33mGiven ?[0m?[33mThe following moves have been played in game:?[0m ?[90m# null?[0m
    ?[33mAnd ?[0m?[33mThe next move is 1.2?[0m                            ?[90m# null?[0m
    ?[33mWhen ?[0m?[33mJump to start position is initiated?[0m            ?[90m# null?[0m
    ?[33mThen ?[0m?[33mThe next move shall be 5.1?[0m                     ?[90m# null?[0m
    ?[33mAnd ?[0m?[33mWhite player's position shall be (7,5)?[0m          ?[90m# null?[0m
    ?[33mAnd ?[0m?[33mBlack player's position shall be (3,6)?[0m          ?[90m# null?[0m
    ?[33mAnd ?[0m?[33mWhite has <wwallno> on stock?[0m                    ?[90m# null?[0m
    ?[33mAnd ?[0m?[33mBlack has 9 on stock?[0m                            ?[90m# null?[0m

  Background:                        ?[90m# src/test/resources/ca/mcgill/ecse223/quoridor/features/JumpToFinal.feature:4?[0m
    ?[33mGiven ?[0m?[33mThe game is in replay mode?[0m ?[90m# null?[0m

  Scenario Outline: Jump to final                       ?[90m# src/test/resources/ca/mcgill/ecse223/quoridor/features/JumpToFinal.feature:30?[0m
    ?[33mGiven ?[0m?[33mThe following moves have been played in game:?[0m ?[90m# null?[0m
    ?[33mAnd ?[0m?[33mThe next move is 2.1?[0m                            ?[90m# null?[0m
    ?[33mWhen ?[0m?[33mJump to start position is initiated?[0m            ?[90m# null?[0m
    ?[33mThen ?[0m?[33mThe next move shall be 5.1?[0m                     ?[90m# null?[0m
    ?[33mAnd ?[0m?[33mWhite player's position shall be (7,5)?[0m          ?[90m# null?[0m
    ?[33mAnd ?[0m?[33mBlack player's position shall be (3,6)?[0m          ?[90m# null?[0m
    ?[33mAnd ?[0m?[33mWhite has <wwallno> on stock?[0m                    ?[90m# null?[0m
    ?[33mAnd ?[0m?[33mBlack has 9 on stock?[0m                            ?[90m# null?[0m

  Background:                        ?[90m# src/test/resources/ca/mcgill/ecse223/quoridor/features/JumpToFinal.feature:4?[0m
    ?[33mGiven ?[0m?[33mThe game is in replay mode?[0m ?[90m# null?[0m

  Scenario Outline: Jump to final                       ?[90m# src/test/resources/ca/mcgill/ecse223/quoridor/features/JumpToFinal.feature:31?[0m
    ?[33mGiven ?[0m?[33mThe following moves have been played in game:?[0m ?[90m# null?[0m
    ?[33mAnd ?[0m?[33mThe next move is 2.2?[0m                            ?[90m# null?[0m
    ?[33mWhen ?[0m?[33mJump to start position is initiated?[0m            ?[90m# null?[0m
    ?[33mThen ?[0m?[33mThe next move shall be 5.1?[0m                     ?[90m# null?[0m
    ?[33mAnd ?[0m?[33mWhite player's position shall be (7,5)?[0m          ?[90m# null?[0m
    ?[33mAnd ?[0m?[33mBlack player's position shall be (3,6)?[0m          ?[90m# null?[0m
    ?[33mAnd ?[0m?[33mWhite has <wwallno> on stock?[0m                    ?[90m# null?[0m
    ?[33mAnd ?[0m?[33mBlack has 9 on stock?[0m                            ?[90m# null?[0m

  Background:                        ?[90m# src/test/resources/ca/mcgill/ecse223/quoridor/features/JumpToFinal.feature:4?[0m
    ?[33mGiven ?[0m?[33mThe game is in replay mode?[0m ?[90m# null?[0m

  Scenario Outline: Jump to final                       ?[90m# src/test/resources/ca/mcgill/ecse223/quoridor/features/JumpToFinal.feature:32?[0m
    ?[33mGiven ?[0m?[33mThe following moves have been played in game:?[0m ?[90m# null?[0m
    ?[33mAnd ?[0m?[33mThe next move is 3.1?[0m                            ?[90m# null?[0m
    ?[33mWhen ?[0m?[33mJump to start position is initiated?[0m            ?[90m# null?[0m
    ?[33mThen ?[0m?[33mThe next move shall be 5.1?[0m                     ?[90m# null?[0m
    ?[33mAnd ?[0m?[33mWhite player's position shall be (7,5)?[0m          ?[90m# null?[0m
    ?[33mAnd ?[0m?[33mBlack player's position shall be (3,6)?[0m          ?[90m# null?[0m
    ?[33mAnd ?[0m?[33mWhite has <wwallno> on stock?[0m                    ?[90m# null?[0m
    ?[33mAnd ?[0m?[33mBlack has 9 on stock?[0m                            ?[90m# null?[0m

  Background:                        ?[90m# src/test/resources/ca/mcgill/ecse223/quoridor/features/JumpToFinal.feature:4?[0m
    ?[33mGiven ?[0m?[33mThe game is in replay mode?[0m ?[90m# null?[0m

  Scenario Outline: Jump to final                       ?[90m# src/test/resources/ca/mcgill/ecse223/quoridor/features/JumpToFinal.feature:33?[0m
    ?[33mGiven ?[0m?[33mThe following moves have been played in game:?[0m ?[90m# null?[0m
    ?[33mAnd ?[0m?[33mThe next move is 4.2?[0m                            ?[90m# null?[0m
    ?[33mWhen ?[0m?[33mJump to start position is initiated?[0m            ?[90m# null?[0m
    ?[33mThen ?[0m?[33mThe next move shall be 5.1?[0m                     ?[90m# null?[0m
    ?[33mAnd ?[0m?[33mWhite player's position shall be (7,5)?[0m          ?[90m# null?[0m
    ?[33mAnd ?[0m?[33mBlack player's position shall be (3,6)?[0m          ?[90m# null?[0m
    ?[33mAnd ?[0m?[33mWhite has <wwallno> on stock?[0m                    ?[90m# null?[0m
    ?[33mAnd ?[0m?[33mBlack has 9 on stock?[0m                            ?[90m# null?[0m

Feature: Jump to start position
As a player using replay mode, I wish to scroll fast to the very beginning of the game.

  Scenario Outline: Jump to start ?[90m# src/test/resources/ca/mcgill/ecse223/quoridor/features/JumpToStart.feature:7?[0m
    ?[36mGiven The following moves have been played in game:?[0m
    ?[36mAnd The next move is <movno>.<rndno>?[0m
    ?[36mWhen Jump to start position is initiated?[0m
    ?[36mThen The next move shall be <nmov>.<nrnd>?[0m
    ?[36mAnd White player's position shall be (<wrow>,<wcol>)?[0m
    ?[36mAnd Black player's position shall be (<brow>,<bcol>)?[0m
    ?[36mAnd White has <wwallno> on stock?[0m
    ?[36mAnd Black has <bwallno> on stock?[0m

    Examples: 

  Background:                        ?[90m# src/test/resources/ca/mcgill/ecse223/quoridor/features/JumpToStart.feature:4?[0m
    ?[33mGiven ?[0m?[33mThe game is in replay mode?[0m ?[90m# null?[0m

  Scenario Outline: Jump to start                       ?[90m# src/test/resources/ca/mcgill/ecse223/quoridor/features/JumpToStart.feature:28?[0m
    ?[33mGiven ?[0m?[33mThe following moves have been played in game:?[0m ?[90m# null?[0m
    ?[33mAnd ?[0m?[33mThe next move is 1.1?[0m                            ?[90m# null?[0m
    ?[33mWhen ?[0m?[33mJump to start position is initiated?[0m            ?[90m# null?[0m
    ?[33mThen ?[0m?[33mThe next move shall be 1.1?[0m                     ?[90m# null?[0m
    ?[33mAnd ?[0m?[33mWhite player's position shall be (9,5)?[0m          ?[90m# null?[0m
    ?[33mAnd ?[0m?[33mBlack player's position shall be (1,5)?[0m          ?[90m# null?[0m
    ?[33mAnd ?[0m?[33mWhite has <wwallno> on stock?[0m                    ?[90m# null?[0m
    ?[33mAnd ?[0m?[33mBlack has 10 on stock?[0m                           ?[90m# null?[0m

  Background:                        ?[90m# src/test/resources/ca/mcgill/ecse223/quoridor/features/JumpToStart.feature:4?[0m
    ?[33mGiven ?[0m?[33mThe game is in replay mode?[0m ?[90m# null?[0m

  Scenario Outline: Jump to start                       ?[90m# src/test/resources/ca/mcgill/ecse223/quoridor/features/JumpToStart.feature:29?[0m
    ?[33mGiven ?[0m?[33mThe following moves have been played in game:?[0m ?[90m# null?[0m
    ?[33mAnd ?[0m?[33mThe next move is 1.2?[0m                            ?[90m# null?[0m
    ?[33mWhen ?[0m?[33mJump to start position is initiated?[0m            ?[90m# null?[0m
    ?[33mThen ?[0m?[33mThe next move shall be 1.1?[0m                     ?[90m# null?[0m
    ?[33mAnd ?[0m?[33mWhite player's position shall be (9,5)?[0m          ?[90m# null?[0m
    ?[33mAnd ?[0m?[33mBlack player's position shall be (1,5)?[0m          ?[90m# null?[0m
    ?[33mAnd ?[0m?[33mWhite has <wwallno> on stock?[0m                    ?[90m# null?[0m
    ?[33mAnd ?[0m?[33mBlack has 10 on stock?[0m                           ?[90m# null?[0m

  Background:                        ?[90m# src/test/resources/ca/mcgill/ecse223/quoridor/features/JumpToStart.feature:4?[0m
    ?[33mGiven ?[0m?[33mThe game is in replay mode?[0m ?[90m# null?[0m

  Scenario Outline: Jump to start                       ?[90m# src/test/resources/ca/mcgill/ecse223/quoridor/features/JumpToStart.feature:30?[0m
    ?[33mGiven ?[0m?[33mThe following moves have been played in game:?[0m ?[90m# null?[0m
    ?[33mAnd ?[0m?[33mThe next move is 2.1?[0m                            ?[90m# null?[0m
    ?[33mWhen ?[0m?[33mJump to start position is initiated?[0m            ?[90m# null?[0m
    ?[33mThen ?[0m?[33mThe next move shall be 1.1?[0m                     ?[90m# null?[0m
    ?[33mAnd ?[0m?[33mWhite player's position shall be (9,5)?[0m          ?[90m# null?[0m
    ?[33mAnd ?[0m?[33mBlack player's position shall be (1,5)?[0m          ?[90m# null?[0m
    ?[33mAnd ?[0m?[33mWhite has <wwallno> on stock?[0m                    ?[90m# null?[0m
    ?[33mAnd ?[0m?[33mBlack has 10 on stock?[0m                           ?[90m# null?[0m

  Background:                        ?[90m# src/test/resources/ca/mcgill/ecse223/quoridor/features/JumpToStart.feature:4?[0m
    ?[33mGiven ?[0m?[33mThe game is in replay mode?[0m ?[90m# null?[0m

  Scenario Outline: Jump to start                       ?[90m# src/test/resources/ca/mcgill/ecse223/quoridor/features/JumpToStart.feature:31?[0m
    ?[33mGiven ?[0m?[33mThe following moves have been played in game:?[0m ?[90m# null?[0m
    ?[33mAnd ?[0m?[33mThe next move is 2.2?[0m                            ?[90m# null?[0m
    ?[33mWhen ?[0m?[33mJump to start position is initiated?[0m            ?[90m# null?[0m
    ?[33mThen ?[0m?[33mThe next move shall be 1.1?[0m                     ?[90m# null?[0m
    ?[33mAnd ?[0m?[33mWhite player's position shall be (9,5)?[0m          ?[90m# null?[0m
    ?[33mAnd ?[0m?[33mBlack player's position shall be (1,5)?[0m          ?[90m# null?[0m
    ?[33mAnd ?[0m?[33mWhite has <wwallno> on stock?[0m                    ?[90m# null?[0m
    ?[33mAnd ?[0m?[33mBlack has 10 on stock?[0m                           ?[90m# null?[0m

  Background:                        ?[90m# src/test/resources/ca/mcgill/ecse223/quoridor/features/JumpToStart.feature:4?[0m
    ?[33mGiven ?[0m?[33mThe game is in replay mode?[0m ?[90m# null?[0m

  Scenario Outline: Jump to start                       ?[90m# src/test/resources/ca/mcgill/ecse223/quoridor/features/JumpToStart.feature:32?[0m
    ?[33mGiven ?[0m?[33mThe following moves have been played in game:?[0m ?[90m# null?[0m
    ?[33mAnd ?[0m?[33mThe next move is 3.1?[0m                            ?[90m# null?[0m
    ?[33mWhen ?[0m?[33mJump to start position is initiated?[0m            ?[90m# null?[0m
    ?[33mThen ?[0m?[33mThe next move shall be 1.1?[0m                     ?[90m# null?[0m
    ?[33mAnd ?[0m?[33mWhite player's position shall be (9,5)?[0m          ?[90m# null?[0m
    ?[33mAnd ?[0m?[33mBlack player's position shall be (1,5)?[0m          ?[90m# null?[0m
    ?[33mAnd ?[0m?[33mWhite has <wwallno> on stock?[0m                    ?[90m# null?[0m
    ?[33mAnd ?[0m?[33mBlack has 10 on stock?[0m                           ?[90m# null?[0m

Feature: Load Game
  As a player, I want to load a previously played game recorded in an algebraic notation in a text file 
  so that I can continue or review it. If the game is not yet finished, 
  I wish to continue playing from the final position.

  Scenario Outline: Load valid incomplete game ?[90m# src/test/resources/ca/mcgill/ecse223/quoridor/features/LoadGame.feature:9?[0m
    ?[36mWhen I initiate to load a game in "<filename>"?[0m
    ?[36mAnd Each game move is valid?[0m
    ?[36mAnd The game has no final results?[0m
    ?[36mAnd The position to load is valid?[0m
    ?[36mThen It shall be "<player>"'s turn?[0m
    ?[36mAnd "<player>" shall be at <p_row>:<p_col>?[0m
    ?[36mAnd "<opponent>" shall be at <o_row>:<o_col>?[0m
    ?[36mAnd "<player>" shall have a <pw_orientation> wall at <pw_row>:<pw_col>?[0m
    ?[36mAnd "<opponent>" shall have a <ow_orientation> wall at <ow_row>:<ow_col>?[0m
    ?[36mAnd Both players shall have <remaining_walls> in their stacks?[0m
    ?[36mAnd The game shall become ready to start?[0m

    Examples: 

  Background:                     ?[90m# src/test/resources/ca/mcgill/ecse223/quoridor/features/LoadGame.feature:6?[0m
    ?[32mGiven ?[0m?[32mThe game is not running?[0m ?[90m# CucumberStepDefinitions.theGameIsNotRunning()?[0m

  Scenario Outline: Load valid incomplete game                   ?[90m# src/test/resources/ca/mcgill/ecse223/quoridor/features/LoadGame.feature:24?[0m
    ?[33mWhen ?[0m?[33mI initiate to load a game in "quoridor_test_game_1.mov"?[0m ?[90m# null?[0m
    ?[33mAnd ?[0m?[33mEach game move is valid?[0m                                  ?[90m# null?[0m
    ?[33mAnd ?[0m?[33mThe game has no final results?[0m                            ?[90m# null?[0m
    ?[36mAnd ?[0m?[36mThe position to load is valid?[0m                            ?[90m# CucumberStepDefinitions.thePositionToLoadIsValid()?[0m
    ?[36mThen ?[0m?[36mIt shall be ?[0m?[36m?[1m"white"?[0m?[36m's turn?[0m                              ?[90m# CucumberStepDefinitions.itShallBePlayer_s_Turn(String)?[0m
    ?[36mAnd ?[0m?[36m?[0m?[36m?[1m"white"?[0m?[36m shall be at ?[0m?[36m?[1m3?[0m?[36m:?[0m?[36m?[1m5?[0m                                  ?[90m# CucumberStepDefinitions.PlayerShallBeAtRowCol(String,int,int)?[0m
    ?[36mAnd ?[0m?[36m?[0m?[36m?[1m"black"?[0m?[36m shall be at ?[0m?[36m?[1m7?[0m?[36m:?[0m?[36m?[1m5?[0m                                  ?[90m# CucumberStepDefinitions.PlayerShallBeAtRowCol(String,int,int)?[0m
    ?[36mAnd ?[0m?[36m?[0m?[36m?[1m"white"?[0m?[36m shall have a ?[0m?[36m?[1mhorizontal?[0m?[36m wall at ?[0m?[36m?[1m6?[0m?[36m:?[0m?[36m?[1m5?[0m              ?[90m# CucumberStepDefinitions.playerShallHaveAWallWithOrientationAtPosition(String,String,int,int)?[0m
    ?[36mAnd ?[0m?[36m?[0m?[36m?[1m"black"?[0m?[36m shall have a ?[0m?[36m?[1mvertical?[0m?[36m wall at ?[0m?[36m?[1m3?[0m?[36m:?[0m?[36m?[1m5?[0m                ?[90m# CucumberStepDefinitions.playerShallHaveAWallWithOrientationAtPosition(String,String,int,int)?[0m
    ?[36mAnd ?[0m?[36mBoth players shall have ?[0m?[36m?[1m9?[0m?[36m in their stacks?[0m                ?[90m# CucumberStepDefinitions.bothPlayersShallHaveRemainingWallsInTheirStacks(int)?[0m
    ?[36mAnd ?[0m?[36mThe game shall become ready to start?[0m                     ?[90m# CucumberStepDefinitions.theGameShallBecomeReadyToStart()?[0m

  Background:                     ?[90m# src/test/resources/ca/mcgill/ecse223/quoridor/features/LoadGame.feature:6?[0m
    ?[32mGiven ?[0m?[32mThe game is not running?[0m ?[90m# CucumberStepDefinitions.theGameIsNotRunning()?[0m

  Scenario Outline: Load valid incomplete game                   ?[90m# src/test/resources/ca/mcgill/ecse223/quoridor/features/LoadGame.feature:25?[0m
    ?[33mWhen ?[0m?[33mI initiate to load a game in "quoridor_test_game_2.mov"?[0m ?[90m# null?[0m
    ?[33mAnd ?[0m?[33mEach game move is valid?[0m                                  ?[90m# null?[0m
    ?[33mAnd ?[0m?[33mThe game has no final results?[0m                            ?[90m# null?[0m
    ?[36mAnd ?[0m?[36mThe position to load is valid?[0m                            ?[90m# CucumberStepDefinitions.thePositionToLoadIsValid()?[0m
    ?[36mThen ?[0m?[36mIt shall be ?[0m?[36m?[1m"white"?[0m?[36m's turn?[0m                              ?[90m# CucumberStepDefinitions.itShallBePlayer_s_Turn(String)?[0m
    ?[36mAnd ?[0m?[36m?[0m?[36m?[1m"white"?[0m?[36m shall be at ?[0m?[36m?[1m2?[0m?[36m:?[0m?[36m?[1m5?[0m                                  ?[90m# CucumberStepDefinitions.PlayerShallBeAtRowCol(String,int,int)?[0m
    ?[36mAnd ?[0m?[36m?[0m?[36m?[1m"black"?[0m?[36m shall be at ?[0m?[36m?[1m8?[0m?[36m:?[0m?[36m?[1m5?[0m                                  ?[90m# CucumberStepDefinitions.PlayerShallBeAtRowCol(String,int,int)?[0m
    ?[36mAnd ?[0m?[36m?[0m?[36m?[1m"white"?[0m?[36m shall have a ?[0m?[36m?[1mhorizontal?[0m?[36m wall at ?[0m?[36m?[1m6?[0m?[36m:?[0m?[36m?[1m5?[0m              ?[90m# CucumberStepDefinitions.playerShallHaveAWallWithOrientationAtPosition(String,String,int,int)?[0m
    ?[36mAnd ?[0m?[36m?[0m?[36m?[1m"black"?[0m?[36m shall have a ?[0m?[36m?[1mvertical?[0m?[36m wall at ?[0m?[36m?[1m3?[0m?[36m:?[0m?[36m?[1m5?[0m                ?[90m# CucumberStepDefinitions.playerShallHaveAWallWithOrientationAtPosition(String,String,int,int)?[0m
    ?[36mAnd ?[0m?[36mBoth players shall have ?[0m?[36m?[1m8?[0m?[36m in their stacks?[0m                ?[90m# CucumberStepDefinitions.bothPlayersShallHaveRemainingWallsInTheirStacks(int)?[0m
    ?[36mAnd ?[0m?[36mThe game shall become ready to start?[0m                     ?[90m# CucumberStepDefinitions.theGameShallBecomeReadyToStart()?[0m

  Scenario Outline: Load valid incomplete game ?[90m# src/test/resources/ca/mcgill/ecse223/quoridor/features/LoadGame.feature:27?[0m
    ?[36mWhen I initiate to load a game in "<filename>"?[0m
    ?[36mAnd Each game move is valid?[0m
    ?[36mAnd The game has a final result?[0m
    ?[36mAnd The position to load is valid?[0m
    ?[36mThen The game shall be in replay mode?[0m

    Examples: 

  Background:                     ?[90m# src/test/resources/ca/mcgill/ecse223/quoridor/features/LoadGame.feature:6?[0m
    ?[32mGiven ?[0m?[32mThe game is not running?[0m ?[90m# CucumberStepDefinitions.theGameIsNotRunning()?[0m

  Scenario Outline: Load valid incomplete game                   ?[90m# src/test/resources/ca/mcgill/ecse223/quoridor/features/LoadGame.feature:36?[0m
    ?[33mWhen ?[0m?[33mI initiate to load a game in "quoridor_test_game_3.mov"?[0m ?[90m# null?[0m
    ?[33mAnd ?[0m?[33mEach game move is valid?[0m                                  ?[90m# null?[0m
    ?[33mAnd ?[0m?[33mThe game has a final result?[0m                              ?[90m# null?[0m
    ?[36mAnd ?[0m?[36mThe position to load is valid?[0m                            ?[90m# CucumberStepDefinitions.thePositionToLoadIsValid()?[0m
    ?[33mThen ?[0m?[33mThe game shall be in replay mode?[0m                        ?[90m# null?[0m

  Scenario Outline: Invalid move in game file ?[90m# src/test/resources/ca/mcgill/ecse223/quoridor/features/LoadGame.feature:38?[0m
    ?[36mWhen I initiate to load a saved game "<filename>"?[0m
    ?[36mAnd The game to load has an invalid move?[0m
    ?[36mThen The game shall notify the user that the game file is invalid?[0m

    Examples: 

  Background:                     ?[90m# src/test/resources/ca/mcgill/ecse223/quoridor/features/LoadGame.feature:6?[0m
    ?[32mGiven ?[0m?[32mThe game is not running?[0m ?[90m# CucumberStepDefinitions.theGameIsNotRunning()?[0m

  Scenario Outline: Invalid move in game file                                       ?[90m# src/test/resources/ca/mcgill/ecse223/quoridor/features/LoadGame.feature:45?[0m
    ?[31mWhen ?[0m?[31mI initiate to load a saved game ?[0m?[31m?[1m"quoridor_test_game_invalid_pawn_move.mov"?[0m ?[90m# CucumberStepDefinitions.iInitiateToLoadASavedGame(String)?[0m
      ?[31mjava.lang.NullPointerException
	at ca.mcgill.ecse223.quoridor.persistence.QuoridorSavesManager.loadGamePawnsAndWalls(QuoridorSavesManager.java:193)
	at ca.mcgill.ecse223.quoridor.controller.QuoridorController.loadSavedGame(QuoridorController.java:1087)
	at ca.mcgill.ecse223.quoridor.features.CucumberStepDefinitions.iInitiateToLoadASavedGame(CucumberStepDefinitions.java:1366)
	at ?.I initiate to load a saved game "quoridor_test_game_invalid_pawn_move.mov"(file:src/test/resources/ca/mcgill/ecse223/quoridor/features/LoadGame.feature:39)
?[0m
    ?[33mAnd ?[0m?[33mThe game to load has an invalid move?[0m                                        ?[90m# null?[0m
    ?[33mThen ?[0m?[33mThe game shall notify the user that the game file is invalid?[0m               ?[90m# null?[0m

  Background:                     ?[90m# src/test/resources/ca/mcgill/ecse223/quoridor/features/LoadGame.feature:6?[0m
    ?[32mGiven ?[0m?[32mThe game is not running?[0m ?[90m# CucumberStepDefinitions.theGameIsNotRunning()?[0m

  Scenario Outline: Invalid move in game file                                       ?[90m# src/test/resources/ca/mcgill/ecse223/quoridor/features/LoadGame.feature:46?[0m
    ?[31mWhen ?[0m?[31mI initiate to load a saved game ?[0m?[31m?[1m"quoridor_test_game_invalid_wall_move.mov"?[0m ?[90m# CucumberStepDefinitions.iInitiateToLoadASavedGame(String)?[0m
      ?[31mjava.lang.NullPointerException
	at ca.mcgill.ecse223.quoridor.persistence.QuoridorSavesManager.loadGamePawnsAndWalls(QuoridorSavesManager.java:193)
	at ca.mcgill.ecse223.quoridor.controller.QuoridorController.loadSavedGame(QuoridorController.java:1087)
	at ca.mcgill.ecse223.quoridor.features.CucumberStepDefinitions.iInitiateToLoadASavedGame(CucumberStepDefinitions.java:1366)
	at ?.I initiate to load a saved game "quoridor_test_game_invalid_wall_move.mov"(file:src/test/resources/ca/mcgill/ecse223/quoridor/features/LoadGame.feature:39)
?[0m
    ?[33mAnd ?[0m?[33mThe game to load has an invalid move?[0m                                        ?[90m# null?[0m
    ?[33mThen ?[0m?[33mThe game shall notify the user that the game file is invalid?[0m               ?[90m# null?[0m

  Background:                     ?[90m# src/test/resources/ca/mcgill/ecse223/quoridor/features/LoadGame.feature:6?[0m
    ?[32mGiven ?[0m?[32mThe game is not running?[0m ?[90m# CucumberStepDefinitions.theGameIsNotRunning()?[0m

  Scenario Outline: Invalid move in game file                                       ?[90m# src/test/resources/ca/mcgill/ecse223/quoridor/features/LoadGame.feature:47?[0m
    ?[31mWhen ?[0m?[31mI initiate to load a saved game ?[0m?[31m?[1m"quoridor_test_game_invalid_jump_move.mov"?[0m ?[90m# CucumberStepDefinitions.iInitiateToLoadASavedGame(String)?[0m
      ?[31mjava.lang.NullPointerException
	at ca.mcgill.ecse223.quoridor.persistence.QuoridorSavesManager.loadGamePawnsAndWalls(QuoridorSavesManager.java:193)
	at ca.mcgill.ecse223.quoridor.controller.QuoridorController.loadSavedGame(QuoridorController.java:1087)
	at ca.mcgill.ecse223.quoridor.features.CucumberStepDefinitions.iInitiateToLoadASavedGame(CucumberStepDefinitions.java:1366)
	at ?.I initiate to load a saved game "quoridor_test_game_invalid_jump_move.mov"(file:src/test/resources/ca/mcgill/ecse223/quoridor/features/LoadGame.feature:39)
?[0m
    ?[33mAnd ?[0m?[33mThe game to load has an invalid move?[0m                                        ?[90m# null?[0m
    ?[33mThen ?[0m?[33mThe game shall notify the user that the game file is invalid?[0m               ?[90m# null?[0m

Feature: Load Position
  As a player, I want to continue a game from a given position as if this position were the current (starting) position of a new game.

  Scenario Outline: Load position ?[90m# src/test/resources/ca/mcgill/ecse223/quoridor/features/LoadPosition.feature:7?[0m
    ?[36mWhen I initiate to load a saved game "<filename>"?[0m
    ?[36mAnd The position to load is valid?[0m
    ?[36mThen It shall be "<player>"'s turn?[0m
    ?[36mAnd "<player>" shall be at <p_row>:<p_col>?[0m
    ?[36mAnd "<opponent>" shall be at <o_row>:<o_col>?[0m
    ?[36mAnd "<player>" shall have a <pw_orientation> wall at <pw_row>:<pw_col>?[0m
    ?[36mAnd "<opponent>" shall have a <ow_orientation> wall at <ow_row>:<ow_col>?[0m
    ?[36mAnd Both players shall have <remaining_walls> in their stacks?[0m
    ?[36mAnd It shall be "<player>"'s turn?[0m

    Examples: 

  Background:                     ?[90m# src/test/resources/ca/mcgill/ecse223/quoridor/features/LoadPosition.feature:4?[0m
    ?[32mGiven ?[0m?[32mThe game is not running?[0m ?[90m# CucumberStepDefinitions.theGameIsNotRunning()?[0m

  Scenario Outline: Load position                                   ?[90m# src/test/resources/ca/mcgill/ecse223/quoridor/features/LoadPosition.feature:20?[0m
    ?[32mWhen ?[0m?[32mI initiate to load a saved game ?[0m?[32m?[1m"quoridor_test_game_1.dat"?[0m ?[90m# CucumberStepDefinitions.iInitiateToLoadASavedGame(String)?[0m
    ?[32mAnd ?[0m?[32mThe position to load is valid?[0m                               ?[90m# CucumberStepDefinitions.thePositionToLoadIsValid()?[0m
    ?[32mThen ?[0m?[32mIt shall be ?[0m?[32m?[1m"black"?[0m?[32m's turn?[0m                                 ?[90m# CucumberStepDefinitions.itShallBePlayer_s_Turn(String)?[0m
    ?[32mAnd ?[0m?[32m?[0m?[32m?[1m"black"?[0m?[32m shall be at ?[0m?[32m?[1m3?[0m?[32m:?[0m?[32m?[1m3?[0m                                     ?[90m# CucumberStepDefinitions.PlayerShallBeAtRowCol(String,int,int)?[0m
    ?[32mAnd ?[0m?[32m?[0m?[32m?[1m"white"?[0m?[32m shall be at ?[0m?[32m?[1m7?[0m?[32m:?[0m?[32m?[1m7?[0m                                     ?[90m# CucumberStepDefinitions.PlayerShallBeAtRowCol(String,int,int)?[0m
    ?[32mAnd ?[0m?[32m?[0m?[32m?[1m"black"?[0m?[32m shall have a ?[0m?[32m?[1mvertical?[0m?[32m wall at ?[0m?[32m?[1m5?[0m?[32m:?[0m?[32m?[1m5?[0m                   ?[90m# CucumberStepDefinitions.playerShallHaveAWallWithOrientationAtPosition(String,String,int,int)?[0m
    ?[32mAnd ?[0m?[32m?[0m?[32m?[1m"white"?[0m?[32m shall have a ?[0m?[32m?[1mhorizontal?[0m?[32m wall at ?[0m?[32m?[1m1?[0m?[32m:?[0m?[32m?[1m1?[0m                 ?[90m# CucumberStepDefinitions.playerShallHaveAWallWithOrientationAtPosition(String,String,int,int)?[0m
    ?[32mAnd ?[0m?[32mBoth players shall have ?[0m?[32m?[1m9?[0m?[32m in their stacks?[0m                   ?[90m# CucumberStepDefinitions.bothPlayersShallHaveRemainingWallsInTheirStacks(int)?[0m
    ?[32mAnd ?[0m?[32mIt shall be ?[0m?[32m?[1m"black"?[0m?[32m's turn?[0m                                  ?[90m# CucumberStepDefinitions.itShallBePlayer_s_Turn(String)?[0m

  Scenario Outline: Load invalid position ?[90m# src/test/resources/ca/mcgill/ecse223/quoridor/features/LoadPosition.feature:22?[0m
    ?[36mWhen I initiate to load a saved game "<filename>"?[0m
    ?[36mAnd The position to load is invalid?[0m
    ?[36mThen The load shall return an error?[0m

    Examples: 

  Background:                     ?[90m# src/test/resources/ca/mcgill/ecse223/quoridor/features/LoadPosition.feature:4?[0m
    ?[32mGiven ?[0m?[32mThe game is not running?[0m ?[90m# CucumberStepDefinitions.theGameIsNotRunning()?[0m

  Scenario Outline: Load invalid position                                      ?[90m# src/test/resources/ca/mcgill/ecse223/quoridor/features/LoadPosition.feature:29?[0m
    ?[32mWhen ?[0m?[32mI initiate to load a saved game ?[0m?[32m?[1m"quoridor_test_game_invalid_pawn.dat"?[0m ?[90m# CucumberStepDefinitions.iInitiateToLoadASavedGame(String)?[0m
    ?[32mAnd ?[0m?[32mThe position to load is invalid?[0m                                        ?[90m# CucumberStepDefinitions.thePositionToLoadIsInvalid()?[0m
    ?[32mThen ?[0m?[32mThe load shall return an error?[0m                                        ?[90m# CucumberStepDefinitions.theLoadShallReturnAnError()?[0m

  Background:                     ?[90m# src/test/resources/ca/mcgill/ecse223/quoridor/features/LoadPosition.feature:4?[0m
    ?[32mGiven ?[0m?[32mThe game is not running?[0m ?[90m# CucumberStepDefinitions.theGameIsNotRunning()?[0m

  Scenario Outline: Load invalid position                                               ?[90m# src/test/resources/ca/mcgill/ecse223/quoridor/features/LoadPosition.feature:30?[0m
    ?[32mWhen ?[0m?[32mI initiate to load a saved game ?[0m?[32m?[1m"quoridor_test_game_invalid_wall_overlap_.dat"?[0m ?[90m# CucumberStepDefinitions.iInitiateToLoadASavedGame(String)?[0m
    ?[32mAnd ?[0m?[32mThe position to load is invalid?[0m                                                 ?[90m# CucumberStepDefinitions.thePositionToLoadIsInvalid()?[0m
    ?[32mThen ?[0m?[32mThe load shall return an error?[0m                                                 ?[90m# CucumberStepDefinitions.theLoadShallReturnAnError()?[0m

Feature: Move Pawn
  As a player
  I want to move to a neighboring tile.

  Scenario Outline: Move one tile ?[90m# src/test/resources/ca/mcgill/ecse223/quoridor/features/MovePawn.feature:8?[0m
    ?[36mGiven The player to move is "<player>"?[0m
    ?[36mAnd The player is located at <row>:<col>?[0m
    ?[36mAnd There are no "<dir>" walls "<side>" from the player?[0m
    ?[36mAnd The opponent is not "<side>" from the player?[0m
    ?[36mWhen Player "<player>" initiates to move "<side>"?[0m
    ?[36mThen The move "<side>" shall be "<status>"?[0m
    ?[36mAnd Player's new position shall be <nrow>:<ncol>?[0m
    ?[36mAnd The next player to move shall become "<nplayer>"?[0m

    Examples: 

  Background:                 ?[90m# src/test/resources/ca/mcgill/ecse223/quoridor/features/MovePawn.feature:5?[0m
    ?[32mGiven ?[0m?[32mThe game is running?[0m ?[90m# CucumberStepDefinitions.theGameIsRunning()?[0m

  Scenario Outline: Move one tile                            ?[90m# src/test/resources/ca/mcgill/ecse223/quoridor/features/MovePawn.feature:20?[0m
    ?[32mGiven ?[0m?[32mThe player to move is ?[0m?[32m?[1m"white"?[0m                      ?[90m# CucumberStepDefinitions.thePlayerToMoveIsPlayer(String)?[0m
    ?[32mAnd ?[0m?[32mThe player is located at ?[0m?[32m?[1m3?[0m?[32m:?[0m?[32m?[1m3?[0m                         ?[90m# CucumberStepDefinitions.thePlayerIsLocatedAt(int,int)?[0m
    ?[32mAnd ?[0m?[32mThere are no ?[0m?[32m?[1m"vertical"?[0m?[32m walls ?[0m?[32m?[1m"left"?[0m?[32m from the player?[0m ?[90m# CucumberStepDefinitions.thereAreNoWallsFromPlayer(String,String)?[0m
    ?[32mAnd ?[0m?[32mThe opponent is not ?[0m?[32m?[1m"left"?[0m?[32m from the player?[0m           ?[90m# CucumberStepDefinitions.theOpponentIsNotFromPlayer(String)?[0m
    ?[32mWhen ?[0m?[32mPlayer ?[0m?[32m?[1m"white"?[0m?[32m initiates to move ?[0m?[32m?[1m"left"?[0m             ?[90m# CucumberStepDefinitions.playerInitiatesToMove(String,String)?[0m
    ?[32mThen ?[0m?[32mThe move ?[0m?[32m?[1m"left"?[0m?[32m shall be ?[0m?[32m?[1m"success"?[0m                  ?[90m# CucumberStepDefinitions.the_move_shall_be(String,String)?[0m
    ?[32mAnd ?[0m?[32mPlayer's new position shall be ?[0m?[32m?[1m3?[0m?[32m:?[0m?[32m?[1m2?[0m                   ?[90m# CucumberStepDefinitions.player_s_new_position_shall_be(int,int)?[0m
    ?[32mAnd ?[0m?[32mThe next player to move shall become ?[0m?[32m?[1m"black"?[0m         ?[90m# CucumberStepDefinitions.the_next_player_to_move_shall_become(String)?[0m

  Background:                 ?[90m# src/test/resources/ca/mcgill/ecse223/quoridor/features/MovePawn.feature:5?[0m
    ?[32mGiven ?[0m?[32mThe game is running?[0m ?[90m# CucumberStepDefinitions.theGameIsRunning()?[0m

  Scenario Outline: Move one tile                            ?[90m# src/test/resources/ca/mcgill/ecse223/quoridor/features/MovePawn.feature:21?[0m
    ?[32mGiven ?[0m?[32mThe player to move is ?[0m?[32m?[1m"white"?[0m                      ?[90m# CucumberStepDefinitions.thePlayerToMoveIsPlayer(String)?[0m
    ?[32mAnd ?[0m?[32mThe player is located at ?[0m?[32m?[1m3?[0m?[32m:?[0m?[32m?[1m1?[0m                         ?[90m# CucumberStepDefinitions.thePlayerIsLocatedAt(int,int)?[0m
    ?[32mAnd ?[0m?[32mThere are no ?[0m?[32m?[1m"vertical"?[0m?[32m walls ?[0m?[32m?[1m"left"?[0m?[32m from the player?[0m ?[90m# CucumberStepDefinitions.thereAreNoWallsFromPlayer(String,String)?[0m
    ?[32mAnd ?[0m?[32mThe opponent is not ?[0m?[32m?[1m"left"?[0m?[32m from the player?[0m           ?[90m# CucumberStepDefinitions.theOpponentIsNotFromPlayer(String)?[0m
    ?[32mWhen ?[0m?[32mPlayer ?[0m?[32m?[1m"white"?[0m?[32m initiates to move ?[0m?[32m?[1m"left"?[0m             ?[90m# CucumberStepDefinitions.playerInitiatesToMove(String,String)?[0m
    ?[32mThen ?[0m?[32mThe move ?[0m?[32m?[1m"left"?[0m?[32m shall be ?[0m?[32m?[1m"illegal"?[0m                  ?[90m# CucumberStepDefinitions.the_move_shall_be(String,String)?[0m
    ?[32mAnd ?[0m?[32mPlayer's new position shall be ?[0m?[32m?[1m3?[0m?[32m:?[0m?[32m?[1m1?[0m                   ?[90m# CucumberStepDefinitions.player_s_new_position_shall_be(int,int)?[0m
    ?[32mAnd ?[0m?[32mThe next player to move shall become ?[0m?[32m?[1m"white"?[0m         ?[90m# CucumberStepDefinitions.the_next_player_to_move_shall_become(String)?[0m

  Background:                 ?[90m# src/test/resources/ca/mcgill/ecse223/quoridor/features/MovePawn.feature:5?[0m
    ?[32mGiven ?[0m?[32mThe game is running?[0m ?[90m# CucumberStepDefinitions.theGameIsRunning()?[0m

  Scenario Outline: Move one tile                             ?[90m# src/test/resources/ca/mcgill/ecse223/quoridor/features/MovePawn.feature:22?[0m
    ?[32mGiven ?[0m?[32mThe player to move is ?[0m?[32m?[1m"white"?[0m                       ?[90m# CucumberStepDefinitions.thePlayerToMoveIsPlayer(String)?[0m
    ?[32mAnd ?[0m?[32mThe player is located at ?[0m?[32m?[1m6?[0m?[32m:?[0m?[32m?[1m6?[0m                          ?[90m# CucumberStepDefinitions.thePlayerIsLocatedAt(int,int)?[0m
    ?[32mAnd ?[0m?[32mThere are no ?[0m?[32m?[1m"vertical"?[0m?[32m walls ?[0m?[32m?[1m"right"?[0m?[32m from the player?[0m ?[90m# CucumberStepDefinitions.thereAreNoWallsFromPlayer(String,String)?[0m
    ?[32mAnd ?[0m?[32mThe opponent is not ?[0m?[32m?[1m"right"?[0m?[32m from the player?[0m           ?[90m# CucumberStepDefinitions.theOpponentIsNotFromPlayer(String)?[0m
    ?[32mWhen ?[0m?[32mPlayer ?[0m?[32m?[1m"white"?[0m?[32m initiates to move ?[0m?[32m?[1m"right"?[0m             ?[90m# CucumberStepDefinitions.playerInitiatesToMove(String,String)?[0m
    ?[32mThen ?[0m?[32mThe move ?[0m?[32m?[1m"right"?[0m?[32m shall be ?[0m?[32m?[1m"success"?[0m                  ?[90m# CucumberStepDefinitions.the_move_shall_be(String,String)?[0m
    ?[32mAnd ?[0m?[32mPlayer's new position shall be ?[0m?[32m?[1m6?[0m?[32m:?[0m?[32m?[1m7?[0m                    ?[90m# CucumberStepDefinitions.player_s_new_position_shall_be(int,int)?[0m
    ?[32mAnd ?[0m?[32mThe next player to move shall become ?[0m?[32m?[1m"black"?[0m          ?[90m# CucumberStepDefinitions.the_next_player_to_move_shall_become(String)?[0m

  Background:                 ?[90m# src/test/resources/ca/mcgill/ecse223/quoridor/features/MovePawn.feature:5?[0m
    ?[32mGiven ?[0m?[32mThe game is running?[0m ?[90m# CucumberStepDefinitions.theGameIsRunning()?[0m

  Scenario Outline: Move one tile                             ?[90m# src/test/resources/ca/mcgill/ecse223/quoridor/features/MovePawn.feature:23?[0m
    ?[32mGiven ?[0m?[32mThe player to move is ?[0m?[32m?[1m"white"?[0m                       ?[90m# CucumberStepDefinitions.thePlayerToMoveIsPlayer(String)?[0m
    ?[32mAnd ?[0m?[32mThe player is located at ?[0m?[32m?[1m6?[0m?[32m:?[0m?[32m?[1m9?[0m                          ?[90m# CucumberStepDefinitions.thePlayerIsLocatedAt(int,int)?[0m
    ?[32mAnd ?[0m?[32mThere are no ?[0m?[32m?[1m"vertical"?[0m?[32m walls ?[0m?[32m?[1m"right"?[0m?[32m from the player?[0m ?[90m# CucumberStepDefinitions.thereAreNoWallsFromPlayer(String,String)?[0m
    ?[32mAnd ?[0m?[32mThe opponent is not ?[0m?[32m?[1m"right"?[0m?[32m from the player?[0m           ?[90m# CucumberStepDefinitions.theOpponentIsNotFromPlayer(String)?[0m
    ?[32mWhen ?[0m?[32mPlayer ?[0m?[32m?[1m"white"?[0m?[32m initiates to move ?[0m?[32m?[1m"right"?[0m             ?[90m# CucumberStepDefinitions.playerInitiatesToMove(String,String)?[0m
    ?[32mThen ?[0m?[32mThe move ?[0m?[32m?[1m"right"?[0m?[32m shall be ?[0m?[32m?[1m"illegal"?[0m                  ?[90m# CucumberStepDefinitions.the_move_shall_be(String,String)?[0m
    ?[32mAnd ?[0m?[32mPlayer's new position shall be ?[0m?[32m?[1m6?[0m?[32m:?[0m?[32m?[1m9?[0m                    ?[90m# CucumberStepDefinitions.player_s_new_position_shall_be(int,int)?[0m
    ?[32mAnd ?[0m?[32mThe next player to move shall become ?[0m?[32m?[1m"white"?[0m          ?[90m# CucumberStepDefinitions.the_next_player_to_move_shall_become(String)?[0m

  Background:                 ?[90m# src/test/resources/ca/mcgill/ecse223/quoridor/features/MovePawn.feature:5?[0m
    ?[32mGiven ?[0m?[32mThe game is running?[0m ?[90m# CucumberStepDefinitions.theGameIsRunning()?[0m

  Scenario Outline: Move one tile                            ?[90m# src/test/resources/ca/mcgill/ecse223/quoridor/features/MovePawn.feature:24?[0m
    ?[32mGiven ?[0m?[32mThe player to move is ?[0m?[32m?[1m"white"?[0m                      ?[90m# CucumberStepDefinitions.thePlayerToMoveIsPlayer(String)?[0m
    ?[32mAnd ?[0m?[32mThe player is located at ?[0m?[32m?[1m3?[0m?[32m:?[0m?[32m?[1m3?[0m                         ?[90m# CucumberStepDefinitions.thePlayerIsLocatedAt(int,int)?[0m
    ?[32mAnd ?[0m?[32mThere are no ?[0m?[32m?[1m"horizontal"?[0m?[32m walls ?[0m?[32m?[1m"up"?[0m?[32m from the player?[0m ?[90m# CucumberStepDefinitions.thereAreNoWallsFromPlayer(String,String)?[0m
    ?[32mAnd ?[0m?[32mThe opponent is not ?[0m?[32m?[1m"up"?[0m?[32m from the player?[0m             ?[90m# CucumberStepDefinitions.theOpponentIsNotFromPlayer(String)?[0m
    ?[32mWhen ?[0m?[32mPlayer ?[0m?[32m?[1m"white"?[0m?[32m initiates to move ?[0m?[32m?[1m"up"?[0m               ?[90m# CucumberStepDefinitions.playerInitiatesToMove(String,String)?[0m
    ?[32mThen ?[0m?[32mThe move ?[0m?[32m?[1m"up"?[0m?[32m shall be ?[0m?[32m?[1m"success"?[0m                    ?[90m# CucumberStepDefinitions.the_move_shall_be(String,String)?[0m
    ?[32mAnd ?[0m?[32mPlayer's new position shall be ?[0m?[32m?[1m2?[0m?[32m:?[0m?[32m?[1m3?[0m                   ?[90m# CucumberStepDefinitions.player_s_new_position_shall_be(int,int)?[0m
    ?[32mAnd ?[0m?[32mThe next player to move shall become ?[0m?[32m?[1m"black"?[0m         ?[90m# CucumberStepDefinitions.the_next_player_to_move_shall_become(String)?[0m

  Background:                 ?[90m# src/test/resources/ca/mcgill/ecse223/quoridor/features/MovePawn.feature:5?[0m
    ?[32mGiven ?[0m?[32mThe game is running?[0m ?[90m# CucumberStepDefinitions.theGameIsRunning()?[0m

  Scenario Outline: Move one tile                            ?[90m# src/test/resources/ca/mcgill/ecse223/quoridor/features/MovePawn.feature:25?[0m
    ?[32mGiven ?[0m?[32mThe player to move is ?[0m?[32m?[1m"white"?[0m                      ?[90m# CucumberStepDefinitions.thePlayerToMoveIsPlayer(String)?[0m
    ?[32mAnd ?[0m?[32mThe player is located at ?[0m?[32m?[1m1?[0m?[32m:?[0m?[32m?[1m3?[0m                         ?[90m# CucumberStepDefinitions.thePlayerIsLocatedAt(int,int)?[0m
    ?[32mAnd ?[0m?[32mThere are no ?[0m?[32m?[1m"horizontal"?[0m?[32m walls ?[0m?[32m?[1m"up"?[0m?[32m from the player?[0m ?[90m# CucumberStepDefinitions.thereAreNoWallsFromPlayer(String,String)?[0m
    ?[32mAnd ?[0m?[32mThe opponent is not ?[0m?[32m?[1m"up"?[0m?[32m from the player?[0m             ?[90m# CucumberStepDefinitions.theOpponentIsNotFromPlayer(String)?[0m
    ?[32mWhen ?[0m?[32mPlayer ?[0m?[32m?[1m"white"?[0m?[32m initiates to move ?[0m?[32m?[1m"up"?[0m               ?[90m# CucumberStepDefinitions.playerInitiatesToMove(String,String)?[0m
    ?[32mThen ?[0m?[32mThe move ?[0m?[32m?[1m"up"?[0m?[32m shall be ?[0m?[32m?[1m"illegal"?[0m                    ?[90m# CucumberStepDefinitions.the_move_shall_be(String,String)?[0m
    ?[32mAnd ?[0m?[32mPlayer's new position shall be ?[0m?[32m?[1m1?[0m?[32m:?[0m?[32m?[1m3?[0m                   ?[90m# CucumberStepDefinitions.player_s_new_position_shall_be(int,int)?[0m
    ?[32mAnd ?[0m?[32mThe next player to move shall become ?[0m?[32m?[1m"white"?[0m         ?[90m# CucumberStepDefinitions.the_next_player_to_move_shall_become(String)?[0m

  Background:                 ?[90m# src/test/resources/ca/mcgill/ecse223/quoridor/features/MovePawn.feature:5?[0m
    ?[32mGiven ?[0m?[32mThe game is running?[0m ?[90m# CucumberStepDefinitions.theGameIsRunning()?[0m

  Scenario Outline: Move one tile                              ?[90m# src/test/resources/ca/mcgill/ecse223/quoridor/features/MovePawn.feature:26?[0m
    ?[32mGiven ?[0m?[32mThe player to move is ?[0m?[32m?[1m"white"?[0m                        ?[90m# CucumberStepDefinitions.thePlayerToMoveIsPlayer(String)?[0m
    ?[32mAnd ?[0m?[32mThe player is located at ?[0m?[32m?[1m6?[0m?[32m:?[0m?[32m?[1m6?[0m                           ?[90m# CucumberStepDefinitions.thePlayerIsLocatedAt(int,int)?[0m
    ?[32mAnd ?[0m?[32mThere are no ?[0m?[32m?[1m"horizontal"?[0m?[32m walls ?[0m?[32m?[1m"down"?[0m?[32m from the player?[0m ?[90m# CucumberStepDefinitions.thereAreNoWallsFromPlayer(String,String)?[0m
    ?[32mAnd ?[0m?[32mThe opponent is not ?[0m?[32m?[1m"down"?[0m?[32m from the player?[0m             ?[90m# CucumberStepDefinitions.theOpponentIsNotFromPlayer(String)?[0m
    ?[32mWhen ?[0m?[32mPlayer ?[0m?[32m?[1m"white"?[0m?[32m initiates to move ?[0m?[32m?[1m"down"?[0m               ?[90m# CucumberStepDefinitions.playerInitiatesToMove(String,String)?[0m
    ?[32mThen ?[0m?[32mThe move ?[0m?[32m?[1m"down"?[0m?[32m shall be ?[0m?[32m?[1m"success"?[0m                    ?[90m# CucumberStepDefinitions.the_move_shall_be(String,String)?[0m
    ?[32mAnd ?[0m?[32mPlayer's new position shall be ?[0m?[32m?[1m7?[0m?[32m:?[0m?[32m?[1m6?[0m                     ?[90m# CucumberStepDefinitions.player_s_new_position_shall_be(int,int)?[0m
    ?[32mAnd ?[0m?[32mThe next player to move shall become ?[0m?[32m?[1m"black"?[0m           ?[90m# CucumberStepDefinitions.the_next_player_to_move_shall_become(String)?[0m

  Background:                 ?[90m# src/test/resources/ca/mcgill/ecse223/quoridor/features/MovePawn.feature:5?[0m
    ?[32mGiven ?[0m?[32mThe game is running?[0m ?[90m# CucumberStepDefinitions.theGameIsRunning()?[0m

  Scenario Outline: Move one tile                              ?[90m# src/test/resources/ca/mcgill/ecse223/quoridor/features/MovePawn.feature:27?[0m
    ?[32mGiven ?[0m?[32mThe player to move is ?[0m?[32m?[1m"white"?[0m                        ?[90m# CucumberStepDefinitions.thePlayerToMoveIsPlayer(String)?[0m
    ?[32mAnd ?[0m?[32mThe player is located at ?[0m?[32m?[1m9?[0m?[32m:?[0m?[32m?[1m6?[0m                           ?[90m# CucumberStepDefinitions.thePlayerIsLocatedAt(int,int)?[0m
    ?[32mAnd ?[0m?[32mThere are no ?[0m?[32m?[1m"horizontal"?[0m?[32m walls ?[0m?[32m?[1m"down"?[0m?[32m from the player?[0m ?[90m# CucumberStepDefinitions.thereAreNoWallsFromPlayer(String,String)?[0m
    ?[32mAnd ?[0m?[32mThe opponent is not ?[0m?[32m?[1m"down"?[0m?[32m from the player?[0m             ?[90m# CucumberStepDefinitions.theOpponentIsNotFromPlayer(String)?[0m
    ?[32mWhen ?[0m?[32mPlayer ?[0m?[32m?[1m"white"?[0m?[32m initiates to move ?[0m?[32m?[1m"down"?[0m               ?[90m# CucumberStepDefinitions.playerInitiatesToMove(String,String)?[0m
    ?[32mThen ?[0m?[32mThe move ?[0m?[32m?[1m"down"?[0m?[32m shall be ?[0m?[32m?[1m"illegal"?[0m                    ?[90m# CucumberStepDefinitions.the_move_shall_be(String,String)?[0m
    ?[32mAnd ?[0m?[32mPlayer's new position shall be ?[0m?[32m?[1m9?[0m?[32m:?[0m?[32m?[1m6?[0m                     ?[90m# CucumberStepDefinitions.player_s_new_position_shall_be(int,int)?[0m
    ?[32mAnd ?[0m?[32mThe next player to move shall become ?[0m?[32m?[1m"white"?[0m           ?[90m# CucumberStepDefinitions.the_next_player_to_move_shall_become(String)?[0m

  Scenario Outline: Move of player blocked by wall ?[90m# src/test/resources/ca/mcgill/ecse223/quoridor/features/MovePawn.feature:29?[0m
    ?[36mGiven The player to move is "<player>"?[0m
    ?[36mAnd The player is located at <prow>:<pcol>?[0m
    ?[36mAnd There is a "<dir>" wall at <wrow>:<wcol>?[0m
    ?[36mAnd The opponent is not "<side>" from the player?[0m
    ?[36mWhen Player "<player>" initiates to move "<side>"?[0m
    ?[36mThen The move "<side>" shall be "<status>"?[0m
    ?[36mAnd Player's new position shall be <nrow>:<ncol>?[0m
    ?[36mAnd The next player to move shall become "<nplayer>"?[0m

    Examples: 

  Background:                 ?[90m# src/test/resources/ca/mcgill/ecse223/quoridor/features/MovePawn.feature:5?[0m
    ?[32mGiven ?[0m?[32mThe game is running?[0m ?[90m# CucumberStepDefinitions.theGameIsRunning()?[0m

  Scenario Outline: Move of player blocked by wall   ?[90m# src/test/resources/ca/mcgill/ecse223/quoridor/features/MovePawn.feature:41?[0m
    ?[32mGiven ?[0m?[32mThe player to move is ?[0m?[32m?[1m"white"?[0m              ?[90m# CucumberStepDefinitions.thePlayerToMoveIsPlayer(String)?[0m
    ?[32mAnd ?[0m?[32mThe player is located at ?[0m?[32m?[1m3?[0m?[32m:?[0m?[32m?[1m3?[0m                 ?[90m# CucumberStepDefinitions.thePlayerIsLocatedAt(int,int)?[0m
    ?[32mAnd ?[0m?[32mThere is a ?[0m?[32m?[1m"vertical"?[0m?[32m wall at ?[0m?[32m?[1m2?[0m?[32m:?[0m?[32m?[1m2?[0m            ?[90m# CucumberStepDefinitions.there_is_a_wall_at(String,Integer,Integer)?[0m
    ?[32mAnd ?[0m?[32mThe opponent is not ?[0m?[32m?[1m"left"?[0m?[32m from the player?[0m   ?[90m# CucumberStepDefinitions.theOpponentIsNotFromPlayer(String)?[0m
    ?[32mWhen ?[0m?[32mPlayer ?[0m?[32m?[1m"white"?[0m?[32m initiates to move ?[0m?[32m?[1m"left"?[0m     ?[90m# CucumberStepDefinitions.playerInitiatesToMove(String,String)?[0m
    ?[32mThen ?[0m?[32mThe move ?[0m?[32m?[1m"left"?[0m?[32m shall be ?[0m?[32m?[1m"illegal"?[0m          ?[90m# CucumberStepDefinitions.the_move_shall_be(String,String)?[0m
    ?[32mAnd ?[0m?[32mPlayer's new position shall be ?[0m?[32m?[1m3?[0m?[32m:?[0m?[32m?[1m3?[0m           ?[90m# CucumberStepDefinitions.player_s_new_position_shall_be(int,int)?[0m
    ?[32mAnd ?[0m?[32mThe next player to move shall become ?[0m?[32m?[1m"white"?[0m ?[90m# CucumberStepDefinitions.the_next_player_to_move_shall_become(String)?[0m

  Background:                 ?[90m# src/test/resources/ca/mcgill/ecse223/quoridor/features/MovePawn.feature:5?[0m
    ?[32mGiven ?[0m?[32mThe game is running?[0m ?[90m# CucumberStepDefinitions.theGameIsRunning()?[0m

  Scenario Outline: Move of player blocked by wall   ?[90m# src/test/resources/ca/mcgill/ecse223/quoridor/features/MovePawn.feature:42?[0m
    ?[32mGiven ?[0m?[32mThe player to move is ?[0m?[32m?[1m"black"?[0m              ?[90m# CucumberStepDefinitions.thePlayerToMoveIsPlayer(String)?[0m
    ?[32mAnd ?[0m?[32mThe player is located at ?[0m?[32m?[1m3?[0m?[32m:?[0m?[32m?[1m3?[0m                 ?[90m# CucumberStepDefinitions.thePlayerIsLocatedAt(int,int)?[0m
    ?[32mAnd ?[0m?[32mThere is a ?[0m?[32m?[1m"vertical"?[0m?[32m wall at ?[0m?[32m?[1m3?[0m?[32m:?[0m?[32m?[1m2?[0m            ?[90m# CucumberStepDefinitions.there_is_a_wall_at(String,Integer,Integer)?[0m
    ?[32mAnd ?[0m?[32mThe opponent is not ?[0m?[32m?[1m"left"?[0m?[32m from the player?[0m   ?[90m# CucumberStepDefinitions.theOpponentIsNotFromPlayer(String)?[0m
    ?[32mWhen ?[0m?[32mPlayer ?[0m?[32m?[1m"black"?[0m?[32m initiates to move ?[0m?[32m?[1m"left"?[0m     ?[90m# CucumberStepDefinitions.playerInitiatesToMove(String,String)?[0m
    ?[32mThen ?[0m?[32mThe move ?[0m?[32m?[1m"left"?[0m?[32m shall be ?[0m?[32m?[1m"illegal"?[0m          ?[90m# CucumberStepDefinitions.the_move_shall_be(String,String)?[0m
    ?[32mAnd ?[0m?[32mPlayer's new position shall be ?[0m?[32m?[1m3?[0m?[32m:?[0m?[32m?[1m3?[0m           ?[90m# CucumberStepDefinitions.player_s_new_position_shall_be(int,int)?[0m
    ?[32mAnd ?[0m?[32mThe next player to move shall become ?[0m?[32m?[1m"black"?[0m ?[90m# CucumberStepDefinitions.the_next_player_to_move_shall_become(String)?[0m

  Background:                 ?[90m# src/test/resources/ca/mcgill/ecse223/quoridor/features/MovePawn.feature:5?[0m
    ?[32mGiven ?[0m?[32mThe game is running?[0m ?[90m# CucumberStepDefinitions.theGameIsRunning()?[0m

  Scenario Outline: Move of player blocked by wall   ?[90m# src/test/resources/ca/mcgill/ecse223/quoridor/features/MovePawn.feature:43?[0m
    ?[32mGiven ?[0m?[32mThe player to move is ?[0m?[32m?[1m"white"?[0m              ?[90m# CucumberStepDefinitions.thePlayerToMoveIsPlayer(String)?[0m
    ?[32mAnd ?[0m?[32mThe player is located at ?[0m?[32m?[1m3?[0m?[32m:?[0m?[32m?[1m3?[0m                 ?[90m# CucumberStepDefinitions.thePlayerIsLocatedAt(int,int)?[0m
    ?[32mAnd ?[0m?[32mThere is a ?[0m?[32m?[1m"vertical"?[0m?[32m wall at ?[0m?[32m?[1m2?[0m?[32m:?[0m?[32m?[1m3?[0m            ?[90m# CucumberStepDefinitions.there_is_a_wall_at(String,Integer,Integer)?[0m
    ?[32mAnd ?[0m?[32mThe opponent is not ?[0m?[32m?[1m"right"?[0m?[32m from the player?[0m  ?[90m# CucumberStepDefinitions.theOpponentIsNotFromPlayer(String)?[0m
    ?[32mWhen ?[0m?[32mPlayer ?[0m?[32m?[1m"white"?[0m?[32m initiates to move ?[0m?[32m?[1m"right"?[0m    ?[90m# CucumberStepDefinitions.playerInitiatesToMove(String,String)?[0m
    ?[32mThen ?[0m?[32mThe move ?[0m?[32m?[1m"right"?[0m?[32m shall be ?[0m?[32m?[1m"illegal"?[0m         ?[90m# CucumberStepDefinitions.the_move_shall_be(String,String)?[0m
    ?[32mAnd ?[0m?[32mPlayer's new position shall be ?[0m?[32m?[1m3?[0m?[32m:?[0m?[32m?[1m3?[0m           ?[90m# CucumberStepDefinitions.player_s_new_position_shall_be(int,int)?[0m
    ?[32mAnd ?[0m?[32mThe next player to move shall become ?[0m?[32m?[1m"white"?[0m ?[90m# CucumberStepDefinitions.the_next_player_to_move_shall_become(String)?[0m

  Background:                 ?[90m# src/test/resources/ca/mcgill/ecse223/quoridor/features/MovePawn.feature:5?[0m
    ?[32mGiven ?[0m?[32mThe game is running?[0m ?[90m# CucumberStepDefinitions.theGameIsRunning()?[0m

  Scenario Outline: Move of player blocked by wall   ?[90m# src/test/resources/ca/mcgill/ecse223/quoridor/features/MovePawn.feature:44?[0m
    ?[32mGiven ?[0m?[32mThe player to move is ?[0m?[32m?[1m"black"?[0m              ?[90m# CucumberStepDefinitions.thePlayerToMoveIsPlayer(String)?[0m
    ?[32mAnd ?[0m?[32mThe player is located at ?[0m?[32m?[1m3?[0m?[32m:?[0m?[32m?[1m3?[0m                 ?[90m# CucumberStepDefinitions.thePlayerIsLocatedAt(int,int)?[0m
    ?[32mAnd ?[0m?[32mThere is a ?[0m?[32m?[1m"vertical"?[0m?[32m wall at ?[0m?[32m?[1m3?[0m?[32m:?[0m?[32m?[1m3?[0m            ?[90m# CucumberStepDefinitions.there_is_a_wall_at(String,Integer,Integer)?[0m
    ?[32mAnd ?[0m?[32mThe opponent is not ?[0m?[32m?[1m"right"?[0m?[32m from the player?[0m  ?[90m# CucumberStepDefinitions.theOpponentIsNotFromPlayer(String)?[0m
    ?[32mWhen ?[0m?[32mPlayer ?[0m?[32m?[1m"black"?[0m?[32m initiates to move ?[0m?[32m?[1m"right"?[0m    ?[90m# CucumberStepDefinitions.playerInitiatesToMove(String,String)?[0m
    ?[32mThen ?[0m?[32mThe move ?[0m?[32m?[1m"right"?[0m?[32m shall be ?[0m?[32m?[1m"illegal"?[0m         ?[90m# CucumberStepDefinitions.the_move_shall_be(String,String)?[0m
    ?[32mAnd ?[0m?[32mPlayer's new position shall be ?[0m?[32m?[1m3?[0m?[32m:?[0m?[32m?[1m3?[0m           ?[90m# CucumberStepDefinitions.player_s_new_position_shall_be(int,int)?[0m
    ?[32mAnd ?[0m?[32mThe next player to move shall become ?[0m?[32m?[1m"black"?[0m ?[90m# CucumberStepDefinitions.the_next_player_to_move_shall_become(String)?[0m

  Background:                 ?[90m# src/test/resources/ca/mcgill/ecse223/quoridor/features/MovePawn.feature:5?[0m
    ?[32mGiven ?[0m?[32mThe game is running?[0m ?[90m# CucumberStepDefinitions.theGameIsRunning()?[0m

  Scenario Outline: Move of player blocked by wall   ?[90m# src/test/resources/ca/mcgill/ecse223/quoridor/features/MovePawn.feature:45?[0m
    ?[32mGiven ?[0m?[32mThe player to move is ?[0m?[32m?[1m"white"?[0m              ?[90m# CucumberStepDefinitions.thePlayerToMoveIsPlayer(String)?[0m
    ?[32mAnd ?[0m?[32mThe player is located at ?[0m?[32m?[1m3?[0m?[32m:?[0m?[32m?[1m3?[0m                 ?[90m# CucumberStepDefinitions.thePlayerIsLocatedAt(int,int)?[0m
    ?[32mAnd ?[0m?[32mThere is a ?[0m?[32m?[1m"horizontal"?[0m?[32m wall at ?[0m?[32m?[1m2?[0m?[32m:?[0m?[32m?[1m2?[0m          ?[90m# CucumberStepDefinitions.there_is_a_wall_at(String,Integer,Integer)?[0m
    ?[32mAnd ?[0m?[32mThe opponent is not ?[0m?[32m?[1m"up"?[0m?[32m from the player?[0m     ?[90m# CucumberStepDefinitions.theOpponentIsNotFromPlayer(String)?[0m
    ?[32mWhen ?[0m?[32mPlayer ?[0m?[32m?[1m"white"?[0m?[32m initiates to move ?[0m?[32m?[1m"up"?[0m       ?[90m# CucumberStepDefinitions.playerInitiatesToMove(String,String)?[0m
    ?[32mThen ?[0m?[32mThe move ?[0m?[32m?[1m"up"?[0m?[32m shall be ?[0m?[32m?[1m"illegal"?[0m            ?[90m# CucumberStepDefinitions.the_move_shall_be(String,String)?[0m
    ?[32mAnd ?[0m?[32mPlayer's new position shall be ?[0m?[32m?[1m3?[0m?[32m:?[0m?[32m?[1m3?[0m           ?[90m# CucumberStepDefinitions.player_s_new_position_shall_be(int,int)?[0m
    ?[32mAnd ?[0m?[32mThe next player to move shall become ?[0m?[32m?[1m"white"?[0m ?[90m# CucumberStepDefinitions.the_next_player_to_move_shall_become(String)?[0m

  Background:                 ?[90m# src/test/resources/ca/mcgill/ecse223/quoridor/features/MovePawn.feature:5?[0m
    ?[32mGiven ?[0m?[32mThe game is running?[0m ?[90m# CucumberStepDefinitions.theGameIsRunning()?[0m

  Scenario Outline: Move of player blocked by wall   ?[90m# src/test/resources/ca/mcgill/ecse223/quoridor/features/MovePawn.feature:46?[0m
    ?[32mGiven ?[0m?[32mThe player to move is ?[0m?[32m?[1m"black"?[0m              ?[90m# CucumberStepDefinitions.thePlayerToMoveIsPlayer(String)?[0m
    ?[32mAnd ?[0m?[32mThe player is located at ?[0m?[32m?[1m3?[0m?[32m:?[0m?[32m?[1m3?[0m                 ?[90m# CucumberStepDefinitions.thePlayerIsLocatedAt(int,int)?[0m
    ?[32mAnd ?[0m?[32mThere is a ?[0m?[32m?[1m"horizontal"?[0m?[32m wall at ?[0m?[32m?[1m2?[0m?[32m:?[0m?[32m?[1m3?[0m          ?[90m# CucumberStepDefinitions.there_is_a_wall_at(String,Integer,Integer)?[0m
    ?[32mAnd ?[0m?[32mThe opponent is not ?[0m?[32m?[1m"up"?[0m?[32m from the player?[0m     ?[90m# CucumberStepDefinitions.theOpponentIsNotFromPlayer(String)?[0m
    ?[32mWhen ?[0m?[32mPlayer ?[0m?[32m?[1m"black"?[0m?[32m initiates to move ?[0m?[32m?[1m"up"?[0m       ?[90m# CucumberStepDefinitions.playerInitiatesToMove(String,String)?[0m
    ?[32mThen ?[0m?[32mThe move ?[0m?[32m?[1m"up"?[0m?[32m shall be ?[0m?[32m?[1m"illegal"?[0m            ?[90m# CucumberStepDefinitions.the_move_shall_be(String,String)?[0m
    ?[32mAnd ?[0m?[32mPlayer's new position shall be ?[0m?[32m?[1m3?[0m?[32m:?[0m?[32m?[1m3?[0m           ?[90m# CucumberStepDefinitions.player_s_new_position_shall_be(int,int)?[0m
    ?[32mAnd ?[0m?[32mThe next player to move shall become ?[0m?[32m?[1m"black"?[0m ?[90m# CucumberStepDefinitions.the_next_player_to_move_shall_become(String)?[0m

  Background:                 ?[90m# src/test/resources/ca/mcgill/ecse223/quoridor/features/MovePawn.feature:5?[0m
    ?[32mGiven ?[0m?[32mThe game is running?[0m ?[90m# CucumberStepDefinitions.theGameIsRunning()?[0m

  Scenario Outline: Move of player blocked by wall   ?[90m# src/test/resources/ca/mcgill/ecse223/quoridor/features/MovePawn.feature:47?[0m
    ?[32mGiven ?[0m?[32mThe player to move is ?[0m?[32m?[1m"white"?[0m              ?[90m# CucumberStepDefinitions.thePlayerToMoveIsPlayer(String)?[0m
    ?[32mAnd ?[0m?[32mThe player is located at ?[0m?[32m?[1m3?[0m?[32m:?[0m?[32m?[1m3?[0m                 ?[90m# CucumberStepDefinitions.thePlayerIsLocatedAt(int,int)?[0m
    ?[32mAnd ?[0m?[32mThere is a ?[0m?[32m?[1m"horizontal"?[0m?[32m wall at ?[0m?[32m?[1m3?[0m?[32m:?[0m?[32m?[1m2?[0m          ?[90m# CucumberStepDefinitions.there_is_a_wall_at(String,Integer,Integer)?[0m
    ?[32mAnd ?[0m?[32mThe opponent is not ?[0m?[32m?[1m"down"?[0m?[32m from the player?[0m   ?[90m# CucumberStepDefinitions.theOpponentIsNotFromPlayer(String)?[0m
    ?[32mWhen ?[0m?[32mPlayer ?[0m?[32m?[1m"white"?[0m?[32m initiates to move ?[0m?[32m?[1m"down"?[0m     ?[90m# CucumberStepDefinitions.playerInitiatesToMove(String,String)?[0m
    ?[32mThen ?[0m?[32mThe move ?[0m?[32m?[1m"down"?[0m?[32m shall be ?[0m?[32m?[1m"illegal"?[0m          ?[90m# CucumberStepDefinitions.the_move_shall_be(String,String)?[0m
    ?[32mAnd ?[0m?[32mPlayer's new position shall be ?[0m?[32m?[1m3?[0m?[32m:?[0m?[32m?[1m3?[0m           ?[90m# CucumberStepDefinitions.player_s_new_position_shall_be(int,int)?[0m
    ?[32mAnd ?[0m?[32mThe next player to move shall become ?[0m?[32m?[1m"white"?[0m ?[90m# CucumberStepDefinitions.the_next_player_to_move_shall_become(String)?[0m

  Background:                 ?[90m# src/test/resources/ca/mcgill/ecse223/quoridor/features/MovePawn.feature:5?[0m
    ?[32mGiven ?[0m?[32mThe game is running?[0m ?[90m# CucumberStepDefinitions.theGameIsRunning()?[0m

  Scenario Outline: Move of player blocked by wall   ?[90m# src/test/resources/ca/mcgill/ecse223/quoridor/features/MovePawn.feature:48?[0m
    ?[32mGiven ?[0m?[32mThe player to move is ?[0m?[32m?[1m"black"?[0m              ?[90m# CucumberStepDefinitions.thePlayerToMoveIsPlayer(String)?[0m
    ?[32mAnd ?[0m?[32mThe player is located at ?[0m?[32m?[1m3?[0m?[32m:?[0m?[32m?[1m3?[0m                 ?[90m# CucumberStepDefinitions.thePlayerIsLocatedAt(int,int)?[0m
    ?[32mAnd ?[0m?[32mThere is a ?[0m?[32m?[1m"horizontal"?[0m?[32m wall at ?[0m?[32m?[1m3?[0m?[32m:?[0m?[32m?[1m3?[0m          ?[90m# CucumberStepDefinitions.there_is_a_wall_at(String,Integer,Integer)?[0m
    ?[32mAnd ?[0m?[32mThe opponent is not ?[0m?[32m?[1m"down"?[0m?[32m from the player?[0m   ?[90m# CucumberStepDefinitions.theOpponentIsNotFromPlayer(String)?[0m
    ?[32mWhen ?[0m?[32mPlayer ?[0m?[32m?[1m"black"?[0m?[32m initiates to move ?[0m?[32m?[1m"down"?[0m     ?[90m# CucumberStepDefinitions.playerInitiatesToMove(String,String)?[0m
    ?[32mThen ?[0m?[32mThe move ?[0m?[32m?[1m"down"?[0m?[32m shall be ?[0m?[32m?[1m"illegal"?[0m          ?[90m# CucumberStepDefinitions.the_move_shall_be(String,String)?[0m
    ?[32mAnd ?[0m?[32mPlayer's new position shall be ?[0m?[32m?[1m3?[0m?[32m:?[0m?[32m?[1m3?[0m           ?[90m# CucumberStepDefinitions.player_s_new_position_shall_be(int,int)?[0m
    ?[32mAnd ?[0m?[32mThe next player to move shall become ?[0m?[32m?[1m"black"?[0m ?[90m# CucumberStepDefinitions.the_next_player_to_move_shall_become(String)?[0m

Feature: Move Wall
  As a player who grabbed a wall, I wish to move the wall between possible rows and columns of the board 
  so that I could move it to its designated target position. 
  I wish to get feedback from the game if a designated wall position is illegal.

  Scenario Outline: Move wall over the board ?[90m# src/test/resources/ca/mcgill/ecse223/quoridor/features/MoveWall.feature:11?[0m
    ?[36mGiven A wall move candidate exists with "<dir>" at position (<row>, <col>)?[0m
    ?[36mAnd The wall candidate is not at the "<side>" edge of the board?[0m
    ?[36mWhen I try to move the wall "<side>"?[0m
    ?[36mThen The wall shall be moved over the board to position (<nrow>, <ncol>)?[0m
    ?[36mAnd A wall move candidate shall exist with "<dir>" at position (<nrow>, <ncol>)?[0m

    Examples: 

  Background:                                   ?[90m# src/test/resources/ca/mcgill/ecse223/quoridor/features/MoveWall.feature:6?[0m
    ?[32mGiven ?[0m?[32mThe game is running?[0m                   ?[90m# CucumberStepDefinitions.theGameIsRunning()?[0m
    ?[32mAnd ?[0m?[32mIt is my turn to move?[0m                   ?[90m# CucumberStepDefinitions.itIsMyTurnToMove()?[0m
    ?[32mAnd ?[0m?[32mI have a wall in my hand over the board?[0m ?[90m# CucumberStepDefinitions.iHaveAWallInMyHandOverTheBoard()?[0m

  Scenario Outline: Move wall over the board                                 ?[90m# src/test/resources/ca/mcgill/ecse223/quoridor/features/MoveWall.feature:20?[0m
    ?[32mGiven ?[0m?[32mA wall move candidate exists with ?[0m?[32m?[1m"vertical"?[0m?[32m at position (?[0m?[32m?[1m2?[0m?[32m, ?[0m?[32m?[1m3?[0m?[32m)?[0m    ?[90m# CucumberStepDefinitions.wallMoveCandidateExists(String,int,int)?[0m
    ?[32mAnd ?[0m?[32mThe wall candidate is not at the ?[0m?[32m?[1m"left"?[0m?[32m edge of the board?[0m            ?[90m# CucumberStepDefinitions.wallIsNotAtEdge(String)?[0m
    ?[32mWhen ?[0m?[32mI try to move the wall ?[0m?[32m?[1m"left"?[0m                                       ?[90m# CucumberStepDefinitions.tryToMoveWall(String)?[0m
    ?[32mThen ?[0m?[32mThe wall shall be moved over the board to position (?[0m?[32m?[1m2?[0m?[32m, ?[0m?[32m?[1m2?[0m?[32m)?[0m           ?[90m# CucumberStepDefinitions.thisWallIsAtPosition(int,int)?[0m
    ?[32mAnd ?[0m?[32mA wall move candidate shall exist with ?[0m?[32m?[1m"vertical"?[0m?[32m at position (?[0m?[32m?[1m2?[0m?[32m, ?[0m?[32m?[1m2?[0m?[32m)?[0m ?[90m# CucumberStepDefinitions.wallMoveCandidateExistsAt(String,int,int)?[0m

  Background:                                   ?[90m# src/test/resources/ca/mcgill/ecse223/quoridor/features/MoveWall.feature:6?[0m
    ?[32mGiven ?[0m?[32mThe game is running?[0m                   ?[90m# CucumberStepDefinitions.theGameIsRunning()?[0m
    ?[32mAnd ?[0m?[32mIt is my turn to move?[0m                   ?[90m# CucumberStepDefinitions.itIsMyTurnToMove()?[0m
    ?[32mAnd ?[0m?[32mI have a wall in my hand over the board?[0m ?[90m# CucumberStepDefinitions.iHaveAWallInMyHandOverTheBoard()?[0m

  Scenario Outline: Move wall over the board                                   ?[90m# src/test/resources/ca/mcgill/ecse223/quoridor/features/MoveWall.feature:21?[0m
    ?[32mGiven ?[0m?[32mA wall move candidate exists with ?[0m?[32m?[1m"horizontal"?[0m?[32m at position (?[0m?[32m?[1m2?[0m?[32m, ?[0m?[32m?[1m3?[0m?[32m)?[0m    ?[90m# CucumberStepDefinitions.wallMoveCandidateExists(String,int,int)?[0m
    ?[32mAnd ?[0m?[32mThe wall candidate is not at the ?[0m?[32m?[1m"right"?[0m?[32m edge of the board?[0m             ?[90m# CucumberStepDefinitions.wallIsNotAtEdge(String)?[0m
    ?[32mWhen ?[0m?[32mI try to move the wall ?[0m?[32m?[1m"right"?[0m                                        ?[90m# CucumberStepDefinitions.tryToMoveWall(String)?[0m
    ?[32mThen ?[0m?[32mThe wall shall be moved over the board to position (?[0m?[32m?[1m2?[0m?[32m, ?[0m?[32m?[1m4?[0m?[32m)?[0m             ?[90m# CucumberStepDefinitions.thisWallIsAtPosition(int,int)?[0m
    ?[32mAnd ?[0m?[32mA wall move candidate shall exist with ?[0m?[32m?[1m"horizontal"?[0m?[32m at position (?[0m?[32m?[1m2?[0m?[32m, ?[0m?[32m?[1m4?[0m?[32m)?[0m ?[90m# CucumberStepDefinitions.wallMoveCandidateExistsAt(String,int,int)?[0m

  Background:                                   ?[90m# src/test/resources/ca/mcgill/ecse223/quoridor/features/MoveWall.feature:6?[0m
    ?[32mGiven ?[0m?[32mThe game is running?[0m                   ?[90m# CucumberStepDefinitions.theGameIsRunning()?[0m
    ?[32mAnd ?[0m?[32mIt is my turn to move?[0m                   ?[90m# CucumberStepDefinitions.itIsMyTurnToMove()?[0m
    ?[32mAnd ?[0m?[32mI have a wall in my hand over the board?[0m ?[90m# CucumberStepDefinitions.iHaveAWallInMyHandOverTheBoard()?[0m

  Scenario Outline: Move wall over the board                                 ?[90m# src/test/resources/ca/mcgill/ecse223/quoridor/features/MoveWall.feature:22?[0m
    ?[32mGiven ?[0m?[32mA wall move candidate exists with ?[0m?[32m?[1m"vertical"?[0m?[32m at position (?[0m?[32m?[1m5?[0m?[32m, ?[0m?[32m?[1m6?[0m?[32m)?[0m    ?[90m# CucumberStepDefinitions.wallMoveCandidateExists(String,int,int)?[0m
    ?[32mAnd ?[0m?[32mThe wall candidate is not at the ?[0m?[32m?[1m"up"?[0m?[32m edge of the board?[0m              ?[90m# CucumberStepDefinitions.wallIsNotAtEdge(String)?[0m
    ?[32mWhen ?[0m?[32mI try to move the wall ?[0m?[32m?[1m"up"?[0m                                         ?[90m# CucumberStepDefinitions.tryToMoveWall(String)?[0m
    ?[32mThen ?[0m?[32mThe wall shall be moved over the board to position (?[0m?[32m?[1m4?[0m?[32m, ?[0m?[32m?[1m6?[0m?[32m)?[0m           ?[90m# CucumberStepDefinitions.thisWallIsAtPosition(int,int)?[0m
    ?[32mAnd ?[0m?[32mA wall move candidate shall exist with ?[0m?[32m?[1m"vertical"?[0m?[32m at position (?[0m?[32m?[1m4?[0m?[32m, ?[0m?[32m?[1m6?[0m?[32m)?[0m ?[90m# CucumberStepDefinitions.wallMoveCandidateExistsAt(String,int,int)?[0m

  Background:                                   ?[90m# src/test/resources/ca/mcgill/ecse223/quoridor/features/MoveWall.feature:6?[0m
    ?[32mGiven ?[0m?[32mThe game is running?[0m                   ?[90m# CucumberStepDefinitions.theGameIsRunning()?[0m
    ?[32mAnd ?[0m?[32mIt is my turn to move?[0m                   ?[90m# CucumberStepDefinitions.itIsMyTurnToMove()?[0m
    ?[32mAnd ?[0m?[32mI have a wall in my hand over the board?[0m ?[90m# CucumberStepDefinitions.iHaveAWallInMyHandOverTheBoard()?[0m

  Scenario Outline: Move wall over the board                                   ?[90m# src/test/resources/ca/mcgill/ecse223/quoridor/features/MoveWall.feature:23?[0m
    ?[32mGiven ?[0m?[32mA wall move candidate exists with ?[0m?[32m?[1m"horizontal"?[0m?[32m at position (?[0m?[32m?[1m5?[0m?[32m, ?[0m?[32m?[1m6?[0m?[32m)?[0m    ?[90m# CucumberStepDefinitions.wallMoveCandidateExists(String,int,int)?[0m
    ?[32mAnd ?[0m?[32mThe wall candidate is not at the ?[0m?[32m?[1m"down"?[0m?[32m edge of the board?[0m              ?[90m# CucumberStepDefinitions.wallIsNotAtEdge(String)?[0m
    ?[32mWhen ?[0m?[32mI try to move the wall ?[0m?[32m?[1m"down"?[0m                                         ?[90m# CucumberStepDefinitions.tryToMoveWall(String)?[0m
    ?[32mThen ?[0m?[32mThe wall shall be moved over the board to position (?[0m?[32m?[1m6?[0m?[32m, ?[0m?[32m?[1m6?[0m?[32m)?[0m             ?[90m# CucumberStepDefinitions.thisWallIsAtPosition(int,int)?[0m
    ?[32mAnd ?[0m?[32mA wall move candidate shall exist with ?[0m?[32m?[1m"horizontal"?[0m?[32m at position (?[0m?[32m?[1m6?[0m?[32m, ?[0m?[32m?[1m6?[0m?[32m)?[0m ?[90m# CucumberStepDefinitions.wallMoveCandidateExistsAt(String,int,int)?[0m

  Scenario Outline: Move wall at the edge of the board ?[90m# src/test/resources/ca/mcgill/ecse223/quoridor/features/MoveWall.feature:25?[0m
    ?[36mGiven A wall move candidate exists with "<dir>" at position (<row>, <col>)?[0m
    ?[36mAnd The wall candidate is at the "<side>" edge of the board?[0m
    ?[36mWhen I try to move the wall "<side>"?[0m
    ?[36mThen I shall be notified that my move is illegal?[0m
    ?[36mAnd A wall move candidate shall exist with "<dir>" at position (<nrow>, <ncol>)?[0m

    Examples: 

  Background:                                   ?[90m# src/test/resources/ca/mcgill/ecse223/quoridor/features/MoveWall.feature:6?[0m
    ?[32mGiven ?[0m?[32mThe game is running?[0m                   ?[90m# CucumberStepDefinitions.theGameIsRunning()?[0m
    ?[32mAnd ?[0m?[32mIt is my turn to move?[0m                   ?[90m# CucumberStepDefinitions.itIsMyTurnToMove()?[0m
    ?[32mAnd ?[0m?[32mI have a wall in my hand over the board?[0m ?[90m# CucumberStepDefinitions.iHaveAWallInMyHandOverTheBoard()?[0m

  Scenario Outline: Move wall at the edge of the board                       ?[90m# src/test/resources/ca/mcgill/ecse223/quoridor/features/MoveWall.feature:34?[0m
    ?[32mGiven ?[0m?[32mA wall move candidate exists with ?[0m?[32m?[1m"vertical"?[0m?[32m at position (?[0m?[32m?[1m2?[0m?[32m, ?[0m?[32m?[1m1?[0m?[32m)?[0m    ?[90m# CucumberStepDefinitions.wallMoveCandidateExists(String,int,int)?[0m
    ?[32mAnd ?[0m?[32mThe wall candidate is at the ?[0m?[32m?[1m"left"?[0m?[32m edge of the board?[0m                ?[90m# CucumberStepDefinitions.wallIsAtEdge(String)?[0m
    ?[32mWhen ?[0m?[32mI try to move the wall ?[0m?[32m?[1m"left"?[0m                                       ?[90m# CucumberStepDefinitions.tryToMoveWall(String)?[0m
    ?[32mThen ?[0m?[32mI shall be notified that my move is illegal?[0m                         ?[90m# CucumberStepDefinitions.testIllegalMoveNotification()?[0m
    ?[32mAnd ?[0m?[32mA wall move candidate shall exist with ?[0m?[32m?[1m"vertical"?[0m?[32m at position (?[0m?[32m?[1m2?[0m?[32m, ?[0m?[32m?[1m1?[0m?[32m)?[0m ?[90m# CucumberStepDefinitions.wallMoveCandidateExistsAt(String,int,int)?[0m

  Background:                                   ?[90m# src/test/resources/ca/mcgill/ecse223/quoridor/features/MoveWall.feature:6?[0m
    ?[32mGiven ?[0m?[32mThe game is running?[0m                   ?[90m# CucumberStepDefinitions.theGameIsRunning()?[0m
    ?[32mAnd ?[0m?[32mIt is my turn to move?[0m                   ?[90m# CucumberStepDefinitions.itIsMyTurnToMove()?[0m
    ?[32mAnd ?[0m?[32mI have a wall in my hand over the board?[0m ?[90m# CucumberStepDefinitions.iHaveAWallInMyHandOverTheBoard()?[0m

  Scenario Outline: Move wall at the edge of the board                         ?[90m# src/test/resources/ca/mcgill/ecse223/quoridor/features/MoveWall.feature:35?[0m
    ?[32mGiven ?[0m?[32mA wall move candidate exists with ?[0m?[32m?[1m"horizontal"?[0m?[32m at position (?[0m?[32m?[1m2?[0m?[32m, ?[0m?[32m?[1m8?[0m?[32m)?[0m    ?[90m# CucumberStepDefinitions.wallMoveCandidateExists(String,int,int)?[0m
    ?[32mAnd ?[0m?[32mThe wall candidate is at the ?[0m?[32m?[1m"right"?[0m?[32m edge of the board?[0m                 ?[90m# CucumberStepDefinitions.wallIsAtEdge(String)?[0m
    ?[32mWhen ?[0m?[32mI try to move the wall ?[0m?[32m?[1m"right"?[0m                                        ?[90m# CucumberStepDefinitions.tryToMoveWall(String)?[0m
    ?[32mThen ?[0m?[32mI shall be notified that my move is illegal?[0m                           ?[90m# CucumberStepDefinitions.testIllegalMoveNotification()?[0m
    ?[32mAnd ?[0m?[32mA wall move candidate shall exist with ?[0m?[32m?[1m"horizontal"?[0m?[32m at position (?[0m?[32m?[1m2?[0m?[32m, ?[0m?[32m?[1m8?[0m?[32m)?[0m ?[90m# CucumberStepDefinitions.wallMoveCandidateExistsAt(String,int,int)?[0m

  Background:                                   ?[90m# src/test/resources/ca/mcgill/ecse223/quoridor/features/MoveWall.feature:6?[0m
    ?[32mGiven ?[0m?[32mThe game is running?[0m                   ?[90m# CucumberStepDefinitions.theGameIsRunning()?[0m
    ?[32mAnd ?[0m?[32mIt is my turn to move?[0m                   ?[90m# CucumberStepDefinitions.itIsMyTurnToMove()?[0m
    ?[32mAnd ?[0m?[32mI have a wall in my hand over the board?[0m ?[90m# CucumberStepDefinitions.iHaveAWallInMyHandOverTheBoard()?[0m

  Scenario Outline: Move wall at the edge of the board                       ?[90m# src/test/resources/ca/mcgill/ecse223/quoridor/features/MoveWall.feature:36?[0m
    ?[32mGiven ?[0m?[32mA wall move candidate exists with ?[0m?[32m?[1m"vertical"?[0m?[32m at position (?[0m?[32m?[1m1?[0m?[32m, ?[0m?[32m?[1m6?[0m?[32m)?[0m    ?[90m# CucumberStepDefinitions.wallMoveCandidateExists(String,int,int)?[0m
    ?[32mAnd ?[0m?[32mThe wall candidate is at the ?[0m?[32m?[1m"up"?[0m?[32m edge of the board?[0m                  ?[90m# CucumberStepDefinitions.wallIsAtEdge(String)?[0m
    ?[32mWhen ?[0m?[32mI try to move the wall ?[0m?[32m?[1m"up"?[0m                                         ?[90m# CucumberStepDefinitions.tryToMoveWall(String)?[0m
    ?[32mThen ?[0m?[32mI shall be notified that my move is illegal?[0m                         ?[90m# CucumberStepDefinitions.testIllegalMoveNotification()?[0m
    ?[32mAnd ?[0m?[32mA wall move candidate shall exist with ?[0m?[32m?[1m"vertical"?[0m?[32m at position (?[0m?[32m?[1m1?[0m?[32m, ?[0m?[32m?[1m6?[0m?[32m)?[0m ?[90m# CucumberStepDefinitions.wallMoveCandidateExistsAt(String,int,int)?[0m

  Background:                                   ?[90m# src/test/resources/ca/mcgill/ecse223/quoridor/features/MoveWall.feature:6?[0m
    ?[32mGiven ?[0m?[32mThe game is running?[0m                   ?[90m# CucumberStepDefinitions.theGameIsRunning()?[0m
    ?[32mAnd ?[0m?[32mIt is my turn to move?[0m                   ?[90m# CucumberStepDefinitions.itIsMyTurnToMove()?[0m
    ?[32mAnd ?[0m?[32mI have a wall in my hand over the board?[0m ?[90m# CucumberStepDefinitions.iHaveAWallInMyHandOverTheBoard()?[0m

  Scenario Outline: Move wall at the edge of the board                         ?[90m# src/test/resources/ca/mcgill/ecse223/quoridor/features/MoveWall.feature:37?[0m
    ?[32mGiven ?[0m?[32mA wall move candidate exists with ?[0m?[32m?[1m"horizontal"?[0m?[32m at position (?[0m?[32m?[1m8?[0m?[32m, ?[0m?[32m?[1m6?[0m?[32m)?[0m    ?[90m# CucumberStepDefinitions.wallMoveCandidateExists(String,int,int)?[0m
    ?[32mAnd ?[0m?[32mThe wall candidate is at the ?[0m?[32m?[1m"down"?[0m?[32m edge of the board?[0m                  ?[90m# CucumberStepDefinitions.wallIsAtEdge(String)?[0m
    ?[32mWhen ?[0m?[32mI try to move the wall ?[0m?[32m?[1m"down"?[0m                                         ?[90m# CucumberStepDefinitions.tryToMoveWall(String)?[0m
    ?[32mThen ?[0m?[32mI shall be notified that my move is illegal?[0m                           ?[90m# CucumberStepDefinitions.testIllegalMoveNotification()?[0m
    ?[32mAnd ?[0m?[32mA wall move candidate shall exist with ?[0m?[32m?[1m"horizontal"?[0m?[32m at position (?[0m?[32m?[1m8?[0m?[32m, ?[0m?[32m?[1m6?[0m?[32m)?[0m ?[90m# CucumberStepDefinitions.wallMoveCandidateExistsAt(String,int,int)?[0m

Feature: Provide Or Select User Name
  As a prospective player, I wish to use my unique user name when a new game starts, 
  or create a new user name if the designated user name does not exist yet.

  Scenario Outline: Select existing user name ?[90m# src/test/resources/ca/mcgill/ecse223/quoridor/features/ProvideSelectUserName.feature:8?[0m
    ?[36mGiven Next player to set user name is "<color>"?[0m
    ?[36mAnd There is existing user "<username>"?[0m
    ?[36mWhen The player selects existing "<username>"?[0m
    ?[36mThen The name of player "<color>" in the new game shall be "<username>"?[0m

    Examples: 

  Background:                        ?[90m# src/test/resources/ca/mcgill/ecse223/quoridor/features/ProvideSelectUserName.feature:5?[0m
    ?[32mGiven ?[0m?[32mA new game is initializing?[0m ?[90m# CucumberStepDefinitions.aNewGameIsInitializing()?[0m

  Scenario Outline: Select existing user name                         ?[90m# src/test/resources/ca/mcgill/ecse223/quoridor/features/ProvideSelectUserName.feature:16?[0m
    ?[32mGiven ?[0m?[32mNext player to set user name is ?[0m?[32m?[1m"white"?[0m                     ?[90m# CucumberStepDefinitions.nextPlayerToSetUserNameIs(String)?[0m
    ?[32mAnd ?[0m?[32mThere is existing user ?[0m?[32m?[1m"Daniel"?[0m                               ?[90m# CucumberStepDefinitions.thereIsExistingUser(String)?[0m
    ?[32mWhen ?[0m?[32mThe player selects existing ?[0m?[32m?[1m"Daniel"?[0m                         ?[90m# CucumberStepDefinitions.thePlayerSelectsExisting(String)?[0m
    ?[32mThen ?[0m?[32mThe name of player ?[0m?[32m?[1m"white"?[0m?[32m in the new game shall be ?[0m?[32m?[1m"Daniel"?[0m ?[90m# CucumberStepDefinitions.theNameOfPlayerInTheNewGameShallBe(String,String)?[0m

  Background:                        ?[90m# src/test/resources/ca/mcgill/ecse223/quoridor/features/ProvideSelectUserName.feature:5?[0m
    ?[32mGiven ?[0m?[32mA new game is initializing?[0m ?[90m# CucumberStepDefinitions.aNewGameIsInitializing()?[0m

  Scenario Outline: Select existing user name                         ?[90m# src/test/resources/ca/mcgill/ecse223/quoridor/features/ProvideSelectUserName.feature:17?[0m
    ?[32mGiven ?[0m?[32mNext player to set user name is ?[0m?[32m?[1m"black"?[0m                     ?[90m# CucumberStepDefinitions.nextPlayerToSetUserNameIs(String)?[0m
    ?[32mAnd ?[0m?[32mThere is existing user ?[0m?[32m?[1m"Marton"?[0m                               ?[90m# CucumberStepDefinitions.thereIsExistingUser(String)?[0m
    ?[32mWhen ?[0m?[32mThe player selects existing ?[0m?[32m?[1m"Marton"?[0m                         ?[90m# CucumberStepDefinitions.thePlayerSelectsExisting(String)?[0m
    ?[32mThen ?[0m?[32mThe name of player ?[0m?[32m?[1m"black"?[0m?[32m in the new game shall be ?[0m?[32m?[1m"Marton"?[0m ?[90m# CucumberStepDefinitions.theNameOfPlayerInTheNewGameShallBe(String,String)?[0m

  Scenario Outline: Create new user name ?[90m# src/test/resources/ca/mcgill/ecse223/quoridor/features/ProvideSelectUserName.feature:19?[0m
    ?[36mGiven Next player to set user name is "<color>"?[0m
    ?[36mAnd There is no existing user "<username>"?[0m
    ?[36mWhen The player provides new user name: "<username>"?[0m
    ?[36mThen The name of player "<color>" in the new game shall be "<username>"?[0m

    Examples: 

  Background:                        ?[90m# src/test/resources/ca/mcgill/ecse223/quoridor/features/ProvideSelectUserName.feature:5?[0m
    ?[32mGiven ?[0m?[32mA new game is initializing?[0m ?[90m# CucumberStepDefinitions.aNewGameIsInitializing()?[0m

  Scenario Outline: Create new user name                             ?[90m# src/test/resources/ca/mcgill/ecse223/quoridor/features/ProvideSelectUserName.feature:27?[0m
    ?[32mGiven ?[0m?[32mNext player to set user name is ?[0m?[32m?[1m"white"?[0m                    ?[90m# CucumberStepDefinitions.nextPlayerToSetUserNameIs(String)?[0m
    ?[32mAnd ?[0m?[32mThere is no existing user ?[0m?[32m?[1m"Rijul"?[0m                            ?[90m# CucumberStepDefinitions.thereIsNoExistingUser(String)?[0m
    ?[32mWhen ?[0m?[32mThe player provides new user name: ?[0m?[32m?[1m"Rijul"?[0m                  ?[90m# CucumberStepDefinitions.thePlayerProvidesNewUserName(String)?[0m
    ?[32mThen ?[0m?[32mThe name of player ?[0m?[32m?[1m"white"?[0m?[32m in the new game shall be ?[0m?[32m?[1m"Rijul"?[0m ?[90m# CucumberStepDefinitions.theNameOfPlayerInTheNewGameShallBe(String,String)?[0m

  Background:                        ?[90m# src/test/resources/ca/mcgill/ecse223/quoridor/features/ProvideSelectUserName.feature:5?[0m
    ?[32mGiven ?[0m?[32mA new game is initializing?[0m ?[90m# CucumberStepDefinitions.aNewGameIsInitializing()?[0m

  Scenario Outline: Create new user name                                ?[90m# src/test/resources/ca/mcgill/ecse223/quoridor/features/ProvideSelectUserName.feature:28?[0m
    ?[32mGiven ?[0m?[32mNext player to set user name is ?[0m?[32m?[1m"black"?[0m                       ?[90m# CucumberStepDefinitions.nextPlayerToSetUserNameIs(String)?[0m
    ?[32mAnd ?[0m?[32mThere is no existing user ?[0m?[32m?[1m"Hyacinth"?[0m                            ?[90m# CucumberStepDefinitions.thereIsNoExistingUser(String)?[0m
    ?[32mWhen ?[0m?[32mThe player provides new user name: ?[0m?[32m?[1m"Hyacinth"?[0m                  ?[90m# CucumberStepDefinitions.thePlayerProvidesNewUserName(String)?[0m
    ?[32mThen ?[0m?[32mThe name of player ?[0m?[32m?[1m"black"?[0m?[32m in the new game shall be ?[0m?[32m?[1m"Hyacinth"?[0m ?[90m# CucumberStepDefinitions.theNameOfPlayerInTheNewGameShallBe(String,String)?[0m

  Scenario Outline: User name already exists ?[90m# src/test/resources/ca/mcgill/ecse223/quoridor/features/ProvideSelectUserName.feature:30?[0m
    ?[36mGiven Next player to set user name is "<color>"?[0m
    ?[36mAnd There is existing user "<username>"?[0m
    ?[36mWhen The player provides new user name: "<username>"?[0m
    ?[36mThen The player shall be warned that "<username>" already exists?[0m
    ?[36mAnd Next player to set user name shall be "<color>"?[0m

    Examples: 

  Background:                        ?[90m# src/test/resources/ca/mcgill/ecse223/quoridor/features/ProvideSelectUserName.feature:5?[0m
    ?[32mGiven ?[0m?[32mA new game is initializing?[0m ?[90m# CucumberStepDefinitions.aNewGameIsInitializing()?[0m

  Scenario Outline: User name already exists                     ?[90m# src/test/resources/ca/mcgill/ecse223/quoridor/features/ProvideSelectUserName.feature:39?[0m
    ?[32mGiven ?[0m?[32mNext player to set user name is ?[0m?[32m?[1m"white"?[0m                ?[90m# CucumberStepDefinitions.nextPlayerToSetUserNameIs(String)?[0m
    ?[32mAnd ?[0m?[32mThere is existing user ?[0m?[32m?[1m"Daniel"?[0m                          ?[90m# CucumberStepDefinitions.thereIsExistingUser(String)?[0m
    ?[32mWhen ?[0m?[32mThe player provides new user name: ?[0m?[32m?[1m"Daniel"?[0m             ?[90m# CucumberStepDefinitions.thePlayerProvidesNewUserName(String)?[0m
    ?[32mThen ?[0m?[32mThe player shall be warned that ?[0m?[32m?[1m"Daniel"?[0m?[32m already exists?[0m ?[90m# CucumberStepDefinitions.thePlayerShallBeWarnedThatAlreadyExists(String)?[0m
    ?[32mAnd ?[0m?[32mNext player to set user name shall be ?[0m?[32m?[1m"white"?[0m            ?[90m# CucumberStepDefinitions.nextPlayerToSetUserNameShallBe(String)?[0m

  Background:                        ?[90m# src/test/resources/ca/mcgill/ecse223/quoridor/features/ProvideSelectUserName.feature:5?[0m
    ?[32mGiven ?[0m?[32mA new game is initializing?[0m ?[90m# CucumberStepDefinitions.aNewGameIsInitializing()?[0m

  Scenario Outline: User name already exists                     ?[90m# src/test/resources/ca/mcgill/ecse223/quoridor/features/ProvideSelectUserName.feature:40?[0m
    ?[32mGiven ?[0m?[32mNext player to set user name is ?[0m?[32m?[1m"black"?[0m                ?[90m# CucumberStepDefinitions.nextPlayerToSetUserNameIs(String)?[0m
    ?[32mAnd ?[0m?[32mThere is existing user ?[0m?[32m?[1m"Marton"?[0m                          ?[90m# CucumberStepDefinitions.thereIsExistingUser(String)?[0m
    ?[32mWhen ?[0m?[32mThe player provides new user name: ?[0m?[32m?[1m"Marton"?[0m             ?[90m# CucumberStepDefinitions.thePlayerProvidesNewUserName(String)?[0m
    ?[32mThen ?[0m?[32mThe player shall be warned that ?[0m?[32m?[1m"Marton"?[0m?[32m already exists?[0m ?[90m# CucumberStepDefinitions.thePlayerShallBeWarnedThatAlreadyExists(String)?[0m
    ?[32mAnd ?[0m?[32mNext player to set user name shall be ?[0m?[32m?[1m"black"?[0m            ?[90m# CucumberStepDefinitions.nextPlayerToSetUserNameShallBe(String)?[0m

Feature: Report final result
	As a player, I want to be notified when I won, lost or draw a Quoridor game.

  Scenario:                                      ?[90m# src/test/resources/ca/mcgill/ecse223/quoridor/features/ReportFinalResult.feature:4?[0m
    ?[33mWhen ?[0m?[33mThe game is no longer running?[0m           ?[90m# null?[0m
    ?[33mThen ?[0m?[33mThe final result shall be displayed?[0m     ?[90m# null?[0m
    ?[33mAnd ?[0m?[33mWhite's clock shall not be counting down?[0m ?[90m# null?[0m
    ?[33mAnd ?[0m?[33mBlack's clock shall not be counting down?[0m ?[90m# null?[0m
    ?[33mAnd ?[0m?[33mWhite shall be unable to move?[0m            ?[90m# null?[0m
    ?[33mAnd ?[0m?[33mBlack shall be unable to move?[0m            ?[90m# null?[0m

Feature: Resign game
  As a player, I wish to resign a game if I am sure that my opponent has a winning position.

  Scenario Outline: Player resigns ?[90m# src/test/resources/ca/mcgill/ecse223/quoridor/features/ResignGame.feature:6?[0m
    ?[36mGiven The player to move is "<player>"?[0m
    ?[36mWhen Player initates to resign?[0m
    ?[36mThen Game result shall be "<result>"?[0m
    ?[36mAnd The game shall no longer be running?[0m

    Examples: 

  Background:                 ?[90m# src/test/resources/ca/mcgill/ecse223/quoridor/features/ResignGame.feature:3?[0m
    ?[32mGiven ?[0m?[32mThe game is running?[0m ?[90m# CucumberStepDefinitions.theGameIsRunning()?[0m

  Scenario Outline: Player resigns          ?[90m# src/test/resources/ca/mcgill/ecse223/quoridor/features/ResignGame.feature:14?[0m
    ?[32mGiven ?[0m?[32mThe player to move is ?[0m?[32m?[1m"white"?[0m     ?[90m# CucumberStepDefinitions.thePlayerToMoveIsPlayer(String)?[0m
    ?[33mWhen ?[0m?[33mPlayer initates to resign?[0m          ?[90m# null?[0m
    ?[33mThen ?[0m?[33mGame result shall be "BlackWon"?[0m    ?[90m# null?[0m
    ?[33mAnd ?[0m?[33mThe game shall no longer be running?[0m ?[90m# null?[0m

  Background:                 ?[90m# src/test/resources/ca/mcgill/ecse223/quoridor/features/ResignGame.feature:3?[0m
    ?[32mGiven ?[0m?[32mThe game is running?[0m ?[90m# CucumberStepDefinitions.theGameIsRunning()?[0m

  Scenario Outline: Player resigns          ?[90m# src/test/resources/ca/mcgill/ecse223/quoridor/features/ResignGame.feature:15?[0m
    ?[32mGiven ?[0m?[32mThe player to move is ?[0m?[32m?[1m"black"?[0m     ?[90m# CucumberStepDefinitions.thePlayerToMoveIsPlayer(String)?[0m
    ?[33mWhen ?[0m?[33mPlayer initates to resign?[0m          ?[90m# null?[0m
    ?[33mThen ?[0m?[33mGame result shall be "WhiteWon"?[0m    ?[90m# null?[0m
    ?[33mAnd ?[0m?[33mThe game shall no longer be running?[0m ?[90m# null?[0m

Feature: Rotate Wall
  As a player who grabbed a wall, I want to rotate the wall by 90 degrees 
  (from horizontal to vertical or vice versa) to adjust its designated target position.

  Scenario Outline: Flip wall from horizontal to vertical or vice versa ?[90m# src/test/resources/ca/mcgill/ecse223/quoridor/features/RotateWall.feature:10?[0m
    ?[36mGiven A wall move candidate exists with "<dir>" at position (<row>, <col>)?[0m
    ?[36mWhen I try to flip the wall?[0m
    ?[36mThen The wall shall be rotated over the board to "<newdir>"?[0m
    ?[36mAnd A wall move candidate shall exist with "<newdir>" at position (<row>, <col>)?[0m

    Examples: 

  Background:                                   ?[90m# src/test/resources/ca/mcgill/ecse223/quoridor/features/RotateWall.feature:5?[0m
    ?[32mGiven ?[0m?[32mThe game is running?[0m                   ?[90m# CucumberStepDefinitions.theGameIsRunning()?[0m
    ?[32mAnd ?[0m?[32mIt is my turn to move?[0m                   ?[90m# CucumberStepDefinitions.itIsMyTurnToMove()?[0m
    ?[32mAnd ?[0m?[32mI have a wall in my hand over the board?[0m ?[90m# CucumberStepDefinitions.iHaveAWallInMyHandOverTheBoard()?[0m

  Scenario Outline: Flip wall from horizontal to vertical or vice versa      ?[90m# src/test/resources/ca/mcgill/ecse223/quoridor/features/RotateWall.feature:18?[0m
    ?[32mGiven ?[0m?[32mA wall move candidate exists with ?[0m?[32m?[1m"horizontal"?[0m?[32m at position (?[0m?[32m?[1m3?[0m?[32m, ?[0m?[32m?[1m2?[0m?[32m)?[0m  ?[90m# CucumberStepDefinitions.wallMoveCandidateExists(String,int,int)?[0m
    ?[32mWhen ?[0m?[32mI try to flip the wall?[0m                                              ?[90m# CucumberStepDefinitions.iTryToFlipTheWall()?[0m
    ?[32mThen ?[0m?[32mThe wall shall be rotated over the board to ?[0m?[32m?[1m"vertical"?[0m              ?[90m# CucumberStepDefinitions.theWallShallBeRotatedOverTheBoardToString(String)?[0m
    ?[32mAnd ?[0m?[32mA wall move candidate shall exist with ?[0m?[32m?[1m"vertical"?[0m?[32m at position (?[0m?[32m?[1m3?[0m?[32m, ?[0m?[32m?[1m2?[0m?[32m)?[0m ?[90m# CucumberStepDefinitions.wallMoveCandidateExistsAt(String,int,int)?[0m

  Background:                                   ?[90m# src/test/resources/ca/mcgill/ecse223/quoridor/features/RotateWall.feature:5?[0m
    ?[32mGiven ?[0m?[32mThe game is running?[0m                   ?[90m# CucumberStepDefinitions.theGameIsRunning()?[0m
    ?[32mAnd ?[0m?[32mIt is my turn to move?[0m                   ?[90m# CucumberStepDefinitions.itIsMyTurnToMove()?[0m
    ?[32mAnd ?[0m?[32mI have a wall in my hand over the board?[0m ?[90m# CucumberStepDefinitions.iHaveAWallInMyHandOverTheBoard()?[0m

  Scenario Outline: Flip wall from horizontal to vertical or vice versa        ?[90m# src/test/resources/ca/mcgill/ecse223/quoridor/features/RotateWall.feature:19?[0m
    ?[32mGiven ?[0m?[32mA wall move candidate exists with ?[0m?[32m?[1m"vertical"?[0m?[32m at position (?[0m?[32m?[1m5?[0m?[32m, ?[0m?[32m?[1m6?[0m?[32m)?[0m      ?[90m# CucumberStepDefinitions.wallMoveCandidateExists(String,int,int)?[0m
    ?[32mWhen ?[0m?[32mI try to flip the wall?[0m                                                ?[90m# CucumberStepDefinitions.iTryToFlipTheWall()?[0m
    ?[32mThen ?[0m?[32mThe wall shall be rotated over the board to ?[0m?[32m?[1m"horizontal"?[0m              ?[90m# CucumberStepDefinitions.theWallShallBeRotatedOverTheBoardToString(String)?[0m
    ?[32mAnd ?[0m?[32mA wall move candidate shall exist with ?[0m?[32m?[1m"horizontal"?[0m?[32m at position (?[0m?[32m?[1m5?[0m?[32m, ?[0m?[32m?[1m6?[0m?[32m)?[0m ?[90m# CucumberStepDefinitions.wallMoveCandidateExistsAt(String,int,int)?[0m

Feature: Save Game
As a player, I want to save the current game in a text file 
even if the game has not yet been finished so that I can continue or review it later.

  Scenario Outline: Save game ?[90m# src/test/resources/ca/mcgill/ecse223/quoridor/features/SaveGame.feature:8?[0m
    ?[36mGiven No file "<filename>" exists in the filesystem?[0m
    ?[36mWhen The user initiates to save the game with name "<filename>"?[0m
    ?[36mThen A file with "<filename>" shall be created in the filesystem?[0m

    Examples: 

  Background:                 ?[90m# src/test/resources/ca/mcgill/ecse223/quoridor/features/SaveGame.feature:5?[0m
    ?[32mGiven ?[0m?[32mThe game is running?[0m ?[90m# CucumberStepDefinitions.theGameIsRunning()?[0m

  Scenario Outline: Save game                                                ?[90m# src/test/resources/ca/mcgill/ecse223/quoridor/features/SaveGame.feature:15?[0m
    ?[32mGiven ?[0m?[32mNo file ?[0m?[32m?[1m"save_game_test.mov"?[0m?[32m exists in the filesystem?[0m              ?[90m# CucumberStepDefinitions.noFileFilenameExistsInTheFileSystem(String)?[0m
    ?[32mWhen ?[0m?[32mThe user initiates to save the game with name ?[0m?[32m?[1m"save_game_test.mov"?[0m  ?[90m# CucumberStepDefinitions.theUserInitiatesToSaveTheGameWithNameFilename(String)?[0m
    ?[32mThen ?[0m?[32mA file with ?[0m?[32m?[1m"save_game_test.mov"?[0m?[32m shall be created in the filesystem?[0m ?[90m# CucumberStepDefinitions.aFileWithFilenameIsCreatedInTheFilesystem(String)?[0m

  Scenario Outline: Save game with existing file name ?[90m# src/test/resources/ca/mcgill/ecse223/quoridor/features/SaveGame.feature:17?[0m
    ?[36mGiven File "<filename>" exists in the filesystem?[0m
    ?[36mWhen The user initiates to save the game with name "<filename>"?[0m
    ?[36mAnd The user confirms to overwrite existing file?[0m
    ?[36mThen File with "<filename>" shall be updated in the filesystem?[0m

    Examples: 

  Background:                 ?[90m# src/test/resources/ca/mcgill/ecse223/quoridor/features/SaveGame.feature:5?[0m
    ?[32mGiven ?[0m?[32mThe game is running?[0m ?[90m# CucumberStepDefinitions.theGameIsRunning()?[0m

  Scenario Outline: Save game with existing file name                       ?[90m# src/test/resources/ca/mcgill/ecse223/quoridor/features/SaveGame.feature:25?[0m
    ?[32mGiven ?[0m?[32mFile ?[0m?[32m?[1m"save_game_test.mov"?[0m?[32m exists in the filesystem?[0m                ?[90m# CucumberStepDefinitions.fileFilenameExistsInTheFilesystem(String)?[0m
    ?[32mWhen ?[0m?[32mThe user initiates to save the game with name ?[0m?[32m?[1m"save_game_test.mov"?[0m ?[90m# CucumberStepDefinitions.theUserInitiatesToSaveTheGameWithNameFilename(String)?[0m
    ?[32mAnd ?[0m?[32mThe user confirms to overwrite existing file?[0m                        ?[90m# CucumberStepDefinitions.theUserConfirmsToOverwriteExistingFile()?[0m
    ?[32mThen ?[0m?[32mFile with ?[0m?[32m?[1m"save_game_test.mov"?[0m?[32m shall be updated in the filesystem?[0m  ?[90m# CucumberStepDefinitions.fileWithFilenameIsUpdatedInTheFileSystem(String)?[0m

  Scenario Outline: Save game cancelled due to existing file name ?[90m# src/test/resources/ca/mcgill/ecse223/quoridor/features/SaveGame.feature:27?[0m
    ?[36mGiven File "<filename>" exists in the filesystem?[0m
    ?[36mWhen The user initiates to save the game with name "<filename>"?[0m
    ?[36mAnd The user cancels to overwrite existing file?[0m
    ?[36mThen File "<filename>" shall not be changed in the filesystem?[0m

    Examples: 

  Background:                 ?[90m# src/test/resources/ca/mcgill/ecse223/quoridor/features/SaveGame.feature:5?[0m
    ?[32mGiven ?[0m?[32mThe game is running?[0m ?[90m# CucumberStepDefinitions.theGameIsRunning()?[0m

  Scenario Outline: Save game cancelled due to existing file name           ?[90m# src/test/resources/ca/mcgill/ecse223/quoridor/features/SaveGame.feature:35?[0m
    ?[32mGiven ?[0m?[32mFile ?[0m?[32m?[1m"save_game_test.mov"?[0m?[32m exists in the filesystem?[0m                ?[90m# CucumberStepDefinitions.fileFilenameExistsInTheFilesystem(String)?[0m
    ?[32mWhen ?[0m?[32mThe user initiates to save the game with name ?[0m?[32m?[1m"save_game_test.mov"?[0m ?[90m# CucumberStepDefinitions.theUserInitiatesToSaveTheGameWithNameFilename(String)?[0m
    ?[32mAnd ?[0m?[32mThe user cancels to overwrite existing file?[0m                         ?[90m# CucumberStepDefinitions.theUserCancelsToOverwriteExistingFile()?[0m
    ?[32mThen ?[0m?[32mFile ?[0m?[32m?[1m"save_game_test.mov"?[0m?[32m shall not be changed in the filesystem?[0m   ?[90m# CucumberStepDefinitions.fileWithFilenameIsNotChangedInTheFileSystem(String)?[0m

Feature: Save Position
  As a player, I want to be able to save the actual position during a Quoridor game so that I can continue the game at a later stage from the exact position.

  Scenario Outline: Save position ?[90m# src/test/resources/ca/mcgill/ecse223/quoridor/features/SavePosition.feature:7?[0m
    ?[36mGiven No file "<filename>" exists in the filesystem?[0m
    ?[36mWhen The user initiates to save the game with name "<filename>"?[0m
    ?[36mThen A file with "<filename>" shall be created in the filesystem?[0m

    Examples: 

  Background:                 ?[90m# src/test/resources/ca/mcgill/ecse223/quoridor/features/SavePosition.feature:4?[0m
    ?[32mGiven ?[0m?[32mThe game is running?[0m ?[90m# CucumberStepDefinitions.theGameIsRunning()?[0m

  Scenario Outline: Save position                                            ?[90m# src/test/resources/ca/mcgill/ecse223/quoridor/features/SavePosition.feature:14?[0m
    ?[32mGiven ?[0m?[32mNo file ?[0m?[32m?[1m"save_game_test.dat"?[0m?[32m exists in the filesystem?[0m              ?[90m# CucumberStepDefinitions.noFileFilenameExistsInTheFileSystem(String)?[0m
    ?[32mWhen ?[0m?[32mThe user initiates to save the game with name ?[0m?[32m?[1m"save_game_test.dat"?[0m  ?[90m# CucumberStepDefinitions.theUserInitiatesToSaveTheGameWithNameFilename(String)?[0m
    ?[32mThen ?[0m?[32mA file with ?[0m?[32m?[1m"save_game_test.dat"?[0m?[32m shall be created in the filesystem?[0m ?[90m# CucumberStepDefinitions.aFileWithFilenameIsCreatedInTheFilesystem(String)?[0m

  Scenario Outline: Save position with existing file name ?[90m# src/test/resources/ca/mcgill/ecse223/quoridor/features/SavePosition.feature:16?[0m
    ?[36mGiven File "<filename>" exists in the filesystem?[0m
    ?[36mWhen The user initiates to save the game with name "<filename>"?[0m
    ?[36mAnd The user confirms to overwrite existing file?[0m
    ?[36mThen File with "<filename>" shall be updated in the filesystem?[0m

    Examples: 

  Background:                 ?[90m# src/test/resources/ca/mcgill/ecse223/quoridor/features/SavePosition.feature:4?[0m
    ?[32mGiven ?[0m?[32mThe game is running?[0m ?[90m# CucumberStepDefinitions.theGameIsRunning()?[0m

  Scenario Outline: Save position with existing file name                   ?[90m# src/test/resources/ca/mcgill/ecse223/quoridor/features/SavePosition.feature:24?[0m
    ?[32mGiven ?[0m?[32mFile ?[0m?[32m?[1m"save_game_test.dat"?[0m?[32m exists in the filesystem?[0m                ?[90m# CucumberStepDefinitions.fileFilenameExistsInTheFilesystem(String)?[0m
    ?[32mWhen ?[0m?[32mThe user initiates to save the game with name ?[0m?[32m?[1m"save_game_test.dat"?[0m ?[90m# CucumberStepDefinitions.theUserInitiatesToSaveTheGameWithNameFilename(String)?[0m
    ?[32mAnd ?[0m?[32mThe user confirms to overwrite existing file?[0m                        ?[90m# CucumberStepDefinitions.theUserConfirmsToOverwriteExistingFile()?[0m
    ?[32mThen ?[0m?[32mFile with ?[0m?[32m?[1m"save_game_test.dat"?[0m?[32m shall be updated in the filesystem?[0m  ?[90m# CucumberStepDefinitions.fileWithFilenameIsUpdatedInTheFileSystem(String)?[0m

  Scenario Outline: Save position cancelled due to existing file name ?[90m# src/test/resources/ca/mcgill/ecse223/quoridor/features/SavePosition.feature:26?[0m
    ?[36mGiven File "<filename>" exists in the filesystem?[0m
    ?[36mWhen The user initiates to save the game with name "<filename>"?[0m
    ?[36mAnd The user cancels to overwrite existing file?[0m
    ?[36mThen File "<filename>" shall not be changed in the filesystem?[0m

    Examples: 

  Background:                 ?[90m# src/test/resources/ca/mcgill/ecse223/quoridor/features/SavePosition.feature:4?[0m
    ?[32mGiven ?[0m?[32mThe game is running?[0m ?[90m# CucumberStepDefinitions.theGameIsRunning()?[0m

  Scenario Outline: Save position cancelled due to existing file name       ?[90m# src/test/resources/ca/mcgill/ecse223/quoridor/features/SavePosition.feature:34?[0m
    ?[32mGiven ?[0m?[32mFile ?[0m?[32m?[1m"save_game_test.dat"?[0m?[32m exists in the filesystem?[0m                ?[90m# CucumberStepDefinitions.fileFilenameExistsInTheFilesystem(String)?[0m
    ?[32mWhen ?[0m?[32mThe user initiates to save the game with name ?[0m?[32m?[1m"save_game_test.dat"?[0m ?[90m# CucumberStepDefinitions.theUserInitiatesToSaveTheGameWithNameFilename(String)?[0m
    ?[32mAnd ?[0m?[32mThe user cancels to overwrite existing file?[0m                         ?[90m# CucumberStepDefinitions.theUserCancelsToOverwriteExistingFile()?[0m
    ?[32mThen ?[0m?[32mFile ?[0m?[32m?[1m"save_game_test.dat"?[0m?[32m shall not be changed in the filesystem?[0m   ?[90m# CucumberStepDefinitions.fileWithFilenameIsNotChangedInTheFileSystem(String)?[0m

Feature: Set Total Thinking Time
  As a player, I wish to set the total thinking time (minutes and seconds) 
  enforced for both players to ensure that a game does not last forever 
  before the game starts.

  Scenario Outline: Set thinking time for players ?[90m# src/test/resources/ca/mcgill/ecse223/quoridor/features/SetTotalThinkingTime.feature:11?[0m
    ?[36mWhen <min>:<sec> is set as the thinking time?[0m
    ?[36mThen Both players shall have <min>:<sec> remaining time left?[0m

    Examples: 

  Background:                           ?[90m# src/test/resources/ca/mcgill/ecse223/quoridor/features/SetTotalThinkingTime.feature:6?[0m
    ?[32mGiven ?[0m?[32mA new game is initializing?[0m    ?[90m# CucumberStepDefinitions.aNewGameIsInitializing()?[0m
    ?[32mAnd ?[0m?[32mWhite player chooses a username?[0m ?[90m# CucumberStepDefinitions.whitePlayerChoosesAUsername()?[0m
    ?[32mAnd ?[0m?[32mBlack player chooses a username?[0m ?[90m# CucumberStepDefinitions.blackPlayerChoosesAUsername()?[0m

  Scenario Outline: Set thinking time for players         ?[90m# src/test/resources/ca/mcgill/ecse223/quoridor/features/SetTotalThinkingTime.feature:17?[0m
    ?[32mWhen ?[0m?[32m?[0m?[32m?[1m5?[0m?[32m:?[0m?[32m?[1m13?[0m?[32m is set as the thinking time?[0m                 ?[90m# CucumberStepDefinitions.setThinkingTime(int,int)?[0m
    ?[32mThen ?[0m?[32mBoth players shall have ?[0m?[32m?[1m5?[0m?[32m:?[0m?[32m?[1m13?[0m?[32m remaining time left?[0m ?[90m# CucumberStepDefinitions.checkRemainingTime(int,int)?[0m

  Background:                           ?[90m# src/test/resources/ca/mcgill/ecse223/quoridor/features/SetTotalThinkingTime.feature:6?[0m
    ?[32mGiven ?[0m?[32mA new game is initializing?[0m    ?[90m# CucumberStepDefinitions.aNewGameIsInitializing()?[0m
    ?[32mAnd ?[0m?[32mWhite player chooses a username?[0m ?[90m# CucumberStepDefinitions.whitePlayerChoosesAUsername()?[0m
    ?[32mAnd ?[0m?[32mBlack player chooses a username?[0m ?[90m# CucumberStepDefinitions.blackPlayerChoosesAUsername()?[0m

  Scenario Outline: Set thinking time for players          ?[90m# src/test/resources/ca/mcgill/ecse223/quoridor/features/SetTotalThinkingTime.feature:18?[0m
    ?[32mWhen ?[0m?[32m?[0m?[32m?[1m10?[0m?[32m:?[0m?[32m?[1m00?[0m?[32m is set as the thinking time?[0m                 ?[90m# CucumberStepDefinitions.setThinkingTime(int,int)?[0m
    ?[32mThen ?[0m?[32mBoth players shall have ?[0m?[32m?[1m10?[0m?[32m:?[0m?[32m?[1m00?[0m?[32m remaining time left?[0m ?[90m# CucumberStepDefinitions.checkRemainingTime(int,int)?[0m

Feature: Start New Game
  As a Quoridor player, I want to start a new game of Quoridor against some opponent. 

  Background:                     ?[90m# src/test/resources/ca/mcgill/ecse223/quoridor/features/StartNewGame.feature:4?[0m
    ?[32mGiven ?[0m?[32mThe game is not running?[0m ?[90m# CucumberStepDefinitions.theGameIsNotRunning()?[0m

  Scenario: Initiate a new game               ?[90m# src/test/resources/ca/mcgill/ecse223/quoridor/features/StartNewGame.feature:7?[0m
    ?[32mWhen ?[0m?[32mA new game is being initialized?[0m      ?[90m# CucumberStepDefinitions.aNewGameIsBeingInitializing()?[0m
    ?[32mAnd ?[0m?[32mWhite player chooses a username?[0m       ?[90m# CucumberStepDefinitions.whitePlayerChoosesAUsername()?[0m
    ?[32mAnd ?[0m?[32mBlack player chooses a username?[0m       ?[90m# CucumberStepDefinitions.blackPlayerChoosesAUsername()?[0m
    ?[32mAnd ?[0m?[32mTotal thinking time is set?[0m            ?[90m# CucumberStepDefinitions.totalThinkingTimeIsSet()?[0m
    ?[32mThen ?[0m?[32mThe game shall become ready to start?[0m ?[90m# CucumberStepDefinitions.theGameShallBecomeReadyToStart()?[0m

  Background:                     ?[90m# src/test/resources/ca/mcgill/ecse223/quoridor/features/StartNewGame.feature:4?[0m
    ?[32mGiven ?[0m?[32mThe game is not running?[0m ?[90m# CucumberStepDefinitions.theGameIsNotRunning()?[0m

  Scenario: Start clock                ?[90m# src/test/resources/ca/mcgill/ecse223/quoridor/features/StartNewGame.feature:14?[0m
    ?[32mGiven ?[0m?[32mThe game is ready to start?[0m   ?[90m# CucumberStepDefinitions.theGameIsReadyToStart()?[0m
    ?[32mWhen ?[0m?[32mI start the clock?[0m             ?[90m# CucumberStepDefinitions.iStartTheClock()?[0m
    ?[32mThen ?[0m?[32mThe game shall be running?[0m     ?[90m# CucumberStepDefinitions.theGameShallBeRunning()?[0m
    ?[32mAnd ?[0m?[32mThe board shall be initialized?[0m ?[90m# CucumberStepDefinitions.theBoardShallBeInitialized()?[0m

Feature: Step backward
  As a player using replay mode, 
  I also want to check the position before the last move 
  by taking (half) a step backwards.

  Scenario Outline: Step Backward ?[90m# src/test/resources/ca/mcgill/ecse223/quoridor/features/StepBackward.feature:9?[0m
    ?[36mGiven The following moves have been played in game:?[0m
    ?[36mAnd The next move is <movno>.<rndno>?[0m
    ?[36mWhen Step backward is initiated?[0m
    ?[36mThen The next move shall be <nmov>.<nrnd>?[0m
    ?[36mAnd White player's position shall be (<wrow>,<wcol>)?[0m
    ?[36mAnd Black player's position shall be (<brow>,<bcol>)?[0m
    ?[36mAnd White has <wwallno> on stock?[0m
    ?[36mAnd Black has <bwallno> on stock?[0m

    Examples: 

  Background:                        ?[90m# src/test/resources/ca/mcgill/ecse223/quoridor/features/StepBackward.feature:6?[0m
    ?[33mGiven ?[0m?[33mThe game is in replay mode?[0m ?[90m# null?[0m

  Scenario Outline: Step Backward                       ?[90m# src/test/resources/ca/mcgill/ecse223/quoridor/features/StepBackward.feature:30?[0m
    ?[33mGiven ?[0m?[33mThe following moves have been played in game:?[0m ?[90m# null?[0m
    ?[33mAnd ?[0m?[33mThe next move is 1.1?[0m                            ?[90m# null?[0m
    ?[33mWhen ?[0m?[33mStep backward is initiated?[0m                     ?[90m# null?[0m
    ?[33mThen ?[0m?[33mThe next move shall be 1.1?[0m                     ?[90m# null?[0m
    ?[33mAnd ?[0m?[33mWhite player's position shall be (9,5)?[0m          ?[90m# null?[0m
    ?[33mAnd ?[0m?[33mBlack player's position shall be (1,5)?[0m          ?[90m# null?[0m
    ?[33mAnd ?[0m?[33mWhite has <wwallno> on stock?[0m                    ?[90m# null?[0m
    ?[33mAnd ?[0m?[33mBlack has 10 on stock?[0m                           ?[90m# null?[0m

  Background:                        ?[90m# src/test/resources/ca/mcgill/ecse223/quoridor/features/StepBackward.feature:6?[0m
    ?[33mGiven ?[0m?[33mThe game is in replay mode?[0m ?[90m# null?[0m

  Scenario Outline: Step Backward                       ?[90m# src/test/resources/ca/mcgill/ecse223/quoridor/features/StepBackward.feature:31?[0m
    ?[33mGiven ?[0m?[33mThe following moves have been played in game:?[0m ?[90m# null?[0m
    ?[33mAnd ?[0m?[33mThe next move is 1.2?[0m                            ?[90m# null?[0m
    ?[33mWhen ?[0m?[33mStep backward is initiated?[0m                     ?[90m# null?[0m
    ?[33mThen ?[0m?[33mThe next move shall be 1.1?[0m                     ?[90m# null?[0m
    ?[33mAnd ?[0m?[33mWhite player's position shall be (9,5)?[0m          ?[90m# null?[0m
    ?[33mAnd ?[0m?[33mBlack player's position shall be (1,5)?[0m          ?[90m# null?[0m
    ?[33mAnd ?[0m?[33mWhite has <wwallno> on stock?[0m                    ?[90m# null?[0m
    ?[33mAnd ?[0m?[33mBlack has 10 on stock?[0m                           ?[90m# null?[0m

  Background:                        ?[90m# src/test/resources/ca/mcgill/ecse223/quoridor/features/StepBackward.feature:6?[0m
    ?[33mGiven ?[0m?[33mThe game is in replay mode?[0m ?[90m# null?[0m

  Scenario Outline: Step Backward                       ?[90m# src/test/resources/ca/mcgill/ecse223/quoridor/features/StepBackward.feature:32?[0m
    ?[33mGiven ?[0m?[33mThe following moves have been played in game:?[0m ?[90m# null?[0m
    ?[33mAnd ?[0m?[33mThe next move is 2.1?[0m                            ?[90m# null?[0m
    ?[33mWhen ?[0m?[33mStep backward is initiated?[0m                     ?[90m# null?[0m
    ?[33mThen ?[0m?[33mThe next move shall be 1.2?[0m                     ?[90m# null?[0m
    ?[33mAnd ?[0m?[33mWhite player's position shall be (8,5)?[0m          ?[90m# null?[0m
    ?[33mAnd ?[0m?[33mBlack player's position shall be (1,5)?[0m          ?[90m# null?[0m
    ?[33mAnd ?[0m?[33mWhite has <wwallno> on stock?[0m                    ?[90m# null?[0m
    ?[33mAnd ?[0m?[33mBlack has 10 on stock?[0m                           ?[90m# null?[0m

  Background:                        ?[90m# src/test/resources/ca/mcgill/ecse223/quoridor/features/StepBackward.feature:6?[0m
    ?[33mGiven ?[0m?[33mThe game is in replay mode?[0m ?[90m# null?[0m

  Scenario Outline: Step Backward                       ?[90m# src/test/resources/ca/mcgill/ecse223/quoridor/features/StepBackward.feature:33?[0m
    ?[33mGiven ?[0m?[33mThe following moves have been played in game:?[0m ?[90m# null?[0m
    ?[33mAnd ?[0m?[33mThe next move is 2.2?[0m                            ?[90m# null?[0m
    ?[33mWhen ?[0m?[33mStep backward is initiated?[0m                     ?[90m# null?[0m
    ?[33mThen ?[0m?[33mThe next move shall be 2.1?[0m                     ?[90m# null?[0m
    ?[33mAnd ?[0m?[33mWhite player's position shall be (8,5)?[0m          ?[90m# null?[0m
    ?[33mAnd ?[0m?[33mBlack player's position shall be (2,5)?[0m          ?[90m# null?[0m
    ?[33mAnd ?[0m?[33mWhite has <wwallno> on stock?[0m                    ?[90m# null?[0m
    ?[33mAnd ?[0m?[33mBlack has 10 on stock?[0m                           ?[90m# null?[0m

  Background:                        ?[90m# src/test/resources/ca/mcgill/ecse223/quoridor/features/StepBackward.feature:6?[0m
    ?[33mGiven ?[0m?[33mThe game is in replay mode?[0m ?[90m# null?[0m

  Scenario Outline: Step Backward                       ?[90m# src/test/resources/ca/mcgill/ecse223/quoridor/features/StepBackward.feature:34?[0m
    ?[33mGiven ?[0m?[33mThe following moves have been played in game:?[0m ?[90m# null?[0m
    ?[33mAnd ?[0m?[33mThe next move is 3.1?[0m                            ?[90m# null?[0m
    ?[33mWhen ?[0m?[33mStep backward is initiated?[0m                     ?[90m# null?[0m
    ?[33mThen ?[0m?[33mThe next move shall be 2.2?[0m                     ?[90m# null?[0m
    ?[33mAnd ?[0m?[33mWhite player's position shall be (7,5)?[0m          ?[90m# null?[0m
    ?[33mAnd ?[0m?[33mBlack player's position shall be (2,5)?[0m          ?[90m# null?[0m
    ?[33mAnd ?[0m?[33mWhite has <wwallno> on stock?[0m                    ?[90m# null?[0m
    ?[33mAnd ?[0m?[33mBlack has 10 on stock?[0m                           ?[90m# null?[0m

  Background:                        ?[90m# src/test/resources/ca/mcgill/ecse223/quoridor/features/StepBackward.feature:6?[0m
    ?[33mGiven ?[0m?[33mThe game is in replay mode?[0m ?[90m# null?[0m

  Scenario Outline: Step Backward                       ?[90m# src/test/resources/ca/mcgill/ecse223/quoridor/features/StepBackward.feature:35?[0m
    ?[33mGiven ?[0m?[33mThe following moves have been played in game:?[0m ?[90m# null?[0m
    ?[33mAnd ?[0m?[33mThe next move is 3.2?[0m                            ?[90m# null?[0m
    ?[33mWhen ?[0m?[33mStep backward is initiated?[0m                     ?[90m# null?[0m
    ?[33mThen ?[0m?[33mThe next move shall be 3.1?[0m                     ?[90m# null?[0m
    ?[33mAnd ?[0m?[33mWhite player's position shall be (7,5)?[0m          ?[90m# null?[0m
    ?[33mAnd ?[0m?[33mBlack player's position shall be (3,5)?[0m          ?[90m# null?[0m
    ?[33mAnd ?[0m?[33mWhite has <wwallno> on stock?[0m                    ?[90m# null?[0m
    ?[33mAnd ?[0m?[33mBlack has 10 on stock?[0m                           ?[90m# null?[0m

  Background:                        ?[90m# src/test/resources/ca/mcgill/ecse223/quoridor/features/StepBackward.feature:6?[0m
    ?[33mGiven ?[0m?[33mThe game is in replay mode?[0m ?[90m# null?[0m

  Scenario Outline: Step Backward                       ?[90m# src/test/resources/ca/mcgill/ecse223/quoridor/features/StepBackward.feature:36?[0m
    ?[33mGiven ?[0m?[33mThe following moves have been played in game:?[0m ?[90m# null?[0m
    ?[33mAnd ?[0m?[33mThe next move is 4.1?[0m                            ?[90m# null?[0m
    ?[33mWhen ?[0m?[33mStep backward is initiated?[0m                     ?[90m# null?[0m
    ?[33mThen ?[0m?[33mThe next move shall be 3.2?[0m                     ?[90m# null?[0m
    ?[33mAnd ?[0m?[33mWhite player's position shall be (7,5)?[0m          ?[90m# null?[0m
    ?[33mAnd ?[0m?[33mBlack player's position shall be (3,5)?[0m          ?[90m# null?[0m
    ?[33mAnd ?[0m?[33mWhite has <wwallno> on stock?[0m                    ?[90m# null?[0m
    ?[33mAnd ?[0m?[33mBlack has 10 on stock?[0m                           ?[90m# null?[0m

  Background:                        ?[90m# src/test/resources/ca/mcgill/ecse223/quoridor/features/StepBackward.feature:6?[0m
    ?[33mGiven ?[0m?[33mThe game is in replay mode?[0m ?[90m# null?[0m

  Scenario Outline: Step Backward                       ?[90m# src/test/resources/ca/mcgill/ecse223/quoridor/features/StepBackward.feature:37?[0m
    ?[33mGiven ?[0m?[33mThe following moves have been played in game:?[0m ?[90m# null?[0m
    ?[33mAnd ?[0m?[33mThe next move is 4.2?[0m                            ?[90m# null?[0m
    ?[33mWhen ?[0m?[33mStep backward is initiated?[0m                     ?[90m# null?[0m
    ?[33mThen ?[0m?[33mThe next move shall be 4.1?[0m                     ?[90m# null?[0m
    ?[33mAnd ?[0m?[33mWhite player's position shall be (7,5)?[0m          ?[90m# null?[0m
    ?[33mAnd ?[0m?[33mBlack player's position shall be (3,5)?[0m          ?[90m# null?[0m
    ?[33mAnd ?[0m?[33mWhite has <wwallno> on stock?[0m                    ?[90m# null?[0m
    ?[33mAnd ?[0m?[33mBlack has 9 on stock?[0m                            ?[90m# null?[0m

Feature: Step forward
As a player using replay mode, 
I want to check the next move made by the next player in turn 
and see the board position after that move.

  Scenario Outline: Step Forward ?[90m# src/test/resources/ca/mcgill/ecse223/quoridor/features/StepForward.feature:9?[0m
    ?[36mGiven The following moves have been played in game:?[0m
    ?[36mAnd The next move is <movno>.<rndno>?[0m
    ?[36mWhen Step backward is initiated?[0m
    ?[36mThen The next move shall be <nmov>.<nrnd>?[0m
    ?[36mAnd White player's position shall be (<wrow>,<wcol>)?[0m
    ?[36mAnd Black player's position shall be (<brow>,<bcol>)?[0m
    ?[36mAnd White has <wwallno> on stock?[0m
    ?[36mAnd Black has <bwallno> on stock?[0m

    Examples: 

  Background:                        ?[90m# src/test/resources/ca/mcgill/ecse223/quoridor/features/StepForward.feature:6?[0m
    ?[33mGiven ?[0m?[33mThe game is in replay mode?[0m ?[90m# null?[0m

  Scenario Outline: Step Forward                        ?[90m# src/test/resources/ca/mcgill/ecse223/quoridor/features/StepForward.feature:30?[0m
    ?[33mGiven ?[0m?[33mThe following moves have been played in game:?[0m ?[90m# null?[0m
    ?[33mAnd ?[0m?[33mThe next move is 1.1?[0m                            ?[90m# null?[0m
    ?[33mWhen ?[0m?[33mStep backward is initiated?[0m                     ?[90m# null?[0m
    ?[33mThen ?[0m?[33mThe next move shall be 1.2?[0m                     ?[90m# null?[0m
    ?[33mAnd ?[0m?[33mWhite player's position shall be (8,5)?[0m          ?[90m# null?[0m
    ?[33mAnd ?[0m?[33mBlack player's position shall be (1,5)?[0m          ?[90m# null?[0m
    ?[33mAnd ?[0m?[33mWhite has <wwallno> on stock?[0m                    ?[90m# null?[0m
    ?[33mAnd ?[0m?[33mBlack has 10 on stock?[0m                           ?[90m# null?[0m

  Background:                        ?[90m# src/test/resources/ca/mcgill/ecse223/quoridor/features/StepForward.feature:6?[0m
    ?[33mGiven ?[0m?[33mThe game is in replay mode?[0m ?[90m# null?[0m

  Scenario Outline: Step Forward                        ?[90m# src/test/resources/ca/mcgill/ecse223/quoridor/features/StepForward.feature:31?[0m
    ?[33mGiven ?[0m?[33mThe following moves have been played in game:?[0m ?[90m# null?[0m
    ?[33mAnd ?[0m?[33mThe next move is 1.2?[0m                            ?[90m# null?[0m
    ?[33mWhen ?[0m?[33mStep backward is initiated?[0m                     ?[90m# null?[0m
    ?[33mThen ?[0m?[33mThe next move shall be 2.1?[0m                     ?[90m# null?[0m
    ?[33mAnd ?[0m?[33mWhite player's position shall be (8,5)?[0m          ?[90m# null?[0m
    ?[33mAnd ?[0m?[33mBlack player's position shall be (2,5)?[0m          ?[90m# null?[0m
    ?[33mAnd ?[0m?[33mWhite has <wwallno> on stock?[0m                    ?[90m# null?[0m
    ?[33mAnd ?[0m?[33mBlack has 10 on stock?[0m                           ?[90m# null?[0m

  Background:                        ?[90m# src/test/resources/ca/mcgill/ecse223/quoridor/features/StepForward.feature:6?[0m
    ?[33mGiven ?[0m?[33mThe game is in replay mode?[0m ?[90m# null?[0m

  Scenario Outline: Step Forward                        ?[90m# src/test/resources/ca/mcgill/ecse223/quoridor/features/StepForward.feature:32?[0m
    ?[33mGiven ?[0m?[33mThe following moves have been played in game:?[0m ?[90m# null?[0m
    ?[33mAnd ?[0m?[33mThe next move is 2.1?[0m                            ?[90m# null?[0m
    ?[33mWhen ?[0m?[33mStep backward is initiated?[0m                     ?[90m# null?[0m
    ?[33mThen ?[0m?[33mThe next move shall be 2.2?[0m                     ?[90m# null?[0m
    ?[33mAnd ?[0m?[33mWhite player's position shall be (7,5)?[0m          ?[90m# null?[0m
    ?[33mAnd ?[0m?[33mBlack player's position shall be (2,5)?[0m          ?[90m# null?[0m
    ?[33mAnd ?[0m?[33mWhite has <wwallno> on stock?[0m                    ?[90m# null?[0m
    ?[33mAnd ?[0m?[33mBlack has 10 on stock?[0m                           ?[90m# null?[0m

  Background:                        ?[90m# src/test/resources/ca/mcgill/ecse223/quoridor/features/StepForward.feature:6?[0m
    ?[33mGiven ?[0m?[33mThe game is in replay mode?[0m ?[90m# null?[0m

  Scenario Outline: Step Forward                        ?[90m# src/test/resources/ca/mcgill/ecse223/quoridor/features/StepForward.feature:33?[0m
    ?[33mGiven ?[0m?[33mThe following moves have been played in game:?[0m ?[90m# null?[0m
    ?[33mAnd ?[0m?[33mThe next move is 2.2?[0m                            ?[90m# null?[0m
    ?[33mWhen ?[0m?[33mStep backward is initiated?[0m                     ?[90m# null?[0m
    ?[33mThen ?[0m?[33mThe next move shall be 3.1?[0m                     ?[90m# null?[0m
    ?[33mAnd ?[0m?[33mWhite player's position shall be (7,5)?[0m          ?[90m# null?[0m
    ?[33mAnd ?[0m?[33mBlack player's position shall be (3,5)?[0m          ?[90m# null?[0m
    ?[33mAnd ?[0m?[33mWhite has <wwallno> on stock?[0m                    ?[90m# null?[0m
    ?[33mAnd ?[0m?[33mBlack has 10 on stock?[0m                           ?[90m# null?[0m

  Background:                        ?[90m# src/test/resources/ca/mcgill/ecse223/quoridor/features/StepForward.feature:6?[0m
    ?[33mGiven ?[0m?[33mThe game is in replay mode?[0m ?[90m# null?[0m

  Scenario Outline: Step Forward                        ?[90m# src/test/resources/ca/mcgill/ecse223/quoridor/features/StepForward.feature:34?[0m
    ?[33mGiven ?[0m?[33mThe following moves have been played in game:?[0m ?[90m# null?[0m
    ?[33mAnd ?[0m?[33mThe next move is 3.1?[0m                            ?[90m# null?[0m
    ?[33mWhen ?[0m?[33mStep backward is initiated?[0m                     ?[90m# null?[0m
    ?[33mThen ?[0m?[33mThe next move shall be 3.2?[0m                     ?[90m# null?[0m
    ?[33mAnd ?[0m?[33mWhite player's position shall be (7,5)?[0m          ?[90m# null?[0m
    ?[33mAnd ?[0m?[33mBlack player's position shall be (3,5)?[0m          ?[90m# null?[0m
    ?[33mAnd ?[0m?[33mWhite has <wwallno> on stock?[0m                    ?[90m# null?[0m
    ?[33mAnd ?[0m?[33mBlack has 10 on stock?[0m                           ?[90m# null?[0m

  Background:                        ?[90m# src/test/resources/ca/mcgill/ecse223/quoridor/features/StepForward.feature:6?[0m
    ?[33mGiven ?[0m?[33mThe game is in replay mode?[0m ?[90m# null?[0m

  Scenario Outline: Step Forward                        ?[90m# src/test/resources/ca/mcgill/ecse223/quoridor/features/StepForward.feature:35?[0m
    ?[33mGiven ?[0m?[33mThe following moves have been played in game:?[0m ?[90m# null?[0m
    ?[33mAnd ?[0m?[33mThe next move is 3.2?[0m                            ?[90m# null?[0m
    ?[33mWhen ?[0m?[33mStep backward is initiated?[0m                     ?[90m# null?[0m
    ?[33mThen ?[0m?[33mThe next move shall be 4.1?[0m                     ?[90m# null?[0m
    ?[33mAnd ?[0m?[33mWhite player's position shall be (7,5)?[0m          ?[90m# null?[0m
    ?[33mAnd ?[0m?[33mBlack player's position shall be (3,5)?[0m          ?[90m# null?[0m
    ?[33mAnd ?[0m?[33mWhite has <wwallno> on stock?[0m                    ?[90m# null?[0m
    ?[33mAnd ?[0m?[33mBlack has 9 on stock?[0m                            ?[90m# null?[0m

  Background:                        ?[90m# src/test/resources/ca/mcgill/ecse223/quoridor/features/StepForward.feature:6?[0m
    ?[33mGiven ?[0m?[33mThe game is in replay mode?[0m ?[90m# null?[0m

  Scenario Outline: Step Forward                        ?[90m# src/test/resources/ca/mcgill/ecse223/quoridor/features/StepForward.feature:36?[0m
    ?[33mGiven ?[0m?[33mThe following moves have been played in game:?[0m ?[90m# null?[0m
    ?[33mAnd ?[0m?[33mThe next move is 4.1?[0m                            ?[90m# null?[0m
    ?[33mWhen ?[0m?[33mStep backward is initiated?[0m                     ?[90m# null?[0m
    ?[33mThen ?[0m?[33mThe next move shall be 4.2?[0m                     ?[90m# null?[0m
    ?[33mAnd ?[0m?[33mWhite player's position shall be (7,5)?[0m          ?[90m# null?[0m
    ?[33mAnd ?[0m?[33mBlack player's position shall be (3,5)?[0m          ?[90m# null?[0m
    ?[33mAnd ?[0m?[33mWhite has <wwallno> on stock?[0m                    ?[90m# null?[0m
    ?[33mAnd ?[0m?[33mBlack has 9 on stock?[0m                            ?[90m# null?[0m

  Background:                        ?[90m# src/test/resources/ca/mcgill/ecse223/quoridor/features/StepForward.feature:6?[0m
    ?[33mGiven ?[0m?[33mThe game is in replay mode?[0m ?[90m# null?[0m

  Scenario Outline: Step Forward                        ?[90m# src/test/resources/ca/mcgill/ecse223/quoridor/features/StepForward.feature:37?[0m
    ?[33mGiven ?[0m?[33mThe following moves have been played in game:?[0m ?[90m# null?[0m
    ?[33mAnd ?[0m?[33mThe next move is 4.2?[0m                            ?[90m# null?[0m
    ?[33mWhen ?[0m?[33mStep backward is initiated?[0m                     ?[90m# null?[0m
    ?[33mThen ?[0m?[33mThe next move shall be 5.1?[0m                     ?[90m# null?[0m
    ?[33mAnd ?[0m?[33mWhite player's position shall be (7,5)?[0m          ?[90m# null?[0m
    ?[33mAnd ?[0m?[33mBlack player's position shall be (3,6)?[0m          ?[90m# null?[0m
    ?[33mAnd ?[0m?[33mWhite has <wwallno> on stock?[0m                    ?[90m# null?[0m
    ?[33mAnd ?[0m?[33mBlack has 9 on stock?[0m                            ?[90m# null?[0m

Feature: Switch Current Player
  As a player, I wish to know when it is my turn to move. 
  My clock shall be counting down then. Once my move is finished,
  my clock shall be stopped and it shall be my opponent's turn.

  Scenario Outline: Switch current player ?[90m# src/test/resources/ca/mcgill/ecse223/quoridor/features/SwitchCurrentPlayer.feature:9?[0m
    ?[36mGiven The player to move is "<player>"?[0m
    ?[36mAnd The clock of "<player>" is running?[0m
    ?[36mAnd The clock of "<other>" is stopped?[0m
    ?[36mWhen Player "<player>" completes his move?[0m
    ?[36mThen The user interface shall be showing it is "<other>" turn?[0m
    ?[36mAnd The clock of "<player>" shall be stopped?[0m
    ?[36mAnd The clock of "<other>" shall be running?[0m
    ?[36mAnd The next player to move shall be "<other>"?[0m

    Examples: 

  Background:                 ?[90m# src/test/resources/ca/mcgill/ecse223/quoridor/features/SwitchCurrentPlayer.feature:6?[0m
    ?[32mGiven ?[0m?[32mThe game is running?[0m ?[90m# CucumberStepDefinitions.theGameIsRunning()?[0m

  Scenario Outline: Switch current player                       ?[90m# src/test/resources/ca/mcgill/ecse223/quoridor/features/SwitchCurrentPlayer.feature:21?[0m
    ?[32mGiven ?[0m?[32mThe player to move is ?[0m?[32m?[1m"white"?[0m                         ?[90m# CucumberStepDefinitions.thePlayerToMoveIsPlayer(String)?[0m
    ?[32mAnd ?[0m?[32mThe clock of ?[0m?[32m?[1m"white"?[0m?[32m is running?[0m                         ?[90m# CucumberStepDefinitions.theClockOfPlayerIsRunning(String)?[0m
    ?[32mAnd ?[0m?[32mThe clock of ?[0m?[32m?[1m"black"?[0m?[32m is stopped?[0m                         ?[90m# CucumberStepDefinitions.theClockOfOtherIsStopped(String)?[0m
    ?[32mWhen ?[0m?[32mPlayer ?[0m?[32m?[1m"white"?[0m?[32m completes his move?[0m                      ?[90m# CucumberStepDefinitions.playerPlayerCompletesHisMove(String)?[0m
    ?[32mThen ?[0m?[32mThe user interface shall be showing it is ?[0m?[32m?[1m"black"?[0m?[32m turn?[0m ?[90m# CucumberStepDefinitions.theUserInterfaceShallBeShowingItIs__Turn(String)?[0m
    ?[32mAnd ?[0m?[32mThe clock of ?[0m?[32m?[1m"white"?[0m?[32m shall be stopped?[0m                   ?[90m# CucumberStepDefinitions.andTheClockOfPlayerShallBeStopped(String)?[0m
    ?[32mAnd ?[0m?[32mThe clock of ?[0m?[32m?[1m"black"?[0m?[32m shall be running?[0m                   ?[90m# CucumberStepDefinitions.andTheClockOfOtherShallBeRunning(String)?[0m
    ?[32mAnd ?[0m?[32mThe next player to move shall be ?[0m?[32m?[1m"black"?[0m                ?[90m# CucumberStepDefinitions.theNextPlayerToMoveShallBeOther(String)?[0m

  Background:                 ?[90m# src/test/resources/ca/mcgill/ecse223/quoridor/features/SwitchCurrentPlayer.feature:6?[0m
    ?[32mGiven ?[0m?[32mThe game is running?[0m ?[90m# CucumberStepDefinitions.theGameIsRunning()?[0m

  Scenario Outline: Switch current player                       ?[90m# src/test/resources/ca/mcgill/ecse223/quoridor/features/SwitchCurrentPlayer.feature:22?[0m
    ?[32mGiven ?[0m?[32mThe player to move is ?[0m?[32m?[1m"black"?[0m                         ?[90m# CucumberStepDefinitions.thePlayerToMoveIsPlayer(String)?[0m
    ?[32mAnd ?[0m?[32mThe clock of ?[0m?[32m?[1m"black"?[0m?[32m is running?[0m                         ?[90m# CucumberStepDefinitions.theClockOfPlayerIsRunning(String)?[0m
    ?[32mAnd ?[0m?[32mThe clock of ?[0m?[32m?[1m"white"?[0m?[32m is stopped?[0m                         ?[90m# CucumberStepDefinitions.theClockOfOtherIsStopped(String)?[0m
    ?[32mWhen ?[0m?[32mPlayer ?[0m?[32m?[1m"black"?[0m?[32m completes his move?[0m                      ?[90m# CucumberStepDefinitions.playerPlayerCompletesHisMove(String)?[0m
    ?[32mThen ?[0m?[32mThe user interface shall be showing it is ?[0m?[32m?[1m"white"?[0m?[32m turn?[0m ?[90m# CucumberStepDefinitions.theUserInterfaceShallBeShowingItIs__Turn(String)?[0m
    ?[32mAnd ?[0m?[32mThe clock of ?[0m?[32m?[1m"black"?[0m?[32m shall be stopped?[0m                   ?[90m# CucumberStepDefinitions.andTheClockOfPlayerShallBeStopped(String)?[0m
    ?[32mAnd ?[0m?[32mThe clock of ?[0m?[32m?[1m"white"?[0m?[32m shall be running?[0m                   ?[90m# CucumberStepDefinitions.andTheClockOfOtherShallBeRunning(String)?[0m
    ?[32mAnd ?[0m?[32mThe next player to move shall be ?[0m?[32m?[1m"white"?[0m                ?[90m# CucumberStepDefinitions.theNextPlayerToMoveShallBeOther(String)?[0m

Feature: Validate Position
  As a player, I want to check if a given position is invalid with e.g. 
  overlapping walls or out-of-track pawn or wall positions.

  Scenario Outline: Validate pawn position ?[90m# src/test/resources/ca/mcgill/ecse223/quoridor/features/ValidatePosition.feature:8?[0m
    ?[36mGiven A game position is supplied with pawn coordinate <row>:<col>?[0m
    ?[36mWhen Validation of the position is initiated?[0m
    ?[36mThen The position shall be "<result>"?[0m

    Examples: 

  Background:                 ?[90m# src/test/resources/ca/mcgill/ecse223/quoridor/features/ValidatePosition.feature:5?[0m
    ?[32mGiven ?[0m?[32mThe game is running?[0m ?[90m# CucumberStepDefinitions.theGameIsRunning()?[0m

  Scenario Outline: Validate pawn position                     ?[90m# src/test/resources/ca/mcgill/ecse223/quoridor/features/ValidatePosition.feature:15?[0m
    ?[32mGiven ?[0m?[32mA game position is supplied with pawn coordinate ?[0m?[32m?[1m1?[0m?[32m:?[0m?[32m?[1m1?[0m ?[90m# CucumberStepDefinitions.aGamePositionIsSuppliedWithPawnCoordinate(int,int)?[0m
    ?[32mWhen ?[0m?[32mValidation of the position is initiated?[0m               ?[90m# CucumberStepDefinitions.validationOfThePositionIsInitiated()?[0m
    ?[32mThen ?[0m?[32mThe position shall be ?[0m?[32m?[1m"ok"?[0m                            ?[90m# CucumberStepDefinitions.thePositionShallBeResult(String)?[0m

  Background:                 ?[90m# src/test/resources/ca/mcgill/ecse223/quoridor/features/ValidatePosition.feature:5?[0m
    ?[32mGiven ?[0m?[32mThe game is running?[0m ?[90m# CucumberStepDefinitions.theGameIsRunning()?[0m

  Scenario Outline: Validate pawn position                     ?[90m# src/test/resources/ca/mcgill/ecse223/quoridor/features/ValidatePosition.feature:16?[0m
    ?[32mGiven ?[0m?[32mA game position is supplied with pawn coordinate ?[0m?[32m?[1m9?[0m?[32m:?[0m?[32m?[1m9?[0m ?[90m# CucumberStepDefinitions.aGamePositionIsSuppliedWithPawnCoordinate(int,int)?[0m
    ?[32mWhen ?[0m?[32mValidation of the position is initiated?[0m               ?[90m# CucumberStepDefinitions.validationOfThePositionIsInitiated()?[0m
    ?[32mThen ?[0m?[32mThe position shall be ?[0m?[32m?[1m"ok"?[0m                            ?[90m# CucumberStepDefinitions.thePositionShallBeResult(String)?[0m

  Background:                 ?[90m# src/test/resources/ca/mcgill/ecse223/quoridor/features/ValidatePosition.feature:5?[0m
    ?[32mGiven ?[0m?[32mThe game is running?[0m ?[90m# CucumberStepDefinitions.theGameIsRunning()?[0m

  Scenario Outline: Validate pawn position                     ?[90m# src/test/resources/ca/mcgill/ecse223/quoridor/features/ValidatePosition.feature:17?[0m
    ?[32mGiven ?[0m?[32mA game position is supplied with pawn coordinate ?[0m?[32m?[1m4?[0m?[32m:?[0m?[32m?[1m2?[0m ?[90m# CucumberStepDefinitions.aGamePositionIsSuppliedWithPawnCoordinate(int,int)?[0m
    ?[32mWhen ?[0m?[32mValidation of the position is initiated?[0m               ?[90m# CucumberStepDefinitions.validationOfThePositionIsInitiated()?[0m
    ?[32mThen ?[0m?[32mThe position shall be ?[0m?[32m?[1m"ok"?[0m                            ?[90m# CucumberStepDefinitions.thePositionShallBeResult(String)?[0m

  Scenario Outline: Validate wall position ?[90m# src/test/resources/ca/mcgill/ecse223/quoridor/features/ValidatePosition.feature:20?[0m
    ?[36mGiven A game position is supplied with wall coordinate <row>:<col>-"<dir>"?[0m
    ?[36mWhen Validation of the position is initiated?[0m
    ?[36mThen The position shall be "<result>"?[0m

    Examples: 

  Background:                 ?[90m# src/test/resources/ca/mcgill/ecse223/quoridor/features/ValidatePosition.feature:5?[0m
    ?[32mGiven ?[0m?[32mThe game is running?[0m ?[90m# CucumberStepDefinitions.theGameIsRunning()?[0m

  Scenario Outline: Validate wall position                                  ?[90m# src/test/resources/ca/mcgill/ecse223/quoridor/features/ValidatePosition.feature:27?[0m
    ?[32mGiven ?[0m?[32mA game position is supplied with wall coordinate ?[0m?[32m?[1m1?[0m?[32m:?[0m?[32m?[1m1?[0m?[32m-?[0m?[32m?[1m"horizontal"?[0m ?[90m# CucumberStepDefinitions.aGamePositionIsSuppliedWithWallCoordinate(int,int,String)?[0m
    ?[32mWhen ?[0m?[32mValidation of the position is initiated?[0m                            ?[90m# CucumberStepDefinitions.validationOfThePositionIsInitiated()?[0m
    ?[32mThen ?[0m?[32mThe position shall be ?[0m?[32m?[1m"ok"?[0m                                         ?[90m# CucumberStepDefinitions.thePositionShallBeResult(String)?[0m

  Background:                 ?[90m# src/test/resources/ca/mcgill/ecse223/quoridor/features/ValidatePosition.feature:5?[0m
    ?[32mGiven ?[0m?[32mThe game is running?[0m ?[90m# CucumberStepDefinitions.theGameIsRunning()?[0m

  Scenario Outline: Validate wall position                                ?[90m# src/test/resources/ca/mcgill/ecse223/quoridor/features/ValidatePosition.feature:28?[0m
    ?[32mGiven ?[0m?[32mA game position is supplied with wall coordinate ?[0m?[32m?[1m8?[0m?[32m:?[0m?[32m?[1m8?[0m?[32m-?[0m?[32m?[1m"vertical"?[0m ?[90m# CucumberStepDefinitions.aGamePositionIsSuppliedWithWallCoordinate(int,int,String)?[0m
    ?[32mWhen ?[0m?[32mValidation of the position is initiated?[0m                          ?[90m# CucumberStepDefinitions.validationOfThePositionIsInitiated()?[0m
    ?[32mThen ?[0m?[32mThe position shall be ?[0m?[32m?[1m"ok"?[0m                                       ?[90m# CucumberStepDefinitions.thePositionShallBeResult(String)?[0m

  Background:                 ?[90m# src/test/resources/ca/mcgill/ecse223/quoridor/features/ValidatePosition.feature:5?[0m
    ?[32mGiven ?[0m?[32mThe game is running?[0m ?[90m# CucumberStepDefinitions.theGameIsRunning()?[0m

  Scenario Outline: Validate wall position                                  ?[90m# src/test/resources/ca/mcgill/ecse223/quoridor/features/ValidatePosition.feature:29?[0m
    ?[32mGiven ?[0m?[32mA game position is supplied with wall coordinate ?[0m?[32m?[1m4?[0m?[32m:?[0m?[32m?[1m2?[0m?[32m-?[0m?[32m?[1m"horizontal"?[0m ?[90m# CucumberStepDefinitions.aGamePositionIsSuppliedWithWallCoordinate(int,int,String)?[0m
    ?[32mWhen ?[0m?[32mValidation of the position is initiated?[0m                            ?[90m# CucumberStepDefinitions.validationOfThePositionIsInitiated()?[0m
    ?[32mThen ?[0m?[32mThe position shall be ?[0m?[32m?[1m"ok"?[0m                                         ?[90m# CucumberStepDefinitions.thePositionShallBeResult(String)?[0m

  Background:                 ?[90m# src/test/resources/ca/mcgill/ecse223/quoridor/features/ValidatePosition.feature:5?[0m
    ?[32mGiven ?[0m?[32mThe game is running?[0m ?[90m# CucumberStepDefinitions.theGameIsRunning()?[0m

  Scenario: Validate overlapping walls (all valid) ?[90m# src/test/resources/ca/mcgill/ecse223/quoridor/features/ValidatePosition.feature:32?[0m

    ?[32mGiven ?[0m?[32mThe following walls exist:?[0m               ?[90m# CucumberStepDefinitions.theFollowingWallsExist(DataTable)?[0m
    ?[32mWhen ?[0m?[32mValidation of the position is initiated?[0m   ?[90m# CucumberStepDefinitions.validationOfThePositionIsInitiated()?[0m
    ?[32mThen ?[0m?[32mThe position shall be valid?[0m               ?[90m# CucumberStepDefinitions.thePositionShallBeValid()?[0m

  Background:                 ?[90m# src/test/resources/ca/mcgill/ecse223/quoridor/features/ValidatePosition.feature:5?[0m
    ?[32mGiven ?[0m?[32mThe game is running?[0m ?[90m# CucumberStepDefinitions.theGameIsRunning()?[0m

  Scenario: Validate overlapping walls (invalid-1) ?[90m# src/test/resources/ca/mcgill/ecse223/quoridor/features/ValidatePosition.feature:40?[0m

    ?[32mGiven ?[0m?[32mThe following walls exist:?[0m               ?[90m# CucumberStepDefinitions.theFollowingWallsExist(DataTable)?[0m
    ?[32mWhen ?[0m?[32mValidation of the position is initiated?[0m   ?[90m# CucumberStepDefinitions.validationOfThePositionIsInitiated()?[0m
    ?[32mThen ?[0m?[32mThe position shall be invalid?[0m             ?[90m# CucumberStepDefinitions.thePositionShallBeInvalid()?[0m

  Background:                 ?[90m# src/test/resources/ca/mcgill/ecse223/quoridor/features/ValidatePosition.feature:5?[0m
    ?[32mGiven ?[0m?[32mThe game is running?[0m ?[90m# CucumberStepDefinitions.theGameIsRunning()?[0m

  Scenario: Validate overlapping walls (invalid-2) ?[90m# src/test/resources/ca/mcgill/ecse223/quoridor/features/ValidatePosition.feature:48?[0m

    ?[32mGiven ?[0m?[32mThe following walls exist:?[0m               ?[90m# CucumberStepDefinitions.theFollowingWallsExist(DataTable)?[0m
    ?[32mWhen ?[0m?[32mValidation of the position is initiated?[0m   ?[90m# CucumberStepDefinitions.validationOfThePositionIsInitiated()?[0m
    ?[32mThen ?[0m?[32mThe position shall be invalid?[0m             ?[90m# CucumberStepDefinitions.thePositionShallBeInvalid()?[0m

  Background:                 ?[90m# src/test/resources/ca/mcgill/ecse223/quoridor/features/ValidatePosition.feature:5?[0m
    ?[32mGiven ?[0m?[32mThe game is running?[0m ?[90m# CucumberStepDefinitions.theGameIsRunning()?[0m

  Scenario: Validate overlapping walls (invalid-3) ?[90m# src/test/resources/ca/mcgill/ecse223/quoridor/features/ValidatePosition.feature:56?[0m

    ?[32mGiven ?[0m?[32mThe following walls exist:?[0m               ?[90m# CucumberStepDefinitions.theFollowingWallsExist(DataTable)?[0m
    ?[32mWhen ?[0m?[32mValidation of the position is initiated?[0m   ?[90m# CucumberStepDefinitions.validationOfThePositionIsInitiated()?[0m
    ?[32mThen ?[0m?[32mThe position shall be invalid?[0m             ?[90m# CucumberStepDefinitions.thePositionShallBeInvalid()?[0m

There were undefined steps. You can implement missing steps with the snippets below:

@Given("A {string} wall move candidate exists at position {int}:{int}")
public void a_wall_move_candidate_exists_at_position(String string, Integer int1, Integer int2) {
    // Write code here that turns the phrase above into concrete actions
    throw new cucumber.api.PendingException();
}

@Given("The black player is located at {int}:{int}")
public void the_black_player_is_located_at(Integer int1, Integer int2) {
    // Write code here that turns the phrase above into concrete actions
    throw new cucumber.api.PendingException();
}

@Given("The white player is located at {int}:{int}")
public void the_white_player_is_located_at(Integer int1, Integer int2) {
    // Write code here that turns the phrase above into concrete actions
    throw new cucumber.api.PendingException();
}

@When("Check path existence is initiated")
public void check_path_existence_is_initiated() {
    // Write code here that turns the phrase above into concrete actions
    throw new cucumber.api.PendingException();
}

@Then("Path is available for {string} player\\(s)")
public void path_is_available_for_player_s(String string) {
    // Write code here that turns the phrase above into concrete actions
    throw new cucumber.api.PendingException();
}

@When("I initiate replay mode")
public void i_initiate_replay_mode() {
    // Write code here that turns the phrase above into concrete actions
    throw new cucumber.api.PendingException();
}

@Then("The game shall be in replay mode")
public void the_game_shall_be_in_replay_mode() {
    // Write code here that turns the phrase above into concrete actions
    throw new cucumber.api.PendingException();
}

@Given("The game is replay mode")
public void the_game_is_replay_mode() {
    // Write code here that turns the phrase above into concrete actions
    throw new cucumber.api.PendingException();
}

@Given("The following moves have been played in game:")
public void the_following_moves_have_been_played_in_game(io.cucumber.datatable.DataTable dataTable) {
    // Write code here that turns the phrase above into concrete actions
    // For automatic transformation, change DataTable to one of
    // E, List<E>, List<List<E>>, List<Map<K,V>>, Map<K,V> or
    // Map<K, List<V>>. E,K,V must be a String, Integer, Float,
    // Double, Byte, Short, Long, BigInteger or BigDecimal.
    //
    // For other transformations you can register a DataTableType.
    throw new cucumber.api.PendingException();
}

@Given("The game does not have a final result")
public void the_game_does_not_have_a_final_result() {
    // Write code here that turns the phrase above into concrete actions
    throw new cucumber.api.PendingException();
}

@Given("The next move is {double}")
public void the_next_move_is(Double double1) {
    // Write code here that turns the phrase above into concrete actions
    throw new cucumber.api.PendingException();
}

@When("I initiate to continue game")
public void i_initiate_to_continue_game() {
    // Write code here that turns the phrase above into concrete actions
    throw new cucumber.api.PendingException();
}

@Then("The remaining moves of the game shall be removed")
public void the_remaining_moves_of_the_game_shall_be_removed() {
    // Write code here that turns the phrase above into concrete actions
    throw new cucumber.api.PendingException();
}

@Given("The game has a final result")
public void the_game_has_a_final_result() {
    // Write code here that turns the phrase above into concrete actions
    throw new cucumber.api.PendingException();
}

@Then("I shall be notified that finished games cannot be continued")
public void i_shall_be_notified_that_finished_games_cannot_be_continued() {
    // Write code here that turns the phrase above into concrete actions
    throw new cucumber.api.PendingException();
}

@Given("The following moves were executed:")
public void the_following_moves_were_executed(io.cucumber.datatable.DataTable dataTable) {
    // Write code here that turns the phrase above into concrete actions
    // For automatic transformation, change DataTable to one of
    // E, List<E>, List<List<E>>, List<Map<K,V>>, Map<K,V> or
    // Map<K, List<V>>. E,K,V must be a String, Integer, Float,
    // Double, Byte, Short, Long, BigInteger or BigDecimal.
    //
    // For other transformations you can register a DataTableType.
    throw new cucumber.api.PendingException();
}

@Given("Player {string} has just completed his move")
public void player_has_just_completed_his_move(String string) {
    // Write code here that turns the phrase above into concrete actions
    throw new cucumber.api.PendingException();
}

@Given("The last move of {string} is pawn move to {int}:{int}")
public void the_last_move_of_is_pawn_move_to(String string, Integer int1, Integer int2) {
    // Write code here that turns the phrase above into concrete actions
    throw new cucumber.api.PendingException();
}

@When("Checking of game result is initated")
public void checking_of_game_result_is_initated() {
    // Write code here that turns the phrase above into concrete actions
    throw new cucumber.api.PendingException();
}

@Then("Game result shall be {string}")
public void game_result_shall_be(String string) {
    // Write code here that turns the phrase above into concrete actions
    throw new cucumber.api.PendingException();
}

@Then("The game shall no longer be running")
public void the_game_shall_no_longer_be_running() {
    // Write code here that turns the phrase above into concrete actions
    throw new cucumber.api.PendingException();
}

@Given("The new position of {string} is {int}:{int}")
public void the_new_position_of_is(String string, Integer int1, Integer int2) {
    // Write code here that turns the phrase above into concrete actions
    throw new cucumber.api.PendingException();
}

@Given("The clock of {string} is more than zero")
public void the_clock_of_is_more_than_zero(String string) {
    // Write code here that turns the phrase above into concrete actions
    throw new cucumber.api.PendingException();
}

@When("The clock of {string} counts down to zero")
public void the_clock_of_counts_down_to_zero(String string) {
    // Write code here that turns the phrase above into concrete actions
    throw new cucumber.api.PendingException();
}

@Given("The game is in replay mode")
public void the_game_is_in_replay_mode() {
    // Write code here that turns the phrase above into concrete actions
    throw new cucumber.api.PendingException();
}

@When("Jump to start position is initiated")
public void jump_to_start_position_is_initiated() {
    // Write code here that turns the phrase above into concrete actions
    throw new cucumber.api.PendingException();
}

@Then("The next move shall be {double}")
public void the_next_move_shall_be(Double double1) {
    // Write code here that turns the phrase above into concrete actions
    throw new cucumber.api.PendingException();
}

@Then("White player's position shall be \\({double})")
public void white_player_s_position_shall_be(Double double1) {
    // Write code here that turns the phrase above into concrete actions
    throw new cucumber.api.PendingException();
}

@Then("Black player's position shall be \\({double})")
public void black_player_s_position_shall_be(Double double1) {
    // Write code here that turns the phrase above into concrete actions
    throw new cucumber.api.PendingException();
}

@Then("White has <wwallno> on stock")
public void white_has_wwallno_on_stock() {
    // Write code here that turns the phrase above into concrete actions
    throw new cucumber.api.PendingException();
}

@Then("Black has {int} on stock")
public void black_has_on_stock(Integer int1) {
    // Write code here that turns the phrase above into concrete actions
    throw new cucumber.api.PendingException();
}

@When("I initiate to load a game in {string}")
public void i_initiate_to_load_a_game_in(String string) {
    // Write code here that turns the phrase above into concrete actions
    throw new cucumber.api.PendingException();
}

@When("Each game move is valid")
public void each_game_move_is_valid() {
    // Write code here that turns the phrase above into concrete actions
    throw new cucumber.api.PendingException();
}

@When("The game has no final results")
public void the_game_has_no_final_results() {
    // Write code here that turns the phrase above into concrete actions
    throw new cucumber.api.PendingException();
}

@When("The game has a final result")
public void the_game_has_a_final_result() {
    // Write code here that turns the phrase above into concrete actions
    throw new cucumber.api.PendingException();
}

@When("The game to load has an invalid move")
public void the_game_to_load_has_an_invalid_move() {
    // Write code here that turns the phrase above into concrete actions
    throw new cucumber.api.PendingException();
}

@Then("The game shall notify the user that the game file is invalid")
public void the_game_shall_notify_the_user_that_the_game_file_is_invalid() {
    // Write code here that turns the phrase above into concrete actions
    throw new cucumber.api.PendingException();
}

@When("The game is no longer running")
public void the_game_is_no_longer_running() {
    // Write code here that turns the phrase above into concrete actions
    throw new cucumber.api.PendingException();
}

@Then("The final result shall be displayed")
public void the_final_result_shall_be_displayed() {
    // Write code here that turns the phrase above into concrete actions
    throw new cucumber.api.PendingException();
}

@Then("White's clock shall not be counting down")
public void white_s_clock_shall_not_be_counting_down() {
    // Write code here that turns the phrase above into concrete actions
    throw new cucumber.api.PendingException();
}

@Then("Black's clock shall not be counting down")
public void black_s_clock_shall_not_be_counting_down() {
    // Write code here that turns the phrase above into concrete actions
    throw new cucumber.api.PendingException();
}

@Then("White shall be unable to move")
public void white_shall_be_unable_to_move() {
    // Write code here that turns the phrase above into concrete actions
    throw new cucumber.api.PendingException();
}

@Then("Black shall be unable to move")
public void black_shall_be_unable_to_move() {
    // Write code here that turns the phrase above into concrete actions
    throw new cucumber.api.PendingException();
}

@When("Player initates to resign")
public void player_initates_to_resign() {
    // Write code here that turns the phrase above into concrete actions
    throw new cucumber.api.PendingException();
}

@When("Step backward is initiated")
public void step_backward_is_initiated() {
    // Write code here that turns the phrase above into concrete actions
    throw new cucumber.api.PendingException();
}

]]></system-out>
  <system-err><![CDATA[ca.mcgill.ecse223.quoridor.exceptions.InvalidPositionException: The players are on the same tile!
	at ca.mcgill.ecse223.quoridor.persistence.QuoridorSavesManager.loadGamePawnsAndWalls(QuoridorSavesManager.java:359)
	at ca.mcgill.ecse223.quoridor.controller.QuoridorController.loadSavedGame(QuoridorController.java:1087)
	at ca.mcgill.ecse223.quoridor.features.CucumberStepDefinitions.iInitiateToLoadASavedGame(CucumberStepDefinitions.java:1366)
	at java.base/jdk.internal.reflect.NativeMethodAccessorImpl.invoke0(Native Method)
	at java.base/jdk.internal.reflect.NativeMethodAccessorImpl.invoke(NativeMethodAccessorImpl.java:62)
	at java.base/jdk.internal.reflect.DelegatingMethodAccessorImpl.invoke(DelegatingMethodAccessorImpl.java:43)
	at java.base/java.lang.reflect.Method.invoke(Method.java:566)
	at cucumber.runtime.Utils$1.call(Utils.java:26)
	at cucumber.runtime.Timeout.timeout(Timeout.java:16)
	at cucumber.runtime.Utils.invoke(Utils.java:20)
	at cucumber.runtime.java.JavaStepDefinition.execute(JavaStepDefinition.java:57)
	at cucumber.runner.PickleStepDefinitionMatch.runStep(PickleStepDefinitionMatch.java:50)
	at cucumber.runner.TestStep.executeStep(TestStep.java:65)
	at cucumber.runner.TestStep.run(TestStep.java:50)
	at cucumber.runner.PickleStepTestStep.run(PickleStepTestStep.java:43)
	at cucumber.runner.TestCase.run(TestCase.java:46)
	at cucumber.runner.Runner.runPickle(Runner.java:50)
	at io.cucumber.junit.PickleRunners$NoStepDescriptions.run(PickleRunners.java:146)
	at io.cucumber.junit.FeatureRunner.runChild(FeatureRunner.java:68)
	at io.cucumber.junit.FeatureRunner.runChild(FeatureRunner.java:23)
	at org.junit.runners.ParentRunner$3.run(ParentRunner.java:290)
	at org.junit.runners.ParentRunner$1.schedule(ParentRunner.java:71)
	at org.junit.runners.ParentRunner.runChildren(ParentRunner.java:288)
	at org.junit.runners.ParentRunner.access$000(ParentRunner.java:58)
	at org.junit.runners.ParentRunner$2.evaluate(ParentRunner.java:268)
	at org.junit.runners.ParentRunner.run(ParentRunner.java:363)
	at io.cucumber.junit.Cucumber.runChild(Cucumber.java:144)
	at io.cucumber.junit.Cucumber.runChild(Cucumber.java:65)
	at org.junit.runners.ParentRunner$3.run(ParentRunner.java:290)
	at org.junit.runners.ParentRunner$1.schedule(ParentRunner.java:71)
	at org.junit.runners.ParentRunner.runChildren(ParentRunner.java:288)
	at org.junit.runners.ParentRunner.access$000(ParentRunner.java:58)
	at org.junit.runners.ParentRunner$2.evaluate(ParentRunner.java:268)
	at io.cucumber.junit.Cucumber$RunCucumber.evaluate(Cucumber.java:174)
	at org.junit.runners.ParentRunner.run(ParentRunner.java:363)
	at org.junit.runner.JUnitCore.run(JUnitCore.java:137)
	at org.junit.runner.JUnitCore.run(JUnitCore.java:115)
	at org.junit.vintage.engine.execution.RunnerExecutor.execute(RunnerExecutor.java:40)
	at java.base/java.util.stream.ForEachOps$ForEachOp$OfRef.accept(ForEachOps.java:183)
	at java.base/java.util.stream.ReferencePipeline$3$1.accept(ReferencePipeline.java:195)
	at java.base/java.util.Iterator.forEachRemaining(Iterator.java:133)
	at java.base/java.util.Spliterators$IteratorSpliterator.forEachRemaining(Spliterators.java:1801)
	at java.base/java.util.stream.AbstractPipeline.copyInto(AbstractPipeline.java:484)
	at java.base/java.util.stream.AbstractPipeline.wrapAndCopyInto(AbstractPipeline.java:474)
	at java.base/java.util.stream.ForEachOps$ForEachOp.evaluateSequential(ForEachOps.java:150)
	at java.base/java.util.stream.ForEachOps$ForEachOp$OfRef.evaluateSequential(ForEachOps.java:173)
	at java.base/java.util.stream.AbstractPipeline.evaluate(AbstractPipeline.java:234)
	at java.base/java.util.stream.ReferencePipeline.forEach(ReferencePipeline.java:497)
	at org.junit.vintage.engine.VintageTestEngine.executeAllChildren(VintageTestEngine.java:80)
	at org.junit.vintage.engine.VintageTestEngine.execute(VintageTestEngine.java:71)
	at org.junit.platform.launcher.core.DefaultLauncher.execute(DefaultLauncher.java:220)
	at org.junit.platform.launcher.core.DefaultLauncher.lambda$execute$6(DefaultLauncher.java:188)
	at org.junit.platform.launcher.core.DefaultLauncher.withInterceptedStreams(DefaultLauncher.java:202)
	at org.junit.platform.launcher.core.DefaultLauncher.execute(DefaultLauncher.java:181)
	at org.junit.platform.launcher.core.DefaultLauncher.execute(DefaultLauncher.java:128)
	at org.gradle.api.internal.tasks.testing.junitplatform.JUnitPlatformTestClassProcessor$CollectAllTestClassesExecutor.processAllTestClasses(JUnitPlatformTestClassProcessor.java:102)
	at org.gradle.api.internal.tasks.testing.junitplatform.JUnitPlatformTestClassProcessor$CollectAllTestClassesExecutor.access$000(JUnitPlatformTestClassProcessor.java:82)
	at org.gradle.api.internal.tasks.testing.junitplatform.JUnitPlatformTestClassProcessor.stop(JUnitPlatformTestClassProcessor.java:78)
	at org.gradle.api.internal.tasks.testing.SuiteTestClassProcessor.stop(SuiteTestClassProcessor.java:61)
	at java.base/jdk.internal.reflect.NativeMethodAccessorImpl.invoke0(Native Method)
	at java.base/jdk.internal.reflect.NativeMethodAccessorImpl.invoke(NativeMethodAccessorImpl.java:62)
	at java.base/jdk.internal.reflect.DelegatingMethodAccessorImpl.invoke(DelegatingMethodAccessorImpl.java:43)
	at java.base/java.lang.reflect.Method.invoke(Method.java:566)
	at org.gradle.internal.dispatch.ReflectionDispatch.dispatch(ReflectionDispatch.java:36)
	at org.gradle.internal.dispatch.ReflectionDispatch.dispatch(ReflectionDispatch.java:24)
	at org.gradle.internal.dispatch.ContextClassLoaderDispatch.dispatch(ContextClassLoaderDispatch.java:33)
	at org.gradle.internal.dispatch.ProxyDispatchAdapter$DispatchingInvocationHandler.invoke(ProxyDispatchAdapter.java:94)
	at com.sun.proxy.$Proxy2.stop(Unknown Source)
	at org.gradle.api.internal.tasks.testing.worker.TestWorker.stop(TestWorker.java:132)
	at java.base/jdk.internal.reflect.NativeMethodAccessorImpl.invoke0(Native Method)
	at java.base/jdk.internal.reflect.NativeMethodAccessorImpl.invoke(NativeMethodAccessorImpl.java:62)
	at java.base/jdk.internal.reflect.DelegatingMethodAccessorImpl.invoke(DelegatingMethodAccessorImpl.java:43)
	at java.base/java.lang.reflect.Method.invoke(Method.java:566)
	at org.gradle.internal.dispatch.ReflectionDispatch.dispatch(ReflectionDispatch.java:36)
	at org.gradle.internal.dispatch.ReflectionDispatch.dispatch(ReflectionDispatch.java:24)
	at org.gradle.internal.remote.internal.hub.MessageHubBackedObjectConnection$DispatchWrapper.dispatch(MessageHubBackedObjectConnection.java:182)
	at org.gradle.internal.remote.internal.hub.MessageHubBackedObjectConnection$DispatchWrapper.dispatch(MessageHubBackedObjectConnection.java:164)
	at org.gradle.internal.remote.internal.hub.MessageHub$Handler.run(MessageHub.java:412)
	at org.gradle.internal.concurrent.ExecutorPolicy$CatchAndRecordFailures.onExecute(ExecutorPolicy.java:64)
	at org.gradle.internal.concurrent.ManagedExecutorImpl$1.run(ManagedExecutorImpl.java:48)
	at java.base/java.util.concurrent.ThreadPoolExecutor.runWorker(ThreadPoolExecutor.java:1128)
	at java.base/java.util.concurrent.ThreadPoolExecutor$Worker.run(ThreadPoolExecutor.java:628)
	at org.gradle.internal.concurrent.ThreadFactoryImpl$ManagedThreadRunnable.run(ThreadFactoryImpl.java:56)
	at java.base/java.lang.Thread.run(Thread.java:834)
ca.mcgill.ecse223.quoridor.exceptions.InvalidPositionException: Detected overlapping walls: (2,6)v and (2,7)v. Consider : 
(2,6)
(2,7)

	at ca.mcgill.ecse223.quoridor.persistence.QuoridorSavesManager.sanityCheckWallOverlap(QuoridorSavesManager.java:574)
	at ca.mcgill.ecse223.quoridor.persistence.QuoridorSavesManager.loadGamePawnsAndWalls(QuoridorSavesManager.java:375)
	at ca.mcgill.ecse223.quoridor.controller.QuoridorController.loadSavedGame(QuoridorController.java:1087)
	at ca.mcgill.ecse223.quoridor.features.CucumberStepDefinitions.iInitiateToLoadASavedGame(CucumberStepDefinitions.java:1366)
	at java.base/jdk.internal.reflect.NativeMethodAccessorImpl.invoke0(Native Method)
	at java.base/jdk.internal.reflect.NativeMethodAccessorImpl.invoke(NativeMethodAccessorImpl.java:62)
	at java.base/jdk.internal.reflect.DelegatingMethodAccessorImpl.invoke(DelegatingMethodAccessorImpl.java:43)
	at java.base/java.lang.reflect.Method.invoke(Method.java:566)
	at cucumber.runtime.Utils$1.call(Utils.java:26)
	at cucumber.runtime.Timeout.timeout(Timeout.java:16)
	at cucumber.runtime.Utils.invoke(Utils.java:20)
	at cucumber.runtime.java.JavaStepDefinition.execute(JavaStepDefinition.java:57)
	at cucumber.runner.PickleStepDefinitionMatch.runStep(PickleStepDefinitionMatch.java:50)
	at cucumber.runner.TestStep.executeStep(TestStep.java:65)
	at cucumber.runner.TestStep.run(TestStep.java:50)
	at cucumber.runner.PickleStepTestStep.run(PickleStepTestStep.java:43)
	at cucumber.runner.TestCase.run(TestCase.java:46)
	at cucumber.runner.Runner.runPickle(Runner.java:50)
	at io.cucumber.junit.PickleRunners$NoStepDescriptions.run(PickleRunners.java:146)
	at io.cucumber.junit.FeatureRunner.runChild(FeatureRunner.java:68)
	at io.cucumber.junit.FeatureRunner.runChild(FeatureRunner.java:23)
	at org.junit.runners.ParentRunner$3.run(ParentRunner.java:290)
	at org.junit.runners.ParentRunner$1.schedule(ParentRunner.java:71)
	at org.junit.runners.ParentRunner.runChildren(ParentRunner.java:288)
	at org.junit.runners.ParentRunner.access$000(ParentRunner.java:58)
	at org.junit.runners.ParentRunner$2.evaluate(ParentRunner.java:268)
	at org.junit.runners.ParentRunner.run(ParentRunner.java:363)
	at io.cucumber.junit.Cucumber.runChild(Cucumber.java:144)
	at io.cucumber.junit.Cucumber.runChild(Cucumber.java:65)
	at org.junit.runners.ParentRunner$3.run(ParentRunner.java:290)
	at org.junit.runners.ParentRunner$1.schedule(ParentRunner.java:71)
	at org.junit.runners.ParentRunner.runChildren(ParentRunner.java:288)
	at org.junit.runners.ParentRunner.access$000(ParentRunner.java:58)
	at org.junit.runners.ParentRunner$2.evaluate(ParentRunner.java:268)
	at io.cucumber.junit.Cucumber$RunCucumber.evaluate(Cucumber.java:174)
	at org.junit.runners.ParentRunner.run(ParentRunner.java:363)
	at org.junit.runner.JUnitCore.run(JUnitCore.java:137)
	at org.junit.runner.JUnitCore.run(JUnitCore.java:115)
	at org.junit.vintage.engine.execution.RunnerExecutor.execute(RunnerExecutor.java:40)
	at java.base/java.util.stream.ForEachOps$ForEachOp$OfRef.accept(ForEachOps.java:183)
	at java.base/java.util.stream.ReferencePipeline$3$1.accept(ReferencePipeline.java:195)
	at java.base/java.util.Iterator.forEachRemaining(Iterator.java:133)
	at java.base/java.util.Spliterators$IteratorSpliterator.forEachRemaining(Spliterators.java:1801)
	at java.base/java.util.stream.AbstractPipeline.copyInto(AbstractPipeline.java:484)
	at java.base/java.util.stream.AbstractPipeline.wrapAndCopyInto(AbstractPipeline.java:474)
	at java.base/java.util.stream.ForEachOps$ForEachOp.evaluateSequential(ForEachOps.java:150)
	at java.base/java.util.stream.ForEachOps$ForEachOp$OfRef.evaluateSequential(ForEachOps.java:173)
	at java.base/java.util.stream.AbstractPipeline.evaluate(AbstractPipeline.java:234)
	at java.base/java.util.stream.ReferencePipeline.forEach(ReferencePipeline.java:497)
	at org.junit.vintage.engine.VintageTestEngine.executeAllChildren(VintageTestEngine.java:80)
	at org.junit.vintage.engine.VintageTestEngine.execute(VintageTestEngine.java:71)
	at org.junit.platform.launcher.core.DefaultLauncher.execute(DefaultLauncher.java:220)
	at org.junit.platform.launcher.core.DefaultLauncher.lambda$execute$6(DefaultLauncher.java:188)
	at org.junit.platform.launcher.core.DefaultLauncher.withInterceptedStreams(DefaultLauncher.java:202)
	at org.junit.platform.launcher.core.DefaultLauncher.execute(DefaultLauncher.java:181)
	at org.junit.platform.launcher.core.DefaultLauncher.execute(DefaultLauncher.java:128)
	at org.gradle.api.internal.tasks.testing.junitplatform.JUnitPlatformTestClassProcessor$CollectAllTestClassesExecutor.processAllTestClasses(JUnitPlatformTestClassProcessor.java:102)
	at org.gradle.api.internal.tasks.testing.junitplatform.JUnitPlatformTestClassProcessor$CollectAllTestClassesExecutor.access$000(JUnitPlatformTestClassProcessor.java:82)
	at org.gradle.api.internal.tasks.testing.junitplatform.JUnitPlatformTestClassProcessor.stop(JUnitPlatformTestClassProcessor.java:78)
	at org.gradle.api.internal.tasks.testing.SuiteTestClassProcessor.stop(SuiteTestClassProcessor.java:61)
	at java.base/jdk.internal.reflect.NativeMethodAccessorImpl.invoke0(Native Method)
	at java.base/jdk.internal.reflect.NativeMethodAccessorImpl.invoke(NativeMethodAccessorImpl.java:62)
	at java.base/jdk.internal.reflect.DelegatingMethodAccessorImpl.invoke(DelegatingMethodAccessorImpl.java:43)
	at java.base/java.lang.reflect.Method.invoke(Method.java:566)
	at org.gradle.internal.dispatch.ReflectionDispatch.dispatch(ReflectionDispatch.java:36)
	at org.gradle.internal.dispatch.ReflectionDispatch.dispatch(ReflectionDispatch.java:24)
	at org.gradle.internal.dispatch.ContextClassLoaderDispatch.dispatch(ContextClassLoaderDispatch.java:33)
	at org.gradle.internal.dispatch.ProxyDispatchAdapter$DispatchingInvocationHandler.invoke(ProxyDispatchAdapter.java:94)
	at com.sun.proxy.$Proxy2.stop(Unknown Source)
	at org.gradle.api.internal.tasks.testing.worker.TestWorker.stop(TestWorker.java:132)
	at java.base/jdk.internal.reflect.NativeMethodAccessorImpl.invoke0(Native Method)
	at java.base/jdk.internal.reflect.NativeMethodAccessorImpl.invoke(NativeMethodAccessorImpl.java:62)
	at java.base/jdk.internal.reflect.DelegatingMethodAccessorImpl.invoke(DelegatingMethodAccessorImpl.java:43)
	at java.base/java.lang.reflect.Method.invoke(Method.java:566)
	at org.gradle.internal.dispatch.ReflectionDispatch.dispatch(ReflectionDispatch.java:36)
	at org.gradle.internal.dispatch.ReflectionDispatch.dispatch(ReflectionDispatch.java:24)
	at org.gradle.internal.remote.internal.hub.MessageHubBackedObjectConnection$DispatchWrapper.dispatch(MessageHubBackedObjectConnection.java:182)
	at org.gradle.internal.remote.internal.hub.MessageHubBackedObjectConnection$DispatchWrapper.dispatch(MessageHubBackedObjectConnection.java:164)
	at org.gradle.internal.remote.internal.hub.MessageHub$Handler.run(MessageHub.java:412)
	at org.gradle.internal.concurrent.ExecutorPolicy$CatchAndRecordFailures.onExecute(ExecutorPolicy.java:64)
	at org.gradle.internal.concurrent.ManagedExecutorImpl$1.run(ManagedExecutorImpl.java:48)
	at java.base/java.util.concurrent.ThreadPoolExecutor.runWorker(ThreadPoolExecutor.java:1128)
	at java.base/java.util.concurrent.ThreadPoolExecutor$Worker.run(ThreadPoolExecutor.java:628)
	at org.gradle.internal.concurrent.ThreadFactoryImpl$ManagedThreadRunnable.run(ThreadFactoryImpl.java:56)
	at java.base/java.lang.Thread.run(Thread.java:834)
]]></system-err>
</testsuite>
